[2015.11.23-15.18.50:796][  0]Log file open, 11/23/15 16:18:50
[2015.11.23-15.18.50:796][  0]LogInit:Display: Running engine for game: SW_Project2
[2015.11.23-15.18.50:796][  0]LogInit:Display: RandInit(-1795430903) SRandInit(-1795430901).
[2015.11.23-15.18.50:796][  0]LogTaskGraph: Started task graph with 4 named threads and 5 total threads.
[2015.11.23-15.18.50:796][  0]LogStats: Stats thread started at 0.061290
[2015.11.23-15.18.50:796][  0]LogInit: Version: 4.9.2-2707645+++depot+UE4-Releases+4.9
[2015.11.23-15.18.50:796][  0]LogInit: API Version: 2672455
[2015.11.23-15.18.50:796][  0]LogInit: Compiled (64-bit): Sep 28 2015 10:25:44
[2015.11.23-15.18.50:796][  0]LogInit: Compiled with Visual C++: 18.00.21005.01
[2015.11.23-15.18.50:796][  0]LogInit: Build Configuration: Development
[2015.11.23-15.18.50:796][  0]LogInit: Branch Name: ++depot+UE4-Releases+4.9
[2015.11.23-15.18.50:796][  0]LogInit: Command line:  
[2015.11.23-15.18.50:796][  0]LogInit: Base directory: C:/Program Files/Epic Games/4.9/Engine/Binaries/Win64/
[2015.11.23-15.18.50:796][  0]LogInit: Rocket: 1
[2015.11.23-15.18.50:804][  0]LogInit: Using libcurl 7.41.0
[2015.11.23-15.18.50:804][  0]LogInit:  - built for x86_64-pc-win32
[2015.11.23-15.18.50:804][  0]LogInit:  - supports SSL with WinSSL
[2015.11.23-15.18.50:804][  0]LogInit:  - other features:
[2015.11.23-15.18.50:804][  0]LogInit:      CURL_VERSION_SSL
[2015.11.23-15.18.50:804][  0]LogInit:      CURL_VERSION_IPV6
[2015.11.23-15.18.50:804][  0]LogInit:      CURL_VERSION_ASYNCHDNS
[2015.11.23-15.18.50:804][  0]LogInit:      CURL_VERSION_LARGEFILE
[2015.11.23-15.18.50:804][  0]LogInit:      CURL_VERSION_IDN
[2015.11.23-15.18.50:805][  0]LogInit:  CurlRequestOptions (configurable via config and command line):
[2015.11.23-15.18.50:805][  0]LogInit:  - bVerifyPeer = true  - Libcurl will verify peer certificate
[2015.11.23-15.18.50:805][  0]LogInit:  - bUseHttpProxy = false  - Libcurl will NOT use HTTP proxy
[2015.11.23-15.18.50:805][  0]LogInit:  - bDontReuseConnections = false  - Libcurl will reuse connections
[2015.11.23-15.18.50:805][  0]LogInit:  - CertBundlePath = nullptr  - Libcurl will use whatever was configured at build time.
[2015.11.23-15.18.50:813][  0]LogInit: Presizing for 0 objects not considered by GC, pre-allocating 0 bytes.
[2015.11.23-15.18.50:820][  0]LogInit: Object subsystem initialized
[2015.11.23-15.18.50:822][  0]LogInit: Selected Device Profile: [Windows]
[2015.11.23-15.18.50:822][  0]LogInit: Applying CVar settings loaded from the selected device profile: [Windows]
[2015.11.23-15.18.50:836][  0]LogInit: Computer: STOFFEPC
[2015.11.23-15.18.50:836][  0]LogInit: User: Stoffe
[2015.11.23-15.18.50:836][  0]LogInit: CPU Page size=4096, Cores=2
[2015.11.23-15.18.50:836][  0]LogInit: High frequency timer resolution =3.222684 MHz
[2015.11.23-15.18.50:836][  0]LogMemory: Memory total: Physical=7.9GB (8GB approx)
[2015.11.23-15.18.50:836][  0]LogMemory: Platform Memory Stats for Windows
[2015.11.23-15.18.50:836][  0]LogMemory: Process Physical Memory: 51.89 MB used, 51.89 MB peak
[2015.11.23-15.18.50:836][  0]LogMemory: Process Virtual Memory: 56.80 MB used, 56.80 MB peak
[2015.11.23-15.18.50:836][  0]LogMemory: Physical Memory: 2184.29 MB used, 8126.94 MB total
[2015.11.23-15.18.50:836][  0]LogMemory: Virtual Memory: 349.46 MB used, 134217728.00 MB total
[2015.11.23-15.18.50:864][  0]LogTextLocalizationManager: No translations for ('sv-SE') exist, falling back to 'en' for localization and internationalization data.
[2015.11.23-15.18.51:689][  0]LogD3D11RHI: Found D3D11 adapter 0: AMD Radeon HD 7800 Series (Feature Level 11_0)
[2015.11.23-15.18.51:689][  0]LogD3D11RHI: Adapter has 2030MB of dedicated video memory, 0MB of dedicated system memory, and 3840MB of shared system memory, 2 output[s]
[2015.11.23-15.18.51:690][  0]LogD3D11RHI: Found D3D11 adapter 1: Microsoft Basic Render Driver (Feature Level 11_0)
[2015.11.23-15.18.51:690][  0]LogD3D11RHI: Adapter has 0MB of dedicated video memory, 0MB of dedicated system memory, and 256MB of shared system memory, 0 output[s]
[2015.11.23-15.18.51:690][  0]LogD3D11RHI: Chosen D3D11 Adapter Id = 0
[2015.11.23-15.18.51:693][  0]LogD3D11RHI: !Direct3DDevice
[2015.11.23-15.18.51:693][  0]LogRHI: Texture pool is 1361 MB (70% of 1945 MB)
[2015.11.23-15.18.51:697][  0]LogD3D11RHI: Async texture creation disabled: no driver support
[2015.11.23-15.18.51:708][  0]LogShaderCompilers: Guid format shader working directory is 15 characters bigger than the processId version (../../../../../../Users/Stoffe/Documents/GitHub/SW_Project2/SW_Project2/Intermediate/Shaders/WorkingDirectory/2356/).
[2015.11.23-15.18.51:708][  0]LogShaderCompilers: Cleaned the shader compiler working directory '../../../../../../Users/Stoffe/Documents/GitHub/SW_Project2/SW_Project2/Intermediate/Shaders/tmp/9B0306D1464BB8A861BB48BB3D7ACD24/'.
[2015.11.23-15.18.51:708][  0]LogShaderCompilers:Display: Using Local Shader Compiler.
[2015.11.23-15.18.53:032][  0]LogTemp:Display: Loaded TP AllDesktopTargetPlatform
[2015.11.23-15.18.53:037][  0]LogTemp:Display: Loaded TP WindowsClientTargetPlatform
[2015.11.23-15.18.53:043][  0]LogTemp:Display: Loaded TP WindowsNoEditorTargetPlatform
[2015.11.23-15.18.53:048][  0]LogTemp:Display: Loaded TP WindowsServerTargetPlatform
[2015.11.23-15.18.53:054][  0]LogTemp:Display: Loaded TP WindowsTargetPlatform
[2015.11.23-15.18.53:058][  0]LogTemp:Display: Loaded TP AndroidTargetPlatform
[2015.11.23-15.18.53:062][  0]LogTemp:Display: Loaded TP Android_ASTCTargetPlatform
[2015.11.23-15.18.53:065][  0]LogTemp:Display: Loaded TP Android_ATCTargetPlatform
[2015.11.23-15.18.53:068][  0]LogTemp:Display: Loaded TP Android_DXTTargetPlatform
[2015.11.23-15.18.53:072][  0]LogTemp:Display: Loaded TP Android_ETC1TargetPlatform
[2015.11.23-15.18.53:075][  0]LogTemp:Display: Loaded TP Android_ETC2TargetPlatform
[2015.11.23-15.18.53:079][  0]LogTemp:Display: Loaded TP Android_PVRTCTargetPlatform
[2015.11.23-15.18.53:080][  0]LogTemp:Display: Loaded TP HTML5TargetPlatform
[2015.11.23-15.18.53:097][  0]LogTemp:Display: Loaded TP IOSTargetPlatform
[2015.11.23-15.18.53:100][  0]LogTemp:Display: Loaded TP LinuxNoEditorTargetPlatform
[2015.11.23-15.18.53:103][  0]LogTemp:Display: Loaded TP LinuxServerTargetPlatform
[2015.11.23-15.18.53:107][  0]LogTemp:Display: Loaded TP LinuxTargetPlatform
[2015.11.23-15.18.53:107][  0]LogTargetPlatformManager:Display: Building Assets For Windows
[2015.11.23-15.18.53:227][  0]LogDerivedDataCache:Display: Max Cache Size: 512 MB
[2015.11.23-15.18.53:272][  0]LogDerivedDataCache: Loaded boot cache 0.05s 48MB C:/Users/Stoffe/AppData/Local/UnrealEngine/4.9/DerivedDataCache/Boot.ddc.
[2015.11.23-15.18.53:273][  0]LogDerivedDataCache:Display: Loaded Boot cache: C:/Users/Stoffe/AppData/Local/UnrealEngine/4.9/DerivedDataCache/Boot.ddc
[2015.11.23-15.18.53:273][  0]LogDerivedDataCache: FDerivedDataBackendGraph:  Pak pak cache file ../../../../../../Users/Stoffe/Documents/GitHub/SW_Project2/SW_Project2/DerivedDataCache/DDC.ddp not found, will not use a pak cache.
[2015.11.23-15.18.53:273][  0]LogDerivedDataCache: Unable to find inner node Pak for hierarchical cache Hierarchy.
[2015.11.23-15.18.53:273][  0]LogDerivedDataCache: FDerivedDataBackendGraph:  CompressedPak pak cache file ../../../../../../Users/Stoffe/Documents/GitHub/SW_Project2/SW_Project2/DerivedDataCache/Compressed.ddp not found, will not use a pak cache.
[2015.11.23-15.18.53:273][  0]LogDerivedDataCache: Unable to find inner node CompressedPak for hierarchical cache Hierarchy.
[2015.11.23-15.18.53:434][  0]LogDerivedDataCache:Display: Pak cache opened for reading ../../../Engine/DerivedDataCache/Compressed.ddp.
[2015.11.23-15.18.53:446][  0]LogDerivedDataCache: Using Local data cache path C:/Users/Stoffe/AppData/Local/UnrealEngine/Common/DerivedDataCache: Writable
[2015.11.23-15.18.53:672][  0]LogInit: Selected Device Profile: [Windows]
[2015.11.23-15.18.53:676][  0]LogContentStreaming: Texture pool size is 0.000000MB
[2015.11.23-15.18.53:824][  0]LogMeshUtilities: No automatic mesh reduction module available
[2015.11.23-15.18.53:824][  0]LogMeshUtilities: No automatic mesh merging module available
[2015.11.23-15.18.54:104][  0]LogInit: WinSock: version 1.1 (2.2), MaxSocks=32767, MaxUdp=65467
[2015.11.23-15.18.54:886][  0]UdpMessaging: Initializing bridge on interface 0.0.0.0:0 to multicast group 230.0.0.1:6666.
[2015.11.23-15.18.55:057][  0]LogAssetRegistry: FAssetRegistry took 0.0107 seconds to start up
[2015.11.23-15.18.55:323][  0]SourceControl: Info Source control is disabled
[2015.11.23-15.18.55:331][  0]SourceControl: Info Source control is disabled
[2015.11.23-15.18.55:352][  0]SourceControl: Info Source control is disabled
[2015.11.23-15.18.55:371][  0]SourceControl: Info Source control is disabled
[2015.11.23-15.18.55:630][  0]LogLinker:Warning: Asset '../../../Engine/Plugins/Runtime/LeapMotionController/Content/LM_PassthroughMaterial.uasset' has been saved with empty engine version. The asset will be loaded but may be incompatible.
[2015.11.23-15.18.55:768][  0]LogObj: 28521 objects as part of root set at end of initial load.
[2015.11.23-15.18.55:768][  0]LogUObjectAllocator: 6113304 out of 0 bytes used by permanent object pool.
[2015.11.23-15.18.55:829][  0]LogEngine: Initializing Engine...
[2015.11.23-15.18.55:831][  0]LogHMD: Can't find Oculus library dev build: is proper Runtime installed? Version: 0.7.0.0
[2015.11.23-15.18.55:832][  0]LogHMD: SteamVR failed to initialize.  Err: 110
[2015.11.23-15.18.55:966][  0]LogAIModule: Creating AISystem for world NewWorld
[2015.11.23-15.18.55:971][  0]LogInit: XAudio2 using 'Högtalare (Realtek High Definition Audio)' : 2 channels at 48 kHz using 32 bits per sample (channel mask 0x3)
[2015.11.23-15.18.55:979][  0]LogInit: FAudioDevice initialized.
[2015.11.23-15.18.56:000][  0]LogDerivedDataCache: Saved boot cache 0.02s 48MB C:/Users/Stoffe/AppData/Local/UnrealEngine/4.9/DerivedDataCache/Boot.ddc.
[2015.11.23-15.18.56:003][  0]LogInit: Texture streaming: Enabled
[2015.11.23-15.18.56:009][  0]LogAnalytics: Creating configured Analytics provider AnalyticsET
[2015.11.23-15.18.56:009][  0]LogAnalytics: [UEEditor.Rocket.Release] APIServer = http://et2.epicgames.com/ET2/. AppVersion = 4.9.2-2707645+++depot+UE4-Releases+4.9
[2015.11.23-15.18.56:009][  0]LogAnalytics: [UEEditor.Rocket.Release] SetUserId c2f82278409fbc7e17ba4c8b187827c0|8471e16762be488588a110ad13c08bd6|a2f24018-7849-4a41-8ec9-fa4680d0f5a7
[2015.11.23-15.18.56:009][  0]LogAnalytics: [UEEditor.Rocket.Release] AnalyticsET::StartSession
[2015.11.23-15.18.56:017][  0]LogWindowsTextInputMethodSystem:Display: IME system now deactivated.
[2015.11.23-15.18.56:029][  0]LogInit: Transaction tracking system initialized
[2015.11.23-15.18.56:057][  0]BlueprintLog: New page: Editor Load
[2015.11.23-15.18.56:159][  0]LocalizationService: Info Localization service is disabled
[2015.11.23-15.18.56:267][  0]LogConsoleResponse:Display: 
[2015.11.23-15.18.56:539][  0]LogCook:Display: Done creating registry. It took  0.00s.
[2015.11.23-15.18.56:650][  0]LogFileCache: Scanning file cache for directory 'C:/Users/Stoffe/Documents/GitHub/SW_Project2/SW_Project2/Content/' took 0.14s
[2015.11.23-15.18.56:650][  0]SourceControl: Info Source control is disabled
[2015.11.23-15.18.56:651][  0]Cmd: MAP LOAD FILE="../../../../../../Users/Stoffe/Documents/GitHub/SW_Project2/SW_Project2/Content/FlyingCPP/Maps/FlyingExampleMap.umap" TEMPLATE=0 SHOWPROGRESS=1 FEATURELEVEL=3
[2015.11.23-15.18.56:651][  0]LightingResults: New page: Lighting Build
[2015.11.23-15.18.56:654][  0]MapCheck: New page: Map Check
[2015.11.23-15.18.56:654][  0]LightingResults: New page: Lighting Build
[2015.11.23-15.18.56:673][  0]LogParticles: Destroying 0 GPU particle simulations for FXSystem 0x000000C9223D8900
[2015.11.23-15.18.57:235][  0]LogAIModule: Creating AISystem for world FlyingExampleMap
[2015.11.23-15.18.57:252][  0]LogEditorServer: Finished looking for orphan Actors (0.000 secs)
[2015.11.23-15.18.57:292][  0]Cmd: MAP CHECKDEP NOCLEARLOG
[2015.11.23-15.18.57:345][  0]MapCheck: Info Map check complete: 0 Error(s), 0 Warning(s), took 52.907ms to complete.
[2015.11.23-15.18.57:345][  0]LogFileHelpers: Loading map 'FlyingExampleMap' took 0.694
[2015.11.23-15.18.57:478][  0]LogCollectionManager: Loaded 0 collections in 0.002738 seconds
[2015.11.23-15.18.57:522][  0]LogFileCache: Scanning file cache for directory 'C:/Users/Stoffe/Documents/GitHub/SW_Project2/SW_Project2/Saved/Collections/' took 0.01s
[2015.11.23-15.18.57:522][  0]LogFileCache: Scanning file cache for directory 'C:/Users/Stoffe/Documents/GitHub/SW_Project2/SW_Project2/Content/Developers/Stoffe/Collections/' took 0.01s
[2015.11.23-15.18.57:522][  0]LogFileCache: Scanning file cache for directory 'C:/Users/Stoffe/Documents/GitHub/SW_Project2/SW_Project2/Content/Collections/' took 0.01s
[2015.11.23-15.18.57:522][  0]LogContentBrowser: Native class hierarchy populated in 0.0100 seconds. Added 1873 classes and 335 folders.
[2015.11.23-15.18.57:535][  0]LogCollectionManager: Rebuilt the GUID cache for 0 collections in 0.000003 seconds
[2015.11.23-15.18.57:547][  0]LogContentBrowser: Native class hierarchy updated for 'WidgetCarousel' in 0.0018 seconds. Added 0 classes and 0 folders.
[2015.11.23-15.18.57:597][  0]LogContentBrowser: Native class hierarchy updated for 'AddContentDialog' in 0.0018 seconds. Added 0 classes and 0 folders.
[2015.11.23-15.18.57:610][  0]LogContentBrowser: Native class hierarchy updated for 'SceneOutliner' in 0.0012 seconds. Added 1 classes and 2 folders.
[2015.11.23-15.18.57:678][  0]LogCrashTracker: Crashtracker disabled due to settings.
[2015.11.23-15.18.57:682][  0]LogUObjectGlobals:Warning: Failed to find object 'Class None.'
[2015.11.23-15.18.57:705][  0]LogLoad: Full Startup: 8.16 seconds (BP compile: 0.11 seconds)
[2015.11.23-15.18.57:760][  0]LogContentStreaming: Texture pool size now 1000 MB
[2015.11.23-15.18.57:899][  0]LogRenderer: Reallocating scene render targets to support 1028x636 (Frame:2).
[2015.11.23-15.18.58:663][  5]LogAssetRegistry: Asset discovery search completed in 3.6176 seconds
[2015.11.23-15.18.58:663][  5]LogCollectionManager: Rebuilt the object cache for 0 collections in 0.000002 seconds (found 0 objects)
[2015.11.23-15.18.58:663][  5]LogCollectionManager: Fixed up redirectors for 0 collections in 0.000041 seconds (updated 0 objects)
[2015.11.23-15.19.34:886][597]LogBlueprintUserMessages: Early PlayInEditor Detection: Level '/Game/FlyingCPP/Maps/FlyingExampleMap.FlyingExampleMap:PersistentLevel' has LevelScriptBlueprint '/Game/FlyingCPP/Maps/FlyingExampleMap.FlyingExampleMap:PersistentLevel.FlyingExampleMap' with GeneratedClass '/Game/FlyingCPP/Maps/FlyingExampleMap.FlyingExampleMap_C' with ClassGeneratedBy '/Game/FlyingCPP/Maps/FlyingExampleMap.FlyingExampleMap:PersistentLevel.FlyingExampleMap'
[2015.11.23-15.19.34:886][597]LogPlayLevel: PlayLevel: No blueprints needed recompiling
[2015.11.23-15.19.34:886][597]PIE: New page: PIE session: FlyingExampleMap (Nov 23, 2015, 5:19:34 PM)
[2015.11.23-15.19.34:886][597]LogPlayLevel: Creating play world package: /Game/FlyingCPP/Maps/UEDPIE_0_FlyingExampleMap
[2015.11.23-15.19.34:952][597]LogPlayLevel: PIE: StaticDuplicateObject took: (0.065856s)
[2015.11.23-15.19.34:953][597]LogAIModule: Creating AISystem for world FlyingExampleMap
[2015.11.23-15.19.34:953][597]LogPlayLevel: PIE: World Init took: (0.001066s)
[2015.11.23-15.19.34:953][597]LogPlayLevel: PIE: Created PIE world by copying editor world from /Game/FlyingCPP/Maps/FlyingExampleMap.FlyingExampleMap to /Game/FlyingCPP/Maps/UEDPIE_0_FlyingExampleMap.FlyingExampleMap (0.067362s)
[2015.11.23-15.19.34:954][597]LogActorComponent: UnregisterComponent: (/Engine/Transient.ProjectileComp) Not registered. Aborting.
[2015.11.23-15.19.34:990][597]LogInit: XAudio2 using 'Högtalare (Realtek High Definition Audio)' : 2 channels at 48 kHz using 32 bits per sample (channel mask 0x3)
[2015.11.23-15.19.34:997][597]LogInit: FAudioDevice initialized.
[2015.11.23-15.19.35:054][597]LogWorld: Game class is 'SW_Project2GameMode'
[2015.11.23-15.19.35:078][597]LogWorld: Bringing World /Game/FlyingCPP/Maps/UEDPIE_0_FlyingExampleMap.FlyingExampleMap up for play (max tick rate 0) at 2015.11.23-16.19.35
[2015.11.23-15.19.35:078][597]LogActor:Warning: GameSession /Game/FlyingCPP/Maps/UEDPIE_0_FlyingExampleMap.FlyingExampleMap:PersistentLevel.GameSession_0 has natively added scene component(s), but none of them were set as the actor's RootComponent - picking one arbitrarily
[2015.11.23-15.19.35:078][597]LogActor:Warning: GameNetworkManager /Game/FlyingCPP/Maps/UEDPIE_0_FlyingExampleMap.FlyingExampleMap:PersistentLevel.GameNetworkManager_0 has natively added scene component(s), but none of them were set as the actor's RootComponent - picking one arbitrarily
[2015.11.23-15.19.35:079][597]LogWorld: Bringing up level for play took: 0.024383
[2015.11.23-15.19.35:081][597]PIE: Info Play in editor start time for /Game/FlyingCPP/Maps/UEDPIE_0_FlyingExampleMap 0.937
[2015.11.23-15.19.35:081][597]LogBlueprintUserMessages: Late PlayInEditor Detection: Level '/Game/FlyingCPP/Maps/FlyingExampleMap.FlyingExampleMap:PersistentLevel' has LevelScriptBlueprint '/Game/FlyingCPP/Maps/FlyingExampleMap.FlyingExampleMap:PersistentLevel.FlyingExampleMap' with GeneratedClass '/Game/FlyingCPP/Maps/FlyingExampleMap.FlyingExampleMap_C' with ClassGeneratedBy '/Game/FlyingCPP/Maps/FlyingExampleMap.FlyingExampleMap:PersistentLevel.FlyingExampleMap'
[2015.11.23-15.19.46:418][599]LogBlueprintUserMessages: Early EndPlayMap Detection: Level '/Game/FlyingCPP/Maps/FlyingExampleMap.FlyingExampleMap:PersistentLevel' has LevelScriptBlueprint '/Game/FlyingCPP/Maps/FlyingExampleMap.FlyingExampleMap:PersistentLevel.FlyingExampleMap' with GeneratedClass '/Game/FlyingCPP/Maps/FlyingExampleMap.FlyingExampleMap_C' with ClassGeneratedBy '/Game/FlyingCPP/Maps/FlyingExampleMap.FlyingExampleMap:PersistentLevel.FlyingExampleMap'
[2015.11.23-15.19.46:455][599]LogBlueprintUserMessages: Late EndPlayMap Detection: Level '/Game/FlyingCPP/Maps/FlyingExampleMap.FlyingExampleMap:PersistentLevel' has LevelScriptBlueprint '/Game/FlyingCPP/Maps/FlyingExampleMap.FlyingExampleMap:PersistentLevel.FlyingExampleMap' with GeneratedClass '/Game/FlyingCPP/Maps/FlyingExampleMap.FlyingExampleMap_C' with ClassGeneratedBy '/Game/FlyingCPP/Maps/FlyingExampleMap.FlyingExampleMap:PersistentLevel.FlyingExampleMap'
[2015.11.23-15.19.46:478][599]LogParticles: Destroying 0 GPU particle simulations for FXSystem 0x000000C90788A7A0
[2015.11.23-15.19.58:475][211]LogVSAccessor:Warning: Visual Studio is open but could not be queried - it may be blocked by a modal operation
[2015.11.23-15.20.01:459][212]LogVSAccessor:Warning: Couldn't goto line number '0' in 'C:/Users/Stoffe/Documents/GitHub/SW_Project2/SW_Project2/Source/SW_Project2/SW_Project2Pawn.h'
[2015.11.23-15.20.01:510][212]LogVSAccessor:Warning: Couldn't goto line number '0' in 'C:/Users/Stoffe/Documents/GitHub/SW_Project2/SW_Project2/Source/SW_Project2/SW_Project2Pawn.cpp'
[2015.11.23-15.22.10:132][662]Recompiling SW_Project2...
[2015.11.23-15.22.10:133][662]Launching UnrealBuildTool... [C:/Program Files/Epic Games/4.9/Engine/Binaries/DotNET/UnrealBuildTool.exe SW_Project2 -ModuleWithSuffix SW_Project2 4690 Win64 Development -editorrecompile -canskiplink "C:/Users/Stoffe/Documents/GitHub/SW_Project2/SW_Project2/SW_Project2.uproject" -rocket  -rocket]
[2015.11.23-15.22.10:133][662]Warning: Starting HotReload took  0.1s.
[2015.11.23-15.22.16:157][168]CompilerResultsLog: New page: Compilation - Nov 23, 2015, 5:22:16 PM
[2015.11.23-15.22.16:157][168]CompilerResultsLog: Info Compiling game modules for hot reload
[2015.11.23-15.22.16:157][168]CompilerResultsLog: Info Performing 2 actions (2 in parallel)
[2015.11.23-15.22.16:157][168]CompilerResultsLog: Info SW_Project2Pawn.cpp
[2015.11.23-15.22.16:157][168]CompilerResultsLog: Info [2/2] Link UE4Editor-SW_Project2-4690.dll
[2015.11.23-15.22.16:157][168]CompilerResultsLog: Info    Creating library C:\Users\Stoffe\Documents\GitHub\SW_Project2\SW_Project2\Intermediate/Build/Win64\UE4Editor\Development\UE4Editor-SW_Project2-4690.lib and object C:\Users\Stoffe\Documents\GitHub\SW_Project2\SW_Project2\Intermediate/Build/Win64\UE4Editor\Development\UE4Editor-SW_Project2-4690.exp
[2015.11.23-15.22.16:157][168]CompilerResultsLog: Info -------- End Detailed Actions Stats -----------------------------------------------------------
[2015.11.23-15.22.16:157][168]CompilerResultsLog: Info Total build time: 5,98 seconds
[2015.11.23-15.22.16:157][168]LogMainFrame: MainFrame: Module compiling took 6.035 seconds
[2015.11.23-15.22.16:158][168]LogActorComponent: UnregisterComponent: (/Engine/Transient.ProjectileComp) Not registered. Aborting.
[2015.11.23-15.22.16:206][168]LogContentBrowser: Native class hierarchy updated for 'SW_Project2' in 0.0014 seconds. Added 6 classes and 2 folders.
[2015.11.23-15.22.16:208][168]Warning: HotReload successful (1 functions remapped  0 scriptstructs remapped)
[2015.11.23-15.22.16:285][168]LogContentBrowser: Native class hierarchy populated in 0.0098 seconds. Added 1874 classes and 337 folders.
[2015.11.23-15.22.17:755][293]LogBlueprintUserMessages: Early PlayInEditor Detection: Level '/Game/FlyingCPP/Maps/FlyingExampleMap.FlyingExampleMap:PersistentLevel' has LevelScriptBlueprint '/Game/FlyingCPP/Maps/FlyingExampleMap.FlyingExampleMap:PersistentLevel.FlyingExampleMap' with GeneratedClass '/Game/FlyingCPP/Maps/FlyingExampleMap.FlyingExampleMap_C' with ClassGeneratedBy '/Game/FlyingCPP/Maps/FlyingExampleMap.FlyingExampleMap:PersistentLevel.FlyingExampleMap'
[2015.11.23-15.22.17:755][293]LogPlayLevel: PlayLevel: No blueprints needed recompiling
[2015.11.23-15.22.17:755][293]PIE: New page: PIE session: FlyingExampleMap (Nov 23, 2015, 5:22:17 PM)
[2015.11.23-15.22.17:756][293]LogPlayLevel: Creating play world package: /Game/FlyingCPP/Maps/UEDPIE_0_FlyingExampleMap
[2015.11.23-15.22.17:822][293]LogPlayLevel: PIE: StaticDuplicateObject took: (0.066142s)
[2015.11.23-15.22.17:823][293]LogAIModule: Creating AISystem for world FlyingExampleMap
[2015.11.23-15.22.17:823][293]LogPlayLevel: PIE: World Init took: (0.001200s)
[2015.11.23-15.22.17:823][293]LogPlayLevel: PIE: Created PIE world by copying editor world from /Game/FlyingCPP/Maps/FlyingExampleMap.FlyingExampleMap to /Game/FlyingCPP/Maps/UEDPIE_0_FlyingExampleMap.FlyingExampleMap (0.067787s)
[2015.11.23-15.22.17:860][293]LogInit: XAudio2 using 'Högtalare (Realtek High Definition Audio)' : 2 channels at 48 kHz using 32 bits per sample (channel mask 0x3)
[2015.11.23-15.22.17:871][293]LogInit: FAudioDevice initialized.
[2015.11.23-15.22.17:916][293]LogWorld: Game class is 'SW_Project2GameMode'
[2015.11.23-15.22.17:949][293]LogWorld: Bringing World /Game/FlyingCPP/Maps/UEDPIE_0_FlyingExampleMap.FlyingExampleMap up for play (max tick rate 0) at 2015.11.23-16.22.17
[2015.11.23-15.22.17:949][293]LogActor:Warning: GameSession /Game/FlyingCPP/Maps/UEDPIE_0_FlyingExampleMap.FlyingExampleMap:PersistentLevel.GameSession_1 has natively added scene component(s), but none of them were set as the actor's RootComponent - picking one arbitrarily
[2015.11.23-15.22.17:949][293]LogActor:Warning: GameNetworkManager /Game/FlyingCPP/Maps/UEDPIE_0_FlyingExampleMap.FlyingExampleMap:PersistentLevel.GameNetworkManager_1 has natively added scene component(s), but none of them were set as the actor's RootComponent - picking one arbitrarily
[2015.11.23-15.22.17:950][293]LogWorld: Bringing up level for play took: 0.032948
[2015.11.23-15.22.17:952][293]PIE: Info Play in editor start time for /Game/FlyingCPP/Maps/UEDPIE_0_FlyingExampleMap -0.191
[2015.11.23-15.22.17:953][293]LogBlueprintUserMessages: Late PlayInEditor Detection: Level '/Game/FlyingCPP/Maps/FlyingExampleMap.FlyingExampleMap:PersistentLevel' has LevelScriptBlueprint '/Game/FlyingCPP/Maps/FlyingExampleMap.FlyingExampleMap:PersistentLevel.FlyingExampleMap' with GeneratedClass '/Game/FlyingCPP/Maps/FlyingExampleMap.FlyingExampleMap_C' with ClassGeneratedBy '/Game/FlyingCPP/Maps/FlyingExampleMap.FlyingExampleMap:PersistentLevel.FlyingExampleMap'
[2015.11.23-15.22.31:448][497]LogBlueprintUserMessages: Early EndPlayMap Detection: Level '/Game/FlyingCPP/Maps/FlyingExampleMap.FlyingExampleMap:PersistentLevel' has LevelScriptBlueprint '/Game/FlyingCPP/Maps/FlyingExampleMap.FlyingExampleMap:PersistentLevel.FlyingExampleMap' with GeneratedClass '/Game/FlyingCPP/Maps/FlyingExampleMap.FlyingExampleMap_C' with ClassGeneratedBy '/Game/FlyingCPP/Maps/FlyingExampleMap.FlyingExampleMap:PersistentLevel.FlyingExampleMap'
[2015.11.23-15.22.31:485][497]LogBlueprintUserMessages: Late EndPlayMap Detection: Level '/Game/FlyingCPP/Maps/FlyingExampleMap.FlyingExampleMap:PersistentLevel' has LevelScriptBlueprint '/Game/FlyingCPP/Maps/FlyingExampleMap.FlyingExampleMap:PersistentLevel.FlyingExampleMap' with GeneratedClass '/Game/FlyingCPP/Maps/FlyingExampleMap.FlyingExampleMap_C' with ClassGeneratedBy '/Game/FlyingCPP/Maps/FlyingExampleMap.FlyingExampleMap:PersistentLevel.FlyingExampleMap'
[2015.11.23-15.22.31:509][497]LogParticles: Destroying 0 GPU particle simulations for FXSystem 0x000000C913306020
[2015.11.23-15.22.43:510][705]Recompiling SW_Project2...
[2015.11.23-15.22.43:511][705]Launching UnrealBuildTool... [C:/Program Files/Epic Games/4.9/Engine/Binaries/DotNET/UnrealBuildTool.exe SW_Project2 -ModuleWithSuffix SW_Project2 9730 Win64 Development -editorrecompile -canskiplink "C:/Users/Stoffe/Documents/GitHub/SW_Project2/SW_Project2/SW_Project2.uproject" -rocket  -rocket]
[2015.11.23-15.22.43:511][705]Warning: Starting HotReload took  0.0s.
[2015.11.23-15.22.49:146][179]CompilerResultsLog: New page: Compilation - Nov 23, 2015, 5:22:49 PM
[2015.11.23-15.22.49:146][179]CompilerResultsLog: Info Compiling game modules for hot reload
[2015.11.23-15.22.49:146][179]CompilerResultsLog: Info Performing 2 actions (2 in parallel)
[2015.11.23-15.22.49:146][179]CompilerResultsLog: Info SW_Project2Pawn.cpp
[2015.11.23-15.22.49:146][179]CompilerResultsLog: Info [2/2] Link UE4Editor-SW_Project2-9730.dll
[2015.11.23-15.22.49:146][179]CompilerResultsLog: Info    Creating library C:\Users\Stoffe\Documents\GitHub\SW_Project2\SW_Project2\Intermediate/Build/Win64\UE4Editor\Development\UE4Editor-SW_Project2-9730.lib and object C:\Users\Stoffe\Documents\GitHub\SW_Project2\SW_Project2\Intermediate/Build/Win64\UE4Editor\Development\UE4Editor-SW_Project2-9730.exp
[2015.11.23-15.22.49:146][179]CompilerResultsLog: Info -------- End Detailed Actions Stats -----------------------------------------------------------
[2015.11.23-15.22.49:147][179]CompilerResultsLog: Info Total build time: 5,59 seconds
[2015.11.23-15.22.49:147][179]LogMainFrame: MainFrame: Module compiling took 5.646 seconds
[2015.11.23-15.22.49:191][179]LogHotReload: Re-instancing SW_Project2Pawn after hot-reload.
[2015.11.23-15.22.49:225][179]LogContentBrowser: Native class hierarchy updated for 'SW_Project2' in 0.0013 seconds. Added 6 classes and 2 folders.
[2015.11.23-15.22.49:227][179]Warning: HotReload successful (1 functions remapped  0 scriptstructs remapped)
[2015.11.23-15.22.49:307][179]LogContentBrowser: Native class hierarchy populated in 0.0106 seconds. Added 1874 classes and 337 folders.
[2015.11.23-15.22.50:468][277]LogBlueprintUserMessages: Early PlayInEditor Detection: Level '/Game/FlyingCPP/Maps/FlyingExampleMap.FlyingExampleMap:PersistentLevel' has LevelScriptBlueprint '/Game/FlyingCPP/Maps/FlyingExampleMap.FlyingExampleMap:PersistentLevel.FlyingExampleMap' with GeneratedClass '/Game/FlyingCPP/Maps/FlyingExampleMap.FlyingExampleMap_C' with ClassGeneratedBy '/Game/FlyingCPP/Maps/FlyingExampleMap.FlyingExampleMap:PersistentLevel.FlyingExampleMap'
[2015.11.23-15.22.50:468][277]LogPlayLevel: PlayLevel: No blueprints needed recompiling
[2015.11.23-15.22.50:468][277]PIE: New page: PIE session: FlyingExampleMap (Nov 23, 2015, 5:22:50 PM)
[2015.11.23-15.22.50:469][277]LogPlayLevel: Creating play world package: /Game/FlyingCPP/Maps/UEDPIE_0_FlyingExampleMap
[2015.11.23-15.22.50:530][277]LogPlayLevel: PIE: StaticDuplicateObject took: (0.061857s)
[2015.11.23-15.22.50:531][277]LogAIModule: Creating AISystem for world FlyingExampleMap
[2015.11.23-15.22.50:531][277]LogPlayLevel: PIE: World Init took: (0.000959s)
[2015.11.23-15.22.50:532][277]LogPlayLevel: PIE: Created PIE world by copying editor world from /Game/FlyingCPP/Maps/FlyingExampleMap.FlyingExampleMap to /Game/FlyingCPP/Maps/UEDPIE_0_FlyingExampleMap.FlyingExampleMap (0.063221s)
[2015.11.23-15.22.50:567][277]LogInit: XAudio2 using 'Högtalare (Realtek High Definition Audio)' : 2 channels at 48 kHz using 32 bits per sample (channel mask 0x3)
[2015.11.23-15.22.50:576][277]LogInit: FAudioDevice initialized.
[2015.11.23-15.22.50:618][277]LogWorld: Game class is 'SW_Project2GameMode'
[2015.11.23-15.22.50:650][277]LogWorld: Bringing World /Game/FlyingCPP/Maps/UEDPIE_0_FlyingExampleMap.FlyingExampleMap up for play (max tick rate 0) at 2015.11.23-16.22.50
[2015.11.23-15.22.50:650][277]LogActor:Warning: GameSession /Game/FlyingCPP/Maps/UEDPIE_0_FlyingExampleMap.FlyingExampleMap:PersistentLevel.GameSession_2 has natively added scene component(s), but none of them were set as the actor's RootComponent - picking one arbitrarily
[2015.11.23-15.22.50:650][277]LogActor:Warning: GameNetworkManager /Game/FlyingCPP/Maps/UEDPIE_0_FlyingExampleMap.FlyingExampleMap:PersistentLevel.GameNetworkManager_2 has natively added scene component(s), but none of them were set as the actor's RootComponent - picking one arbitrarily
[2015.11.23-15.22.50:651][277]LogWorld: Bringing up level for play took: 0.032830
[2015.11.23-15.22.50:654][277]PIE: Info Play in editor start time for /Game/FlyingCPP/Maps/UEDPIE_0_FlyingExampleMap 0.51
[2015.11.23-15.22.50:654][277]LogBlueprintUserMessages: Late PlayInEditor Detection: Level '/Game/FlyingCPP/Maps/FlyingExampleMap.FlyingExampleMap:PersistentLevel' has LevelScriptBlueprint '/Game/FlyingCPP/Maps/FlyingExampleMap.FlyingExampleMap:PersistentLevel.FlyingExampleMap' with GeneratedClass '/Game/FlyingCPP/Maps/FlyingExampleMap.FlyingExampleMap_C' with ClassGeneratedBy '/Game/FlyingCPP/Maps/FlyingExampleMap.FlyingExampleMap:PersistentLevel.FlyingExampleMap'
[2015.11.23-15.22.52:206][413]LogBlueprintUserMessages: Early EndPlayMap Detection: Level '/Game/FlyingCPP/Maps/FlyingExampleMap.FlyingExampleMap:PersistentLevel' has LevelScriptBlueprint '/Game/FlyingCPP/Maps/FlyingExampleMap.FlyingExampleMap:PersistentLevel.FlyingExampleMap' with GeneratedClass '/Game/FlyingCPP/Maps/FlyingExampleMap.FlyingExampleMap_C' with ClassGeneratedBy '/Game/FlyingCPP/Maps/FlyingExampleMap.FlyingExampleMap:PersistentLevel.FlyingExampleMap'
[2015.11.23-15.22.52:240][413]LogBlueprintUserMessages: Late EndPlayMap Detection: Level '/Game/FlyingCPP/Maps/FlyingExampleMap.FlyingExampleMap:PersistentLevel' has LevelScriptBlueprint '/Game/FlyingCPP/Maps/FlyingExampleMap.FlyingExampleMap:PersistentLevel.FlyingExampleMap' with GeneratedClass '/Game/FlyingCPP/Maps/FlyingExampleMap.FlyingExampleMap_C' with ClassGeneratedBy '/Game/FlyingCPP/Maps/FlyingExampleMap.FlyingExampleMap:PersistentLevel.FlyingExampleMap'
[2015.11.23-15.22.52:269][413]LogParticles: Destroying 0 GPU particle simulations for FXSystem 0x000000C9152DD580
[2015.11.23-15.22.53:738][517]LogWindowsTextInputMethodSystem:Display: IME system now deactivated.
[2015.11.23-15.22.54:083][518]Cmd: QUIT_EDITOR
[2015.11.23-15.22.54:988][518]LogExit: Preparing to exit.
[2015.11.23-15.22.56:080][518]LogExit: Editor shut down
[2015.11.23-15.22.56:081][518]LogExit: Transaction tracking system shut down
[2015.11.23-15.22.56:082][518]LogParticles: Destroying 0 GPU particle simulations for FXSystem 0x000000C91458B880
[2015.11.23-15.22.56:084][518]LogParticles: Destroying 0 GPU particle simulations for FXSystem 0x000000C92787ADE0
[2015.11.23-15.22.56:084][518]LogParticles: Destroying 0 GPU particle simulations for FXSystem 0x000000C92814BBA0
[2015.11.23-15.22.56:085][518]LogParticles: Destroying 0 GPU particle simulations for FXSystem 0x000000C92A56F7E0
[2015.11.23-15.22.56:223][518]LogExit: Object subsystem successfully closed.
[2015.11.23-15.22.56:231][518]LogD3D11RHI: Shutdown
[2015.11.23-15.22.56:231][518]LogD3D11RHI: CleanupD3DDevice
[2015.11.23-15.22.56:274][518]LogD3D11RHI: ~FD3D11DynamicRHI
[2015.11.23-15.22.56:296][518]LogModuleManager: Shutting down and abandoning module CrashTracker (198)
[2015.11.23-15.22.56:296][518]LogModuleManager: Shutting down and abandoning module SceneOutliner (197)
[2015.11.23-15.22.56:296][518]LogModuleManager: Shutting down and abandoning module SuperSearch (196)
[2015.11.23-15.22.56:296][518]LogModuleManager: Shutting down and abandoning module WidgetCarousel (195)
[2015.11.23-15.22.56:296][518]LogModuleManager: Shutting down and abandoning module AddContentDialog (194)
[2015.11.23-15.22.56:297][518]LogModuleManager: Shutting down and abandoning module EditorWidgets (193)
[2015.11.23-15.22.56:297][518]LogModuleManager: Shutting down and abandoning module CollectionManager (192)
[2015.11.23-15.22.56:297][518]LogModuleManager: Shutting down and abandoning module StatsViewer (191)
[2015.11.23-15.22.56:297][518]LogModuleManager: Shutting down and abandoning module FoliageEdit (190)
[2015.11.23-15.22.56:297][518]LogModuleManager: Shutting down and abandoning module LandscapeEditor (189)
[2015.11.23-15.22.56:297][518]LogModuleManager: Shutting down and abandoning module ActorPickerMode (188)
[2015.11.23-15.22.56:297][518]LogModuleManager: Shutting down and abandoning module GeometryMode (187)
[2015.11.23-15.22.56:297][518]LogModuleManager: Shutting down and abandoning module TextureAlignMode (186)
[2015.11.23-15.22.56:297][518]LogModuleManager: Shutting down and abandoning module BspMode (185)
[2015.11.23-15.22.56:297][518]LogModuleManager: Shutting down and abandoning module PlacementMode (184)
[2015.11.23-15.22.56:297][518]LogModuleManager: Shutting down and abandoning module AutomationWorker (183)
[2015.11.23-15.22.56:297][518]LogModuleManager: Shutting down and abandoning module CharacterAI (182)
[2015.11.23-15.22.56:297][518]LogModuleManager: Shutting down and abandoning module SmartSnapping (181)
[2015.11.23-15.22.56:297][518]LogModuleManager: Shutting down and abandoning module ViewportSnapping (180)
[2015.11.23-15.22.56:297][518]LogModuleManager: Shutting down and abandoning module LogVisualizer (179)
[2015.11.23-15.22.56:298][518]LogModuleManager: Shutting down and abandoning module GameProjectGeneration (178)
[2015.11.23-15.22.56:298][518]LogModuleManager: Shutting down and abandoning module IntroTutorials (177)
[2015.11.23-15.22.56:298][518]LogModuleManager: Shutting down and abandoning module EditorLiveStreaming (176)
[2015.11.23-15.22.56:298][518]LogModuleManager: Shutting down and abandoning module IOSPlatformEditor (175)
[2015.11.23-15.22.56:298][518]LogModuleManager: Shutting down and abandoning module HTML5PlatformEditor (174)
[2015.11.23-15.22.56:298][518]LogModuleManager: Shutting down and abandoning module AndroidDeviceDetection (173)
[2015.11.23-15.22.56:378][518]LogModuleManager: Shutting down and abandoning module AndroidPlatformEditor (172)
[2015.11.23-15.22.56:378][518]LogModuleManager: Shutting down and abandoning module IOSRuntimeSettings (171)
[2015.11.23-15.22.56:378][518]LogModuleManager: Shutting down and abandoning module AndroidRuntimeSettings (170)
[2015.11.23-15.22.56:378][518]LogModuleManager: Shutting down and abandoning module MergeActors (169)
[2015.11.23-15.22.56:378][518]LogModuleManager: Shutting down and abandoning module SizeMap (168)
[2015.11.23-15.22.56:378][518]LogModuleManager: Shutting down and abandoning module TreeMap (167)
[2015.11.23-15.22.56:378][518]LogModuleManager: Shutting down and abandoning module ReferenceViewer (166)
[2015.11.23-15.22.56:378][518]LogModuleManager: Shutting down and abandoning module LocalizationService (165)
[2015.11.23-15.22.56:378][518]LogModuleManager: Shutting down and abandoning module LocalizationDashboard (164)
[2015.11.23-15.22.56:378][518]LogModuleManager: Shutting down and abandoning module HardwareTargeting (163)
[2015.11.23-15.22.56:378][518]LogModuleManager: Shutting down and abandoning module DeviceProfileEditor (162)
[2015.11.23-15.22.56:378][518]LogModuleManager: Shutting down and abandoning module UndoHistory (161)
[2015.11.23-15.22.56:378][518]LogModuleManager: Shutting down and abandoning module GameplayTagsEditor (160)
[2015.11.23-15.22.56:378][518]LogModuleManager: Shutting down and abandoning module UserFeedback (159)
[2015.11.23-15.22.56:378][518]LogModuleManager: Shutting down and abandoning module XmlParser (158)
[2015.11.23-15.22.56:378][518]LogModuleManager: Shutting down and abandoning module Blutility (157)
[2015.11.23-15.22.56:378][518]LogModuleManager: Shutting down and abandoning module ProjectTargetPlatformEditor (156)
[2015.11.23-15.22.56:379][518]LogModuleManager: Shutting down and abandoning module ProjectSettingsViewer (155)
[2015.11.23-15.22.56:379][518]LogModuleManager: Shutting down and abandoning module InputBindingEditor (154)
[2015.11.23-15.22.56:380][518]LogModuleManager: Shutting down and abandoning module EditorSettingsViewer (153)
[2015.11.23-15.22.56:380][518]LogModuleManager: Shutting down and abandoning module SettingsEditor (152)
[2015.11.23-15.22.56:380][518]LogModuleManager: Shutting down and abandoning module ProjectLauncher (151)
[2015.11.23-15.22.56:380][518]LogModuleManager: Shutting down and abandoning module SessionFrontend (150)
[2015.11.23-15.22.56:380][518]LogModuleManager: Shutting down and abandoning module ProfilerClient (149)
[2015.11.23-15.22.56:380][518]LogModuleManager: Shutting down and abandoning module TargetDeviceServices (148)
[2015.11.23-15.22.56:380][518]LogModuleManager: Shutting down and abandoning module DeviceManager (147)
[2015.11.23-15.22.56:380][518]LogModuleManager: Shutting down and abandoning module AutomationController (146)
[2015.11.23-15.22.56:380][518]LogModuleManager: Shutting down and abandoning module AutomationWindow (145)
[2015.11.23-15.22.56:380][518]LogModuleManager: Shutting down and abandoning module Layers (144)
[2015.11.23-15.22.56:380][518]LogModuleManager: Shutting down and abandoning module ComponentVisualizers (143)
[2015.11.23-15.22.56:380][518]LogModuleManager: Shutting down and abandoning module DetailCustomizations (142)
[2015.11.23-15.22.56:380][518]LogModuleManager: Shutting down and abandoning module PackagesDialog (141)
[2015.11.23-15.22.56:380][518]LogModuleManager: Shutting down and abandoning module Persona (140)
[2015.11.23-15.22.56:380][518]LogModuleManager: Shutting down and abandoning module Kismet (139)
[2015.11.23-15.22.56:380][518]LogModuleManager: Shutting down and abandoning module GraphEditor (138)
[2015.11.23-15.22.56:380][518]LogModuleManager: Shutting down and abandoning module ClassViewer (137)
[2015.11.23-15.22.56:380][518]LogModuleManager: Shutting down and abandoning module Toolbox (136)
[2015.11.23-15.22.56:380][518]LogModuleManager: Shutting down and abandoning module ModuleUI (135)
[2015.11.23-15.22.56:380][518]LogModuleManager: Shutting down and abandoning module MovieSceneTools (134)
[2015.11.23-15.22.56:380][518]LogModuleManager: Shutting down and abandoning module OutputLog (133)
[2015.11.23-15.22.56:380][518]LogModuleManager: Shutting down and abandoning module GammaUI (132)
[2015.11.23-15.22.56:380][518]LogModuleManager: Shutting down and abandoning module Documentation (131)
[2015.11.23-15.22.56:381][518]LogModuleManager: Shutting down and abandoning module GameLiveStreaming (130)
[2015.11.23-15.22.56:381][518]LogModuleManager: Shutting down and abandoning module StreamingPauseRendering (129)
[2015.11.23-15.22.56:381][518]LogModuleManager: Shutting down and abandoning module AnalyticsET (128)
[2015.11.23-15.22.56:381][518]LogModuleManager: Shutting down and abandoning module Analytics (127)
[2015.11.23-15.22.56:381][518]LogModuleManager: Shutting down and abandoning module AITestSuite (126)
[2015.11.23-15.22.56:381][518]LogModuleManager: Shutting down and abandoning module GameplayDebugger (125)
[2015.11.23-15.22.56:381][518]LogModuleManager: Shutting down and abandoning module AIModule (124)
[2015.11.23-15.22.56:381][518]LogModuleManager: Shutting down and abandoning module ProfilerService (123)
[2015.11.23-15.22.56:400][518]LogModuleManager: Shutting down and abandoning module TaskGraph (122)
[2015.11.23-15.22.56:400][518]LogModuleManager: Shutting down and abandoning module SlateRemote (121)
[2015.11.23-15.22.56:400][518]LogModuleManager: Shutting down and abandoning module SteamVRController (120)
[2015.11.23-15.22.56:400][518]LogModuleManager: Shutting down and abandoning module SteamVR (119)
[2015.11.23-15.22.56:400][518]LogModuleManager: Shutting down and abandoning module ProceduralMeshComponent (118)
[2015.11.23-15.22.56:400][518]LogModuleManager: Shutting down and abandoning module OculusRift (117)
[2015.11.23-15.22.56:400][518]LogModuleManager: Shutting down and abandoning module OculusLibrary (116)
[2015.11.23-15.22.56:400][518]LogModuleManager: Shutting down and abandoning module LeapMotionController (115)
[2015.11.23-15.22.56:409][518]LogModuleManager: Shutting down and abandoning module CustomMeshComponent (114)
[2015.11.23-15.22.56:409][518]LogModuleManager: Shutting down and abandoning module CableComponent (113)
[2015.11.23-15.22.56:409][518]LogModuleManager: Shutting down and abandoning module ArchVisCharacter (112)
[2015.11.23-15.22.56:409][518]LogModuleManager: Shutting down and abandoning module MessagingDebugger (111)
[2015.11.23-15.22.56:410][518]LogModuleManager: Shutting down and abandoning module MediaPlayerEditor (110)
[2015.11.23-15.22.56:410][518]LogModuleManager: Shutting down and abandoning module HTML5Networking (109)
[2015.11.23-15.22.56:410][518]LogModuleManager: Shutting down and abandoning module SpeedTreeImporter (108)
[2015.11.23-15.22.56:410][518]LogModuleManager: Shutting down and abandoning module PluginBrowser (107)
[2015.11.23-15.22.56:410][518]LogModuleManager: Shutting down and abandoning module EpicSurvey (106)
[2015.11.23-15.22.56:410][518]LogModuleManager: Shutting down and abandoning module DesktopPlatform (105)
[2015.11.23-15.22.56:410][518]LogModuleManager: Shutting down and abandoning module VisualStudioSourceCodeAccess (104)
[2015.11.23-15.22.56:410][518]LogModuleManager: Shutting down and abandoning module UObjectPlugin (103)
[2015.11.23-15.22.56:410][518]LogModuleManager: Shutting down and abandoning module SubversionSourceControl (102)
[2015.11.23-15.22.56:410][518]LogModuleManager: Shutting down and abandoning module PerforceSourceControl (101)
[2015.11.23-15.22.56:410][518]LogModuleManager: Shutting down and abandoning module SourceControl (100)
[2015.11.23-15.22.56:410][518]LogModuleManager: Shutting down and abandoning module GitSourceControl (99)
[2015.11.23-15.22.56:410][518]LogModuleManager: Shutting down and abandoning module LightPropagationVolumeEditor (98)
[2015.11.23-15.22.56:410][518]LogModuleManager: Shutting down and abandoning module PaperTiledImporter (97)
[2015.11.23-15.22.56:410][518]LogModuleManager: Shutting down and abandoning module PaperSpriteSheetImporter (96)
[2015.11.23-15.22.56:410][518]LogModuleManager: Shutting down and abandoning module MeshPaint (95)
[2015.11.23-15.22.56:410][518]LogModuleManager: Shutting down and abandoning module SlateReflector (94)
[2015.11.23-15.22.56:410][518]LogModuleManager: Shutting down and abandoning module HotReload (93)
[2015.11.23-15.22.56:410][518]LogModuleManager: Shutting down and abandoning module MainFrame (92)
[2015.11.23-15.22.56:410][518]LogModuleManager: Shutting down and abandoning module LevelEditor (91)
[2015.11.23-15.22.56:412][518]LogModuleManager: Shutting down and abandoning module DirectoryWatcher (90)
[2015.11.23-15.22.56:413][518]LogModuleManager: Shutting down and abandoning module AssetRegistry (89)
[2015.11.23-15.22.56:491][518]LogModuleManager: Shutting down and abandoning module ContentBrowser (88)
[2015.11.23-15.22.56:492][518]LogModuleManager: Shutting down and abandoning module Paper2DEditor (87)
[2015.11.23-15.22.56:492][518]LogModuleManager: Shutting down and abandoning module SW_Project2 (86)
[2015.11.23-15.22.56:492][518]LogModuleManager: Shutting down and abandoning module UdpMessaging (85)
[2015.11.23-15.22.56:593][518]LogModuleManager: Shutting down and abandoning module LightPropagationVolumeRuntime (84)
[2015.11.23-15.22.56:593][518]LogModuleManager: Shutting down and abandoning module Paper2D (83)
[2015.11.23-15.22.56:593][518]LogModuleManager: Shutting down and abandoning module WindowsMoviePlayer (82)
[2015.11.23-15.22.56:595][518]LogModuleManager: Shutting down and abandoning module Media (81)
[2015.11.23-15.22.56:595][518]LogModuleManager: Shutting down and abandoning module WmfMedia (80)
[2015.11.23-15.22.56:595][518]LogModuleManager: Shutting down and abandoning module OnlineBlueprintSupport (79)
[2015.11.23-15.22.56:595][518]LogModuleManager: Shutting down and abandoning module GameplayTasksEditor (78)
[2015.11.23-15.22.56:595][518]LogModuleManager: Shutting down and abandoning module PropertyEditor (77)
[2015.11.23-15.22.56:595][518]LogModuleManager: Shutting down and abandoning module BehaviorTreeEditor (76)
[2015.11.23-15.22.56:595][518]LogModuleManager: Shutting down and abandoning module FunctionalTesting (75)
[2015.11.23-15.22.56:595][518]LogModuleManager: Shutting down and abandoning module CollisionAnalyzer (74)
[2015.11.23-15.22.56:595][518]LogModuleManager: Shutting down and abandoning module WorkspaceMenuStructure (73)
[2015.11.23-15.22.56:595][518]LogModuleManager: Shutting down and abandoning module MessageLog (72)
[2015.11.23-15.22.56:595][518]LogModuleManager: Shutting down and abandoning module Sequencer (71)
[2015.11.23-15.22.56:595][518]LogModuleManager: Shutting down and abandoning module AssetTools (70)
[2015.11.23-15.22.56:596][518]LogModuleManager: Shutting down and abandoning module UMGEditor (69)
[2015.11.23-15.22.56:596][518]LogModuleManager: Shutting down and abandoning module UMG (68)
[2015.11.23-15.22.56:596][518]LogModuleManager: Shutting down and abandoning module Slate (67)
[2015.11.23-15.22.56:596][518]LogModuleManager: Shutting down and abandoning module EditorStyle (66)
[2015.11.23-15.22.56:599][518]LogModuleManager: Shutting down and abandoning module SessionServices (65)
[2015.11.23-15.22.56:599][518]LogModuleManager: Shutting down and abandoning module SourceCodeAccess (64)
[2015.11.23-15.22.56:599][518]LogModuleManager: Shutting down and abandoning module HeadMountedDisplay (63)
[2015.11.23-15.22.56:599][518]LogModuleManager: Shutting down and abandoning module XAudio2 (62)
[2015.11.23-15.22.56:599][518]LogModuleManager: Shutting down and abandoning module Networking (60)
[2015.11.23-15.22.56:599][518]LogModuleManager: Shutting down and abandoning module Core (59)
[2015.11.23-15.22.56:599][518]LogModuleManager: Shutting down and abandoning module KismetCompiler (58)
[2015.11.23-15.22.56:599][518]LogModuleManager: Shutting down and abandoning module PhysXFormats (57)
[2015.11.23-15.22.56:599][518]LogModuleManager: Shutting down and abandoning module MeshUtilities (56)
[2015.11.23-15.22.56:599][518]LogModuleManager: Shutting down and abandoning module CookingStats (55)
[2015.11.23-15.22.56:601][518]LogModuleManager: Shutting down and abandoning module DerivedDataCache (54)
[2015.11.23-15.22.56:627][518]LogDerivedDataCache: Shutdown
[2015.11.23-15.22.56:627][518]LogModuleManager: Shutting down and abandoning module ShaderFormatOpenGL (53)
[2015.11.23-15.22.56:627][518]LogModuleManager: Shutting down and abandoning module ShaderFormatD3D (52)
[2015.11.23-15.22.56:627][518]LogModuleManager: Shutting down and abandoning module MetalShaderFormat (51)
[2015.11.23-15.22.56:627][518]LogModuleManager: Shutting down and abandoning module TextureFormatUncompressed (50)
[2015.11.23-15.22.56:627][518]LogModuleManager: Shutting down and abandoning module TextureFormatPVR (49)
[2015.11.23-15.22.56:627][518]LogModuleManager: Shutting down and abandoning module TextureFormatIntelISPCTexComp (48)
[2015.11.23-15.22.56:627][518]LogModuleManager: Shutting down and abandoning module TextureFormatDXT (47)
[2015.11.23-15.22.56:627][518]LogModuleManager: Shutting down and abandoning module ImageWrapper (46)
[2015.11.23-15.22.56:627][518]LogModuleManager: Shutting down and abandoning module TextureFormatASTC (45)
[2015.11.23-15.22.56:627][518]LogModuleManager: Shutting down and abandoning module TextureFormatAndroid (44)
[2015.11.23-15.22.56:627][518]LogModuleManager: Shutting down and abandoning module AudioFormatOpus (43)
[2015.11.23-15.22.56:627][518]LogModuleManager: Shutting down and abandoning module AudioFormatOgg (42)
[2015.11.23-15.22.56:627][518]LogModuleManager: Shutting down and abandoning module AudioFormatADPCM (41)
[2015.11.23-15.22.56:627][518]LogModuleManager: Shutting down and abandoning module LinuxTargetPlatform (40)
[2015.11.23-15.22.56:627][518]LogModuleManager: Shutting down and abandoning module LinuxServerTargetPlatform (39)
[2015.11.23-15.22.56:627][518]LogModuleManager: Shutting down and abandoning module LinuxNoEditorTargetPlatform (38)
[2015.11.23-15.22.56:627][518]LogModuleManager: Shutting down and abandoning module Messaging (37)
[2015.11.23-15.22.56:627][518]LogModuleManager: Shutting down and abandoning module IOSTargetPlatform (36)
[2015.11.23-15.22.56:627][518]LogModuleManager: Shutting down and abandoning module HTML5TargetPlatform (35)
[2015.11.23-15.22.56:627][518]LogModuleManager: Shutting down and abandoning module Android_PVRTCTargetPlatform (34)
[2015.11.23-15.22.56:627][518]LogModuleManager: Shutting down and abandoning module Android_ETC2TargetPlatform (33)
[2015.11.23-15.22.56:627][518]LogModuleManager: Shutting down and abandoning module Android_ETC1TargetPlatform (32)
[2015.11.23-15.22.56:627][518]LogModuleManager: Shutting down and abandoning module Android_DXTTargetPlatform (31)
[2015.11.23-15.22.56:627][518]LogModuleManager: Shutting down and abandoning module Android_ATCTargetPlatform (30)
[2015.11.23-15.22.56:627][518]LogModuleManager: Shutting down and abandoning module Android_ASTCTargetPlatform (29)
[2015.11.23-15.22.56:627][518]LogModuleManager: Shutting down and abandoning module AndroidTargetPlatform (28)
[2015.11.23-15.22.56:627][518]LogModuleManager: Shutting down and abandoning module WindowsTargetPlatform (27)
[2015.11.23-15.22.56:627][518]LogModuleManager: Shutting down and abandoning module WindowsServerTargetPlatform (26)
[2015.11.23-15.22.56:627][518]LogModuleManager: Shutting down and abandoning module WindowsNoEditorTargetPlatform (25)
[2015.11.23-15.22.56:627][518]LogModuleManager: Shutting down and abandoning module WindowsClientTargetPlatform (24)
[2015.11.23-15.22.56:627][518]LogModuleManager: Shutting down and abandoning module AllDesktopTargetPlatform (23)
[2015.11.23-15.22.56:627][518]LogModuleManager: Shutting down and abandoning module TargetPlatform (22)
[2015.11.23-15.22.56:627][518]LogModuleManager: Shutting down and abandoning module InputCore (21)
[2015.11.23-15.22.56:627][518]LogModuleManager: Shutting down and abandoning module Settings (20)
[2015.11.23-15.22.56:627][518]LogModuleManager: Shutting down and abandoning module OnlineSubsystem (18)
[2015.11.23-15.22.56:627][518]LogModuleManager: Shutting down and abandoning module HTTP (17)
[2015.11.23-15.22.58:630][518]LogModuleManager: Shutting down and abandoning module XMPP (16)
[2015.11.23-15.22.58:630][518]LogModuleManager: Shutting down and abandoning module ExampleDeviceProfileSelector (15)
[2015.11.23-15.22.58:630][518]LogModuleManager: Shutting down and abandoning module TextureCompressor (14)
[2015.11.23-15.22.58:630][518]LogModuleManager: Shutting down and abandoning module ShaderCore (13)
[2015.11.23-15.22.58:630][518]LogModuleManager: Shutting down and abandoning module Landscape (12)
[2015.11.23-15.22.58:630][518]LogModuleManager: Shutting down and abandoning module SlateRHIRenderer (11)
[2015.11.23-15.22.58:631][518]LogModuleManager: Shutting down and abandoning module OpenGLDrv (10)
[2015.11.23-15.22.58:631][518]LogModuleManager: Shutting down and abandoning module D3D11RHI (9)
[2015.11.23-15.22.58:631][518]LogModuleManager: Shutting down and abandoning module AnimGraphRuntime (8)
[2015.11.23-15.22.58:631][518]LogModuleManager: Shutting down and abandoning module Renderer (7)
[2015.11.23-15.22.58:631][518]LogModuleManager: Shutting down and abandoning module Engine (6)
[2015.11.23-15.22.58:631][518]LogModuleManager: Shutting down and abandoning module CoreUObject (5)
[2015.11.23-15.22.58:631][518]LogModuleManager: Shutting down and abandoning module NetworkFile (4)
[2015.11.23-15.22.58:631][518]LogModuleManager: Shutting down and abandoning module StreamingFile (3)
[2015.11.23-15.22.58:631][518]LogModuleManager: Shutting down and abandoning module SandboxFile (2)
[2015.11.23-15.22.58:631][518]LogModuleManager: Shutting down and abandoning module PakFile (1)
[2015.11.23-15.22.58:632][518]LogExit: Exiting.
[2015.11.23-15.22.58:633][518]Log file closed, 11/23/15 16:22:58
