[2015.11.22-22.37.12:585][  0]Log file open, 11/22/15 23:37:12
[2015.11.22-22.37.12:585][  0]LogInit:Display: Running engine for game: SW_Project2
[2015.11.22-22.37.12:585][  0]LogInit:Display: RandInit(-491548527) SRandInit(-491548526).
[2015.11.22-22.37.12:585][  0]LogTaskGraph: Started task graph with 4 named threads and 5 total threads.
[2015.11.22-22.37.12:585][  0]LogStats: Stats thread started at 0.055390
[2015.11.22-22.37.12:585][  0]LogInit:Warning: Incompatible or missing module: UE4Editor-SW_Project2.dll
[2015.11.22-22.37.14:500][  0]Running C:/Program Files/Epic Games/4.9/Engine/Binaries/DotNET/UnrealBuildTool.exe SW_Project2 Development Win64 -project="C:/Users/Stoffe/Documents/GitHub/SW_Project2/SW_Project2/SW_Project2.uproject" -rocket -editorrecompile -progress -noubtmakefiles
[2015.11.22-22.37.19:211][  0]@progress push 5%
[2015.11.22-22.37.20:217][  0]Parsing headers for SW_Project2Editor
[2015.11.22-22.37.20:217][  0]  Running UnrealHeaderTool "C:/Users/Stoffe/Documents/GitHub/SW_Project2/SW_Project2/SW_Project2.uproject" "C:\Users\Stoffe\Documents\GitHub\SW_Project2\SW_Project2\Intermediate\Build\Win64\SW_Project2Editor\Development\UnrealHeaderTool.manifest" -LogCmds="loginit warning, logexit warning, logdatabase error" -rocket -installed
[2015.11.22-22.37.30:129][  0]Reflection code generated for SW_Project2Editor in 9,8824253 seconds
[2015.11.22-22.37.30:430][  0]@progress pop
[2015.11.22-22.37.32:940][  0]Performing 10 actions (2 in parallel)
[2015.11.22-22.37.32:940][  0][2/10] Resource PCLaunch.rc
[2015.11.22-22.37.33:140][  0]PCH.SW_Project2.h.cpp
[2015.11.22-22.37.33:442][  0][3/10] Resource ModuleVersionResource.rc.inl
[2015.11.22-22.37.47:975][  0]SW_Project2Pawn.cpp
[2015.11.22-22.37.47:975][  0]Projectile.cpp
[2015.11.22-22.38.11:899][  0]Block.cpp
[2015.11.22-22.38.11:899][  0]SW_Project2.generated.cpp
[2015.11.22-22.38.12:301][  0]SW_Project2GameMode.cpp
[2015.11.22-22.38.12:701][  0]SW_Project2.cpp
[2015.11.22-22.38.33:422][  0][10/10] Link UE4Editor-SW_Project2.dll
[2015.11.22-22.38.34:327][  0]   Creating library C:\Users\Stoffe\Documents\GitHub\SW_Project2\SW_Project2\Intermediate/Build/Win64\UE4Editor\Development\UE4Editor-SW_Project2.lib and object C:\Users\Stoffe\Documents\GitHub\SW_Project2\SW_Project2\Intermediate/Build/Win64\UE4Editor\Development\UE4Editor-SW_Project2.exp
[2015.11.22-22.38.35:128][  0]-------- End Detailed Actions Stats -----------------------------------------------------------
[2015.11.22-22.38.35:228][  0]Total build time: 80,38 seconds
[2015.11.22-22.38.35:773][  0]LogInit: Version: 4.9.2-2707645+++depot+UE4-Releases+4.9
[2015.11.22-22.38.35:773][  0]LogInit: API Version: 2672455
[2015.11.22-22.38.35:773][  0]LogInit: Compiled (64-bit): Sep 28 2015 10:25:44
[2015.11.22-22.38.35:773][  0]LogInit: Compiled with Visual C++: 18.00.21005.01
[2015.11.22-22.38.35:773][  0]LogInit: Build Configuration: Development
[2015.11.22-22.38.35:773][  0]LogInit: Branch Name: ++depot+UE4-Releases+4.9
[2015.11.22-22.38.35:773][  0]LogInit: Command line:  
[2015.11.22-22.38.35:773][  0]LogInit: Base directory: C:/Program Files/Epic Games/4.9/Engine/Binaries/Win64/
[2015.11.22-22.38.35:773][  0]LogInit: Rocket: 1
[2015.11.22-22.38.35:840][  0]LogInit: Using libcurl 7.41.0
[2015.11.22-22.38.35:840][  0]LogInit:  - built for x86_64-pc-win32
[2015.11.22-22.38.35:840][  0]LogInit:  - supports SSL with WinSSL
[2015.11.22-22.38.35:840][  0]LogInit:  - other features:
[2015.11.22-22.38.35:845][  0]LogInit:      CURL_VERSION_SSL
[2015.11.22-22.38.35:845][  0]LogInit:      CURL_VERSION_IPV6
[2015.11.22-22.38.35:845][  0]LogInit:      CURL_VERSION_ASYNCHDNS
[2015.11.22-22.38.35:845][  0]LogInit:      CURL_VERSION_LARGEFILE
[2015.11.22-22.38.35:845][  0]LogInit:      CURL_VERSION_IDN
[2015.11.22-22.38.35:845][  0]LogInit:  CurlRequestOptions (configurable via config and command line):
[2015.11.22-22.38.35:845][  0]LogInit:  - bVerifyPeer = true  - Libcurl will verify peer certificate
[2015.11.22-22.38.35:845][  0]LogInit:  - bUseHttpProxy = false  - Libcurl will NOT use HTTP proxy
[2015.11.22-22.38.35:845][  0]LogInit:  - bDontReuseConnections = false  - Libcurl will reuse connections
[2015.11.22-22.38.35:845][  0]LogInit:  - CertBundlePath = nullptr  - Libcurl will use whatever was configured at build time.
[2015.11.22-22.38.35:984][  0]LogInit: Presizing for 0 objects not considered by GC, pre-allocating 0 bytes.
[2015.11.22-22.38.36:058][  0]LogInit: Object subsystem initialized
[2015.11.22-22.38.36:130][  0]LogInit: Selected Device Profile: [Windows]
[2015.11.22-22.38.36:130][  0]LogInit: Applying CVar settings loaded from the selected device profile: [Windows]
[2015.11.22-22.38.36:194][  0]LogInit: Computer: STOFFEPC
[2015.11.22-22.38.36:194][  0]LogInit: User: Stoffe
[2015.11.22-22.38.36:194][  0]LogInit: CPU Page size=4096, Cores=2
[2015.11.22-22.38.36:194][  0]LogInit: High frequency timer resolution =3.222677 MHz
[2015.11.22-22.38.36:194][  0]LogMemory: Memory total: Physical=7.9GB (8GB approx)
[2015.11.22-22.38.36:203][  0]LogMemory: Platform Memory Stats for Windows
[2015.11.22-22.38.36:203][  0]LogMemory: Process Physical Memory: 54.07 MB used, 54.07 MB peak
[2015.11.22-22.38.36:203][  0]LogMemory: Process Virtual Memory: 57.05 MB used, 57.05 MB peak
[2015.11.22-22.38.36:203][  0]LogMemory: Physical Memory: 2719.17 MB used, 8126.94 MB total
[2015.11.22-22.38.36:203][  0]LogMemory: Virtual Memory: 379.77 MB used, 134217728.00 MB total
[2015.11.22-22.38.37:548][  0]LogTextLocalizationManager: No translations for ('sv-SE') exist, falling back to 'en' for localization and internationalization data.
[2015.11.22-22.38.38:909][  0]LogD3D11RHI: Found D3D11 adapter 0: AMD Radeon HD 7800 Series (Feature Level 11_0)
[2015.11.22-22.38.38:909][  0]LogD3D11RHI: Adapter has 2030MB of dedicated video memory, 0MB of dedicated system memory, and 3840MB of shared system memory, 2 output[s]
[2015.11.22-22.38.38:920][  0]LogD3D11RHI: Found D3D11 adapter 1: Microsoft Basic Render Driver (Feature Level 11_0)
[2015.11.22-22.38.38:920][  0]LogD3D11RHI: Adapter has 0MB of dedicated video memory, 0MB of dedicated system memory, and 256MB of shared system memory, 0 output[s]
[2015.11.22-22.38.38:920][  0]LogD3D11RHI: Chosen D3D11 Adapter Id = 0
[2015.11.22-22.38.38:940][  0]LogD3D11RHI: !Direct3DDevice
[2015.11.22-22.38.38:940][  0]LogRHI: Texture pool is 1361 MB (70% of 1945 MB)
[2015.11.22-22.38.38:945][  0]LogD3D11RHI: Async texture creation disabled: no driver support
[2015.11.22-22.38.39:114][  0]LogShaderCompilers: Guid format shader working directory is 15 characters bigger than the processId version (../../../../../../Users/Stoffe/Documents/GitHub/SW_Project2/SW_Project2/Intermediate/Shaders/WorkingDirectory/5048/).
[2015.11.22-22.38.39:114][  0]LogShaderCompilers: Cleaned the shader compiler working directory '../../../../../../Users/Stoffe/Documents/GitHub/SW_Project2/SW_Project2/Intermediate/Shaders/tmp/C57C73EE4B2778BFAAC7F9AB2CA5C4EB/'.
[2015.11.22-22.38.39:114][  0]LogShaderCompilers:Display: Using Local Shader Compiler.
[2015.11.22-22.38.43:192][  0]LogTemp:Display: Loaded TP AllDesktopTargetPlatform
[2015.11.22-22.38.43:199][  0]LogTemp:Display: Loaded TP WindowsClientTargetPlatform
[2015.11.22-22.38.43:206][  0]LogTemp:Display: Loaded TP WindowsNoEditorTargetPlatform
[2015.11.22-22.38.43:213][  0]LogTemp:Display: Loaded TP WindowsServerTargetPlatform
[2015.11.22-22.38.43:233][  0]LogTemp:Display: Loaded TP WindowsTargetPlatform
[2015.11.22-22.38.43:238][  0]LogTemp:Display: Loaded TP AndroidTargetPlatform
[2015.11.22-22.38.43:242][  0]LogTemp:Display: Loaded TP Android_ASTCTargetPlatform
[2015.11.22-22.38.43:247][  0]LogTemp:Display: Loaded TP Android_ATCTargetPlatform
[2015.11.22-22.38.43:252][  0]LogTemp:Display: Loaded TP Android_DXTTargetPlatform
[2015.11.22-22.38.43:257][  0]LogTemp:Display: Loaded TP Android_ETC1TargetPlatform
[2015.11.22-22.38.43:261][  0]LogTemp:Display: Loaded TP Android_ETC2TargetPlatform
[2015.11.22-22.38.43:265][  0]LogTemp:Display: Loaded TP Android_PVRTCTargetPlatform
[2015.11.22-22.38.43:267][  0]LogTemp:Display: Loaded TP HTML5TargetPlatform
[2015.11.22-22.38.43:341][  0]LogTemp:Display: Loaded TP IOSTargetPlatform
[2015.11.22-22.38.43:345][  0]LogTemp:Display: Loaded TP LinuxNoEditorTargetPlatform
[2015.11.22-22.38.43:349][  0]LogTemp:Display: Loaded TP LinuxServerTargetPlatform
[2015.11.22-22.38.43:356][  0]LogTemp:Display: Loaded TP LinuxTargetPlatform
[2015.11.22-22.38.43:356][  0]LogTargetPlatformManager:Display: Building Assets For Windows
[2015.11.22-22.38.44:089][  0]LogDerivedDataCache:Display: Max Cache Size: 512 MB
[2015.11.22-22.38.44:760][  0]LogDerivedDataCache: Loaded boot cache 0.65s 42MB C:/Users/Stoffe/AppData/Local/UnrealEngine/4.9/DerivedDataCache/Boot.ddc.
[2015.11.22-22.38.44:760][  0]LogDerivedDataCache:Display: Loaded Boot cache: C:/Users/Stoffe/AppData/Local/UnrealEngine/4.9/DerivedDataCache/Boot.ddc
[2015.11.22-22.38.44:760][  0]LogDerivedDataCache: FDerivedDataBackendGraph:  Pak pak cache file ../../../../../../Users/Stoffe/Documents/GitHub/SW_Project2/SW_Project2/DerivedDataCache/DDC.ddp not found, will not use a pak cache.
[2015.11.22-22.38.44:760][  0]LogDerivedDataCache: Unable to find inner node Pak for hierarchical cache Hierarchy.
[2015.11.22-22.38.44:760][  0]LogDerivedDataCache: FDerivedDataBackendGraph:  CompressedPak pak cache file ../../../../../../Users/Stoffe/Documents/GitHub/SW_Project2/SW_Project2/DerivedDataCache/Compressed.ddp not found, will not use a pak cache.
[2015.11.22-22.38.44:760][  0]LogDerivedDataCache: Unable to find inner node CompressedPak for hierarchical cache Hierarchy.
[2015.11.22-22.38.44:976][  0]LogDerivedDataCache:Display: Pak cache opened for reading ../../../Engine/DerivedDataCache/Compressed.ddp.
[2015.11.22-22.38.44:988][  0]LogDerivedDataCache: Using Local data cache path C:/Users/Stoffe/AppData/Local/UnrealEngine/Common/DerivedDataCache: Writable
[2015.11.22-22.38.52:435][  0]LogInit: Selected Device Profile: [Windows]
[2015.11.22-22.38.52:461][  0]LogContentStreaming: Texture pool size is 0.000000MB
[2015.11.22-22.38.53:492][  0]LogMeshUtilities: No automatic mesh reduction module available
[2015.11.22-22.38.53:492][  0]LogMeshUtilities: No automatic mesh merging module available
[2015.11.22-22.38.56:804][  0]LogInit: WinSock: version 1.1 (2.2), MaxSocks=32767, MaxUdp=65467
[2015.11.22-22.39.19:344][  0]UdpMessaging: Initializing bridge on interface 0.0.0.0:0 to multicast group 230.0.0.1:6666.
[2015.11.22-22.39.20:160][  0]LogAssetRegistry: FAssetRegistry took 0.0105 seconds to start up
[2015.11.22-22.39.24:085][  0]SourceControl: Info Source control is disabled
[2015.11.22-22.39.24:122][  0]SourceControl: Info Source control is disabled
[2015.11.22-22.39.24:173][  0]SourceControl: Info Source control is disabled
[2015.11.22-22.39.24:275][  0]SourceControl: Info Source control is disabled
[2015.11.22-22.39.25:251][  0]LogLinker:Warning: Asset '../../../Engine/Plugins/Runtime/LeapMotionController/Content/LM_PassthroughMaterial.uasset' has been saved with empty engine version. The asset will be loaded but may be incompatible.
[2015.11.22-22.39.25:685][  0]LogObj: 28504 objects as part of root set at end of initial load.
[2015.11.22-22.39.25:686][  0]LogUObjectAllocator: 6104808 out of 0 bytes used by permanent object pool.
[2015.11.22-22.39.26:376][  0]LogEngine: Initializing Engine...
[2015.11.22-22.39.26:413][  0]LogHMD: Can't find Oculus library dev build: is proper Runtime installed? Version: 0.7.0.0
[2015.11.22-22.39.26:485][  0]LogHMD: SteamVR failed to initialize.  Err: 110
[2015.11.22-22.39.27:272][  0]LogAIModule: Creating AISystem for world NewWorld
[2015.11.22-22.39.27:337][  0]LogInit: XAudio2 using 'Högtalare (Realtek High Definition Audio)' : 2 channels at 48 kHz using 32 bits per sample (channel mask 0x3)
[2015.11.22-22.39.27:348][  0]LogInit: FAudioDevice initialized.
[2015.11.22-22.39.27:420][  0]LogDerivedDataCache: Saved boot cache 0.07s 42MB C:/Users/Stoffe/AppData/Local/UnrealEngine/4.9/DerivedDataCache/Boot.ddc.
[2015.11.22-22.39.27:423][  0]LogInit: Texture streaming: Enabled
[2015.11.22-22.39.27:661][  0]LogAnalytics: Creating configured Analytics provider AnalyticsET
[2015.11.22-22.39.27:661][  0]LogAnalytics: [UEEditor.Rocket.Release] APIServer = http://et2.epicgames.com/ET2/. AppVersion = 4.9.2-2707645+++depot+UE4-Releases+4.9
[2015.11.22-22.39.27:661][  0]LogAnalytics: [UEEditor.Rocket.Release] SetUserId c2f82278409fbc7e17ba4c8b187827c0|8471e16762be488588a110ad13c08bd6|a2f24018-7849-4a41-8ec9-fa4680d0f5a7
[2015.11.22-22.39.27:672][  0]LogAnalytics: [UEEditor.Rocket.Release] AnalyticsET::StartSession
[2015.11.22-22.39.28:220][  0]LogInit: Transaction tracking system initialized
[2015.11.22-22.39.29:479][  0]BlueprintLog: New page: Editor Load
[2015.11.22-22.39.30:959][  0]LocalizationService: Info Localization service is disabled
[2015.11.22-22.39.31:956][  0]LogConsoleResponse:Display: 
[2015.11.22-22.39.34:372][  0]LogFileCache: Scanning file cache for directory 'C:/Users/Stoffe/Documents/GitHub/SW_Project2/SW_Project2/Content/' took 0.01s
[2015.11.22-22.39.34:372][  0]LogCook:Display: Done creating registry. It took  0.00s.
[2015.11.22-22.39.35:091][  0]SourceControl: Info Source control is disabled
[2015.11.22-22.39.39:118][  0]LogWindowsTextInputMethodSystem:Display: IME system now deactivated.
[2015.11.22-22.39.39:120][  0]LogWindowsTextInputMethodSystem:Display: IME system now deactivated.
[2015.11.22-22.39.39:297][  0]Cmd: MAP LOAD FILE="../../../../../../Users/Stoffe/Documents/GitHub/SW_Project2/SW_Project2/Content/FlyingCPP/Maps/FlyingExampleMap.umap" TEMPLATE=0 SHOWPROGRESS=1 FEATURELEVEL=3
[2015.11.22-22.39.39:450][  0]LightingResults: New page: Lighting Build
[2015.11.22-22.39.39:968][  0]MapCheck: New page: Map Check
[2015.11.22-22.39.39:968][  0]LightingResults: New page: Lighting Build
[2015.11.22-22.39.40:108][  0]LogParticles: Destroying 0 GPU particle simulations for FXSystem 0x00000053C94B2160
[2015.11.22-22.39.48:143][  0]LogAIModule: Creating AISystem for world FlyingExampleMap
[2015.11.22-22.39.48:371][  0]LogEditorServer: Finished looking for orphan Actors (0.012 secs)
[2015.11.22-22.39.48:397][  0]Cmd: MAP CHECKDEP NOCLEARLOG
[2015.11.22-22.39.48:469][  0]MapCheck: Info Map check complete: 0 Error(s), 0 Warning(s), took 70.558ms to complete.
[2015.11.22-22.39.48:469][  0]LogFileHelpers: Loading map 'FlyingExampleMap' took 9.240
[2015.11.22-22.39.48:957][  0]LogCollectionManager: Loaded 0 collections in 0.003806 seconds
[2015.11.22-22.39.49:042][  0]LogFileCache: Scanning file cache for directory 'C:/Users/Stoffe/Documents/GitHub/SW_Project2/SW_Project2/Saved/Collections/' took 0.01s
[2015.11.22-22.39.49:042][  0]LogFileCache: Scanning file cache for directory 'C:/Users/Stoffe/Documents/GitHub/SW_Project2/SW_Project2/Content/Developers/Stoffe/Collections/' took 0.01s
[2015.11.22-22.39.49:042][  0]LogFileCache: Scanning file cache for directory 'C:/Users/Stoffe/Documents/GitHub/SW_Project2/SW_Project2/Content/Collections/' took 0.01s
[2015.11.22-22.39.49:042][  0]LogContentBrowser: Native class hierarchy populated in 0.0090 seconds. Added 1871 classes and 335 folders.
[2015.11.22-22.39.49:087][  0]LogCollectionManager: Rebuilt the GUID cache for 0 collections in 0.000177 seconds
[2015.11.22-22.39.49:136][  0]LogContentBrowser: Native class hierarchy updated for 'WidgetCarousel' in 0.0017 seconds. Added 0 classes and 0 folders.
[2015.11.22-22.39.50:957][  0]LogContentBrowser: Native class hierarchy updated for 'AddContentDialog' in 0.0013 seconds. Added 0 classes and 0 folders.
[2015.11.22-22.39.51:013][  0]LogContentBrowser: Native class hierarchy updated for 'SceneOutliner' in 0.0012 seconds. Added 1 classes and 2 folders.
[2015.11.22-22.39.51:716][  0]LogCrashTracker: Crashtracker disabled due to settings.
[2015.11.22-22.39.51:779][  0]LogUObjectGlobals:Warning: Failed to find object 'Class None.'
[2015.11.22-22.39.51:859][  0]LogStats:Warning: MetaData mismatch. Did you assign a stat to two groups? New //STATGROUP_Threads//SplashScreenThread///Thread_1434_0///####STATCAT_Advanced#### old //STATGROUP_Threads//SplashScreenThread///Thread_7a0_0///####STATCAT_Advanced####
[2015.11.22-22.39.51:859][  0]LogLoad: Full Startup: 160.22 seconds (BP compile: 0.42 seconds)
[2015.11.22-22.39.52:186][  0]LogContentStreaming: Texture pool size now 1000 MB
[2015.11.22-22.39.52:467][  0]LogRenderer: Reallocating scene render targets to support 896x616 (Frame:2).
[2015.11.22-22.39.53:366][  5]LogAssetRegistry: Asset discovery search completed in 33.2165 seconds
[2015.11.22-22.39.53:366][  5]LogCollectionManager: Rebuilt the object cache for 0 collections in 0.000001 seconds (found 0 objects)
[2015.11.22-22.39.53:366][  5]LogCollectionManager: Fixed up redirectors for 0 collections in 0.000051 seconds (updated 0 objects)
[2015.11.22-22.39.56:903][311]LogBlueprintUserMessages: Early PlayInEditor Detection: Level '/Game/FlyingCPP/Maps/FlyingExampleMap.FlyingExampleMap:PersistentLevel' has LevelScriptBlueprint '/Game/FlyingCPP/Maps/FlyingExampleMap.FlyingExampleMap:PersistentLevel.FlyingExampleMap' with GeneratedClass '/Game/FlyingCPP/Maps/FlyingExampleMap.FlyingExampleMap_C' with ClassGeneratedBy '/Game/FlyingCPP/Maps/FlyingExampleMap.FlyingExampleMap:PersistentLevel.FlyingExampleMap'
[2015.11.22-22.39.56:903][311]LogPlayLevel: PlayLevel: No blueprints needed recompiling
[2015.11.22-22.39.56:940][311]PIE: New page: PIE session: FlyingExampleMap (Nov 23, 2015, 12:39:56 AM)
[2015.11.22-22.39.56:940][311]LogPlayLevel: Creating play world package: /Game/FlyingCPP/Maps/UEDPIE_0_FlyingExampleMap
[2015.11.22-22.39.57:012][311]LogPlayLevel: PIE: StaticDuplicateObject took: (0.071163s)
[2015.11.22-22.39.57:012][311]LogAIModule: Creating AISystem for world FlyingExampleMap
[2015.11.22-22.39.57:013][311]LogPlayLevel: PIE: World Init took: (0.001058s)
[2015.11.22-22.39.57:013][311]LogPlayLevel: PIE: Created PIE world by copying editor world from /Game/FlyingCPP/Maps/FlyingExampleMap.FlyingExampleMap to /Game/FlyingCPP/Maps/UEDPIE_0_FlyingExampleMap.FlyingExampleMap (0.072700s)
[2015.11.22-22.39.57:013][311]LogActorComponent: UnregisterComponent: (/Engine/Transient.ProjectileComp) Not registered. Aborting.
[2015.11.22-22.39.57:055][311]LogInit: XAudio2 using 'Högtalare (Realtek High Definition Audio)' : 2 channels at 48 kHz using 32 bits per sample (channel mask 0x3)
[2015.11.22-22.39.57:064][311]LogInit: FAudioDevice initialized.
[2015.11.22-22.39.57:280][311]LogWorld: Game class is 'SW_Project2GameMode'
[2015.11.22-22.39.57:307][311]LogWorld: Bringing World /Game/FlyingCPP/Maps/UEDPIE_0_FlyingExampleMap.FlyingExampleMap up for play (max tick rate 0) at 2015.11.22-23.39.57
[2015.11.22-22.39.57:307][311]LogActor:Warning: GameSession /Game/FlyingCPP/Maps/UEDPIE_0_FlyingExampleMap.FlyingExampleMap:PersistentLevel.GameSession_0 has natively added scene component(s), but none of them were set as the actor's RootComponent - picking one arbitrarily
[2015.11.22-22.39.57:308][311]LogActor:Warning: GameNetworkManager /Game/FlyingCPP/Maps/UEDPIE_0_FlyingExampleMap.FlyingExampleMap:PersistentLevel.GameNetworkManager_0 has natively added scene component(s), but none of them were set as the actor's RootComponent - picking one arbitrarily
[2015.11.22-22.39.57:308][311]LogWorld: Bringing up level for play took: 0.027581
[2015.11.22-22.39.57:329][311]PIE: Info Play in editor start time for /Game/FlyingCPP/Maps/UEDPIE_0_FlyingExampleMap 1.187
[2015.11.22-22.39.57:329][311]LogBlueprintUserMessages: Late PlayInEditor Detection: Level '/Game/FlyingCPP/Maps/FlyingExampleMap.FlyingExampleMap:PersistentLevel' has LevelScriptBlueprint '/Game/FlyingCPP/Maps/FlyingExampleMap.FlyingExampleMap:PersistentLevel.FlyingExampleMap' with GeneratedClass '/Game/FlyingCPP/Maps/FlyingExampleMap.FlyingExampleMap_C' with ClassGeneratedBy '/Game/FlyingCPP/Maps/FlyingExampleMap.FlyingExampleMap:PersistentLevel.FlyingExampleMap'
[2015.11.22-22.40.00:487][650]LogBlueprintUserMessages: Early EndPlayMap Detection: Level '/Game/FlyingCPP/Maps/FlyingExampleMap.FlyingExampleMap:PersistentLevel' has LevelScriptBlueprint '/Game/FlyingCPP/Maps/FlyingExampleMap.FlyingExampleMap:PersistentLevel.FlyingExampleMap' with GeneratedClass '/Game/FlyingCPP/Maps/FlyingExampleMap.FlyingExampleMap_C' with ClassGeneratedBy '/Game/FlyingCPP/Maps/FlyingExampleMap.FlyingExampleMap:PersistentLevel.FlyingExampleMap'
[2015.11.22-22.40.00:594][650]LogBlueprintUserMessages: Late EndPlayMap Detection: Level '/Game/FlyingCPP/Maps/FlyingExampleMap.FlyingExampleMap:PersistentLevel' has LevelScriptBlueprint '/Game/FlyingCPP/Maps/FlyingExampleMap.FlyingExampleMap:PersistentLevel.FlyingExampleMap' with GeneratedClass '/Game/FlyingCPP/Maps/FlyingExampleMap.FlyingExampleMap_C' with ClassGeneratedBy '/Game/FlyingCPP/Maps/FlyingExampleMap.FlyingExampleMap:PersistentLevel.FlyingExampleMap'
[2015.11.22-22.40.00:622][650]LogParticles: Destroying 0 GPU particle simulations for FXSystem 0x00000053CF019620
[2015.11.22-22.40.03:651][844]LogBlueprintUserMessages: Early PlayInEditor Detection: Level '/Game/FlyingCPP/Maps/FlyingExampleMap.FlyingExampleMap:PersistentLevel' has LevelScriptBlueprint '/Game/FlyingCPP/Maps/FlyingExampleMap.FlyingExampleMap:PersistentLevel.FlyingExampleMap' with GeneratedClass '/Game/FlyingCPP/Maps/FlyingExampleMap.FlyingExampleMap_C' with ClassGeneratedBy '/Game/FlyingCPP/Maps/FlyingExampleMap.FlyingExampleMap:PersistentLevel.FlyingExampleMap'
[2015.11.22-22.40.03:651][844]LogPlayLevel: PlayLevel: No blueprints needed recompiling
[2015.11.22-22.40.03:651][844]PIE: New page: PIE session: FlyingExampleMap (Nov 23, 2015, 12:40:03 AM)
[2015.11.22-22.40.03:652][844]LogPlayLevel: Creating play world package: /Game/FlyingCPP/Maps/UEDPIE_0_FlyingExampleMap
[2015.11.22-22.40.03:728][844]LogPlayLevel: PIE: StaticDuplicateObject took: (0.076355s)
[2015.11.22-22.40.03:729][844]LogAIModule: Creating AISystem for world FlyingExampleMap
[2015.11.22-22.40.03:729][844]LogPlayLevel: PIE: World Init took: (0.000998s)
[2015.11.22-22.40.03:729][844]LogPlayLevel: PIE: Created PIE world by copying editor world from /Game/FlyingCPP/Maps/FlyingExampleMap.FlyingExampleMap to /Game/FlyingCPP/Maps/UEDPIE_0_FlyingExampleMap.FlyingExampleMap (0.077773s)
[2015.11.22-22.40.03:729][844]LogActorComponent: UnregisterComponent: (/Engine/Transient.ProjectileComp) Not registered. Aborting.
[2015.11.22-22.40.03:764][844]LogInit: XAudio2 using 'Högtalare (Realtek High Definition Audio)' : 2 channels at 48 kHz using 32 bits per sample (channel mask 0x3)
[2015.11.22-22.40.03:771][844]LogInit: FAudioDevice initialized.
[2015.11.22-22.40.03:815][844]LogWorld: Game class is 'SW_Project2GameMode'
[2015.11.22-22.40.03:846][844]LogWorld: Bringing World /Game/FlyingCPP/Maps/UEDPIE_0_FlyingExampleMap.FlyingExampleMap up for play (max tick rate 0) at 2015.11.22-23.40.03
[2015.11.22-22.40.03:846][844]LogActor:Warning: GameSession /Game/FlyingCPP/Maps/UEDPIE_0_FlyingExampleMap.FlyingExampleMap:PersistentLevel.GameSession_1 has natively added scene component(s), but none of them were set as the actor's RootComponent - picking one arbitrarily
[2015.11.22-22.40.03:846][844]LogActor:Warning: GameNetworkManager /Game/FlyingCPP/Maps/UEDPIE_0_FlyingExampleMap.FlyingExampleMap:PersistentLevel.GameNetworkManager_1 has natively added scene component(s), but none of them were set as the actor's RootComponent - picking one arbitrarily
[2015.11.22-22.40.03:847][844]LogWorld: Bringing up level for play took: 0.031634
[2015.11.22-22.40.03:849][844]PIE: Info Play in editor start time for /Game/FlyingCPP/Maps/UEDPIE_0_FlyingExampleMap -0.293
[2015.11.22-22.40.03:849][844]LogBlueprintUserMessages: Late PlayInEditor Detection: Level '/Game/FlyingCPP/Maps/FlyingExampleMap.FlyingExampleMap:PersistentLevel' has LevelScriptBlueprint '/Game/FlyingCPP/Maps/FlyingExampleMap.FlyingExampleMap:PersistentLevel.FlyingExampleMap' with GeneratedClass '/Game/FlyingCPP/Maps/FlyingExampleMap.FlyingExampleMap_C' with ClassGeneratedBy '/Game/FlyingCPP/Maps/FlyingExampleMap.FlyingExampleMap:PersistentLevel.FlyingExampleMap'
[2015.11.22-22.40.06:400][116]LogBlueprintUserMessages: Early EndPlayMap Detection: Level '/Game/FlyingCPP/Maps/FlyingExampleMap.FlyingExampleMap:PersistentLevel' has LevelScriptBlueprint '/Game/FlyingCPP/Maps/FlyingExampleMap.FlyingExampleMap:PersistentLevel.FlyingExampleMap' with GeneratedClass '/Game/FlyingCPP/Maps/FlyingExampleMap.FlyingExampleMap_C' with ClassGeneratedBy '/Game/FlyingCPP/Maps/FlyingExampleMap.FlyingExampleMap:PersistentLevel.FlyingExampleMap'
[2015.11.22-22.40.06:456][116]LogBlueprintUserMessages: Late EndPlayMap Detection: Level '/Game/FlyingCPP/Maps/FlyingExampleMap.FlyingExampleMap:PersistentLevel' has LevelScriptBlueprint '/Game/FlyingCPP/Maps/FlyingExampleMap.FlyingExampleMap:PersistentLevel.FlyingExampleMap' with GeneratedClass '/Game/FlyingCPP/Maps/FlyingExampleMap.FlyingExampleMap_C' with ClassGeneratedBy '/Game/FlyingCPP/Maps/FlyingExampleMap.FlyingExampleMap:PersistentLevel.FlyingExampleMap'
[2015.11.22-22.40.06:481][116]LogParticles: Destroying 0 GPU particle simulations for FXSystem 0x00000053CEB18180
[2015.11.22-22.40.08:607][225]LogLinker:Warning: Asset '../../../Engine/Content/ArtTools/RenderToTexture/Macros/RenderToTextureMacros.uasset' has been saved with empty engine version. The asset will be loaded but may be incompatible.
[2015.11.22-22.40.09:665][225]LogContentBrowser: Native class hierarchy updated for 'BlueprintGraph' in 0.0022 seconds. Added 107 classes and 0 folders.
[2015.11.22-22.40.27:232][114]LogRenderer: Reallocating scene render targets to support 984x712 (Frame:2522).
[2015.11.22-22.40.33:300][469]LogActorComponent: UnregisterComponent: (/Engine/Transient.ProjectileComp) Not registered. Aborting.
[2015.11.22-22.40.36:990][686]BlueprintLog: New page: Compile Projectile_BP
[2015.11.22-22.40.37:095][686]LogActorComponent: UnregisterComponent: (/Engine/Transient.ProjectileMovementComponent_0) Not registered. Aborting.
[2015.11.22-22.40.37:138][686]LogParticles: Destroying 0 GPU particle simulations for FXSystem 0x00000053C238C360
[2015.11.22-22.40.37:149][686]BlueprintEditorCompileResults: Info [0205.51] Compile of Projectile_BP successful! [in 158 ms]
[2015.11.22-22.40.37:612][710]Cmd: OBJ SAVEPACKAGE PACKAGE="/Game/Projectile_BP" FILE="../../../../../../Users/Stoffe/Documents/GitHub/SW_Project2/SW_Project2/Content/Projectile_BP.uasset" SILENT=true
[2015.11.22-22.40.37:651][710]LogSavePackage: Save=35.105286ms
[2015.11.22-22.40.37:651][710]LogSavePackage: Moving '../../../../../../Users/Stoffe/Documents/GitHub/SW_Project2/SW_Project2/Saved/Projectile_BP076685D947FDBF44EF6047B3CAD51E85.tmp' to '../../../../../../Users/Stoffe/Documents/GitHub/SW_Project2/SW_Project2/Content/Projectile_BP.uasset'
[2015.11.22-22.40.37:654][710]LogSavePackage: Total save time: 39.937913ms
[2015.11.22-22.40.37:654][710]LogSavePackage:Warning: Finished SavePackage ../../../../../../Users/Stoffe/Documents/GitHub/SW_Project2/SW_Project2/Content/Projectile_BP.uasset
[2015.11.22-22.40.39:253][807]LogBlueprintUserMessages: Early PlayInEditor Detection: Level '/Game/FlyingCPP/Maps/FlyingExampleMap.FlyingExampleMap:PersistentLevel' has LevelScriptBlueprint '/Game/FlyingCPP/Maps/FlyingExampleMap.FlyingExampleMap:PersistentLevel.FlyingExampleMap' with GeneratedClass '/Game/FlyingCPP/Maps/FlyingExampleMap.FlyingExampleMap_C' with ClassGeneratedBy '/Game/FlyingCPP/Maps/FlyingExampleMap.FlyingExampleMap:PersistentLevel.FlyingExampleMap'
[2015.11.22-22.40.39:269][807]LogPlayLevel: PlayLevel: No blueprints needed recompiling
[2015.11.22-22.40.39:269][807]PIE: New page: PIE session: FlyingExampleMap (Nov 23, 2015, 12:40:39 AM)
[2015.11.22-22.40.39:269][807]LogPlayLevel: Creating play world package: /Game/FlyingCPP/Maps/UEDPIE_0_FlyingExampleMap
[2015.11.22-22.40.39:343][807]LogPlayLevel: PIE: StaticDuplicateObject took: (0.073763s)
[2015.11.22-22.40.39:344][807]LogAIModule: Creating AISystem for world FlyingExampleMap
[2015.11.22-22.40.39:344][807]LogPlayLevel: PIE: World Init took: (0.001153s)
[2015.11.22-22.40.39:344][807]LogPlayLevel: PIE: Created PIE world by copying editor world from /Game/FlyingCPP/Maps/FlyingExampleMap.FlyingExampleMap to /Game/FlyingCPP/Maps/UEDPIE_0_FlyingExampleMap.FlyingExampleMap (0.075360s)
[2015.11.22-22.40.39:344][807]LogActorComponent: UnregisterComponent: (/Engine/Transient.ProjectileComp) Not registered. Aborting.
[2015.11.22-22.40.39:404][807]LogInit: XAudio2 using 'Högtalare (Realtek High Definition Audio)' : 2 channels at 48 kHz using 32 bits per sample (channel mask 0x3)
[2015.11.22-22.40.39:412][807]LogInit: FAudioDevice initialized.
[2015.11.22-22.40.39:452][807]LogWorld: Game class is 'SW_Project2GameMode'
[2015.11.22-22.40.39:483][807]LogWorld: Bringing World /Game/FlyingCPP/Maps/UEDPIE_0_FlyingExampleMap.FlyingExampleMap up for play (max tick rate 0) at 2015.11.22-23.40.39
[2015.11.22-22.40.39:483][807]LogActor:Warning: GameSession /Game/FlyingCPP/Maps/UEDPIE_0_FlyingExampleMap.FlyingExampleMap:PersistentLevel.GameSession_2 has natively added scene component(s), but none of them were set as the actor's RootComponent - picking one arbitrarily
[2015.11.22-22.40.39:484][807]LogActor:Warning: GameNetworkManager /Game/FlyingCPP/Maps/UEDPIE_0_FlyingExampleMap.FlyingExampleMap:PersistentLevel.GameNetworkManager_2 has natively added scene component(s), but none of them were set as the actor's RootComponent - picking one arbitrarily
[2015.11.22-22.40.39:485][807]LogWorld: Bringing up level for play took: 0.031582
[2015.11.22-22.40.39:486][807]PIE: Info Play in editor start time for /Game/FlyingCPP/Maps/UEDPIE_0_FlyingExampleMap -0.656
[2015.11.22-22.40.39:486][807]LogBlueprintUserMessages: Late PlayInEditor Detection: Level '/Game/FlyingCPP/Maps/FlyingExampleMap.FlyingExampleMap:PersistentLevel' has LevelScriptBlueprint '/Game/FlyingCPP/Maps/FlyingExampleMap.FlyingExampleMap:PersistentLevel.FlyingExampleMap' with GeneratedClass '/Game/FlyingCPP/Maps/FlyingExampleMap.FlyingExampleMap_C' with ClassGeneratedBy '/Game/FlyingCPP/Maps/FlyingExampleMap.FlyingExampleMap:PersistentLevel.FlyingExampleMap'
[2015.11.22-22.40.40:630][897]LogBlueprintUserMessages: Early EndPlayMap Detection: Level '/Game/FlyingCPP/Maps/FlyingExampleMap.FlyingExampleMap:PersistentLevel' has LevelScriptBlueprint '/Game/FlyingCPP/Maps/FlyingExampleMap.FlyingExampleMap:PersistentLevel.FlyingExampleMap' with GeneratedClass '/Game/FlyingCPP/Maps/FlyingExampleMap.FlyingExampleMap_C' with ClassGeneratedBy '/Game/FlyingCPP/Maps/FlyingExampleMap.FlyingExampleMap:PersistentLevel.FlyingExampleMap'
[2015.11.22-22.40.40:688][897]LogBlueprintUserMessages: Late EndPlayMap Detection: Level '/Game/FlyingCPP/Maps/FlyingExampleMap.FlyingExampleMap:PersistentLevel' has LevelScriptBlueprint '/Game/FlyingCPP/Maps/FlyingExampleMap.FlyingExampleMap:PersistentLevel.FlyingExampleMap' with GeneratedClass '/Game/FlyingCPP/Maps/FlyingExampleMap.FlyingExampleMap_C' with ClassGeneratedBy '/Game/FlyingCPP/Maps/FlyingExampleMap.FlyingExampleMap:PersistentLevel.FlyingExampleMap'
[2015.11.22-22.40.40:780][898]LogParticles: Destroying 0 GPU particle simulations for FXSystem 0x00000053C234E200
[2015.11.22-22.40.53:535][257]LogVSAccessor:Warning: Couldn't goto line number '0' in 'C:/Users/Stoffe/Documents/GitHub/SW_Project2/SW_Project2/Source/SW_Project2/SW_Project2Pawn.h'
[2015.11.22-22.40.54:389][257]LogVSAccessor:Warning: Couldn't goto line number '0' in 'C:/Users/Stoffe/Documents/GitHub/SW_Project2/SW_Project2/Source/SW_Project2/SW_Project2Pawn.cpp'
[2015.11.22-22.41.22:454][529]Recompiling SW_Project2...
[2015.11.22-22.41.22:454][529]Launching UnrealBuildTool... [C:/Program Files/Epic Games/4.9/Engine/Binaries/DotNET/UnrealBuildTool.exe SW_Project2 -ModuleWithSuffix SW_Project2 3826 Win64 Development -editorrecompile -canskiplink "C:/Users/Stoffe/Documents/GitHub/SW_Project2/SW_Project2/SW_Project2.uproject" -rocket  -rocket]
[2015.11.22-22.41.22:455][529]Warning: Starting HotReload took  0.0s.
[2015.11.22-22.42.30:672][ 43]CompilerResultsLog: New page: Compilation - Nov 23, 2015, 12:42:30 AM
[2015.11.22-22.42.30:672][ 43]CompilerResultsLog: Info Creating makefile for hot reloading SW_Project2 (.uproject file is newer)
[2015.11.22-22.42.30:672][ 43]CompilerResultsLog: Info Compiling game modules for hot reload
[2015.11.22-22.42.30:672][ 43]CompilerResultsLog: Info Parsing headers for SW_Project2Editor
[2015.11.22-22.42.30:672][ 43]CompilerResultsLog: Info   Running UnrealHeaderTool "C:/Users/Stoffe/Documents/GitHub/SW_Project2/SW_Project2/SW_Project2.uproject" "C:\Users\Stoffe\Documents\GitHub\SW_Project2\SW_Project2\Intermediate\Build\Win64\SW_Project2Editor\Development\UnrealHeaderTool.manifest" -LogCmds="loginit warning, logexit warning, logdatabase error" -rocket -installed
[2015.11.22-22.42.30:672][ 43]CompilerResultsLog: Info Reflection code generated for SW_Project2Editor in 16,0227717 seconds
[2015.11.22-22.42.30:672][ 43]CompilerResultsLog: Info Performing 2 actions (2 in parallel)
[2015.11.22-22.42.30:672][ 43]CompilerResultsLog: Info SW_Project2Pawn.cpp
[2015.11.22-22.42.30:672][ 43]CompilerResultsLog: Info [2/2] Link UE4Editor-SW_Project2-3826.dll
[2015.11.22-22.42.30:672][ 43]CompilerResultsLog: Info    Creating library C:\Users\Stoffe\Documents\GitHub\SW_Project2\SW_Project2\Intermediate/Build/Win64\UE4Editor\Development\UE4Editor-SW_Project2-3826.lib and object C:\Users\Stoffe\Documents\GitHub\SW_Project2\SW_Project2\Intermediate/Build/Win64\UE4Editor\Development\UE4Editor-SW_Project2-3826.exp
[2015.11.22-22.42.30:672][ 43]CompilerResultsLog: Info -------- End Detailed Actions Stats -----------------------------------------------------------
[2015.11.22-22.42.30:673][ 43]CompilerResultsLog: Info Total build time: 67,88 seconds
[2015.11.22-22.42.30:673][ 43]LogMainFrame: MainFrame: Module compiling took 68.226 seconds
[2015.11.22-22.42.30:673][ 43]LogActorComponent: UnregisterComponent: (/Engine/Transient.ProjectileComp) Not registered. Aborting.
[2015.11.22-22.42.30:753][ 43]LogContentBrowser: Native class hierarchy updated for 'SW_Project2' in 0.0018 seconds. Added 4 classes and 2 folders.
[2015.11.22-22.42.30:758][ 43]Warning: HotReload successful (1 functions remapped  0 scriptstructs remapped)
[2015.11.22-22.42.31:429][ 43]LogContentBrowser: Native class hierarchy populated in 0.0111 seconds. Added 1872 classes and 337 folders.
[2015.11.22-22.42.42:600][  7]LogBlueprintUserMessages: Early PlayInEditor Detection: Level '/Game/FlyingCPP/Maps/FlyingExampleMap.FlyingExampleMap:PersistentLevel' has LevelScriptBlueprint '/Game/FlyingCPP/Maps/FlyingExampleMap.FlyingExampleMap:PersistentLevel.FlyingExampleMap' with GeneratedClass '/Game/FlyingCPP/Maps/FlyingExampleMap.FlyingExampleMap_C' with ClassGeneratedBy '/Game/FlyingCPP/Maps/FlyingExampleMap.FlyingExampleMap:PersistentLevel.FlyingExampleMap'
[2015.11.22-22.42.42:600][  7]LogPlayLevel: PlayLevel: No blueprints needed recompiling
[2015.11.22-22.42.42:600][  7]PIE: New page: PIE session: FlyingExampleMap (Nov 23, 2015, 12:42:42 AM)
[2015.11.22-22.42.42:600][  7]LogPlayLevel: Creating play world package: /Game/FlyingCPP/Maps/UEDPIE_0_FlyingExampleMap
[2015.11.22-22.42.42:661][  7]LogPlayLevel: PIE: StaticDuplicateObject took: (0.060593s)
[2015.11.22-22.42.42:662][  7]LogAIModule: Creating AISystem for world FlyingExampleMap
[2015.11.22-22.42.42:662][  7]LogPlayLevel: PIE: World Init took: (0.001245s)
[2015.11.22-22.42.42:663][  7]LogPlayLevel: PIE: Created PIE world by copying editor world from /Game/FlyingCPP/Maps/FlyingExampleMap.FlyingExampleMap to /Game/FlyingCPP/Maps/UEDPIE_0_FlyingExampleMap.FlyingExampleMap (0.062318s)
[2015.11.22-22.42.42:747][  7]LogInit: XAudio2 using 'Högtalare (Realtek High Definition Audio)' : 2 channels at 48 kHz using 32 bits per sample (channel mask 0x3)
[2015.11.22-22.42.42:754][  7]LogInit: FAudioDevice initialized.
[2015.11.22-22.42.42:798][  7]LogWorld: Game class is 'SW_Project2GameMode'
[2015.11.22-22.42.42:828][  7]LogWorld: Bringing World /Game/FlyingCPP/Maps/UEDPIE_0_FlyingExampleMap.FlyingExampleMap up for play (max tick rate 0) at 2015.11.22-23.42.42
[2015.11.22-22.42.42:828][  7]LogActor:Warning: GameSession /Game/FlyingCPP/Maps/UEDPIE_0_FlyingExampleMap.FlyingExampleMap:PersistentLevel.GameSession_3 has natively added scene component(s), but none of them were set as the actor's RootComponent - picking one arbitrarily
[2015.11.22-22.42.42:828][  7]LogActor:Warning: GameNetworkManager /Game/FlyingCPP/Maps/UEDPIE_0_FlyingExampleMap.FlyingExampleMap:PersistentLevel.GameNetworkManager_3 has natively added scene component(s), but none of them were set as the actor's RootComponent - picking one arbitrarily
[2015.11.22-22.42.42:829][  7]LogWorld: Bringing up level for play took: 0.030647
[2015.11.22-22.42.42:831][  7]PIE: Info Play in editor start time for /Game/FlyingCPP/Maps/UEDPIE_0_FlyingExampleMap 0.688
[2015.11.22-22.42.42:831][  7]LogBlueprintUserMessages: Late PlayInEditor Detection: Level '/Game/FlyingCPP/Maps/FlyingExampleMap.FlyingExampleMap:PersistentLevel' has LevelScriptBlueprint '/Game/FlyingCPP/Maps/FlyingExampleMap.FlyingExampleMap:PersistentLevel.FlyingExampleMap' with GeneratedClass '/Game/FlyingCPP/Maps/FlyingExampleMap.FlyingExampleMap_C' with ClassGeneratedBy '/Game/FlyingCPP/Maps/FlyingExampleMap.FlyingExampleMap:PersistentLevel.FlyingExampleMap'
[2015.11.22-22.42.47:301][483]LogBlueprintUserMessages: Early EndPlayMap Detection: Level '/Game/FlyingCPP/Maps/FlyingExampleMap.FlyingExampleMap:PersistentLevel' has LevelScriptBlueprint '/Game/FlyingCPP/Maps/FlyingExampleMap.FlyingExampleMap:PersistentLevel.FlyingExampleMap' with GeneratedClass '/Game/FlyingCPP/Maps/FlyingExampleMap.FlyingExampleMap_C' with ClassGeneratedBy '/Game/FlyingCPP/Maps/FlyingExampleMap.FlyingExampleMap:PersistentLevel.FlyingExampleMap'
[2015.11.22-22.42.47:359][483]LogBlueprintUserMessages: Late EndPlayMap Detection: Level '/Game/FlyingCPP/Maps/FlyingExampleMap.FlyingExampleMap:PersistentLevel' has LevelScriptBlueprint '/Game/FlyingCPP/Maps/FlyingExampleMap.FlyingExampleMap:PersistentLevel.FlyingExampleMap' with GeneratedClass '/Game/FlyingCPP/Maps/FlyingExampleMap.FlyingExampleMap_C' with ClassGeneratedBy '/Game/FlyingCPP/Maps/FlyingExampleMap.FlyingExampleMap:PersistentLevel.FlyingExampleMap'
[2015.11.22-22.42.47:408][483]LogParticles: Destroying 0 GPU particle simulations for FXSystem 0x00000053E908D800
[2015.11.22-22.43.08:567][988]LogSavePackage: Save=2689.721680ms
[2015.11.22-22.43.08:567][988]LogSavePackage: Moving '../../../../../../Users/Stoffe/Documents/GitHub/SW_Project2/SW_Project2/Saved/FlyingExampleMap45D1179244768F89DFB0DAB52F1714D8.tmp' to '../../../../../../Users/Stoffe/Documents/GitHub/SW_Project2/SW_Project2/Content/FlyingCPP/Maps/FlyingExampleMap.umap'
[2015.11.22-22.43.08:572][988]LogSavePackage: Total save time: 2760.755111ms
[2015.11.22-22.43.08:572][988]LogSavePackage:Warning: Finished SavePackage ../../../../../../Users/Stoffe/Documents/GitHub/SW_Project2/SW_Project2/Content/FlyingCPP/Maps/FlyingExampleMap.umap
[2015.11.22-22.43.08:607][988]LogFileHelpers: Saving map 'FlyingExampleMap' took 2.944
[2015.11.22-22.43.10:000][ 92]LogWindowsTextInputMethodSystem:Display: IME system now deactivated.
[2015.11.22-22.43.10:465][ 93]Cmd: QUIT_EDITOR
[2015.11.22-22.43.12:011][ 93]LogExit: Preparing to exit.
[2015.11.22-22.43.14:472][ 93]LogExit: Editor shut down
[2015.11.22-22.43.14:472][ 93]LogExit: Transaction tracking system shut down
[2015.11.22-22.43.14:500][ 93]LogParticles: Destroying 0 GPU particle simulations for FXSystem 0x00000053CCDF3C40
[2015.11.22-22.43.14:502][ 93]LogParticles: Destroying 0 GPU particle simulations for FXSystem 0x00000053BAAEB4C0
[2015.11.22-22.43.14:502][ 93]LogParticles: Destroying 0 GPU particle simulations for FXSystem 0x00000053BAEAC360
[2015.11.22-22.43.14:502][ 93]LogParticles: Destroying 0 GPU particle simulations for FXSystem 0x00000053BACC5DA0
[2015.11.22-22.43.14:504][ 93]LogParticles: Destroying 0 GPU particle simulations for FXSystem 0x00000053E736D440
[2015.11.22-22.43.16:792][ 93]LogExit: Object subsystem successfully closed.
[2015.11.22-22.43.17:087][ 93]LogD3D11RHI: Shutdown
[2015.11.22-22.43.17:095][ 93]LogD3D11RHI: CleanupD3DDevice
[2015.11.22-22.43.17:838][ 93]LogD3D11RHI: ~FD3D11DynamicRHI
[2015.11.22-22.43.18:500][ 93]LogModuleManager: Shutting down and abandoning module BlueprintGraph (199)
[2015.11.22-22.43.18:500][ 93]LogModuleManager: Shutting down and abandoning module CrashTracker (198)
[2015.11.22-22.43.18:500][ 93]LogModuleManager: Shutting down and abandoning module SceneOutliner (197)
[2015.11.22-22.43.18:500][ 93]LogModuleManager: Shutting down and abandoning module SuperSearch (196)
[2015.11.22-22.43.18:500][ 93]LogModuleManager: Shutting down and abandoning module WidgetCarousel (195)
[2015.11.22-22.43.18:500][ 93]LogModuleManager: Shutting down and abandoning module AddContentDialog (194)
[2015.11.22-22.43.18:517][ 93]LogModuleManager: Shutting down and abandoning module EditorWidgets (193)
[2015.11.22-22.43.18:517][ 93]LogModuleManager: Shutting down and abandoning module CollectionManager (192)
[2015.11.22-22.43.18:523][ 93]LogModuleManager: Shutting down and abandoning module StatsViewer (191)
[2015.11.22-22.43.18:534][ 93]LogModuleManager: Shutting down and abandoning module FoliageEdit (190)
[2015.11.22-22.43.18:534][ 93]LogModuleManager: Shutting down and abandoning module LandscapeEditor (189)
[2015.11.22-22.43.18:568][ 93]LogModuleManager: Shutting down and abandoning module ActorPickerMode (188)
[2015.11.22-22.43.18:568][ 93]LogModuleManager: Shutting down and abandoning module GeometryMode (187)
[2015.11.22-22.43.18:568][ 93]LogModuleManager: Shutting down and abandoning module TextureAlignMode (186)
[2015.11.22-22.43.18:568][ 93]LogModuleManager: Shutting down and abandoning module BspMode (185)
[2015.11.22-22.43.18:568][ 93]LogModuleManager: Shutting down and abandoning module PlacementMode (184)
[2015.11.22-22.43.18:568][ 93]LogModuleManager: Shutting down and abandoning module AutomationWorker (183)
[2015.11.22-22.43.18:576][ 93]LogModuleManager: Shutting down and abandoning module CharacterAI (182)
[2015.11.22-22.43.18:576][ 93]LogModuleManager: Shutting down and abandoning module SmartSnapping (181)
[2015.11.22-22.43.18:576][ 93]LogModuleManager: Shutting down and abandoning module ViewportSnapping (180)
[2015.11.22-22.43.18:576][ 93]LogModuleManager: Shutting down and abandoning module LogVisualizer (179)
[2015.11.22-22.43.18:608][ 93]LogModuleManager: Shutting down and abandoning module GameProjectGeneration (178)
[2015.11.22-22.43.18:617][ 93]LogModuleManager: Shutting down and abandoning module IntroTutorials (177)
[2015.11.22-22.43.18:652][ 93]LogModuleManager: Shutting down and abandoning module EditorLiveStreaming (176)
[2015.11.22-22.43.18:652][ 93]LogModuleManager: Shutting down and abandoning module IOSPlatformEditor (175)
[2015.11.22-22.43.18:660][ 93]LogModuleManager: Shutting down and abandoning module HTML5PlatformEditor (174)
[2015.11.22-22.43.18:660][ 93]LogModuleManager: Shutting down and abandoning module AndroidDeviceDetection (173)
[2015.11.22-22.43.19:581][ 93]LogModuleManager: Shutting down and abandoning module AndroidPlatformEditor (172)
[2015.11.22-22.43.19:581][ 93]LogModuleManager: Shutting down and abandoning module IOSRuntimeSettings (171)
[2015.11.22-22.43.19:581][ 93]LogModuleManager: Shutting down and abandoning module AndroidRuntimeSettings (170)
[2015.11.22-22.43.19:581][ 93]LogModuleManager: Shutting down and abandoning module MergeActors (169)
[2015.11.22-22.43.19:602][ 93]LogModuleManager: Shutting down and abandoning module SizeMap (168)
[2015.11.22-22.43.19:602][ 93]LogModuleManager: Shutting down and abandoning module TreeMap (167)
[2015.11.22-22.43.19:612][ 93]LogModuleManager: Shutting down and abandoning module ReferenceViewer (166)
[2015.11.22-22.43.19:612][ 93]LogModuleManager: Shutting down and abandoning module LocalizationService (165)
[2015.11.22-22.43.19:628][ 93]LogModuleManager: Shutting down and abandoning module LocalizationDashboard (164)
[2015.11.22-22.43.19:639][ 93]LogModuleManager: Shutting down and abandoning module HardwareTargeting (163)
[2015.11.22-22.43.19:639][ 93]LogModuleManager: Shutting down and abandoning module DeviceProfileEditor (162)
[2015.11.22-22.43.19:639][ 93]LogModuleManager: Shutting down and abandoning module UndoHistory (161)
[2015.11.22-22.43.19:646][ 93]LogModuleManager: Shutting down and abandoning module GameplayTagsEditor (160)
[2015.11.22-22.43.19:646][ 93]LogModuleManager: Shutting down and abandoning module UserFeedback (159)
[2015.11.22-22.43.19:646][ 93]LogModuleManager: Shutting down and abandoning module XmlParser (158)
[2015.11.22-22.43.19:657][ 93]LogModuleManager: Shutting down and abandoning module Blutility (157)
[2015.11.22-22.43.19:657][ 93]LogModuleManager: Shutting down and abandoning module ProjectTargetPlatformEditor (156)
[2015.11.22-22.43.19:667][ 93]LogModuleManager: Shutting down and abandoning module ProjectSettingsViewer (155)
[2015.11.22-22.43.19:667][ 93]LogModuleManager: Shutting down and abandoning module InputBindingEditor (154)
[2015.11.22-22.43.19:693][ 93]LogModuleManager: Shutting down and abandoning module EditorSettingsViewer (153)
[2015.11.22-22.43.19:693][ 93]LogModuleManager: Shutting down and abandoning module SettingsEditor (152)
[2015.11.22-22.43.19:714][ 93]LogModuleManager: Shutting down and abandoning module ProjectLauncher (151)
[2015.11.22-22.43.19:735][ 93]LogModuleManager: Shutting down and abandoning module SessionFrontend (150)
[2015.11.22-22.43.19:747][ 93]LogModuleManager: Shutting down and abandoning module ProfilerClient (149)
[2015.11.22-22.43.19:756][ 93]LogModuleManager: Shutting down and abandoning module TargetDeviceServices (148)
[2015.11.22-22.43.19:756][ 93]LogModuleManager: Shutting down and abandoning module DeviceManager (147)
[2015.11.22-22.43.19:763][ 93]LogModuleManager: Shutting down and abandoning module AutomationController (146)
[2015.11.22-22.43.19:779][ 93]LogModuleManager: Shutting down and abandoning module AutomationWindow (145)
[2015.11.22-22.43.19:793][ 93]LogModuleManager: Shutting down and abandoning module Layers (144)
[2015.11.22-22.43.19:809][ 93]LogModuleManager: Shutting down and abandoning module ComponentVisualizers (143)
[2015.11.22-22.43.19:809][ 93]LogModuleManager: Shutting down and abandoning module DetailCustomizations (142)
[2015.11.22-22.43.19:810][ 93]LogModuleManager: Shutting down and abandoning module PackagesDialog (141)
[2015.11.22-22.43.19:810][ 93]LogModuleManager: Shutting down and abandoning module Persona (140)
[2015.11.22-22.43.19:857][ 93]LogModuleManager: Shutting down and abandoning module Kismet (139)
[2015.11.22-22.43.19:865][ 93]LogModuleManager: Shutting down and abandoning module GraphEditor (138)
[2015.11.22-22.43.19:865][ 93]LogModuleManager: Shutting down and abandoning module ClassViewer (137)
[2015.11.22-22.43.19:865][ 93]LogModuleManager: Shutting down and abandoning module Toolbox (136)
[2015.11.22-22.43.19:865][ 93]LogModuleManager: Shutting down and abandoning module ModuleUI (135)
[2015.11.22-22.43.19:880][ 93]LogModuleManager: Shutting down and abandoning module MovieSceneTools (134)
[2015.11.22-22.43.19:880][ 93]LogModuleManager: Shutting down and abandoning module OutputLog (133)
[2015.11.22-22.43.19:880][ 93]LogModuleManager: Shutting down and abandoning module GammaUI (132)
[2015.11.22-22.43.19:893][ 93]LogModuleManager: Shutting down and abandoning module Documentation (131)
[2015.11.22-22.43.19:893][ 93]LogModuleManager: Shutting down and abandoning module GameLiveStreaming (130)
[2015.11.22-22.43.19:897][ 93]LogModuleManager: Shutting down and abandoning module StreamingPauseRendering (129)
[2015.11.22-22.43.19:897][ 93]LogModuleManager: Shutting down and abandoning module AnalyticsET (128)
[2015.11.22-22.43.19:897][ 93]LogModuleManager: Shutting down and abandoning module Analytics (127)
[2015.11.22-22.43.19:897][ 93]LogModuleManager: Shutting down and abandoning module AITestSuite (126)
[2015.11.22-22.43.19:908][ 93]LogModuleManager: Shutting down and abandoning module GameplayDebugger (125)
[2015.11.22-22.43.19:908][ 93]LogModuleManager: Shutting down and abandoning module AIModule (124)
[2015.11.22-22.43.19:908][ 93]LogModuleManager: Shutting down and abandoning module ProfilerService (123)
[2015.11.22-22.43.20:110][ 93]LogModuleManager: Shutting down and abandoning module TaskGraph (122)
[2015.11.22-22.43.20:125][ 93]LogModuleManager: Shutting down and abandoning module SlateRemote (121)
[2015.11.22-22.43.20:125][ 93]LogModuleManager: Shutting down and abandoning module SteamVRController (120)
[2015.11.22-22.43.20:125][ 93]LogModuleManager: Shutting down and abandoning module SteamVR (119)
[2015.11.22-22.43.20:125][ 93]LogModuleManager: Shutting down and abandoning module ProceduralMeshComponent (118)
[2015.11.22-22.43.20:125][ 93]LogModuleManager: Shutting down and abandoning module OculusRift (117)
[2015.11.22-22.43.20:125][ 93]LogModuleManager: Shutting down and abandoning module OculusLibrary (116)
[2015.11.22-22.43.20:125][ 93]LogModuleManager: Shutting down and abandoning module LeapMotionController (115)
[2015.11.22-22.43.20:147][ 93]LogModuleManager: Shutting down and abandoning module CustomMeshComponent (114)
[2015.11.22-22.43.20:163][ 93]LogModuleManager: Shutting down and abandoning module CableComponent (113)
[2015.11.22-22.43.20:163][ 93]LogModuleManager: Shutting down and abandoning module ArchVisCharacter (112)
[2015.11.22-22.43.20:163][ 93]LogModuleManager: Shutting down and abandoning module MessagingDebugger (111)
[2015.11.22-22.43.20:188][ 93]LogModuleManager: Shutting down and abandoning module MediaPlayerEditor (110)
[2015.11.22-22.43.20:206][ 93]LogModuleManager: Shutting down and abandoning module HTML5Networking (109)
[2015.11.22-22.43.20:206][ 93]LogModuleManager: Shutting down and abandoning module SpeedTreeImporter (108)
[2015.11.22-22.43.20:206][ 93]LogModuleManager: Shutting down and abandoning module PluginBrowser (107)
[2015.11.22-22.43.20:218][ 93]LogModuleManager: Shutting down and abandoning module EpicSurvey (106)
[2015.11.22-22.43.20:218][ 93]LogModuleManager: Shutting down and abandoning module VisualStudioSourceCodeAccess (105)
[2015.11.22-22.43.20:218][ 93]LogModuleManager: Shutting down and abandoning module UObjectPlugin (104)
[2015.11.22-22.43.20:218][ 93]LogModuleManager: Shutting down and abandoning module SubversionSourceControl (103)
[2015.11.22-22.43.20:226][ 93]LogModuleManager: Shutting down and abandoning module PerforceSourceControl (102)
[2015.11.22-22.43.20:247][ 93]LogModuleManager: Shutting down and abandoning module SourceControl (101)
[2015.11.22-22.43.20:266][ 93]LogModuleManager: Shutting down and abandoning module GitSourceControl (100)
[2015.11.22-22.43.20:276][ 93]LogModuleManager: Shutting down and abandoning module LightPropagationVolumeEditor (99)
[2015.11.22-22.43.20:276][ 93]LogModuleManager: Shutting down and abandoning module PaperTiledImporter (98)
[2015.11.22-22.43.20:289][ 93]LogModuleManager: Shutting down and abandoning module PaperSpriteSheetImporter (97)
[2015.11.22-22.43.20:299][ 93]LogModuleManager: Shutting down and abandoning module MeshPaint (96)
[2015.11.22-22.43.20:313][ 93]LogModuleManager: Shutting down and abandoning module SlateReflector (95)
[2015.11.22-22.43.20:328][ 93]LogModuleManager: Shutting down and abandoning module HotReload (94)
[2015.11.22-22.43.20:329][ 93]LogModuleManager: Shutting down and abandoning module MainFrame (93)
[2015.11.22-22.43.20:329][ 93]LogModuleManager: Shutting down and abandoning module LevelEditor (92)
[2015.11.22-22.43.20:336][ 93]LogModuleManager: Shutting down and abandoning module DirectoryWatcher (91)
[2015.11.22-22.43.20:337][ 93]LogModuleManager: Shutting down and abandoning module AssetRegistry (90)
[2015.11.22-22.43.20:434][ 93]LogModuleManager: Shutting down and abandoning module ContentBrowser (89)
[2015.11.22-22.43.20:435][ 93]LogModuleManager: Shutting down and abandoning module Paper2DEditor (88)
[2015.11.22-22.43.20:465][ 93]LogModuleManager: Shutting down and abandoning module SW_Project2 (87)
[2015.11.22-22.43.20:465][ 93]LogModuleManager: Shutting down and abandoning module UdpMessaging (86)
[2015.11.22-22.43.20:566][ 93]LogModuleManager: Shutting down and abandoning module LightPropagationVolumeRuntime (85)
[2015.11.22-22.43.20:566][ 93]LogModuleManager: Shutting down and abandoning module Paper2D (84)
[2015.11.22-22.43.20:601][ 93]LogModuleManager: Shutting down and abandoning module WindowsMoviePlayer (83)
[2015.11.22-22.43.20:614][ 93]LogModuleManager: Shutting down and abandoning module Media (82)
[2015.11.22-22.43.20:614][ 93]LogModuleManager: Shutting down and abandoning module WmfMedia (81)
[2015.11.22-22.43.20:614][ 93]LogModuleManager: Shutting down and abandoning module OnlineBlueprintSupport (80)
[2015.11.22-22.43.20:614][ 93]LogModuleManager: Shutting down and abandoning module GameplayTasksEditor (79)
[2015.11.22-22.43.20:614][ 93]LogModuleManager: Shutting down and abandoning module PropertyEditor (78)
[2015.11.22-22.43.20:614][ 93]LogModuleManager: Shutting down and abandoning module BehaviorTreeEditor (77)
[2015.11.22-22.43.20:641][ 93]LogModuleManager: Shutting down and abandoning module FunctionalTesting (76)
[2015.11.22-22.43.20:641][ 93]LogModuleManager: Shutting down and abandoning module CollisionAnalyzer (75)
[2015.11.22-22.43.20:655][ 93]LogModuleManager: Shutting down and abandoning module WorkspaceMenuStructure (74)
[2015.11.22-22.43.20:655][ 93]LogModuleManager: Shutting down and abandoning module MessageLog (73)
[2015.11.22-22.43.20:655][ 93]LogModuleManager: Shutting down and abandoning module Sequencer (72)
[2015.11.22-22.43.20:675][ 93]LogModuleManager: Shutting down and abandoning module AssetTools (71)
[2015.11.22-22.43.20:697][ 93]LogModuleManager: Shutting down and abandoning module UMGEditor (70)
[2015.11.22-22.43.20:715][ 93]LogModuleManager: Shutting down and abandoning module UMG (69)
[2015.11.22-22.43.20:739][ 93]LogModuleManager: Shutting down and abandoning module Slate (68)
[2015.11.22-22.43.20:739][ 93]LogModuleManager: Shutting down and abandoning module EditorStyle (67)
[2015.11.22-22.43.20:742][ 93]LogModuleManager: Shutting down and abandoning module SessionServices (66)
[2015.11.22-22.43.20:742][ 93]LogModuleManager: Shutting down and abandoning module SourceCodeAccess (65)
[2015.11.22-22.43.20:742][ 93]LogModuleManager: Shutting down and abandoning module HeadMountedDisplay (64)
[2015.11.22-22.43.20:742][ 93]LogModuleManager: Shutting down and abandoning module XAudio2 (63)
[2015.11.22-22.43.20:742][ 93]LogModuleManager: Shutting down and abandoning module Networking (61)
[2015.11.22-22.43.20:742][ 93]LogModuleManager: Shutting down and abandoning module Core (60)
[2015.11.22-22.43.20:742][ 93]LogModuleManager: Shutting down and abandoning module KismetCompiler (59)
[2015.11.22-22.43.20:742][ 93]LogModuleManager: Shutting down and abandoning module PhysXFormats (58)
[2015.11.22-22.43.20:742][ 93]LogModuleManager: Shutting down and abandoning module MeshUtilities (57)
[2015.11.22-22.43.20:763][ 93]LogModuleManager: Shutting down and abandoning module CookingStats (56)
[2015.11.22-22.43.20:765][ 93]LogModuleManager: Shutting down and abandoning module DerivedDataCache (55)
[2015.11.22-22.43.20:771][ 93]LogDerivedDataCache: Shutdown
[2015.11.22-22.43.20:771][ 93]LogModuleManager: Shutting down and abandoning module ShaderFormatOpenGL (54)
[2015.11.22-22.43.20:828][ 93]LogModuleManager: Shutting down and abandoning module ShaderFormatD3D (53)
[2015.11.22-22.43.20:828][ 93]LogModuleManager: Shutting down and abandoning module MetalShaderFormat (52)
[2015.11.22-22.43.20:832][ 93]LogModuleManager: Shutting down and abandoning module TextureFormatUncompressed (51)
[2015.11.22-22.43.20:832][ 93]LogModuleManager: Shutting down and abandoning module TextureFormatPVR (50)
[2015.11.22-22.43.20:832][ 93]LogModuleManager: Shutting down and abandoning module TextureFormatIntelISPCTexComp (49)
[2015.11.22-22.43.20:832][ 93]LogModuleManager: Shutting down and abandoning module TextureFormatDXT (48)
[2015.11.22-22.43.20:832][ 93]LogModuleManager: Shutting down and abandoning module ImageWrapper (47)
[2015.11.22-22.43.20:832][ 93]LogModuleManager: Shutting down and abandoning module TextureFormatASTC (46)
[2015.11.22-22.43.20:832][ 93]LogModuleManager: Shutting down and abandoning module TextureFormatAndroid (45)
[2015.11.22-22.43.20:832][ 93]LogModuleManager: Shutting down and abandoning module AudioFormatOpus (44)
[2015.11.22-22.43.20:836][ 93]LogModuleManager: Shutting down and abandoning module AudioFormatOgg (43)
[2015.11.22-22.43.20:836][ 93]LogModuleManager: Shutting down and abandoning module AudioFormatADPCM (42)
[2015.11.22-22.43.20:836][ 93]LogModuleManager: Shutting down and abandoning module LinuxTargetPlatform (41)
[2015.11.22-22.43.20:836][ 93]LogModuleManager: Shutting down and abandoning module LinuxServerTargetPlatform (40)
[2015.11.22-22.43.20:847][ 93]LogModuleManager: Shutting down and abandoning module LinuxNoEditorTargetPlatform (39)
[2015.11.22-22.43.20:857][ 93]LogModuleManager: Shutting down and abandoning module Messaging (38)
[2015.11.22-22.43.20:858][ 93]LogModuleManager: Shutting down and abandoning module IOSTargetPlatform (37)
[2015.11.22-22.43.20:858][ 93]LogModuleManager: Shutting down and abandoning module HTML5TargetPlatform (36)
[2015.11.22-22.43.20:858][ 93]LogModuleManager: Shutting down and abandoning module Android_PVRTCTargetPlatform (35)
[2015.11.22-22.43.20:863][ 93]LogModuleManager: Shutting down and abandoning module Android_ETC2TargetPlatform (34)
[2015.11.22-22.43.20:869][ 93]LogModuleManager: Shutting down and abandoning module Android_ETC1TargetPlatform (33)
[2015.11.22-22.43.20:875][ 93]LogModuleManager: Shutting down and abandoning module Android_DXTTargetPlatform (32)
[2015.11.22-22.43.20:884][ 93]LogModuleManager: Shutting down and abandoning module Android_ATCTargetPlatform (31)
[2015.11.22-22.43.20:894][ 93]LogModuleManager: Shutting down and abandoning module Android_ASTCTargetPlatform (30)
[2015.11.22-22.43.20:900][ 93]LogModuleManager: Shutting down and abandoning module AndroidTargetPlatform (29)
[2015.11.22-22.43.20:907][ 93]LogModuleManager: Shutting down and abandoning module WindowsTargetPlatform (28)
[2015.11.22-22.43.20:907][ 93]LogModuleManager: Shutting down and abandoning module WindowsServerTargetPlatform (27)
[2015.11.22-22.43.20:921][ 93]LogModuleManager: Shutting down and abandoning module WindowsNoEditorTargetPlatform (26)
[2015.11.22-22.43.20:931][ 93]LogModuleManager: Shutting down and abandoning module WindowsClientTargetPlatform (25)
[2015.11.22-22.43.20:935][ 93]LogModuleManager: Shutting down and abandoning module AllDesktopTargetPlatform (24)
[2015.11.22-22.43.20:935][ 93]LogModuleManager: Shutting down and abandoning module TargetPlatform (23)
[2015.11.22-22.43.20:935][ 93]LogModuleManager: Shutting down and abandoning module InputCore (22)
[2015.11.22-22.43.20:935][ 93]LogModuleManager: Shutting down and abandoning module Settings (21)
[2015.11.22-22.43.20:935][ 93]LogModuleManager: Shutting down and abandoning module OnlineSubsystem (19)
[2015.11.22-22.43.20:935][ 93]LogModuleManager: Shutting down and abandoning module HTTP (18)
[2015.11.22-22.43.21:937][ 93]LogModuleManager: Shutting down and abandoning module XMPP (17)
[2015.11.22-22.43.22:064][ 93]LogModuleManager: Shutting down and abandoning module ExampleDeviceProfileSelector (16)
[2015.11.22-22.43.22:064][ 93]LogModuleManager: Shutting down and abandoning module DesktopPlatform (15)
[2015.11.22-22.43.22:064][ 93]LogModuleManager: Shutting down and abandoning module TextureCompressor (14)
[2015.11.22-22.43.22:064][ 93]LogModuleManager: Shutting down and abandoning module ShaderCore (13)
[2015.11.22-22.43.22:064][ 93]LogModuleManager: Shutting down and abandoning module Landscape (12)
[2015.11.22-22.43.22:064][ 93]LogModuleManager: Shutting down and abandoning module SlateRHIRenderer (11)
[2015.11.22-22.43.22:089][ 93]LogModuleManager: Shutting down and abandoning module OpenGLDrv (10)
[2015.11.22-22.43.22:089][ 93]LogModuleManager: Shutting down and abandoning module D3D11RHI (9)
[2015.11.22-22.43.22:089][ 93]LogModuleManager: Shutting down and abandoning module AnimGraphRuntime (8)
[2015.11.22-22.43.22:089][ 93]LogModuleManager: Shutting down and abandoning module Renderer (7)
[2015.11.22-22.43.22:089][ 93]LogModuleManager: Shutting down and abandoning module Engine (6)
[2015.11.22-22.43.22:089][ 93]LogModuleManager: Shutting down and abandoning module CoreUObject (5)
[2015.11.22-22.43.22:089][ 93]LogModuleManager: Shutting down and abandoning module NetworkFile (4)
[2015.11.22-22.43.22:089][ 93]LogModuleManager: Shutting down and abandoning module StreamingFile (3)
[2015.11.22-22.43.22:089][ 93]LogModuleManager: Shutting down and abandoning module SandboxFile (2)
[2015.11.22-22.43.22:089][ 93]LogModuleManager: Shutting down and abandoning module PakFile (1)
[2015.11.22-22.43.22:104][ 93]LogExit: Exiting.
[2015.11.22-22.43.22:119][ 93]Log file closed, 11/22/15 23:43:22
