[2015.11.22-22.46.38:973][  0]Log file open, 11/22/15 23:46:38
[2015.11.22-22.46.38:973][  0]LogInit:Display: Running engine for game: SW_Project2
[2015.11.22-22.46.38:973][  0]LogInit:Display: RandInit(1332696394) SRandInit(1332696395).
[2015.11.22-22.46.38:973][  0]LogTaskGraph: Started task graph with 4 named threads and 5 total threads.
[2015.11.22-22.46.38:973][  0]LogStats: Stats thread started at 0.058276
[2015.11.22-22.46.38:973][  0]LogInit: Version: 4.9.2-2707645+++depot+UE4-Releases+4.9
[2015.11.22-22.46.38:973][  0]LogInit: API Version: 2672455
[2015.11.22-22.46.38:973][  0]LogInit: Compiled (64-bit): Sep 28 2015 10:25:44
[2015.11.22-22.46.38:973][  0]LogInit: Compiled with Visual C++: 18.00.21005.01
[2015.11.22-22.46.38:973][  0]LogInit: Build Configuration: Development
[2015.11.22-22.46.38:973][  0]LogInit: Branch Name: ++depot+UE4-Releases+4.9
[2015.11.22-22.46.38:973][  0]LogInit: Command line:  
[2015.11.22-22.46.38:973][  0]LogInit: Base directory: C:/Program Files/Epic Games/4.9/Engine/Binaries/Win64/
[2015.11.22-22.46.38:973][  0]LogInit: Rocket: 1
[2015.11.22-22.46.38:988][  0]LogInit: Using libcurl 7.41.0
[2015.11.22-22.46.38:988][  0]LogInit:  - built for x86_64-pc-win32
[2015.11.22-22.46.38:988][  0]LogInit:  - supports SSL with WinSSL
[2015.11.22-22.46.38:988][  0]LogInit:  - other features:
[2015.11.22-22.46.38:988][  0]LogInit:      CURL_VERSION_SSL
[2015.11.22-22.46.38:988][  0]LogInit:      CURL_VERSION_IPV6
[2015.11.22-22.46.38:988][  0]LogInit:      CURL_VERSION_ASYNCHDNS
[2015.11.22-22.46.38:988][  0]LogInit:      CURL_VERSION_LARGEFILE
[2015.11.22-22.46.38:988][  0]LogInit:      CURL_VERSION_IDN
[2015.11.22-22.46.38:989][  0]LogInit:  CurlRequestOptions (configurable via config and command line):
[2015.11.22-22.46.38:989][  0]LogInit:  - bVerifyPeer = true  - Libcurl will verify peer certificate
[2015.11.22-22.46.38:989][  0]LogInit:  - bUseHttpProxy = false  - Libcurl will NOT use HTTP proxy
[2015.11.22-22.46.38:989][  0]LogInit:  - bDontReuseConnections = false  - Libcurl will reuse connections
[2015.11.22-22.46.38:989][  0]LogInit:  - CertBundlePath = nullptr  - Libcurl will use whatever was configured at build time.
[2015.11.22-22.46.39:004][  0]LogInit: Presizing for 0 objects not considered by GC, pre-allocating 0 bytes.
[2015.11.22-22.46.39:021][  0]LogInit: Object subsystem initialized
[2015.11.22-22.46.39:024][  0]LogInit: Selected Device Profile: [Windows]
[2015.11.22-22.46.39:024][  0]LogInit: Applying CVar settings loaded from the selected device profile: [Windows]
[2015.11.22-22.46.39:040][  0]LogInit: Computer: STOFFEPC
[2015.11.22-22.46.39:040][  0]LogInit: User: Stoffe
[2015.11.22-22.46.39:040][  0]LogInit: CPU Page size=4096, Cores=2
[2015.11.22-22.46.39:040][  0]LogInit: High frequency timer resolution =3.222677 MHz
[2015.11.22-22.46.39:041][  0]LogMemory: Memory total: Physical=7.9GB (8GB approx)
[2015.11.22-22.46.39:041][  0]LogMemory: Platform Memory Stats for Windows
[2015.11.22-22.46.39:041][  0]LogMemory: Process Physical Memory: 51.87 MB used, 51.87 MB peak
[2015.11.22-22.46.39:041][  0]LogMemory: Process Virtual Memory: 56.85 MB used, 56.85 MB peak
[2015.11.22-22.46.39:041][  0]LogMemory: Physical Memory: 3049.73 MB used, 8126.94 MB total
[2015.11.22-22.46.39:041][  0]LogMemory: Virtual Memory: 349.46 MB used, 134217728.00 MB total
[2015.11.22-22.46.39:080][  0]LogTextLocalizationManager: No translations for ('sv-SE') exist, falling back to 'en' for localization and internationalization data.
[2015.11.22-22.46.40:080][  0]LogD3D11RHI: Found D3D11 adapter 0: AMD Radeon HD 7800 Series (Feature Level 11_0)
[2015.11.22-22.46.40:080][  0]LogD3D11RHI: Adapter has 2030MB of dedicated video memory, 0MB of dedicated system memory, and 3840MB of shared system memory, 2 output[s]
[2015.11.22-22.46.40:082][  0]LogD3D11RHI: Found D3D11 adapter 1: Microsoft Basic Render Driver (Feature Level 11_0)
[2015.11.22-22.46.40:082][  0]LogD3D11RHI: Adapter has 0MB of dedicated video memory, 0MB of dedicated system memory, and 256MB of shared system memory, 0 output[s]
[2015.11.22-22.46.40:082][  0]LogD3D11RHI: Chosen D3D11 Adapter Id = 0
[2015.11.22-22.46.40:088][  0]LogD3D11RHI: !Direct3DDevice
[2015.11.22-22.46.40:088][  0]LogRHI: Texture pool is 1361 MB (70% of 1945 MB)
[2015.11.22-22.46.40:095][  0]LogD3D11RHI: Async texture creation disabled: no driver support
[2015.11.22-22.46.40:107][  0]LogShaderCompilers: Guid format shader working directory is 15 characters bigger than the processId version (../../../../../../Users/Stoffe/Documents/GitHub/SW_Project2/SW_Project2/Intermediate/Shaders/WorkingDirectory/1960/).
[2015.11.22-22.46.40:107][  0]LogShaderCompilers: Cleaned the shader compiler working directory '../../../../../../Users/Stoffe/Documents/GitHub/SW_Project2/SW_Project2/Intermediate/Shaders/tmp/0F74E524403FEB58C6641FAA1164F397/'.
[2015.11.22-22.46.40:107][  0]LogShaderCompilers:Display: Using Local Shader Compiler.
[2015.11.22-22.46.41:924][  0]LogTemp:Display: Loaded TP AllDesktopTargetPlatform
[2015.11.22-22.46.41:930][  0]LogTemp:Display: Loaded TP WindowsClientTargetPlatform
[2015.11.22-22.46.41:936][  0]LogTemp:Display: Loaded TP WindowsNoEditorTargetPlatform
[2015.11.22-22.46.41:941][  0]LogTemp:Display: Loaded TP WindowsServerTargetPlatform
[2015.11.22-22.46.41:946][  0]LogTemp:Display: Loaded TP WindowsTargetPlatform
[2015.11.22-22.46.41:951][  0]LogTemp:Display: Loaded TP AndroidTargetPlatform
[2015.11.22-22.46.41:954][  0]LogTemp:Display: Loaded TP Android_ASTCTargetPlatform
[2015.11.22-22.46.41:958][  0]LogTemp:Display: Loaded TP Android_ATCTargetPlatform
[2015.11.22-22.46.41:961][  0]LogTemp:Display: Loaded TP Android_DXTTargetPlatform
[2015.11.22-22.46.41:965][  0]LogTemp:Display: Loaded TP Android_ETC1TargetPlatform
[2015.11.22-22.46.41:970][  0]LogTemp:Display: Loaded TP Android_ETC2TargetPlatform
[2015.11.22-22.46.41:973][  0]LogTemp:Display: Loaded TP Android_PVRTCTargetPlatform
[2015.11.22-22.46.41:974][  0]LogTemp:Display: Loaded TP HTML5TargetPlatform
[2015.11.22-22.46.41:991][  0]LogTemp:Display: Loaded TP IOSTargetPlatform
[2015.11.22-22.46.41:995][  0]LogTemp:Display: Loaded TP LinuxNoEditorTargetPlatform
[2015.11.22-22.46.41:998][  0]LogTemp:Display: Loaded TP LinuxServerTargetPlatform
[2015.11.22-22.46.42:004][  0]LogTemp:Display: Loaded TP LinuxTargetPlatform
[2015.11.22-22.46.42:004][  0]LogTargetPlatformManager:Display: Building Assets For Windows
[2015.11.22-22.46.42:121][  0]LogDerivedDataCache:Display: Max Cache Size: 512 MB
[2015.11.22-22.46.42:176][  0]LogDerivedDataCache: Loaded boot cache 0.05s 42MB C:/Users/Stoffe/AppData/Local/UnrealEngine/4.9/DerivedDataCache/Boot.ddc.
[2015.11.22-22.46.42:176][  0]LogDerivedDataCache:Display: Loaded Boot cache: C:/Users/Stoffe/AppData/Local/UnrealEngine/4.9/DerivedDataCache/Boot.ddc
[2015.11.22-22.46.42:176][  0]LogDerivedDataCache: FDerivedDataBackendGraph:  Pak pak cache file ../../../../../../Users/Stoffe/Documents/GitHub/SW_Project2/SW_Project2/DerivedDataCache/DDC.ddp not found, will not use a pak cache.
[2015.11.22-22.46.42:176][  0]LogDerivedDataCache: Unable to find inner node Pak for hierarchical cache Hierarchy.
[2015.11.22-22.46.42:176][  0]LogDerivedDataCache: FDerivedDataBackendGraph:  CompressedPak pak cache file ../../../../../../Users/Stoffe/Documents/GitHub/SW_Project2/SW_Project2/DerivedDataCache/Compressed.ddp not found, will not use a pak cache.
[2015.11.22-22.46.42:176][  0]LogDerivedDataCache: Unable to find inner node CompressedPak for hierarchical cache Hierarchy.
[2015.11.22-22.46.42:365][  0]LogDerivedDataCache:Display: Pak cache opened for reading ../../../Engine/DerivedDataCache/Compressed.ddp.
[2015.11.22-22.46.42:377][  0]LogDerivedDataCache: Using Local data cache path C:/Users/Stoffe/AppData/Local/UnrealEngine/Common/DerivedDataCache: Writable
[2015.11.22-22.46.42:616][  0]LogInit: Selected Device Profile: [Windows]
[2015.11.22-22.46.42:619][  0]LogContentStreaming: Texture pool size is 0.000000MB
[2015.11.22-22.46.42:766][  0]LogMeshUtilities: No automatic mesh reduction module available
[2015.11.22-22.46.42:766][  0]LogMeshUtilities: No automatic mesh merging module available
[2015.11.22-22.46.43:090][  0]LogInit: WinSock: version 1.1 (2.2), MaxSocks=32767, MaxUdp=65467
[2015.11.22-22.46.43:892][  0]UdpMessaging: Initializing bridge on interface 0.0.0.0:0 to multicast group 230.0.0.1:6666.
[2015.11.22-22.46.44:035][  0]LogAssetRegistry: FAssetRegistry took 0.0113 seconds to start up
[2015.11.22-22.46.44:281][  0]SourceControl: Info Source control is disabled
[2015.11.22-22.46.44:291][  0]SourceControl: Info Source control is disabled
[2015.11.22-22.46.44:311][  0]SourceControl: Info Source control is disabled
[2015.11.22-22.46.44:334][  0]SourceControl: Info Source control is disabled
[2015.11.22-22.46.44:542][  0]LogLinker:Warning: Asset '../../../Engine/Plugins/Runtime/LeapMotionController/Content/LM_PassthroughMaterial.uasset' has been saved with empty engine version. The asset will be loaded but may be incompatible.
[2015.11.22-22.46.44:639][  0]LogObj: 28509 objects as part of root set at end of initial load.
[2015.11.22-22.46.44:639][  0]LogUObjectAllocator: 6105608 out of 0 bytes used by permanent object pool.
[2015.11.22-22.46.44:702][  0]LogEngine: Initializing Engine...
[2015.11.22-22.46.44:704][  0]LogHMD: Can't find Oculus library dev build: is proper Runtime installed? Version: 0.7.0.0
[2015.11.22-22.46.44:705][  0]LogHMD: SteamVR failed to initialize.  Err: 110
[2015.11.22-22.46.44:857][  0]LogAIModule: Creating AISystem for world NewWorld
[2015.11.22-22.46.44:861][  0]LogInit: XAudio2 using 'Högtalare (Realtek High Definition Audio)' : 2 channels at 48 kHz using 32 bits per sample (channel mask 0x3)
[2015.11.22-22.46.44:869][  0]LogInit: FAudioDevice initialized.
[2015.11.22-22.46.44:891][  0]LogDerivedDataCache: Saved boot cache 0.02s 42MB C:/Users/Stoffe/AppData/Local/UnrealEngine/4.9/DerivedDataCache/Boot.ddc.
[2015.11.22-22.46.44:894][  0]LogInit: Texture streaming: Enabled
[2015.11.22-22.46.44:902][  0]LogAnalytics: Creating configured Analytics provider AnalyticsET
[2015.11.22-22.46.44:902][  0]LogAnalytics: [UEEditor.Rocket.Release] APIServer = http://et2.epicgames.com/ET2/. AppVersion = 4.9.2-2707645+++depot+UE4-Releases+4.9
[2015.11.22-22.46.44:902][  0]LogAnalytics: [UEEditor.Rocket.Release] SetUserId c2f82278409fbc7e17ba4c8b187827c0|8471e16762be488588a110ad13c08bd6|a2f24018-7849-4a41-8ec9-fa4680d0f5a7
[2015.11.22-22.46.44:902][  0]LogAnalytics: [UEEditor.Rocket.Release] AnalyticsET::StartSession
[2015.11.22-22.46.44:923][  0]LogInit: Transaction tracking system initialized
[2015.11.22-22.46.44:958][  0]BlueprintLog: New page: Editor Load
[2015.11.22-22.46.45:085][  0]LocalizationService: Info Localization service is disabled
[2015.11.22-22.46.45:203][  0]LogConsoleResponse:Display: 
[2015.11.22-22.46.45:348][  0]LogCook:Display: Done creating registry. It took  0.00s.
[2015.11.22-22.46.45:458][  0]LogFileCache: Scanning file cache for directory 'C:/Users/Stoffe/Documents/GitHub/SW_Project2/SW_Project2/Content/' took 0.01s
[2015.11.22-22.46.45:458][  0]SourceControl: Info Source control is disabled
[2015.11.22-22.46.45:459][  0]Cmd: MAP LOAD FILE="../../../../../../Users/Stoffe/Documents/GitHub/SW_Project2/SW_Project2/Content/FlyingCPP/Maps/FlyingExampleMap.umap" TEMPLATE=0 SHOWPROGRESS=1 FEATURELEVEL=3
[2015.11.22-22.46.45:459][  0]LightingResults: New page: Lighting Build
[2015.11.22-22.46.45:463][  0]MapCheck: New page: Map Check
[2015.11.22-22.46.45:463][  0]LightingResults: New page: Lighting Build
[2015.11.22-22.46.45:493][  0]LogParticles: Destroying 0 GPU particle simulations for FXSystem 0x0000009B0EEBE160
[2015.11.22-22.46.46:058][  0]LogAIModule: Creating AISystem for world FlyingExampleMap
[2015.11.22-22.46.46:077][  0]LogEditorServer: Finished looking for orphan Actors (0.000 secs)
[2015.11.22-22.46.46:078][  0]Cmd: MAP CHECKDEP NOCLEARLOG
[2015.11.22-22.46.46:164][  0]MapCheck: Info Map check complete: 0 Error(s), 0 Warning(s), took 85.536ms to complete.
[2015.11.22-22.46.46:164][  0]LogFileHelpers: Loading map 'FlyingExampleMap' took 0.706
[2015.11.22-22.46.46:323][  0]LogCollectionManager: Loaded 0 collections in 0.003527 seconds
[2015.11.22-22.46.46:370][  0]LogFileCache: Scanning file cache for directory 'C:/Users/Stoffe/Documents/GitHub/SW_Project2/SW_Project2/Saved/Collections/' took 0.01s
[2015.11.22-22.46.46:370][  0]LogFileCache: Scanning file cache for directory 'C:/Users/Stoffe/Documents/GitHub/SW_Project2/SW_Project2/Content/Developers/Stoffe/Collections/' took 0.01s
[2015.11.22-22.46.46:370][  0]LogFileCache: Scanning file cache for directory 'C:/Users/Stoffe/Documents/GitHub/SW_Project2/SW_Project2/Content/Collections/' took 0.01s
[2015.11.22-22.46.46:370][  0]LogContentBrowser: Native class hierarchy populated in 0.0113 seconds. Added 1871 classes and 335 folders.
[2015.11.22-22.46.46:381][  0]LogCollectionManager: Rebuilt the GUID cache for 0 collections in 0.000004 seconds
[2015.11.22-22.46.46:391][  0]LogContentBrowser: Native class hierarchy updated for 'WidgetCarousel' in 0.0014 seconds. Added 0 classes and 0 folders.
[2015.11.22-22.46.46:515][  0]LogContentBrowser: Native class hierarchy updated for 'AddContentDialog' in 0.0022 seconds. Added 0 classes and 0 folders.
[2015.11.22-22.46.46:542][  0]LogContentBrowser: Native class hierarchy updated for 'SceneOutliner' in 0.0018 seconds. Added 1 classes and 2 folders.
[2015.11.22-22.46.46:708][  0]LogCrashTracker: Crashtracker disabled due to settings.
[2015.11.22-22.46.46:715][  0]LogUObjectGlobals:Warning: Failed to find object 'Class None.'
[2015.11.22-22.46.46:740][  0]LogLoad: Full Startup: 9.04 seconds (BP compile: 0.07 seconds)
[2015.11.22-22.46.47:167][  0]LogContentStreaming: Texture pool size now 1000 MB
[2015.11.22-22.46.47:495][  0]LogRenderer: Reallocating scene render targets to support 896x616 (Frame:2).
[2015.11.22-22.46.48:884][  4]LogAssetRegistry: Asset discovery search completed in 4.8608 seconds
[2015.11.22-22.46.48:884][  4]LogCollectionManager: Rebuilt the object cache for 0 collections in 0.000001 seconds (found 0 objects)
[2015.11.22-22.46.48:885][  4]LogCollectionManager: Fixed up redirectors for 0 collections in 0.000042 seconds (updated 0 objects)
[2015.11.22-22.46.54:202][218]LogBlueprintUserMessages: Early PlayInEditor Detection: Level '/Game/FlyingCPP/Maps/FlyingExampleMap.FlyingExampleMap:PersistentLevel' has LevelScriptBlueprint '/Game/FlyingCPP/Maps/FlyingExampleMap.FlyingExampleMap:PersistentLevel.FlyingExampleMap' with GeneratedClass '/Game/FlyingCPP/Maps/FlyingExampleMap.FlyingExampleMap_C' with ClassGeneratedBy '/Game/FlyingCPP/Maps/FlyingExampleMap.FlyingExampleMap:PersistentLevel.FlyingExampleMap'
[2015.11.22-22.46.54:202][218]LogPlayLevel: PlayLevel: No blueprints needed recompiling
[2015.11.22-22.46.54:203][218]PIE: New page: PIE session: FlyingExampleMap (Nov 23, 2015, 12:46:54 AM)
[2015.11.22-22.46.54:203][218]LogPlayLevel: Creating play world package: /Game/FlyingCPP/Maps/UEDPIE_0_FlyingExampleMap
[2015.11.22-22.46.54:266][218]LogPlayLevel: PIE: StaticDuplicateObject took: (0.063493s)
[2015.11.22-22.46.54:267][218]LogAIModule: Creating AISystem for world FlyingExampleMap
[2015.11.22-22.46.54:267][218]LogPlayLevel: PIE: World Init took: (0.001034s)
[2015.11.22-22.46.54:268][218]LogPlayLevel: PIE: Created PIE world by copying editor world from /Game/FlyingCPP/Maps/FlyingExampleMap.FlyingExampleMap to /Game/FlyingCPP/Maps/UEDPIE_0_FlyingExampleMap.FlyingExampleMap (0.064989s)
[2015.11.22-22.46.54:268][218]LogActorComponent: UnregisterComponent: (/Engine/Transient.ProjectileComp) Not registered. Aborting.
[2015.11.22-22.46.54:305][218]LogInit: XAudio2 using 'Högtalare (Realtek High Definition Audio)' : 2 channels at 48 kHz using 32 bits per sample (channel mask 0x3)
[2015.11.22-22.46.54:312][218]LogInit: FAudioDevice initialized.
[2015.11.22-22.46.54:363][218]LogWorld: Game class is 'SW_Project2GameMode'
[2015.11.22-22.46.54:392][218]LogWorld: Bringing World /Game/FlyingCPP/Maps/UEDPIE_0_FlyingExampleMap.FlyingExampleMap up for play (max tick rate 0) at 2015.11.22-23.46.54
[2015.11.22-22.46.54:392][218]LogActor:Warning: GameSession /Game/FlyingCPP/Maps/UEDPIE_0_FlyingExampleMap.FlyingExampleMap:PersistentLevel.GameSession_0 has natively added scene component(s), but none of them were set as the actor's RootComponent - picking one arbitrarily
[2015.11.22-22.46.54:392][218]LogActor:Warning: GameNetworkManager /Game/FlyingCPP/Maps/UEDPIE_0_FlyingExampleMap.FlyingExampleMap:PersistentLevel.GameNetworkManager_0 has natively added scene component(s), but none of them were set as the actor's RootComponent - picking one arbitrarily
[2015.11.22-22.46.54:393][218]LogWorld: Bringing up level for play took: 0.028774
[2015.11.22-22.46.54:394][218]PIE: Info Play in editor start time for /Game/FlyingCPP/Maps/UEDPIE_0_FlyingExampleMap 0.252
[2015.11.22-22.46.54:395][218]LogBlueprintUserMessages: Late PlayInEditor Detection: Level '/Game/FlyingCPP/Maps/FlyingExampleMap.FlyingExampleMap:PersistentLevel' has LevelScriptBlueprint '/Game/FlyingCPP/Maps/FlyingExampleMap.FlyingExampleMap:PersistentLevel.FlyingExampleMap' with GeneratedClass '/Game/FlyingCPP/Maps/FlyingExampleMap.FlyingExampleMap_C' with ClassGeneratedBy '/Game/FlyingCPP/Maps/FlyingExampleMap.FlyingExampleMap:PersistentLevel.FlyingExampleMap'
[2015.11.22-22.46.58:278][660]LogBlueprintUserMessages: Early EndPlayMap Detection: Level '/Game/FlyingCPP/Maps/FlyingExampleMap.FlyingExampleMap:PersistentLevel' has LevelScriptBlueprint '/Game/FlyingCPP/Maps/FlyingExampleMap.FlyingExampleMap:PersistentLevel.FlyingExampleMap' with GeneratedClass '/Game/FlyingCPP/Maps/FlyingExampleMap.FlyingExampleMap_C' with ClassGeneratedBy '/Game/FlyingCPP/Maps/FlyingExampleMap.FlyingExampleMap:PersistentLevel.FlyingExampleMap'
[2015.11.22-22.46.58:316][660]LogBlueprintUserMessages: Late EndPlayMap Detection: Level '/Game/FlyingCPP/Maps/FlyingExampleMap.FlyingExampleMap:PersistentLevel' has LevelScriptBlueprint '/Game/FlyingCPP/Maps/FlyingExampleMap.FlyingExampleMap:PersistentLevel.FlyingExampleMap' with GeneratedClass '/Game/FlyingCPP/Maps/FlyingExampleMap.FlyingExampleMap_C' with ClassGeneratedBy '/Game/FlyingCPP/Maps/FlyingExampleMap.FlyingExampleMap:PersistentLevel.FlyingExampleMap'
[2015.11.22-22.46.58:339][660]LogParticles: Destroying 0 GPU particle simulations for FXSystem 0x0000009B17E62E80
[2015.11.22-22.46.59:947][806]LogActorComponent: UnregisterComponent: (/Engine/Transient.ProjectileComp) Not registered. Aborting.
[2015.11.22-22.47.00:077][806]LogWindowsTextInputMethodSystem:Display: IME system now deactivated.
[2015.11.22-22.47.00:434][807]Cmd: QUIT_EDITOR
[2015.11.22-22.47.00:863][807]LogExit: Preparing to exit.
[2015.11.22-22.47.02:030][807]LogExit: Editor shut down
[2015.11.22-22.47.02:031][807]LogExit: Transaction tracking system shut down
[2015.11.22-22.47.02:034][807]LogParticles: Destroying 0 GPU particle simulations for FXSystem 0x0000009B7F964900
[2015.11.22-22.47.02:036][807]LogParticles: Destroying 0 GPU particle simulations for FXSystem 0x0000009B1573D580
[2015.11.22-22.47.02:037][807]LogParticles: Destroying 0 GPU particle simulations for FXSystem 0x0000009B155A2160
[2015.11.22-22.47.02:037][807]LogParticles: Destroying 0 GPU particle simulations for FXSystem 0x0000009B15CA1B20
[2015.11.22-22.47.02:179][807]LogExit: Object subsystem successfully closed.
[2015.11.22-22.47.02:195][807]LogD3D11RHI: Shutdown
[2015.11.22-22.47.02:195][807]LogD3D11RHI: CleanupD3DDevice
[2015.11.22-22.47.02:228][807]LogD3D11RHI: ~FD3D11DynamicRHI
[2015.11.22-22.47.02:248][807]LogModuleManager: Shutting down and abandoning module CrashTracker (198)
[2015.11.22-22.47.02:248][807]LogModuleManager: Shutting down and abandoning module SceneOutliner (197)
[2015.11.22-22.47.02:248][807]LogModuleManager: Shutting down and abandoning module SuperSearch (196)
[2015.11.22-22.47.02:248][807]LogModuleManager: Shutting down and abandoning module WidgetCarousel (195)
[2015.11.22-22.47.02:248][807]LogModuleManager: Shutting down and abandoning module AddContentDialog (194)
[2015.11.22-22.47.02:249][807]LogModuleManager: Shutting down and abandoning module EditorWidgets (193)
[2015.11.22-22.47.02:249][807]LogModuleManager: Shutting down and abandoning module CollectionManager (192)
[2015.11.22-22.47.02:250][807]LogModuleManager: Shutting down and abandoning module StatsViewer (191)
[2015.11.22-22.47.02:250][807]LogModuleManager: Shutting down and abandoning module FoliageEdit (190)
[2015.11.22-22.47.02:250][807]LogModuleManager: Shutting down and abandoning module LandscapeEditor (189)
[2015.11.22-22.47.02:250][807]LogModuleManager: Shutting down and abandoning module ActorPickerMode (188)
[2015.11.22-22.47.02:250][807]LogModuleManager: Shutting down and abandoning module GeometryMode (187)
[2015.11.22-22.47.02:250][807]LogModuleManager: Shutting down and abandoning module TextureAlignMode (186)
[2015.11.22-22.47.02:250][807]LogModuleManager: Shutting down and abandoning module BspMode (185)
[2015.11.22-22.47.02:250][807]LogModuleManager: Shutting down and abandoning module PlacementMode (184)
[2015.11.22-22.47.02:250][807]LogModuleManager: Shutting down and abandoning module AutomationWorker (183)
[2015.11.22-22.47.02:250][807]LogModuleManager: Shutting down and abandoning module CharacterAI (182)
[2015.11.22-22.47.02:250][807]LogModuleManager: Shutting down and abandoning module SmartSnapping (181)
[2015.11.22-22.47.02:250][807]LogModuleManager: Shutting down and abandoning module ViewportSnapping (180)
[2015.11.22-22.47.02:250][807]LogModuleManager: Shutting down and abandoning module LogVisualizer (179)
[2015.11.22-22.47.02:250][807]LogModuleManager: Shutting down and abandoning module GameProjectGeneration (178)
[2015.11.22-22.47.02:250][807]LogModuleManager: Shutting down and abandoning module IntroTutorials (177)
[2015.11.22-22.47.02:250][807]LogModuleManager: Shutting down and abandoning module EditorLiveStreaming (176)
[2015.11.22-22.47.02:250][807]LogModuleManager: Shutting down and abandoning module IOSPlatformEditor (175)
[2015.11.22-22.47.02:250][807]LogModuleManager: Shutting down and abandoning module HTML5PlatformEditor (174)
[2015.11.22-22.47.02:250][807]LogModuleManager: Shutting down and abandoning module AndroidDeviceDetection (173)
[2015.11.22-22.47.03:156][807]LogModuleManager: Shutting down and abandoning module AndroidPlatformEditor (172)
[2015.11.22-22.47.03:156][807]LogModuleManager: Shutting down and abandoning module IOSRuntimeSettings (171)
[2015.11.22-22.47.03:156][807]LogModuleManager: Shutting down and abandoning module AndroidRuntimeSettings (170)
[2015.11.22-22.47.03:156][807]LogModuleManager: Shutting down and abandoning module MergeActors (169)
[2015.11.22-22.47.03:156][807]LogModuleManager: Shutting down and abandoning module SizeMap (168)
[2015.11.22-22.47.03:156][807]LogModuleManager: Shutting down and abandoning module TreeMap (167)
[2015.11.22-22.47.03:156][807]LogModuleManager: Shutting down and abandoning module ReferenceViewer (166)
[2015.11.22-22.47.03:156][807]LogModuleManager: Shutting down and abandoning module LocalizationService (165)
[2015.11.22-22.47.03:156][807]LogModuleManager: Shutting down and abandoning module LocalizationDashboard (164)
[2015.11.22-22.47.03:156][807]LogModuleManager: Shutting down and abandoning module HardwareTargeting (163)
[2015.11.22-22.47.03:156][807]LogModuleManager: Shutting down and abandoning module DeviceProfileEditor (162)
[2015.11.22-22.47.03:156][807]LogModuleManager: Shutting down and abandoning module UndoHistory (161)
[2015.11.22-22.47.03:156][807]LogModuleManager: Shutting down and abandoning module GameplayTagsEditor (160)
[2015.11.22-22.47.03:156][807]LogModuleManager: Shutting down and abandoning module UserFeedback (159)
[2015.11.22-22.47.03:156][807]LogModuleManager: Shutting down and abandoning module XmlParser (158)
[2015.11.22-22.47.03:156][807]LogModuleManager: Shutting down and abandoning module Blutility (157)
[2015.11.22-22.47.03:156][807]LogModuleManager: Shutting down and abandoning module ProjectTargetPlatformEditor (156)
[2015.11.22-22.47.03:156][807]LogModuleManager: Shutting down and abandoning module ProjectSettingsViewer (155)
[2015.11.22-22.47.03:156][807]LogModuleManager: Shutting down and abandoning module InputBindingEditor (154)
[2015.11.22-22.47.03:156][807]LogModuleManager: Shutting down and abandoning module EditorSettingsViewer (153)
[2015.11.22-22.47.03:156][807]LogModuleManager: Shutting down and abandoning module SettingsEditor (152)
[2015.11.22-22.47.03:156][807]LogModuleManager: Shutting down and abandoning module ProjectLauncher (151)
[2015.11.22-22.47.03:156][807]LogModuleManager: Shutting down and abandoning module SessionFrontend (150)
[2015.11.22-22.47.03:156][807]LogModuleManager: Shutting down and abandoning module ProfilerClient (149)
[2015.11.22-22.47.03:156][807]LogModuleManager: Shutting down and abandoning module TargetDeviceServices (148)
[2015.11.22-22.47.03:156][807]LogModuleManager: Shutting down and abandoning module DeviceManager (147)
[2015.11.22-22.47.03:156][807]LogModuleManager: Shutting down and abandoning module AutomationController (146)
[2015.11.22-22.47.03:156][807]LogModuleManager: Shutting down and abandoning module AutomationWindow (145)
[2015.11.22-22.47.03:156][807]LogModuleManager: Shutting down and abandoning module Layers (144)
[2015.11.22-22.47.03:157][807]LogModuleManager: Shutting down and abandoning module ComponentVisualizers (143)
[2015.11.22-22.47.03:157][807]LogModuleManager: Shutting down and abandoning module DetailCustomizations (142)
[2015.11.22-22.47.03:157][807]LogModuleManager: Shutting down and abandoning module PackagesDialog (141)
[2015.11.22-22.47.03:157][807]LogModuleManager: Shutting down and abandoning module Persona (140)
[2015.11.22-22.47.03:157][807]LogModuleManager: Shutting down and abandoning module Kismet (139)
[2015.11.22-22.47.03:157][807]LogModuleManager: Shutting down and abandoning module GraphEditor (138)
[2015.11.22-22.47.03:157][807]LogModuleManager: Shutting down and abandoning module ClassViewer (137)
[2015.11.22-22.47.03:157][807]LogModuleManager: Shutting down and abandoning module Toolbox (136)
[2015.11.22-22.47.03:157][807]LogModuleManager: Shutting down and abandoning module ModuleUI (135)
[2015.11.22-22.47.03:157][807]LogModuleManager: Shutting down and abandoning module MovieSceneTools (134)
[2015.11.22-22.47.03:157][807]LogModuleManager: Shutting down and abandoning module OutputLog (133)
[2015.11.22-22.47.03:157][807]LogModuleManager: Shutting down and abandoning module GammaUI (132)
[2015.11.22-22.47.03:157][807]LogModuleManager: Shutting down and abandoning module Documentation (131)
[2015.11.22-22.47.03:157][807]LogModuleManager: Shutting down and abandoning module GameLiveStreaming (130)
[2015.11.22-22.47.03:157][807]LogModuleManager: Shutting down and abandoning module StreamingPauseRendering (129)
[2015.11.22-22.47.03:157][807]LogModuleManager: Shutting down and abandoning module AnalyticsET (128)
[2015.11.22-22.47.03:157][807]LogModuleManager: Shutting down and abandoning module Analytics (127)
[2015.11.22-22.47.03:157][807]LogModuleManager: Shutting down and abandoning module AITestSuite (126)
[2015.11.22-22.47.03:157][807]LogModuleManager: Shutting down and abandoning module GameplayDebugger (125)
[2015.11.22-22.47.03:157][807]LogModuleManager: Shutting down and abandoning module AIModule (124)
[2015.11.22-22.47.03:157][807]LogModuleManager: Shutting down and abandoning module ProfilerService (123)
[2015.11.22-22.47.03:203][807]LogModuleManager: Shutting down and abandoning module TaskGraph (122)
[2015.11.22-22.47.03:203][807]LogModuleManager: Shutting down and abandoning module SlateRemote (121)
[2015.11.22-22.47.03:203][807]LogModuleManager: Shutting down and abandoning module SteamVRController (120)
[2015.11.22-22.47.03:203][807]LogModuleManager: Shutting down and abandoning module SteamVR (119)
[2015.11.22-22.47.03:203][807]LogModuleManager: Shutting down and abandoning module ProceduralMeshComponent (118)
[2015.11.22-22.47.03:203][807]LogModuleManager: Shutting down and abandoning module OculusRift (117)
[2015.11.22-22.47.03:203][807]LogModuleManager: Shutting down and abandoning module OculusLibrary (116)
[2015.11.22-22.47.03:203][807]LogModuleManager: Shutting down and abandoning module LeapMotionController (115)
[2015.11.22-22.47.03:212][807]LogModuleManager: Shutting down and abandoning module CustomMeshComponent (114)
[2015.11.22-22.47.03:212][807]LogModuleManager: Shutting down and abandoning module CableComponent (113)
[2015.11.22-22.47.03:212][807]LogModuleManager: Shutting down and abandoning module ArchVisCharacter (112)
[2015.11.22-22.47.03:212][807]LogModuleManager: Shutting down and abandoning module MessagingDebugger (111)
[2015.11.22-22.47.03:212][807]LogModuleManager: Shutting down and abandoning module MediaPlayerEditor (110)
[2015.11.22-22.47.03:212][807]LogModuleManager: Shutting down and abandoning module HTML5Networking (109)
[2015.11.22-22.47.03:212][807]LogModuleManager: Shutting down and abandoning module SpeedTreeImporter (108)
[2015.11.22-22.47.03:212][807]LogModuleManager: Shutting down and abandoning module PluginBrowser (107)
[2015.11.22-22.47.03:212][807]LogModuleManager: Shutting down and abandoning module EpicSurvey (106)
[2015.11.22-22.47.03:212][807]LogModuleManager: Shutting down and abandoning module DesktopPlatform (105)
[2015.11.22-22.47.03:212][807]LogModuleManager: Shutting down and abandoning module VisualStudioSourceCodeAccess (104)
[2015.11.22-22.47.03:212][807]LogModuleManager: Shutting down and abandoning module UObjectPlugin (103)
[2015.11.22-22.47.03:212][807]LogModuleManager: Shutting down and abandoning module SubversionSourceControl (102)
[2015.11.22-22.47.03:212][807]LogModuleManager: Shutting down and abandoning module PerforceSourceControl (101)
[2015.11.22-22.47.03:212][807]LogModuleManager: Shutting down and abandoning module SourceControl (100)
[2015.11.22-22.47.03:212][807]LogModuleManager: Shutting down and abandoning module GitSourceControl (99)
[2015.11.22-22.47.03:212][807]LogModuleManager: Shutting down and abandoning module LightPropagationVolumeEditor (98)
[2015.11.22-22.47.03:212][807]LogModuleManager: Shutting down and abandoning module PaperTiledImporter (97)
[2015.11.22-22.47.03:212][807]LogModuleManager: Shutting down and abandoning module PaperSpriteSheetImporter (96)
[2015.11.22-22.47.03:212][807]LogModuleManager: Shutting down and abandoning module MeshPaint (95)
[2015.11.22-22.47.03:212][807]LogModuleManager: Shutting down and abandoning module SlateReflector (94)
[2015.11.22-22.47.03:212][807]LogModuleManager: Shutting down and abandoning module HotReload (93)
[2015.11.22-22.47.03:212][807]LogModuleManager: Shutting down and abandoning module MainFrame (92)
[2015.11.22-22.47.03:212][807]LogModuleManager: Shutting down and abandoning module LevelEditor (91)
[2015.11.22-22.47.03:213][807]LogModuleManager: Shutting down and abandoning module DirectoryWatcher (90)
[2015.11.22-22.47.03:214][807]LogModuleManager: Shutting down and abandoning module AssetRegistry (89)
[2015.11.22-22.47.03:336][807]LogModuleManager: Shutting down and abandoning module ContentBrowser (88)
[2015.11.22-22.47.03:336][807]LogModuleManager: Shutting down and abandoning module Paper2DEditor (87)
[2015.11.22-22.47.03:336][807]LogModuleManager: Shutting down and abandoning module SW_Project2 (86)
[2015.11.22-22.47.03:336][807]LogModuleManager: Shutting down and abandoning module UdpMessaging (85)
[2015.11.22-22.47.03:438][807]LogModuleManager: Shutting down and abandoning module LightPropagationVolumeRuntime (84)
[2015.11.22-22.47.03:438][807]LogModuleManager: Shutting down and abandoning module Paper2D (83)
[2015.11.22-22.47.03:438][807]LogModuleManager: Shutting down and abandoning module WindowsMoviePlayer (82)
[2015.11.22-22.47.03:440][807]LogModuleManager: Shutting down and abandoning module Media (81)
[2015.11.22-22.47.03:440][807]LogModuleManager: Shutting down and abandoning module WmfMedia (80)
[2015.11.22-22.47.03:441][807]LogModuleManager: Shutting down and abandoning module OnlineBlueprintSupport (79)
[2015.11.22-22.47.03:441][807]LogModuleManager: Shutting down and abandoning module GameplayTasksEditor (78)
[2015.11.22-22.47.03:441][807]LogModuleManager: Shutting down and abandoning module PropertyEditor (77)
[2015.11.22-22.47.03:441][807]LogModuleManager: Shutting down and abandoning module BehaviorTreeEditor (76)
[2015.11.22-22.47.03:441][807]LogModuleManager: Shutting down and abandoning module FunctionalTesting (75)
[2015.11.22-22.47.03:441][807]LogModuleManager: Shutting down and abandoning module CollisionAnalyzer (74)
[2015.11.22-22.47.03:441][807]LogModuleManager: Shutting down and abandoning module WorkspaceMenuStructure (73)
[2015.11.22-22.47.03:441][807]LogModuleManager: Shutting down and abandoning module MessageLog (72)
[2015.11.22-22.47.03:441][807]LogModuleManager: Shutting down and abandoning module Sequencer (71)
[2015.11.22-22.47.03:441][807]LogModuleManager: Shutting down and abandoning module AssetTools (70)
[2015.11.22-22.47.03:441][807]LogModuleManager: Shutting down and abandoning module UMGEditor (69)
[2015.11.22-22.47.03:441][807]LogModuleManager: Shutting down and abandoning module UMG (68)
[2015.11.22-22.47.03:441][807]LogModuleManager: Shutting down and abandoning module Slate (67)
[2015.11.22-22.47.03:441][807]LogModuleManager: Shutting down and abandoning module EditorStyle (66)
[2015.11.22-22.47.03:443][807]LogModuleManager: Shutting down and abandoning module SessionServices (65)
[2015.11.22-22.47.03:443][807]LogModuleManager: Shutting down and abandoning module SourceCodeAccess (64)
[2015.11.22-22.47.03:443][807]LogModuleManager: Shutting down and abandoning module HeadMountedDisplay (63)
[2015.11.22-22.47.03:443][807]LogModuleManager: Shutting down and abandoning module XAudio2 (62)
[2015.11.22-22.47.03:443][807]LogModuleManager: Shutting down and abandoning module Networking (60)
[2015.11.22-22.47.03:443][807]LogModuleManager: Shutting down and abandoning module Core (59)
[2015.11.22-22.47.03:443][807]LogModuleManager: Shutting down and abandoning module KismetCompiler (58)
[2015.11.22-22.47.03:443][807]LogModuleManager: Shutting down and abandoning module PhysXFormats (57)
[2015.11.22-22.47.03:443][807]LogModuleManager: Shutting down and abandoning module MeshUtilities (56)
[2015.11.22-22.47.03:443][807]LogModuleManager: Shutting down and abandoning module CookingStats (55)
[2015.11.22-22.47.03:444][807]LogModuleManager: Shutting down and abandoning module DerivedDataCache (54)
[2015.11.22-22.47.04:011][807]LogDerivedDataCache: Shutdown
[2015.11.22-22.47.04:011][807]LogModuleManager: Shutting down and abandoning module ShaderFormatOpenGL (53)
[2015.11.22-22.47.04:011][807]LogModuleManager: Shutting down and abandoning module ShaderFormatD3D (52)
[2015.11.22-22.47.04:011][807]LogModuleManager: Shutting down and abandoning module MetalShaderFormat (51)
[2015.11.22-22.47.04:011][807]LogModuleManager: Shutting down and abandoning module TextureFormatUncompressed (50)
[2015.11.22-22.47.04:011][807]LogModuleManager: Shutting down and abandoning module TextureFormatPVR (49)
[2015.11.22-22.47.04:011][807]LogModuleManager: Shutting down and abandoning module TextureFormatIntelISPCTexComp (48)
[2015.11.22-22.47.04:011][807]LogModuleManager: Shutting down and abandoning module TextureFormatDXT (47)
[2015.11.22-22.47.04:011][807]LogModuleManager: Shutting down and abandoning module ImageWrapper (46)
[2015.11.22-22.47.04:011][807]LogModuleManager: Shutting down and abandoning module TextureFormatASTC (45)
[2015.11.22-22.47.04:011][807]LogModuleManager: Shutting down and abandoning module TextureFormatAndroid (44)
[2015.11.22-22.47.04:011][807]LogModuleManager: Shutting down and abandoning module AudioFormatOpus (43)
[2015.11.22-22.47.04:011][807]LogModuleManager: Shutting down and abandoning module AudioFormatOgg (42)
[2015.11.22-22.47.04:011][807]LogModuleManager: Shutting down and abandoning module AudioFormatADPCM (41)
[2015.11.22-22.47.04:011][807]LogModuleManager: Shutting down and abandoning module LinuxTargetPlatform (40)
[2015.11.22-22.47.04:011][807]LogModuleManager: Shutting down and abandoning module LinuxServerTargetPlatform (39)
[2015.11.22-22.47.04:011][807]LogModuleManager: Shutting down and abandoning module LinuxNoEditorTargetPlatform (38)
[2015.11.22-22.47.04:011][807]LogModuleManager: Shutting down and abandoning module Messaging (37)
[2015.11.22-22.47.04:013][807]LogModuleManager: Shutting down and abandoning module IOSTargetPlatform (36)
[2015.11.22-22.47.04:013][807]LogModuleManager: Shutting down and abandoning module HTML5TargetPlatform (35)
[2015.11.22-22.47.04:013][807]LogModuleManager: Shutting down and abandoning module Android_PVRTCTargetPlatform (34)
[2015.11.22-22.47.04:013][807]LogModuleManager: Shutting down and abandoning module Android_ETC2TargetPlatform (33)
[2015.11.22-22.47.04:013][807]LogModuleManager: Shutting down and abandoning module Android_ETC1TargetPlatform (32)
[2015.11.22-22.47.04:013][807]LogModuleManager: Shutting down and abandoning module Android_DXTTargetPlatform (31)
[2015.11.22-22.47.04:013][807]LogModuleManager: Shutting down and abandoning module Android_ATCTargetPlatform (30)
[2015.11.22-22.47.04:013][807]LogModuleManager: Shutting down and abandoning module Android_ASTCTargetPlatform (29)
[2015.11.22-22.47.04:013][807]LogModuleManager: Shutting down and abandoning module AndroidTargetPlatform (28)
[2015.11.22-22.47.04:013][807]LogModuleManager: Shutting down and abandoning module WindowsTargetPlatform (27)
[2015.11.22-22.47.04:013][807]LogModuleManager: Shutting down and abandoning module WindowsServerTargetPlatform (26)
[2015.11.22-22.47.04:013][807]LogModuleManager: Shutting down and abandoning module WindowsNoEditorTargetPlatform (25)
[2015.11.22-22.47.04:013][807]LogModuleManager: Shutting down and abandoning module WindowsClientTargetPlatform (24)
[2015.11.22-22.47.04:013][807]LogModuleManager: Shutting down and abandoning module AllDesktopTargetPlatform (23)
[2015.11.22-22.47.04:013][807]LogModuleManager: Shutting down and abandoning module TargetPlatform (22)
[2015.11.22-22.47.04:013][807]LogModuleManager: Shutting down and abandoning module InputCore (21)
[2015.11.22-22.47.04:013][807]LogModuleManager: Shutting down and abandoning module Settings (20)
[2015.11.22-22.47.04:013][807]LogModuleManager: Shutting down and abandoning module OnlineSubsystem (18)
[2015.11.22-22.47.04:013][807]LogModuleManager: Shutting down and abandoning module HTTP (17)
[2015.11.22-22.47.06:017][807]LogModuleManager: Shutting down and abandoning module XMPP (16)
[2015.11.22-22.47.06:017][807]LogModuleManager: Shutting down and abandoning module ExampleDeviceProfileSelector (15)
[2015.11.22-22.47.06:017][807]LogModuleManager: Shutting down and abandoning module TextureCompressor (14)
[2015.11.22-22.47.06:017][807]LogModuleManager: Shutting down and abandoning module ShaderCore (13)
[2015.11.22-22.47.06:017][807]LogModuleManager: Shutting down and abandoning module Landscape (12)
[2015.11.22-22.47.06:017][807]LogModuleManager: Shutting down and abandoning module SlateRHIRenderer (11)
[2015.11.22-22.47.06:018][807]LogModuleManager: Shutting down and abandoning module OpenGLDrv (10)
[2015.11.22-22.47.06:018][807]LogModuleManager: Shutting down and abandoning module D3D11RHI (9)
[2015.11.22-22.47.06:018][807]LogModuleManager: Shutting down and abandoning module AnimGraphRuntime (8)
[2015.11.22-22.47.06:018][807]LogModuleManager: Shutting down and abandoning module Renderer (7)
[2015.11.22-22.47.06:018][807]LogModuleManager: Shutting down and abandoning module Engine (6)
[2015.11.22-22.47.06:018][807]LogModuleManager: Shutting down and abandoning module CoreUObject (5)
[2015.11.22-22.47.06:018][807]LogModuleManager: Shutting down and abandoning module NetworkFile (4)
[2015.11.22-22.47.06:018][807]LogModuleManager: Shutting down and abandoning module StreamingFile (3)
[2015.11.22-22.47.06:018][807]LogModuleManager: Shutting down and abandoning module SandboxFile (2)
[2015.11.22-22.47.06:018][807]LogModuleManager: Shutting down and abandoning module PakFile (1)
[2015.11.22-22.47.06:019][807]LogExit: Exiting.
[2015.11.22-22.47.06:020][807]Log file closed, 11/22/15 23:47:06
