[2015.11.22-22.47.33:047][  0]Log file open, 11/22/15 23:47:33
[2015.11.22-22.47.33:047][  0]LogInit:Display: Running engine for game: SW_Project2
[2015.11.22-22.47.33:047][  0]LogInit:Display: RandInit(1507922074) SRandInit(1507922075).
[2015.11.22-22.47.33:047][  0]LogTaskGraph: Started task graph with 4 named threads and 5 total threads.
[2015.11.22-22.47.33:047][  0]LogStats: Stats thread started at 0.059025
[2015.11.22-22.47.33:047][  0]LogInit: Version: 4.9.2-2707645+++depot+UE4-Releases+4.9
[2015.11.22-22.47.33:047][  0]LogInit: API Version: 2672455
[2015.11.22-22.47.33:047][  0]LogInit: Compiled (64-bit): Sep 28 2015 10:25:44
[2015.11.22-22.47.33:047][  0]LogInit: Compiled with Visual C++: 18.00.21005.01
[2015.11.22-22.47.33:047][  0]LogInit: Build Configuration: Development
[2015.11.22-22.47.33:047][  0]LogInit: Branch Name: ++depot+UE4-Releases+4.9
[2015.11.22-22.47.33:047][  0]LogInit: Command line:  
[2015.11.22-22.47.33:047][  0]LogInit: Base directory: C:/Program Files/Epic Games/4.9/Engine/Binaries/Win64/
[2015.11.22-22.47.33:047][  0]LogInit: Rocket: 1
[2015.11.22-22.47.33:058][  0]LogInit: Using libcurl 7.41.0
[2015.11.22-22.47.33:058][  0]LogInit:  - built for x86_64-pc-win32
[2015.11.22-22.47.33:058][  0]LogInit:  - supports SSL with WinSSL
[2015.11.22-22.47.33:058][  0]LogInit:  - other features:
[2015.11.22-22.47.33:058][  0]LogInit:      CURL_VERSION_SSL
[2015.11.22-22.47.33:058][  0]LogInit:      CURL_VERSION_IPV6
[2015.11.22-22.47.33:058][  0]LogInit:      CURL_VERSION_ASYNCHDNS
[2015.11.22-22.47.33:058][  0]LogInit:      CURL_VERSION_LARGEFILE
[2015.11.22-22.47.33:058][  0]LogInit:      CURL_VERSION_IDN
[2015.11.22-22.47.33:058][  0]LogInit:  CurlRequestOptions (configurable via config and command line):
[2015.11.22-22.47.33:058][  0]LogInit:  - bVerifyPeer = true  - Libcurl will verify peer certificate
[2015.11.22-22.47.33:058][  0]LogInit:  - bUseHttpProxy = false  - Libcurl will NOT use HTTP proxy
[2015.11.22-22.47.33:058][  0]LogInit:  - bDontReuseConnections = false  - Libcurl will reuse connections
[2015.11.22-22.47.33:058][  0]LogInit:  - CertBundlePath = nullptr  - Libcurl will use whatever was configured at build time.
[2015.11.22-22.47.33:065][  0]LogInit: Presizing for 0 objects not considered by GC, pre-allocating 0 bytes.
[2015.11.22-22.47.33:076][  0]LogInit: Object subsystem initialized
[2015.11.22-22.47.33:078][  0]LogInit: Selected Device Profile: [Windows]
[2015.11.22-22.47.33:078][  0]LogInit: Applying CVar settings loaded from the selected device profile: [Windows]
[2015.11.22-22.47.33:087][  0]LogInit: Computer: STOFFEPC
[2015.11.22-22.47.33:087][  0]LogInit: User: Stoffe
[2015.11.22-22.47.33:087][  0]LogInit: CPU Page size=4096, Cores=2
[2015.11.22-22.47.33:087][  0]LogInit: High frequency timer resolution =3.222677 MHz
[2015.11.22-22.47.33:087][  0]LogMemory: Memory total: Physical=7.9GB (8GB approx)
[2015.11.22-22.47.33:087][  0]LogMemory: Platform Memory Stats for Windows
[2015.11.22-22.47.33:087][  0]LogMemory: Process Physical Memory: 51.88 MB used, 51.88 MB peak
[2015.11.22-22.47.33:087][  0]LogMemory: Process Virtual Memory: 56.85 MB used, 56.85 MB peak
[2015.11.22-22.47.33:087][  0]LogMemory: Physical Memory: 2345.13 MB used, 8126.94 MB total
[2015.11.22-22.47.33:087][  0]LogMemory: Virtual Memory: 349.46 MB used, 134217728.00 MB total
[2015.11.22-22.47.33:119][  0]LogTextLocalizationManager: No translations for ('sv-SE') exist, falling back to 'en' for localization and internationalization data.
[2015.11.22-22.47.33:967][  0]LogD3D11RHI: Found D3D11 adapter 0: AMD Radeon HD 7800 Series (Feature Level 11_0)
[2015.11.22-22.47.33:967][  0]LogD3D11RHI: Adapter has 2030MB of dedicated video memory, 0MB of dedicated system memory, and 3840MB of shared system memory, 2 output[s]
[2015.11.22-22.47.33:968][  0]LogD3D11RHI: Found D3D11 adapter 1: Microsoft Basic Render Driver (Feature Level 11_0)
[2015.11.22-22.47.33:968][  0]LogD3D11RHI: Adapter has 0MB of dedicated video memory, 0MB of dedicated system memory, and 256MB of shared system memory, 0 output[s]
[2015.11.22-22.47.33:969][  0]LogD3D11RHI: Chosen D3D11 Adapter Id = 0
[2015.11.22-22.47.33:972][  0]LogD3D11RHI: !Direct3DDevice
[2015.11.22-22.47.33:972][  0]LogRHI: Texture pool is 1361 MB (70% of 1945 MB)
[2015.11.22-22.47.33:977][  0]LogD3D11RHI: Async texture creation disabled: no driver support
[2015.11.22-22.47.33:988][  0]LogShaderCompilers: Guid format shader working directory is 15 characters bigger than the processId version (../../../../../../Users/Stoffe/Documents/GitHub/SW_Project2/SW_Project2/Intermediate/Shaders/WorkingDirectory/3708/).
[2015.11.22-22.47.33:988][  0]LogShaderCompilers: Cleaned the shader compiler working directory '../../../../../../Users/Stoffe/Documents/GitHub/SW_Project2/SW_Project2/Intermediate/Shaders/tmp/0B8C4611422BB3CC837699867E99D055/'.
[2015.11.22-22.47.33:988][  0]LogShaderCompilers:Display: Using Local Shader Compiler.
[2015.11.22-22.47.35:324][  0]LogTemp:Display: Loaded TP AllDesktopTargetPlatform
[2015.11.22-22.47.35:330][  0]LogTemp:Display: Loaded TP WindowsClientTargetPlatform
[2015.11.22-22.47.35:336][  0]LogTemp:Display: Loaded TP WindowsNoEditorTargetPlatform
[2015.11.22-22.47.35:342][  0]LogTemp:Display: Loaded TP WindowsServerTargetPlatform
[2015.11.22-22.47.35:347][  0]LogTemp:Display: Loaded TP WindowsTargetPlatform
[2015.11.22-22.47.35:351][  0]LogTemp:Display: Loaded TP AndroidTargetPlatform
[2015.11.22-22.47.35:355][  0]LogTemp:Display: Loaded TP Android_ASTCTargetPlatform
[2015.11.22-22.47.35:359][  0]LogTemp:Display: Loaded TP Android_ATCTargetPlatform
[2015.11.22-22.47.35:363][  0]LogTemp:Display: Loaded TP Android_DXTTargetPlatform
[2015.11.22-22.47.35:366][  0]LogTemp:Display: Loaded TP Android_ETC1TargetPlatform
[2015.11.22-22.47.35:370][  0]LogTemp:Display: Loaded TP Android_ETC2TargetPlatform
[2015.11.22-22.47.35:374][  0]LogTemp:Display: Loaded TP Android_PVRTCTargetPlatform
[2015.11.22-22.47.35:375][  0]LogTemp:Display: Loaded TP HTML5TargetPlatform
[2015.11.22-22.47.35:392][  0]LogTemp:Display: Loaded TP IOSTargetPlatform
[2015.11.22-22.47.35:395][  0]LogTemp:Display: Loaded TP LinuxNoEditorTargetPlatform
[2015.11.22-22.47.35:398][  0]LogTemp:Display: Loaded TP LinuxServerTargetPlatform
[2015.11.22-22.47.35:403][  0]LogTemp:Display: Loaded TP LinuxTargetPlatform
[2015.11.22-22.47.35:403][  0]LogTargetPlatformManager:Display: Building Assets For Windows
[2015.11.22-22.47.35:497][  0]LogDerivedDataCache:Display: Max Cache Size: 512 MB
[2015.11.22-22.47.35:540][  0]LogDerivedDataCache: Loaded boot cache 0.04s 42MB C:/Users/Stoffe/AppData/Local/UnrealEngine/4.9/DerivedDataCache/Boot.ddc.
[2015.11.22-22.47.35:540][  0]LogDerivedDataCache:Display: Loaded Boot cache: C:/Users/Stoffe/AppData/Local/UnrealEngine/4.9/DerivedDataCache/Boot.ddc
[2015.11.22-22.47.35:540][  0]LogDerivedDataCache: FDerivedDataBackendGraph:  Pak pak cache file ../../../../../../Users/Stoffe/Documents/GitHub/SW_Project2/SW_Project2/DerivedDataCache/DDC.ddp not found, will not use a pak cache.
[2015.11.22-22.47.35:540][  0]LogDerivedDataCache: Unable to find inner node Pak for hierarchical cache Hierarchy.
[2015.11.22-22.47.35:540][  0]LogDerivedDataCache: FDerivedDataBackendGraph:  CompressedPak pak cache file ../../../../../../Users/Stoffe/Documents/GitHub/SW_Project2/SW_Project2/DerivedDataCache/Compressed.ddp not found, will not use a pak cache.
[2015.11.22-22.47.35:540][  0]LogDerivedDataCache: Unable to find inner node CompressedPak for hierarchical cache Hierarchy.
[2015.11.22-22.47.35:704][  0]LogDerivedDataCache:Display: Pak cache opened for reading ../../../Engine/DerivedDataCache/Compressed.ddp.
[2015.11.22-22.47.35:716][  0]LogDerivedDataCache: Using Local data cache path C:/Users/Stoffe/AppData/Local/UnrealEngine/Common/DerivedDataCache: Writable
[2015.11.22-22.47.35:938][  0]LogInit: Selected Device Profile: [Windows]
[2015.11.22-22.47.35:942][  0]LogContentStreaming: Texture pool size is 0.000000MB
[2015.11.22-22.47.36:083][  0]LogMeshUtilities: No automatic mesh reduction module available
[2015.11.22-22.47.36:083][  0]LogMeshUtilities: No automatic mesh merging module available
[2015.11.22-22.47.36:368][  0]LogInit: WinSock: version 1.1 (2.2), MaxSocks=32767, MaxUdp=65467
[2015.11.22-22.47.37:105][  0]UdpMessaging: Initializing bridge on interface 0.0.0.0:0 to multicast group 230.0.0.1:6666.
[2015.11.22-22.47.37:239][  0]LogAssetRegistry: FAssetRegistry took 0.0111 seconds to start up
[2015.11.22-22.47.37:475][  0]SourceControl: Info Source control is disabled
[2015.11.22-22.47.37:486][  0]SourceControl: Info Source control is disabled
[2015.11.22-22.47.37:499][  0]SourceControl: Info Source control is disabled
[2015.11.22-22.47.37:514][  0]SourceControl: Info Source control is disabled
[2015.11.22-22.47.37:697][  0]LogLinker:Warning: Asset '../../../Engine/Plugins/Runtime/LeapMotionController/Content/LM_PassthroughMaterial.uasset' has been saved with empty engine version. The asset will be loaded but may be incompatible.
[2015.11.22-22.47.37:791][  0]LogObj: 28509 objects as part of root set at end of initial load.
[2015.11.22-22.47.37:791][  0]LogUObjectAllocator: 6105608 out of 0 bytes used by permanent object pool.
[2015.11.22-22.47.37:850][  0]LogEngine: Initializing Engine...
[2015.11.22-22.47.37:853][  0]LogHMD: Can't find Oculus library dev build: is proper Runtime installed? Version: 0.7.0.0
[2015.11.22-22.47.37:854][  0]LogHMD: SteamVR failed to initialize.  Err: 110
[2015.11.22-22.47.37:996][  0]LogAIModule: Creating AISystem for world NewWorld
[2015.11.22-22.47.38:001][  0]LogInit: XAudio2 using 'Högtalare (Realtek High Definition Audio)' : 2 channels at 48 kHz using 32 bits per sample (channel mask 0x3)
[2015.11.22-22.47.38:009][  0]LogInit: FAudioDevice initialized.
[2015.11.22-22.47.38:030][  0]LogDerivedDataCache: Saved boot cache 0.02s 42MB C:/Users/Stoffe/AppData/Local/UnrealEngine/4.9/DerivedDataCache/Boot.ddc.
[2015.11.22-22.47.38:032][  0]LogInit: Texture streaming: Enabled
[2015.11.22-22.47.38:039][  0]LogAnalytics: Creating configured Analytics provider AnalyticsET
[2015.11.22-22.47.38:039][  0]LogAnalytics: [UEEditor.Rocket.Release] APIServer = http://et2.epicgames.com/ET2/. AppVersion = 4.9.2-2707645+++depot+UE4-Releases+4.9
[2015.11.22-22.47.38:039][  0]LogAnalytics: [UEEditor.Rocket.Release] SetUserId c2f82278409fbc7e17ba4c8b187827c0|8471e16762be488588a110ad13c08bd6|a2f24018-7849-4a41-8ec9-fa4680d0f5a7
[2015.11.22-22.47.38:039][  0]LogAnalytics: [UEEditor.Rocket.Release] AnalyticsET::StartSession
[2015.11.22-22.47.38:047][  0]LogWindowsTextInputMethodSystem:Display: IME system now deactivated.
[2015.11.22-22.47.38:061][  0]LogInit: Transaction tracking system initialized
[2015.11.22-22.47.38:094][  0]BlueprintLog: New page: Editor Load
[2015.11.22-22.47.38:200][  0]LocalizationService: Info Localization service is disabled
[2015.11.22-22.47.38:301][  0]LogConsoleResponse:Display: 
[2015.11.22-22.47.38:468][  0]LogCook:Display: Done creating registry. It took  0.00s.
[2015.11.22-22.47.38:486][  0]LogFileCache: Scanning file cache for directory 'C:/Users/Stoffe/Documents/GitHub/SW_Project2/SW_Project2/Content/' took 0.02s
[2015.11.22-22.47.38:556][  0]SourceControl: Info Source control is disabled
[2015.11.22-22.47.38:557][  0]Cmd: MAP LOAD FILE="../../../../../../Users/Stoffe/Documents/GitHub/SW_Project2/SW_Project2/Content/FlyingCPP/Maps/FlyingExampleMap.umap" TEMPLATE=0 SHOWPROGRESS=1 FEATURELEVEL=3
[2015.11.22-22.47.38:557][  0]LightingResults: New page: Lighting Build
[2015.11.22-22.47.38:562][  0]MapCheck: New page: Map Check
[2015.11.22-22.47.38:562][  0]LightingResults: New page: Lighting Build
[2015.11.22-22.47.38:584][  0]LogParticles: Destroying 0 GPU particle simulations for FXSystem 0x000000281E582160
[2015.11.22-22.47.39:175][  0]LogAIModule: Creating AISystem for world FlyingExampleMap
[2015.11.22-22.47.39:200][  0]LogEditorServer: Finished looking for orphan Actors (0.000 secs)
[2015.11.22-22.47.39:201][  0]Cmd: MAP CHECKDEP NOCLEARLOG
[2015.11.22-22.47.39:282][  0]MapCheck: Info Map check complete: 0 Error(s), 0 Warning(s), took 80.26ms to complete.
[2015.11.22-22.47.39:282][  0]LogFileHelpers: Loading map 'FlyingExampleMap' took 0.725
[2015.11.22-22.47.39:415][  0]LogCollectionManager: Loaded 0 collections in 0.002172 seconds
[2015.11.22-22.47.39:459][  0]LogFileCache: Scanning file cache for directory 'C:/Users/Stoffe/Documents/GitHub/SW_Project2/SW_Project2/Saved/Collections/' took 0.01s
[2015.11.22-22.47.39:459][  0]LogFileCache: Scanning file cache for directory 'C:/Users/Stoffe/Documents/GitHub/SW_Project2/SW_Project2/Content/Developers/Stoffe/Collections/' took 0.01s
[2015.11.22-22.47.39:459][  0]LogFileCache: Scanning file cache for directory 'C:/Users/Stoffe/Documents/GitHub/SW_Project2/SW_Project2/Content/Collections/' took 0.01s
[2015.11.22-22.47.39:459][  0]LogContentBrowser: Native class hierarchy populated in 0.0095 seconds. Added 1871 classes and 335 folders.
[2015.11.22-22.47.39:469][  0]LogCollectionManager: Rebuilt the GUID cache for 0 collections in 0.000003 seconds
[2015.11.22-22.47.39:477][  0]LogContentBrowser: Native class hierarchy updated for 'WidgetCarousel' in 0.0011 seconds. Added 0 classes and 0 folders.
[2015.11.22-22.47.39:527][  0]LogContentBrowser: Native class hierarchy updated for 'AddContentDialog' in 0.0011 seconds. Added 0 classes and 0 folders.
[2015.11.22-22.47.39:542][  0]LogContentBrowser: Native class hierarchy updated for 'SceneOutliner' in 0.0017 seconds. Added 1 classes and 2 folders.
[2015.11.22-22.47.39:627][  0]LogCrashTracker: Crashtracker disabled due to settings.
[2015.11.22-22.47.39:631][  0]LogUObjectGlobals:Warning: Failed to find object 'Class None.'
[2015.11.22-22.47.39:654][  0]LogLoad: Full Startup: 7.58 seconds (BP compile: 0.09 seconds)
[2015.11.22-22.47.39:747][  0]LogContentStreaming: Texture pool size now 1000 MB
[2015.11.22-22.47.39:877][  0]LogRenderer: Reallocating scene render targets to support 896x616 (Frame:2).
[2015.11.22-22.47.40:543][  3]LogAssetRegistry: Asset discovery search completed in 3.3157 seconds
[2015.11.22-22.47.40:543][  3]LogCollectionManager: Rebuilt the object cache for 0 collections in 0.000001 seconds (found 0 objects)
[2015.11.22-22.47.40:543][  3]LogCollectionManager: Fixed up redirectors for 0 collections in 0.000056 seconds (updated 0 objects)
[2015.11.22-22.47.55:382][361]LogVSAccessor:Warning: Visual Studio is open but could not be queried - it may be blocked by a modal operation
[2015.11.22-22.47.59:445][362]LogVSAccessor:Warning: Couldn't goto line number '0' in 'C:/Users/Stoffe/Documents/GitHub/SW_Project2/SW_Project2/Source/SW_Project2/Projectile.h'
[2015.11.22-22.47.59:496][362]LogVSAccessor:Warning: Couldn't goto line number '0' in 'C:/Users/Stoffe/Documents/GitHub/SW_Project2/SW_Project2/Source/SW_Project2/Projectile.cpp'
[2015.11.22-22.48.04:743][502]LogVSAccessor:Warning: Couldn't get Visual Studio COM object
[2015.11.22-22.48.04:743][502]LogVSAccessor:Warning: Couldn't access Visual Studio
[2015.11.22-22.48.04:754][502]Recompiling SW_Project2...
[2015.11.22-22.48.04:754][502]Launching UnrealBuildTool... [C:/Program Files/Epic Games/4.9/Engine/Binaries/DotNET/UnrealBuildTool.exe SW_Project2 -ModuleWithSuffix SW_Project2 7834 Win64 Development -editorrecompile -canskiplink "C:/Users/Stoffe/Documents/GitHub/SW_Project2/SW_Project2/SW_Project2.uproject" -rocket  -rocket]
[2015.11.22-22.48.04:755][502]Warning: Starting HotReload took  1.5s.
[2015.11.22-22.48.08:452][713]CompilerResultsLog: New page: Compilation - Nov 23, 2015, 12:48:08 AM
[2015.11.22-22.48.08:452][713]CompilerResultsLog: Info Compiling game modules for hot reload
[2015.11.22-22.48.08:452][713]CompilerResultsLog: Info Target is up to date.
[2015.11.22-22.48.08:452][713]LogMainFrame: MainFrame: Module compiling took 3.709 seconds
[2015.11.22-22.48.16:800][738]LogBlueprintUserMessages: Early PlayInEditor Detection: Level '/Game/FlyingCPP/Maps/FlyingExampleMap.FlyingExampleMap:PersistentLevel' has LevelScriptBlueprint '/Game/FlyingCPP/Maps/FlyingExampleMap.FlyingExampleMap:PersistentLevel.FlyingExampleMap' with GeneratedClass '/Game/FlyingCPP/Maps/FlyingExampleMap.FlyingExampleMap_C' with ClassGeneratedBy '/Game/FlyingCPP/Maps/FlyingExampleMap.FlyingExampleMap:PersistentLevel.FlyingExampleMap'
[2015.11.22-22.48.16:800][738]LogPlayLevel: PlayLevel: No blueprints needed recompiling
[2015.11.22-22.48.16:800][738]PIE: New page: PIE session: FlyingExampleMap (Nov 23, 2015, 12:48:16 AM)
[2015.11.22-22.48.16:800][738]LogPlayLevel: Creating play world package: /Game/FlyingCPP/Maps/UEDPIE_0_FlyingExampleMap
[2015.11.22-22.48.16:876][738]LogPlayLevel: PIE: StaticDuplicateObject took: (0.075542s)
[2015.11.22-22.48.16:877][738]LogAIModule: Creating AISystem for world FlyingExampleMap
[2015.11.22-22.48.16:877][738]LogPlayLevel: PIE: World Init took: (0.001102s)
[2015.11.22-22.48.16:877][738]LogPlayLevel: PIE: Created PIE world by copying editor world from /Game/FlyingCPP/Maps/FlyingExampleMap.FlyingExampleMap to /Game/FlyingCPP/Maps/UEDPIE_0_FlyingExampleMap.FlyingExampleMap (0.077094s)
[2015.11.22-22.48.16:877][738]LogActorComponent: UnregisterComponent: (/Engine/Transient.ProjectileComp) Not registered. Aborting.
[2015.11.22-22.48.16:923][738]LogInit: XAudio2 using 'Högtalare (Realtek High Definition Audio)' : 2 channels at 48 kHz using 32 bits per sample (channel mask 0x3)
[2015.11.22-22.48.16:932][738]LogInit: FAudioDevice initialized.
[2015.11.22-22.48.16:999][738]LogWorld: Game class is 'SW_Project2GameMode'
[2015.11.22-22.48.17:031][738]LogWorld: Bringing World /Game/FlyingCPP/Maps/UEDPIE_0_FlyingExampleMap.FlyingExampleMap up for play (max tick rate 0) at 2015.11.22-23.48.17
[2015.11.22-22.48.17:031][738]LogActor:Warning: GameSession /Game/FlyingCPP/Maps/UEDPIE_0_FlyingExampleMap.FlyingExampleMap:PersistentLevel.GameSession_0 has natively added scene component(s), but none of them were set as the actor's RootComponent - picking one arbitrarily
[2015.11.22-22.48.17:032][738]LogActor:Warning: GameNetworkManager /Game/FlyingCPP/Maps/UEDPIE_0_FlyingExampleMap.FlyingExampleMap:PersistentLevel.GameNetworkManager_0 has natively added scene component(s), but none of them were set as the actor's RootComponent - picking one arbitrarily
[2015.11.22-22.48.17:033][738]LogWorld: Bringing up level for play took: 0.032766
[2015.11.22-22.48.17:035][738]PIE: Info Play in editor start time for /Game/FlyingCPP/Maps/UEDPIE_0_FlyingExampleMap 0.893
[2015.11.22-22.48.17:036][738]LogBlueprintUserMessages: Late PlayInEditor Detection: Level '/Game/FlyingCPP/Maps/FlyingExampleMap.FlyingExampleMap:PersistentLevel' has LevelScriptBlueprint '/Game/FlyingCPP/Maps/FlyingExampleMap.FlyingExampleMap:PersistentLevel.FlyingExampleMap' with GeneratedClass '/Game/FlyingCPP/Maps/FlyingExampleMap.FlyingExampleMap_C' with ClassGeneratedBy '/Game/FlyingCPP/Maps/FlyingExampleMap.FlyingExampleMap:PersistentLevel.FlyingExampleMap'
[2015.11.22-22.48.20:404][ 87]LogBlueprintUserMessages: Early EndPlayMap Detection: Level '/Game/FlyingCPP/Maps/FlyingExampleMap.FlyingExampleMap:PersistentLevel' has LevelScriptBlueprint '/Game/FlyingCPP/Maps/FlyingExampleMap.FlyingExampleMap:PersistentLevel.FlyingExampleMap' with GeneratedClass '/Game/FlyingCPP/Maps/FlyingExampleMap.FlyingExampleMap_C' with ClassGeneratedBy '/Game/FlyingCPP/Maps/FlyingExampleMap.FlyingExampleMap:PersistentLevel.FlyingExampleMap'
[2015.11.22-22.48.20:440][ 87]LogBlueprintUserMessages: Late EndPlayMap Detection: Level '/Game/FlyingCPP/Maps/FlyingExampleMap.FlyingExampleMap:PersistentLevel' has LevelScriptBlueprint '/Game/FlyingCPP/Maps/FlyingExampleMap.FlyingExampleMap:PersistentLevel.FlyingExampleMap' with GeneratedClass '/Game/FlyingCPP/Maps/FlyingExampleMap.FlyingExampleMap_C' with ClassGeneratedBy '/Game/FlyingCPP/Maps/FlyingExampleMap.FlyingExampleMap:PersistentLevel.FlyingExampleMap'
[2015.11.22-22.48.20:467][ 87]LogParticles: Destroying 0 GPU particle simulations for FXSystem 0x00000028245B9EE0
[2015.11.22-22.48.24:748][329]LogVSAccessor:Warning: Visual Studio is open but could not be queried - it may be blocked by a modal operation
[2015.11.22-22.48.27:631][330]LogVSAccessor:Warning: Couldn't goto line number '0' in 'C:/Users/Stoffe/Documents/GitHub/SW_Project2/SW_Project2/Source/SW_Project2/Projectile.h'
[2015.11.22-22.48.27:983][330]LogVSAccessor:Warning: Couldn't goto line number '0' in 'C:/Users/Stoffe/Documents/GitHub/SW_Project2/SW_Project2/Source/SW_Project2/Projectile.cpp'
[2015.11.22-22.49.00:258][381]LogBlueprintUserMessages: Early PlayInEditor Detection: Level '/Game/FlyingCPP/Maps/FlyingExampleMap.FlyingExampleMap:PersistentLevel' has LevelScriptBlueprint '/Game/FlyingCPP/Maps/FlyingExampleMap.FlyingExampleMap:PersistentLevel.FlyingExampleMap' with GeneratedClass '/Game/FlyingCPP/Maps/FlyingExampleMap.FlyingExampleMap_C' with ClassGeneratedBy '/Game/FlyingCPP/Maps/FlyingExampleMap.FlyingExampleMap:PersistentLevel.FlyingExampleMap'
[2015.11.22-22.49.00:258][381]LogPlayLevel: PlayLevel: No blueprints needed recompiling
[2015.11.22-22.49.00:258][381]PIE: New page: PIE session: FlyingExampleMap (Nov 23, 2015, 12:49:00 AM)
[2015.11.22-22.49.00:259][381]LogPlayLevel: Creating play world package: /Game/FlyingCPP/Maps/UEDPIE_0_FlyingExampleMap
[2015.11.22-22.49.00:318][381]LogPlayLevel: PIE: StaticDuplicateObject took: (0.059013s)
[2015.11.22-22.49.00:318][381]LogAIModule: Creating AISystem for world FlyingExampleMap
[2015.11.22-22.49.00:319][381]LogPlayLevel: PIE: World Init took: (0.001122s)
[2015.11.22-22.49.00:319][381]LogPlayLevel: PIE: Created PIE world by copying editor world from /Game/FlyingCPP/Maps/FlyingExampleMap.FlyingExampleMap to /Game/FlyingCPP/Maps/UEDPIE_0_FlyingExampleMap.FlyingExampleMap (0.060592s)
[2015.11.22-22.49.00:352][381]LogInit: XAudio2 using 'Högtalare (Realtek High Definition Audio)' : 2 channels at 48 kHz using 32 bits per sample (channel mask 0x3)
[2015.11.22-22.49.00:361][381]LogInit: FAudioDevice initialized.
[2015.11.22-22.49.00:403][381]LogWorld: Game class is 'SW_Project2GameMode'
[2015.11.22-22.49.00:434][381]LogWorld: Bringing World /Game/FlyingCPP/Maps/UEDPIE_0_FlyingExampleMap.FlyingExampleMap up for play (max tick rate 0) at 2015.11.22-23.49.00
[2015.11.22-22.49.00:434][381]LogActor:Warning: GameSession /Game/FlyingCPP/Maps/UEDPIE_0_FlyingExampleMap.FlyingExampleMap:PersistentLevel.GameSession_1 has natively added scene component(s), but none of them were set as the actor's RootComponent - picking one arbitrarily
[2015.11.22-22.49.00:434][381]LogActor:Warning: GameNetworkManager /Game/FlyingCPP/Maps/UEDPIE_0_FlyingExampleMap.FlyingExampleMap:PersistentLevel.GameNetworkManager_1 has natively added scene component(s), but none of them were set as the actor's RootComponent - picking one arbitrarily
[2015.11.22-22.49.00:435][381]LogWorld: Bringing up level for play took: 0.031351
[2015.11.22-22.49.00:437][381]PIE: Info Play in editor start time for /Game/FlyingCPP/Maps/UEDPIE_0_FlyingExampleMap 0.294
[2015.11.22-22.49.00:437][381]LogBlueprintUserMessages: Late PlayInEditor Detection: Level '/Game/FlyingCPP/Maps/FlyingExampleMap.FlyingExampleMap:PersistentLevel' has LevelScriptBlueprint '/Game/FlyingCPP/Maps/FlyingExampleMap.FlyingExampleMap:PersistentLevel.FlyingExampleMap' with GeneratedClass '/Game/FlyingCPP/Maps/FlyingExampleMap.FlyingExampleMap_C' with ClassGeneratedBy '/Game/FlyingCPP/Maps/FlyingExampleMap.FlyingExampleMap:PersistentLevel.FlyingExampleMap'
[2015.11.22-22.49.03:691][664]LogBlueprintUserMessages: Early EndPlayMap Detection: Level '/Game/FlyingCPP/Maps/FlyingExampleMap.FlyingExampleMap:PersistentLevel' has LevelScriptBlueprint '/Game/FlyingCPP/Maps/FlyingExampleMap.FlyingExampleMap:PersistentLevel.FlyingExampleMap' with GeneratedClass '/Game/FlyingCPP/Maps/FlyingExampleMap.FlyingExampleMap_C' with ClassGeneratedBy '/Game/FlyingCPP/Maps/FlyingExampleMap.FlyingExampleMap:PersistentLevel.FlyingExampleMap'
[2015.11.22-22.49.03:728][664]LogBlueprintUserMessages: Late EndPlayMap Detection: Level '/Game/FlyingCPP/Maps/FlyingExampleMap.FlyingExampleMap:PersistentLevel' has LevelScriptBlueprint '/Game/FlyingCPP/Maps/FlyingExampleMap.FlyingExampleMap:PersistentLevel.FlyingExampleMap' with GeneratedClass '/Game/FlyingCPP/Maps/FlyingExampleMap.FlyingExampleMap_C' with ClassGeneratedBy '/Game/FlyingCPP/Maps/FlyingExampleMap.FlyingExampleMap:PersistentLevel.FlyingExampleMap'
[2015.11.22-22.49.03:766][664]LogParticles: Destroying 0 GPU particle simulations for FXSystem 0x0000002810B2D940
[2015.11.22-22.49.04:748][743]Recompiling SW_Project2...
[2015.11.22-22.49.04:749][743]Launching UnrealBuildTool... [C:/Program Files/Epic Games/4.9/Engine/Binaries/DotNET/UnrealBuildTool.exe SW_Project2 -ModuleWithSuffix SW_Project2 9025 Win64 Development -editorrecompile -canskiplink "C:/Users/Stoffe/Documents/GitHub/SW_Project2/SW_Project2/SW_Project2.uproject" -rocket  -rocket]
[2015.11.22-22.49.04:749][743]Warning: Starting HotReload took  0.0s.
[2015.11.22-22.49.11:501][182]CompilerResultsLog: New page: Compilation - Nov 23, 2015, 12:49:11 AM
[2015.11.22-22.49.11:501][182]CompilerResultsLog: Info Compiling game modules for hot reload
[2015.11.22-22.49.11:501][182]CompilerResultsLog: Info Target is up to date.
[2015.11.22-22.49.11:503][182]LogMainFrame: MainFrame: Module compiling took 6.765 seconds
[2015.11.22-22.49.14:033][189]LogBlueprintUserMessages: Early PlayInEditor Detection: Level '/Game/FlyingCPP/Maps/FlyingExampleMap.FlyingExampleMap:PersistentLevel' has LevelScriptBlueprint '/Game/FlyingCPP/Maps/FlyingExampleMap.FlyingExampleMap:PersistentLevel.FlyingExampleMap' with GeneratedClass '/Game/FlyingCPP/Maps/FlyingExampleMap.FlyingExampleMap_C' with ClassGeneratedBy '/Game/FlyingCPP/Maps/FlyingExampleMap.FlyingExampleMap:PersistentLevel.FlyingExampleMap'
[2015.11.22-22.49.14:033][189]LogPlayLevel: PlayLevel: No blueprints needed recompiling
[2015.11.22-22.49.14:033][189]PIE: New page: PIE session: FlyingExampleMap (Nov 23, 2015, 12:49:14 AM)
[2015.11.22-22.49.14:033][189]LogPlayLevel: Creating play world package: /Game/FlyingCPP/Maps/UEDPIE_0_FlyingExampleMap
[2015.11.22-22.49.14:094][189]LogPlayLevel: PIE: StaticDuplicateObject took: (0.061301s)
[2015.11.22-22.49.14:095][189]LogAIModule: Creating AISystem for world FlyingExampleMap
[2015.11.22-22.49.14:095][189]LogPlayLevel: PIE: World Init took: (0.001016s)
[2015.11.22-22.49.14:096][189]LogPlayLevel: PIE: Created PIE world by copying editor world from /Game/FlyingCPP/Maps/FlyingExampleMap.FlyingExampleMap to /Game/FlyingCPP/Maps/UEDPIE_0_FlyingExampleMap.FlyingExampleMap (0.062737s)
[2015.11.22-22.49.14:134][189]LogInit: XAudio2 using 'Högtalare (Realtek High Definition Audio)' : 2 channels at 48 kHz using 32 bits per sample (channel mask 0x3)
[2015.11.22-22.49.14:185][189]LogInit: FAudioDevice initialized.
[2015.11.22-22.49.14:253][189]LogWorld: Game class is 'SW_Project2GameMode'
[2015.11.22-22.49.14:284][189]LogWorld: Bringing World /Game/FlyingCPP/Maps/UEDPIE_0_FlyingExampleMap.FlyingExampleMap up for play (max tick rate 0) at 2015.11.22-23.49.14
[2015.11.22-22.49.14:284][189]LogActor:Warning: GameSession /Game/FlyingCPP/Maps/UEDPIE_0_FlyingExampleMap.FlyingExampleMap:PersistentLevel.GameSession_2 has natively added scene component(s), but none of them were set as the actor's RootComponent - picking one arbitrarily
[2015.11.22-22.49.14:284][189]LogActor:Warning: GameNetworkManager /Game/FlyingCPP/Maps/UEDPIE_0_FlyingExampleMap.FlyingExampleMap:PersistentLevel.GameNetworkManager_2 has natively added scene component(s), but none of them were set as the actor's RootComponent - picking one arbitrarily
[2015.11.22-22.49.14:285][189]LogWorld: Bringing up level for play took: 0.031625
[2015.11.22-22.49.14:287][189]PIE: Info Play in editor start time for /Game/FlyingCPP/Maps/UEDPIE_0_FlyingExampleMap 0.144
[2015.11.22-22.49.14:287][189]LogBlueprintUserMessages: Late PlayInEditor Detection: Level '/Game/FlyingCPP/Maps/FlyingExampleMap.FlyingExampleMap:PersistentLevel' has LevelScriptBlueprint '/Game/FlyingCPP/Maps/FlyingExampleMap.FlyingExampleMap:PersistentLevel.FlyingExampleMap' with GeneratedClass '/Game/FlyingCPP/Maps/FlyingExampleMap.FlyingExampleMap_C' with ClassGeneratedBy '/Game/FlyingCPP/Maps/FlyingExampleMap.FlyingExampleMap:PersistentLevel.FlyingExampleMap'
[2015.11.22-22.49.25:266][577]LogBlueprintUserMessages: Early EndPlayMap Detection: Level '/Game/FlyingCPP/Maps/FlyingExampleMap.FlyingExampleMap:PersistentLevel' has LevelScriptBlueprint '/Game/FlyingCPP/Maps/FlyingExampleMap.FlyingExampleMap:PersistentLevel.FlyingExampleMap' with GeneratedClass '/Game/FlyingCPP/Maps/FlyingExampleMap.FlyingExampleMap_C' with ClassGeneratedBy '/Game/FlyingCPP/Maps/FlyingExampleMap.FlyingExampleMap:PersistentLevel.FlyingExampleMap'
[2015.11.22-22.49.25:318][577]LogBlueprintUserMessages: Late EndPlayMap Detection: Level '/Game/FlyingCPP/Maps/FlyingExampleMap.FlyingExampleMap:PersistentLevel' has LevelScriptBlueprint '/Game/FlyingCPP/Maps/FlyingExampleMap.FlyingExampleMap:PersistentLevel.FlyingExampleMap' with GeneratedClass '/Game/FlyingCPP/Maps/FlyingExampleMap.FlyingExampleMap_C' with ClassGeneratedBy '/Game/FlyingCPP/Maps/FlyingExampleMap.FlyingExampleMap:PersistentLevel.FlyingExampleMap'
[2015.11.22-22.49.25:403][578]LogParticles: Destroying 0 GPU particle simulations for FXSystem 0x0000002810AC2AC0
[2015.11.22-22.49.26:041][620]LogBlueprintUserMessages: Early PlayInEditor Detection: Level '/Game/FlyingCPP/Maps/FlyingExampleMap.FlyingExampleMap:PersistentLevel' has LevelScriptBlueprint '/Game/FlyingCPP/Maps/FlyingExampleMap.FlyingExampleMap:PersistentLevel.FlyingExampleMap' with GeneratedClass '/Game/FlyingCPP/Maps/FlyingExampleMap.FlyingExampleMap_C' with ClassGeneratedBy '/Game/FlyingCPP/Maps/FlyingExampleMap.FlyingExampleMap:PersistentLevel.FlyingExampleMap'
[2015.11.22-22.49.26:042][620]LogPlayLevel: PlayLevel: No blueprints needed recompiling
[2015.11.22-22.49.26:042][620]PIE: New page: PIE session: FlyingExampleMap (Nov 23, 2015, 12:49:26 AM)
[2015.11.22-22.49.26:042][620]LogPlayLevel: Creating play world package: /Game/FlyingCPP/Maps/UEDPIE_0_FlyingExampleMap
[2015.11.22-22.49.26:119][620]LogPlayLevel: PIE: StaticDuplicateObject took: (0.077452s)
[2015.11.22-22.49.26:120][620]LogAIModule: Creating AISystem for world FlyingExampleMap
[2015.11.22-22.49.26:120][620]LogPlayLevel: PIE: World Init took: (0.001032s)
[2015.11.22-22.49.26:121][620]LogPlayLevel: PIE: Created PIE world by copying editor world from /Game/FlyingCPP/Maps/FlyingExampleMap.FlyingExampleMap to /Game/FlyingCPP/Maps/UEDPIE_0_FlyingExampleMap.FlyingExampleMap (0.078953s)
[2015.11.22-22.49.26:157][620]LogInit: XAudio2 using 'Högtalare (Realtek High Definition Audio)' : 2 channels at 48 kHz using 32 bits per sample (channel mask 0x3)
[2015.11.22-22.49.26:184][620]LogInit: FAudioDevice initialized.
[2015.11.22-22.49.26:244][620]LogWorld: Game class is 'SW_Project2GameMode'
[2015.11.22-22.49.26:276][620]LogWorld: Bringing World /Game/FlyingCPP/Maps/UEDPIE_0_FlyingExampleMap.FlyingExampleMap up for play (max tick rate 0) at 2015.11.22-23.49.26
[2015.11.22-22.49.26:276][620]LogActor:Warning: GameSession /Game/FlyingCPP/Maps/UEDPIE_0_FlyingExampleMap.FlyingExampleMap:PersistentLevel.GameSession_3 has natively added scene component(s), but none of them were set as the actor's RootComponent - picking one arbitrarily
[2015.11.22-22.49.26:277][620]LogActor:Warning: GameNetworkManager /Game/FlyingCPP/Maps/UEDPIE_0_FlyingExampleMap.FlyingExampleMap:PersistentLevel.GameNetworkManager_3 has natively added scene component(s), but none of them were set as the actor's RootComponent - picking one arbitrarily
[2015.11.22-22.49.26:277][620]LogWorld: Bringing up level for play took: 0.032841
[2015.11.22-22.49.26:279][620]PIE: Info Play in editor start time for /Game/FlyingCPP/Maps/UEDPIE_0_FlyingExampleMap 0.137
[2015.11.22-22.49.26:280][620]LogBlueprintUserMessages: Late PlayInEditor Detection: Level '/Game/FlyingCPP/Maps/FlyingExampleMap.FlyingExampleMap:PersistentLevel' has LevelScriptBlueprint '/Game/FlyingCPP/Maps/FlyingExampleMap.FlyingExampleMap:PersistentLevel.FlyingExampleMap' with GeneratedClass '/Game/FlyingCPP/Maps/FlyingExampleMap.FlyingExampleMap_C' with ClassGeneratedBy '/Game/FlyingCPP/Maps/FlyingExampleMap.FlyingExampleMap:PersistentLevel.FlyingExampleMap'
[2015.11.22-22.49.32:207][ 57]LogBlueprintUserMessages: Early EndPlayMap Detection: Level '/Game/FlyingCPP/Maps/FlyingExampleMap.FlyingExampleMap:PersistentLevel' has LevelScriptBlueprint '/Game/FlyingCPP/Maps/FlyingExampleMap.FlyingExampleMap:PersistentLevel.FlyingExampleMap' with GeneratedClass '/Game/FlyingCPP/Maps/FlyingExampleMap.FlyingExampleMap_C' with ClassGeneratedBy '/Game/FlyingCPP/Maps/FlyingExampleMap.FlyingExampleMap:PersistentLevel.FlyingExampleMap'
[2015.11.22-22.49.32:242][ 57]LogBlueprintUserMessages: Late EndPlayMap Detection: Level '/Game/FlyingCPP/Maps/FlyingExampleMap.FlyingExampleMap:PersistentLevel' has LevelScriptBlueprint '/Game/FlyingCPP/Maps/FlyingExampleMap.FlyingExampleMap:PersistentLevel.FlyingExampleMap' with GeneratedClass '/Game/FlyingCPP/Maps/FlyingExampleMap.FlyingExampleMap_C' with ClassGeneratedBy '/Game/FlyingCPP/Maps/FlyingExampleMap.FlyingExampleMap:PersistentLevel.FlyingExampleMap'
[2015.11.22-22.49.32:309][ 58]LogParticles: Destroying 0 GPU particle simulations for FXSystem 0x0000002810AC1440
[2015.11.22-22.49.33:231][119]LogBlueprintUserMessages: Early PlayInEditor Detection: Level '/Game/FlyingCPP/Maps/FlyingExampleMap.FlyingExampleMap:PersistentLevel' has LevelScriptBlueprint '/Game/FlyingCPP/Maps/FlyingExampleMap.FlyingExampleMap:PersistentLevel.FlyingExampleMap' with GeneratedClass '/Game/FlyingCPP/Maps/FlyingExampleMap.FlyingExampleMap_C' with ClassGeneratedBy '/Game/FlyingCPP/Maps/FlyingExampleMap.FlyingExampleMap:PersistentLevel.FlyingExampleMap'
[2015.11.22-22.49.33:231][119]LogPlayLevel: PlayLevel: No blueprints needed recompiling
[2015.11.22-22.49.33:231][119]PIE: New page: PIE session: FlyingExampleMap (Nov 23, 2015, 12:49:33 AM)
[2015.11.22-22.49.33:231][119]LogPlayLevel: Creating play world package: /Game/FlyingCPP/Maps/UEDPIE_0_FlyingExampleMap
[2015.11.22-22.49.33:305][119]LogPlayLevel: PIE: StaticDuplicateObject took: (0.073839s)
[2015.11.22-22.49.33:306][119]LogAIModule: Creating AISystem for world FlyingExampleMap
[2015.11.22-22.49.33:306][119]LogPlayLevel: PIE: World Init took: (0.000842s)
[2015.11.22-22.49.33:306][119]LogPlayLevel: PIE: Created PIE world by copying editor world from /Game/FlyingCPP/Maps/FlyingExampleMap.FlyingExampleMap to /Game/FlyingCPP/Maps/UEDPIE_0_FlyingExampleMap.FlyingExampleMap (0.075058s)
[2015.11.22-22.49.33:342][119]LogInit: XAudio2 using 'Högtalare (Realtek High Definition Audio)' : 2 channels at 48 kHz using 32 bits per sample (channel mask 0x3)
[2015.11.22-22.49.33:365][119]LogInit: FAudioDevice initialized.
[2015.11.22-22.49.33:422][119]LogWorld: Game class is 'SW_Project2GameMode'
[2015.11.22-22.49.33:454][119]LogWorld: Bringing World /Game/FlyingCPP/Maps/UEDPIE_0_FlyingExampleMap.FlyingExampleMap up for play (max tick rate 0) at 2015.11.22-23.49.33
[2015.11.22-22.49.33:454][119]LogActor:Warning: GameSession /Game/FlyingCPP/Maps/UEDPIE_0_FlyingExampleMap.FlyingExampleMap:PersistentLevel.GameSession_4 has natively added scene component(s), but none of them were set as the actor's RootComponent - picking one arbitrarily
[2015.11.22-22.49.33:454][119]LogActor:Warning: GameNetworkManager /Game/FlyingCPP/Maps/UEDPIE_0_FlyingExampleMap.FlyingExampleMap:PersistentLevel.GameNetworkManager_4 has natively added scene component(s), but none of them were set as the actor's RootComponent - picking one arbitrarily
[2015.11.22-22.49.33:455][119]LogWorld: Bringing up level for play took: 0.032400
[2015.11.22-22.49.33:457][119]PIE: Info Play in editor start time for /Game/FlyingCPP/Maps/UEDPIE_0_FlyingExampleMap -0.685
[2015.11.22-22.49.33:457][119]LogBlueprintUserMessages: Late PlayInEditor Detection: Level '/Game/FlyingCPP/Maps/FlyingExampleMap.FlyingExampleMap:PersistentLevel' has LevelScriptBlueprint '/Game/FlyingCPP/Maps/FlyingExampleMap.FlyingExampleMap:PersistentLevel.FlyingExampleMap' with GeneratedClass '/Game/FlyingCPP/Maps/FlyingExampleMap.FlyingExampleMap_C' with ClassGeneratedBy '/Game/FlyingCPP/Maps/FlyingExampleMap.FlyingExampleMap:PersistentLevel.FlyingExampleMap'
[2015.11.22-22.49.36:860][279]LogBlueprintUserMessages: Early EndPlayMap Detection: Level '/Game/FlyingCPP/Maps/FlyingExampleMap.FlyingExampleMap:PersistentLevel' has LevelScriptBlueprint '/Game/FlyingCPP/Maps/FlyingExampleMap.FlyingExampleMap:PersistentLevel.FlyingExampleMap' with GeneratedClass '/Game/FlyingCPP/Maps/FlyingExampleMap.FlyingExampleMap_C' with ClassGeneratedBy '/Game/FlyingCPP/Maps/FlyingExampleMap.FlyingExampleMap:PersistentLevel.FlyingExampleMap'
[2015.11.22-22.49.36:909][279]LogBlueprintUserMessages: Late EndPlayMap Detection: Level '/Game/FlyingCPP/Maps/FlyingExampleMap.FlyingExampleMap:PersistentLevel' has LevelScriptBlueprint '/Game/FlyingCPP/Maps/FlyingExampleMap.FlyingExampleMap:PersistentLevel.FlyingExampleMap' with GeneratedClass '/Game/FlyingCPP/Maps/FlyingExampleMap.FlyingExampleMap_C' with ClassGeneratedBy '/Game/FlyingCPP/Maps/FlyingExampleMap.FlyingExampleMap:PersistentLevel.FlyingExampleMap'
[2015.11.22-22.49.36:987][280]LogParticles: Destroying 0 GPU particle simulations for FXSystem 0x0000002810B2FBA0
[2015.11.22-22.49.50:048][394]LogEditorViewport: Clicking on Actor (LMB): StaticMeshActor (TemplateCube_Rounded_7)
[2015.11.22-22.49.50:216][394]LogEditorViewport: Clicking on Actor (LMB): StaticMeshActor (TemplateCube_Rounded_139)
[2015.11.22-22.49.50:365][394]LogEditorViewport: Clicking on Actor (LMB): StaticMeshActor (TemplateCube_Rounded_139)
[2015.11.22-22.49.52:615][399]LogBlueprintUserMessages: Early PlayInEditor Detection: Level '/Game/FlyingCPP/Maps/FlyingExampleMap.FlyingExampleMap:PersistentLevel' has LevelScriptBlueprint '/Game/FlyingCPP/Maps/FlyingExampleMap.FlyingExampleMap:PersistentLevel.FlyingExampleMap' with GeneratedClass '/Game/FlyingCPP/Maps/FlyingExampleMap.FlyingExampleMap_C' with ClassGeneratedBy '/Game/FlyingCPP/Maps/FlyingExampleMap.FlyingExampleMap:PersistentLevel.FlyingExampleMap'
[2015.11.22-22.49.52:615][399]LogPlayLevel: PlayLevel: No blueprints needed recompiling
[2015.11.22-22.49.52:616][399]PIE: New page: PIE session: FlyingExampleMap (Nov 23, 2015, 12:49:52 AM)
[2015.11.22-22.49.52:616][399]LogPlayLevel: Creating play world package: /Game/FlyingCPP/Maps/UEDPIE_0_FlyingExampleMap
[2015.11.22-22.49.52:700][399]LogPlayLevel: PIE: StaticDuplicateObject took: (0.083623s)
[2015.11.22-22.49.52:701][399]LogAIModule: Creating AISystem for world FlyingExampleMap
[2015.11.22-22.49.52:702][399]LogPlayLevel: PIE: World Init took: (0.001148s)
[2015.11.22-22.49.52:702][399]LogPlayLevel: PIE: Created PIE world by copying editor world from /Game/FlyingCPP/Maps/FlyingExampleMap.FlyingExampleMap to /Game/FlyingCPP/Maps/UEDPIE_0_FlyingExampleMap.FlyingExampleMap (0.085181s)
[2015.11.22-22.49.52:742][399]LogInit: XAudio2 using 'Högtalare (Realtek High Definition Audio)' : 2 channels at 48 kHz using 32 bits per sample (channel mask 0x3)
[2015.11.22-22.49.52:751][399]LogInit: FAudioDevice initialized.
[2015.11.22-22.49.52:800][399]LogWorld: Game class is 'SW_Project2GameMode'
[2015.11.22-22.49.52:833][399]LogWorld: Bringing World /Game/FlyingCPP/Maps/UEDPIE_0_FlyingExampleMap.FlyingExampleMap up for play (max tick rate 0) at 2015.11.22-23.49.52
[2015.11.22-22.49.52:833][399]LogActor:Warning: GameSession /Game/FlyingCPP/Maps/UEDPIE_0_FlyingExampleMap.FlyingExampleMap:PersistentLevel.GameSession_5 has natively added scene component(s), but none of them were set as the actor's RootComponent - picking one arbitrarily
[2015.11.22-22.49.52:834][399]LogActor:Warning: GameNetworkManager /Game/FlyingCPP/Maps/UEDPIE_0_FlyingExampleMap.FlyingExampleMap:PersistentLevel.GameNetworkManager_5 has natively added scene component(s), but none of them were set as the actor's RootComponent - picking one arbitrarily
[2015.11.22-22.49.52:834][399]LogWorld: Bringing up level for play took: 0.033891
[2015.11.22-22.49.52:836][399]PIE: Info Play in editor start time for /Game/FlyingCPP/Maps/UEDPIE_0_FlyingExampleMap 0.693
[2015.11.22-22.49.52:836][399]LogBlueprintUserMessages: Late PlayInEditor Detection: Level '/Game/FlyingCPP/Maps/FlyingExampleMap.FlyingExampleMap:PersistentLevel' has LevelScriptBlueprint '/Game/FlyingCPP/Maps/FlyingExampleMap.FlyingExampleMap:PersistentLevel.FlyingExampleMap' with GeneratedClass '/Game/FlyingCPP/Maps/FlyingExampleMap.FlyingExampleMap_C' with ClassGeneratedBy '/Game/FlyingCPP/Maps/FlyingExampleMap.FlyingExampleMap:PersistentLevel.FlyingExampleMap'
[2015.11.22-22.49.54:845][543]LogBlueprintUserMessages: Early EndPlayMap Detection: Level '/Game/FlyingCPP/Maps/FlyingExampleMap.FlyingExampleMap:PersistentLevel' has LevelScriptBlueprint '/Game/FlyingCPP/Maps/FlyingExampleMap.FlyingExampleMap:PersistentLevel.FlyingExampleMap' with GeneratedClass '/Game/FlyingCPP/Maps/FlyingExampleMap.FlyingExampleMap_C' with ClassGeneratedBy '/Game/FlyingCPP/Maps/FlyingExampleMap.FlyingExampleMap:PersistentLevel.FlyingExampleMap'
[2015.11.22-22.49.54:948][543]LogBlueprintUserMessages: Late EndPlayMap Detection: Level '/Game/FlyingCPP/Maps/FlyingExampleMap.FlyingExampleMap:PersistentLevel' has LevelScriptBlueprint '/Game/FlyingCPP/Maps/FlyingExampleMap.FlyingExampleMap:PersistentLevel.FlyingExampleMap' with GeneratedClass '/Game/FlyingCPP/Maps/FlyingExampleMap.FlyingExampleMap_C' with ClassGeneratedBy '/Game/FlyingCPP/Maps/FlyingExampleMap.FlyingExampleMap:PersistentLevel.FlyingExampleMap'
[2015.11.22-22.49.55:078][544]LogParticles: Destroying 0 GPU particle simulations for FXSystem 0x0000002811E9D9E0
[2015.11.22-22.50.14:019][653]LogWindowsTextInputMethodSystem:Display: IME system now deactivated.
[2015.11.22-22.50.15:347][654]Cmd: QUIT_EDITOR
[2015.11.22-22.50.18:528][654]LogExit: Preparing to exit.
[2015.11.22-22.50.19:310][654]LogExit: Editor shut down
[2015.11.22-22.50.19:311][654]LogExit: Transaction tracking system shut down
[2015.11.22-22.50.19:313][654]LogParticles: Destroying 0 GPU particle simulations for FXSystem 0x000000280E518180
[2015.11.22-22.50.19:315][654]LogParticles: Destroying 0 GPU particle simulations for FXSystem 0x0000002824FE3880
[2015.11.22-22.50.19:315][654]LogParticles: Destroying 0 GPU particle simulations for FXSystem 0x000000280FCD65C0
[2015.11.22-22.50.19:315][654]LogParticles: Destroying 0 GPU particle simulations for FXSystem 0x00000028255AA020
[2015.11.22-22.50.19:595][654]LogParticles: Destroying 0 GPU particle simulations for FXSystem 0x0000002824577060
[2015.11.22-22.50.19:595][654]LogExit: Object subsystem successfully closed.
[2015.11.22-22.50.19:609][654]LogD3D11RHI: Shutdown
[2015.11.22-22.50.19:609][654]LogD3D11RHI: CleanupD3DDevice
[2015.11.22-22.50.19:684][654]LogD3D11RHI: ~FD3D11DynamicRHI
[2015.11.22-22.50.19:721][654]LogModuleManager: Shutting down and abandoning module CrashTracker (198)
[2015.11.22-22.50.19:721][654]LogModuleManager: Shutting down and abandoning module SceneOutliner (197)
[2015.11.22-22.50.19:721][654]LogModuleManager: Shutting down and abandoning module SuperSearch (196)
[2015.11.22-22.50.19:721][654]LogModuleManager: Shutting down and abandoning module WidgetCarousel (195)
[2015.11.22-22.50.19:721][654]LogModuleManager: Shutting down and abandoning module AddContentDialog (194)
[2015.11.22-22.50.19:723][654]LogModuleManager: Shutting down and abandoning module EditorWidgets (193)
[2015.11.22-22.50.19:723][654]LogModuleManager: Shutting down and abandoning module CollectionManager (192)
[2015.11.22-22.50.19:723][654]LogModuleManager: Shutting down and abandoning module StatsViewer (191)
[2015.11.22-22.50.19:723][654]LogModuleManager: Shutting down and abandoning module FoliageEdit (190)
[2015.11.22-22.50.19:723][654]LogModuleManager: Shutting down and abandoning module LandscapeEditor (189)
[2015.11.22-22.50.19:723][654]LogModuleManager: Shutting down and abandoning module ActorPickerMode (188)
[2015.11.22-22.50.19:723][654]LogModuleManager: Shutting down and abandoning module GeometryMode (187)
[2015.11.22-22.50.19:723][654]LogModuleManager: Shutting down and abandoning module TextureAlignMode (186)
[2015.11.22-22.50.19:723][654]LogModuleManager: Shutting down and abandoning module BspMode (185)
[2015.11.22-22.50.19:723][654]LogModuleManager: Shutting down and abandoning module PlacementMode (184)
[2015.11.22-22.50.19:723][654]LogModuleManager: Shutting down and abandoning module AutomationWorker (183)
[2015.11.22-22.50.19:723][654]LogModuleManager: Shutting down and abandoning module CharacterAI (182)
[2015.11.22-22.50.19:723][654]LogModuleManager: Shutting down and abandoning module SmartSnapping (181)
[2015.11.22-22.50.19:723][654]LogModuleManager: Shutting down and abandoning module ViewportSnapping (180)
[2015.11.22-22.50.19:723][654]LogModuleManager: Shutting down and abandoning module LogVisualizer (179)
[2015.11.22-22.50.19:724][654]LogModuleManager: Shutting down and abandoning module GameProjectGeneration (178)
[2015.11.22-22.50.19:724][654]LogModuleManager: Shutting down and abandoning module IntroTutorials (177)
[2015.11.22-22.50.19:724][654]LogModuleManager: Shutting down and abandoning module EditorLiveStreaming (176)
[2015.11.22-22.50.19:724][654]LogModuleManager: Shutting down and abandoning module IOSPlatformEditor (175)
[2015.11.22-22.50.19:724][654]LogModuleManager: Shutting down and abandoning module HTML5PlatformEditor (174)
[2015.11.22-22.50.19:724][654]LogModuleManager: Shutting down and abandoning module AndroidDeviceDetection (173)
[2015.11.22-22.50.20:442][654]LogModuleManager: Shutting down and abandoning module AndroidPlatformEditor (172)
[2015.11.22-22.50.20:442][654]LogModuleManager: Shutting down and abandoning module IOSRuntimeSettings (171)
[2015.11.22-22.50.20:442][654]LogModuleManager: Shutting down and abandoning module AndroidRuntimeSettings (170)
[2015.11.22-22.50.20:442][654]LogModuleManager: Shutting down and abandoning module MergeActors (169)
[2015.11.22-22.50.20:442][654]LogModuleManager: Shutting down and abandoning module SizeMap (168)
[2015.11.22-22.50.20:442][654]LogModuleManager: Shutting down and abandoning module TreeMap (167)
[2015.11.22-22.50.20:442][654]LogModuleManager: Shutting down and abandoning module ReferenceViewer (166)
[2015.11.22-22.50.20:442][654]LogModuleManager: Shutting down and abandoning module LocalizationService (165)
[2015.11.22-22.50.20:442][654]LogModuleManager: Shutting down and abandoning module LocalizationDashboard (164)
[2015.11.22-22.50.20:442][654]LogModuleManager: Shutting down and abandoning module HardwareTargeting (163)
[2015.11.22-22.50.20:442][654]LogModuleManager: Shutting down and abandoning module DeviceProfileEditor (162)
[2015.11.22-22.50.20:442][654]LogModuleManager: Shutting down and abandoning module UndoHistory (161)
[2015.11.22-22.50.20:442][654]LogModuleManager: Shutting down and abandoning module GameplayTagsEditor (160)
[2015.11.22-22.50.20:442][654]LogModuleManager: Shutting down and abandoning module UserFeedback (159)
[2015.11.22-22.50.20:442][654]LogModuleManager: Shutting down and abandoning module XmlParser (158)
[2015.11.22-22.50.20:442][654]LogModuleManager: Shutting down and abandoning module Blutility (157)
[2015.11.22-22.50.20:442][654]LogModuleManager: Shutting down and abandoning module ProjectTargetPlatformEditor (156)
[2015.11.22-22.50.20:442][654]LogModuleManager: Shutting down and abandoning module ProjectSettingsViewer (155)
[2015.11.22-22.50.20:442][654]LogModuleManager: Shutting down and abandoning module InputBindingEditor (154)
[2015.11.22-22.50.20:442][654]LogModuleManager: Shutting down and abandoning module EditorSettingsViewer (153)
[2015.11.22-22.50.20:442][654]LogModuleManager: Shutting down and abandoning module SettingsEditor (152)
[2015.11.22-22.50.20:442][654]LogModuleManager: Shutting down and abandoning module ProjectLauncher (151)
[2015.11.22-22.50.20:442][654]LogModuleManager: Shutting down and abandoning module SessionFrontend (150)
[2015.11.22-22.50.20:442][654]LogModuleManager: Shutting down and abandoning module ProfilerClient (149)
[2015.11.22-22.50.20:442][654]LogModuleManager: Shutting down and abandoning module TargetDeviceServices (148)
[2015.11.22-22.50.20:442][654]LogModuleManager: Shutting down and abandoning module DeviceManager (147)
[2015.11.22-22.50.20:442][654]LogModuleManager: Shutting down and abandoning module AutomationController (146)
[2015.11.22-22.50.20:442][654]LogModuleManager: Shutting down and abandoning module AutomationWindow (145)
[2015.11.22-22.50.20:442][654]LogModuleManager: Shutting down and abandoning module Layers (144)
[2015.11.22-22.50.20:443][654]LogModuleManager: Shutting down and abandoning module ComponentVisualizers (143)
[2015.11.22-22.50.20:443][654]LogModuleManager: Shutting down and abandoning module DetailCustomizations (142)
[2015.11.22-22.50.20:443][654]LogModuleManager: Shutting down and abandoning module PackagesDialog (141)
[2015.11.22-22.50.20:443][654]LogModuleManager: Shutting down and abandoning module Persona (140)
[2015.11.22-22.50.20:443][654]LogModuleManager: Shutting down and abandoning module Kismet (139)
[2015.11.22-22.50.20:443][654]LogModuleManager: Shutting down and abandoning module GraphEditor (138)
[2015.11.22-22.50.20:443][654]LogModuleManager: Shutting down and abandoning module ClassViewer (137)
[2015.11.22-22.50.20:443][654]LogModuleManager: Shutting down and abandoning module Toolbox (136)
[2015.11.22-22.50.20:443][654]LogModuleManager: Shutting down and abandoning module ModuleUI (135)
[2015.11.22-22.50.20:443][654]LogModuleManager: Shutting down and abandoning module MovieSceneTools (134)
[2015.11.22-22.50.20:443][654]LogModuleManager: Shutting down and abandoning module OutputLog (133)
[2015.11.22-22.50.20:443][654]LogModuleManager: Shutting down and abandoning module GammaUI (132)
[2015.11.22-22.50.20:443][654]LogModuleManager: Shutting down and abandoning module Documentation (131)
[2015.11.22-22.50.20:443][654]LogModuleManager: Shutting down and abandoning module GameLiveStreaming (130)
[2015.11.22-22.50.20:443][654]LogModuleManager: Shutting down and abandoning module StreamingPauseRendering (129)
[2015.11.22-22.50.20:443][654]LogModuleManager: Shutting down and abandoning module AnalyticsET (128)
[2015.11.22-22.50.20:443][654]LogModuleManager: Shutting down and abandoning module Analytics (127)
[2015.11.22-22.50.20:443][654]LogModuleManager: Shutting down and abandoning module AITestSuite (126)
[2015.11.22-22.50.20:443][654]LogModuleManager: Shutting down and abandoning module GameplayDebugger (125)
[2015.11.22-22.50.20:443][654]LogModuleManager: Shutting down and abandoning module AIModule (124)
[2015.11.22-22.50.20:443][654]LogModuleManager: Shutting down and abandoning module ProfilerService (123)
[2015.11.22-22.50.20:467][654]LogModuleManager: Shutting down and abandoning module TaskGraph (122)
[2015.11.22-22.50.20:467][654]LogModuleManager: Shutting down and abandoning module SlateRemote (121)
[2015.11.22-22.50.20:467][654]LogModuleManager: Shutting down and abandoning module SteamVRController (120)
[2015.11.22-22.50.20:467][654]LogModuleManager: Shutting down and abandoning module SteamVR (119)
[2015.11.22-22.50.20:467][654]LogModuleManager: Shutting down and abandoning module ProceduralMeshComponent (118)
[2015.11.22-22.50.20:467][654]LogModuleManager: Shutting down and abandoning module OculusRift (117)
[2015.11.22-22.50.20:467][654]LogModuleManager: Shutting down and abandoning module OculusLibrary (116)
[2015.11.22-22.50.20:467][654]LogModuleManager: Shutting down and abandoning module LeapMotionController (115)
[2015.11.22-22.50.20:480][654]LogModuleManager: Shutting down and abandoning module CustomMeshComponent (114)
[2015.11.22-22.50.20:480][654]LogModuleManager: Shutting down and abandoning module CableComponent (113)
[2015.11.22-22.50.20:480][654]LogModuleManager: Shutting down and abandoning module ArchVisCharacter (112)
[2015.11.22-22.50.20:480][654]LogModuleManager: Shutting down and abandoning module MessagingDebugger (111)
[2015.11.22-22.50.20:480][654]LogModuleManager: Shutting down and abandoning module MediaPlayerEditor (110)
[2015.11.22-22.50.20:480][654]LogModuleManager: Shutting down and abandoning module HTML5Networking (109)
[2015.11.22-22.50.20:480][654]LogModuleManager: Shutting down and abandoning module SpeedTreeImporter (108)
[2015.11.22-22.50.20:480][654]LogModuleManager: Shutting down and abandoning module PluginBrowser (107)
[2015.11.22-22.50.20:480][654]LogModuleManager: Shutting down and abandoning module EpicSurvey (106)
[2015.11.22-22.50.20:480][654]LogModuleManager: Shutting down and abandoning module DesktopPlatform (105)
[2015.11.22-22.50.20:480][654]LogModuleManager: Shutting down and abandoning module VisualStudioSourceCodeAccess (104)
[2015.11.22-22.50.20:480][654]LogModuleManager: Shutting down and abandoning module UObjectPlugin (103)
[2015.11.22-22.50.20:480][654]LogModuleManager: Shutting down and abandoning module SubversionSourceControl (102)
[2015.11.22-22.50.20:481][654]LogModuleManager: Shutting down and abandoning module PerforceSourceControl (101)
[2015.11.22-22.50.20:481][654]LogModuleManager: Shutting down and abandoning module SourceControl (100)
[2015.11.22-22.50.20:481][654]LogModuleManager: Shutting down and abandoning module GitSourceControl (99)
[2015.11.22-22.50.20:481][654]LogModuleManager: Shutting down and abandoning module LightPropagationVolumeEditor (98)
[2015.11.22-22.50.20:481][654]LogModuleManager: Shutting down and abandoning module PaperTiledImporter (97)
[2015.11.22-22.50.20:481][654]LogModuleManager: Shutting down and abandoning module PaperSpriteSheetImporter (96)
[2015.11.22-22.50.20:481][654]LogModuleManager: Shutting down and abandoning module MeshPaint (95)
[2015.11.22-22.50.20:481][654]LogModuleManager: Shutting down and abandoning module SlateReflector (94)
[2015.11.22-22.50.20:481][654]LogModuleManager: Shutting down and abandoning module HotReload (93)
[2015.11.22-22.50.20:481][654]LogModuleManager: Shutting down and abandoning module MainFrame (92)
[2015.11.22-22.50.20:481][654]LogModuleManager: Shutting down and abandoning module LevelEditor (91)
[2015.11.22-22.50.20:485][654]LogModuleManager: Shutting down and abandoning module DirectoryWatcher (90)
[2015.11.22-22.50.20:486][654]LogModuleManager: Shutting down and abandoning module AssetRegistry (89)
[2015.11.22-22.50.20:624][654]LogModuleManager: Shutting down and abandoning module ContentBrowser (88)
[2015.11.22-22.50.20:625][654]LogModuleManager: Shutting down and abandoning module Paper2DEditor (87)
[2015.11.22-22.50.20:625][654]LogModuleManager: Shutting down and abandoning module SW_Project2 (86)
[2015.11.22-22.50.20:625][654]LogModuleManager: Shutting down and abandoning module UdpMessaging (85)
[2015.11.22-22.50.20:726][654]LogModuleManager: Shutting down and abandoning module LightPropagationVolumeRuntime (84)
[2015.11.22-22.50.20:726][654]LogModuleManager: Shutting down and abandoning module Paper2D (83)
[2015.11.22-22.50.20:726][654]LogModuleManager: Shutting down and abandoning module WindowsMoviePlayer (82)
[2015.11.22-22.50.20:728][654]LogModuleManager: Shutting down and abandoning module Media (81)
[2015.11.22-22.50.20:728][654]LogModuleManager: Shutting down and abandoning module WmfMedia (80)
[2015.11.22-22.50.20:728][654]LogModuleManager: Shutting down and abandoning module OnlineBlueprintSupport (79)
[2015.11.22-22.50.20:728][654]LogModuleManager: Shutting down and abandoning module GameplayTasksEditor (78)
[2015.11.22-22.50.20:728][654]LogModuleManager: Shutting down and abandoning module PropertyEditor (77)
[2015.11.22-22.50.20:728][654]LogModuleManager: Shutting down and abandoning module BehaviorTreeEditor (76)
[2015.11.22-22.50.20:728][654]LogModuleManager: Shutting down and abandoning module FunctionalTesting (75)
[2015.11.22-22.50.20:728][654]LogModuleManager: Shutting down and abandoning module CollisionAnalyzer (74)
[2015.11.22-22.50.20:728][654]LogModuleManager: Shutting down and abandoning module WorkspaceMenuStructure (73)
[2015.11.22-22.50.20:728][654]LogModuleManager: Shutting down and abandoning module MessageLog (72)
[2015.11.22-22.50.20:728][654]LogModuleManager: Shutting down and abandoning module Sequencer (71)
[2015.11.22-22.50.20:728][654]LogModuleManager: Shutting down and abandoning module AssetTools (70)
[2015.11.22-22.50.20:729][654]LogModuleManager: Shutting down and abandoning module UMGEditor (69)
[2015.11.22-22.50.20:729][654]LogModuleManager: Shutting down and abandoning module UMG (68)
[2015.11.22-22.50.20:729][654]LogModuleManager: Shutting down and abandoning module Slate (67)
[2015.11.22-22.50.20:729][654]LogModuleManager: Shutting down and abandoning module EditorStyle (66)
[2015.11.22-22.50.20:731][654]LogModuleManager: Shutting down and abandoning module SessionServices (65)
[2015.11.22-22.50.20:731][654]LogModuleManager: Shutting down and abandoning module SourceCodeAccess (64)
[2015.11.22-22.50.20:731][654]LogModuleManager: Shutting down and abandoning module HeadMountedDisplay (63)
[2015.11.22-22.50.20:731][654]LogModuleManager: Shutting down and abandoning module XAudio2 (62)
[2015.11.22-22.50.20:731][654]LogModuleManager: Shutting down and abandoning module Networking (60)
[2015.11.22-22.50.20:731][654]LogModuleManager: Shutting down and abandoning module Core (59)
[2015.11.22-22.50.20:731][654]LogModuleManager: Shutting down and abandoning module KismetCompiler (58)
[2015.11.22-22.50.20:731][654]LogModuleManager: Shutting down and abandoning module PhysXFormats (57)
[2015.11.22-22.50.20:731][654]LogModuleManager: Shutting down and abandoning module MeshUtilities (56)
[2015.11.22-22.50.20:731][654]LogModuleManager: Shutting down and abandoning module CookingStats (55)
[2015.11.22-22.50.20:733][654]LogModuleManager: Shutting down and abandoning module DerivedDataCache (54)
[2015.11.22-22.50.20:733][654]LogDerivedDataCache: Shutdown
[2015.11.22-22.50.20:733][654]LogModuleManager: Shutting down and abandoning module ShaderFormatOpenGL (53)
[2015.11.22-22.50.20:734][654]LogModuleManager: Shutting down and abandoning module ShaderFormatD3D (52)
[2015.11.22-22.50.20:734][654]LogModuleManager: Shutting down and abandoning module MetalShaderFormat (51)
[2015.11.22-22.50.20:734][654]LogModuleManager: Shutting down and abandoning module TextureFormatUncompressed (50)
[2015.11.22-22.50.20:734][654]LogModuleManager: Shutting down and abandoning module TextureFormatPVR (49)
[2015.11.22-22.50.20:734][654]LogModuleManager: Shutting down and abandoning module TextureFormatIntelISPCTexComp (48)
[2015.11.22-22.50.20:734][654]LogModuleManager: Shutting down and abandoning module TextureFormatDXT (47)
[2015.11.22-22.50.20:734][654]LogModuleManager: Shutting down and abandoning module ImageWrapper (46)
[2015.11.22-22.50.20:734][654]LogModuleManager: Shutting down and abandoning module TextureFormatASTC (45)
[2015.11.22-22.50.20:734][654]LogModuleManager: Shutting down and abandoning module TextureFormatAndroid (44)
[2015.11.22-22.50.20:734][654]LogModuleManager: Shutting down and abandoning module AudioFormatOpus (43)
[2015.11.22-22.50.20:734][654]LogModuleManager: Shutting down and abandoning module AudioFormatOgg (42)
[2015.11.22-22.50.20:734][654]LogModuleManager: Shutting down and abandoning module AudioFormatADPCM (41)
[2015.11.22-22.50.20:734][654]LogModuleManager: Shutting down and abandoning module LinuxTargetPlatform (40)
[2015.11.22-22.50.20:734][654]LogModuleManager: Shutting down and abandoning module LinuxServerTargetPlatform (39)
[2015.11.22-22.50.20:734][654]LogModuleManager: Shutting down and abandoning module LinuxNoEditorTargetPlatform (38)
[2015.11.22-22.50.20:734][654]LogModuleManager: Shutting down and abandoning module Messaging (37)
[2015.11.22-22.50.20:734][654]LogModuleManager: Shutting down and abandoning module IOSTargetPlatform (36)
[2015.11.22-22.50.20:734][654]LogModuleManager: Shutting down and abandoning module HTML5TargetPlatform (35)
[2015.11.22-22.50.20:734][654]LogModuleManager: Shutting down and abandoning module Android_PVRTCTargetPlatform (34)
[2015.11.22-22.50.20:734][654]LogModuleManager: Shutting down and abandoning module Android_ETC2TargetPlatform (33)
[2015.11.22-22.50.20:734][654]LogModuleManager: Shutting down and abandoning module Android_ETC1TargetPlatform (32)
[2015.11.22-22.50.20:734][654]LogModuleManager: Shutting down and abandoning module Android_DXTTargetPlatform (31)
[2015.11.22-22.50.20:734][654]LogModuleManager: Shutting down and abandoning module Android_ATCTargetPlatform (30)
[2015.11.22-22.50.20:734][654]LogModuleManager: Shutting down and abandoning module Android_ASTCTargetPlatform (29)
[2015.11.22-22.50.20:734][654]LogModuleManager: Shutting down and abandoning module AndroidTargetPlatform (28)
[2015.11.22-22.50.20:734][654]LogModuleManager: Shutting down and abandoning module WindowsTargetPlatform (27)
[2015.11.22-22.50.20:734][654]LogModuleManager: Shutting down and abandoning module WindowsServerTargetPlatform (26)
[2015.11.22-22.50.20:734][654]LogModuleManager: Shutting down and abandoning module WindowsNoEditorTargetPlatform (25)
[2015.11.22-22.50.20:734][654]LogModuleManager: Shutting down and abandoning module WindowsClientTargetPlatform (24)
[2015.11.22-22.50.20:734][654]LogModuleManager: Shutting down and abandoning module AllDesktopTargetPlatform (23)
[2015.11.22-22.50.20:734][654]LogModuleManager: Shutting down and abandoning module TargetPlatform (22)
[2015.11.22-22.50.20:734][654]LogModuleManager: Shutting down and abandoning module InputCore (21)
[2015.11.22-22.50.20:734][654]LogModuleManager: Shutting down and abandoning module Settings (20)
[2015.11.22-22.50.20:734][654]LogModuleManager: Shutting down and abandoning module OnlineSubsystem (18)
[2015.11.22-22.50.20:734][654]LogModuleManager: Shutting down and abandoning module HTTP (17)
[2015.11.22-22.50.21:736][654]LogModuleManager: Shutting down and abandoning module XMPP (16)
[2015.11.22-22.50.21:736][654]LogModuleManager: Shutting down and abandoning module ExampleDeviceProfileSelector (15)
[2015.11.22-22.50.21:736][654]LogModuleManager: Shutting down and abandoning module TextureCompressor (14)
[2015.11.22-22.50.21:736][654]LogModuleManager: Shutting down and abandoning module ShaderCore (13)
[2015.11.22-22.50.21:736][654]LogModuleManager: Shutting down and abandoning module Landscape (12)
[2015.11.22-22.50.21:736][654]LogModuleManager: Shutting down and abandoning module SlateRHIRenderer (11)
[2015.11.22-22.50.21:737][654]LogModuleManager: Shutting down and abandoning module OpenGLDrv (10)
[2015.11.22-22.50.21:737][654]LogModuleManager: Shutting down and abandoning module D3D11RHI (9)
[2015.11.22-22.50.21:737][654]LogModuleManager: Shutting down and abandoning module AnimGraphRuntime (8)
[2015.11.22-22.50.21:737][654]LogModuleManager: Shutting down and abandoning module Renderer (7)
[2015.11.22-22.50.21:737][654]LogModuleManager: Shutting down and abandoning module Engine (6)
[2015.11.22-22.50.21:737][654]LogModuleManager: Shutting down and abandoning module CoreUObject (5)
[2015.11.22-22.50.21:737][654]LogModuleManager: Shutting down and abandoning module NetworkFile (4)
[2015.11.22-22.50.21:737][654]LogModuleManager: Shutting down and abandoning module StreamingFile (3)
[2015.11.22-22.50.21:737][654]LogModuleManager: Shutting down and abandoning module SandboxFile (2)
[2015.11.22-22.50.21:737][654]LogModuleManager: Shutting down and abandoning module PakFile (1)
[2015.11.22-22.50.21:738][654]LogExit: Exiting.
[2015.11.22-22.50.21:740][654]Log file closed, 11/22/15 23:50:21
