[2015.11.24-20.02.24:216][  0]Log file open, 11/24/15 21:02:24
[2015.11.24-20.02.24:216][  0]LogInit:Display: Running engine for game: SW_Project2
[2015.11.24-20.02.24:216][  0]LogInit:Display: RandInit(769515664) SRandInit(769515664).
[2015.11.24-20.02.24:216][  0]LogTaskGraph: Started task graph with 4 named threads and 5 total threads.
[2015.11.24-20.02.24:216][  0]LogStats: Stats thread started at 0.063451
[2015.11.24-20.02.24:216][  0]LogInit: Version: 4.9.2-2707645+++depot+UE4-Releases+4.9
[2015.11.24-20.02.24:216][  0]LogInit: API Version: 2672455
[2015.11.24-20.02.24:216][  0]LogInit: Compiled (64-bit): Sep 28 2015 10:25:44
[2015.11.24-20.02.24:216][  0]LogInit: Compiled with Visual C++: 18.00.21005.01
[2015.11.24-20.02.24:216][  0]LogInit: Build Configuration: Development
[2015.11.24-20.02.24:216][  0]LogInit: Branch Name: ++depot+UE4-Releases+4.9
[2015.11.24-20.02.24:216][  0]LogInit: Command line:  
[2015.11.24-20.02.24:216][  0]LogInit: Base directory: C:/Program Files/Epic Games/4.9/Engine/Binaries/Win64/
[2015.11.24-20.02.24:216][  0]LogInit: Rocket: 1
[2015.11.24-20.02.24:231][  0]LogInit: Using libcurl 7.41.0
[2015.11.24-20.02.24:231][  0]LogInit:  - built for x86_64-pc-win32
[2015.11.24-20.02.24:231][  0]LogInit:  - supports SSL with WinSSL
[2015.11.24-20.02.24:231][  0]LogInit:  - other features:
[2015.11.24-20.02.24:231][  0]LogInit:      CURL_VERSION_SSL
[2015.11.24-20.02.24:231][  0]LogInit:      CURL_VERSION_IPV6
[2015.11.24-20.02.24:231][  0]LogInit:      CURL_VERSION_ASYNCHDNS
[2015.11.24-20.02.24:231][  0]LogInit:      CURL_VERSION_LARGEFILE
[2015.11.24-20.02.24:231][  0]LogInit:      CURL_VERSION_IDN
[2015.11.24-20.02.24:231][  0]LogInit:  CurlRequestOptions (configurable via config and command line):
[2015.11.24-20.02.24:231][  0]LogInit:  - bVerifyPeer = true  - Libcurl will verify peer certificate
[2015.11.24-20.02.24:231][  0]LogInit:  - bUseHttpProxy = false  - Libcurl will NOT use HTTP proxy
[2015.11.24-20.02.24:231][  0]LogInit:  - bDontReuseConnections = false  - Libcurl will reuse connections
[2015.11.24-20.02.24:231][  0]LogInit:  - CertBundlePath = nullptr  - Libcurl will use whatever was configured at build time.
[2015.11.24-20.02.24:243][  0]LogInit: Presizing for 0 objects not considered by GC, pre-allocating 0 bytes.
[2015.11.24-20.02.24:259][  0]LogInit: Object subsystem initialized
[2015.11.24-20.02.24:261][  0]LogInit: Selected Device Profile: [Windows]
[2015.11.24-20.02.24:261][  0]LogInit: Applying CVar settings loaded from the selected device profile: [Windows]
[2015.11.24-20.02.24:272][  0]LogInit: Computer: STOFFEPC
[2015.11.24-20.02.24:272][  0]LogInit: User: Stoffe
[2015.11.24-20.02.24:272][  0]LogInit: CPU Page size=4096, Cores=2
[2015.11.24-20.02.24:272][  0]LogInit: High frequency timer resolution =3.222684 MHz
[2015.11.24-20.02.24:272][  0]LogMemory: Memory total: Physical=7.9GB (8GB approx)
[2015.11.24-20.02.24:272][  0]LogMemory: Platform Memory Stats for Windows
[2015.11.24-20.02.24:272][  0]LogMemory: Process Physical Memory: 51.93 MB used, 51.93 MB peak
[2015.11.24-20.02.24:272][  0]LogMemory: Process Virtual Memory: 56.85 MB used, 56.85 MB peak
[2015.11.24-20.02.24:272][  0]LogMemory: Physical Memory: 5831.49 MB used, 8126.94 MB total
[2015.11.24-20.02.24:272][  0]LogMemory: Virtual Memory: 349.46 MB used, 134217728.00 MB total
[2015.11.24-20.02.24:304][  0]LogTextLocalizationManager: No translations for ('sv-SE') exist, falling back to 'en' for localization and internationalization data.
[2015.11.24-20.02.25:536][  0]LogD3D11RHI: Found D3D11 adapter 0: AMD Radeon HD 7800 Series (Feature Level 11_0)
[2015.11.24-20.02.25:536][  0]LogD3D11RHI: Adapter has 2030MB of dedicated video memory, 0MB of dedicated system memory, and 3840MB of shared system memory, 2 output[s]
[2015.11.24-20.02.25:537][  0]LogD3D11RHI: Found D3D11 adapter 1: Microsoft Basic Render Driver (Feature Level 11_0)
[2015.11.24-20.02.25:537][  0]LogD3D11RHI: Adapter has 0MB of dedicated video memory, 0MB of dedicated system memory, and 256MB of shared system memory, 0 output[s]
[2015.11.24-20.02.25:537][  0]LogD3D11RHI: Chosen D3D11 Adapter Id = 0
[2015.11.24-20.02.25:541][  0]LogD3D11RHI: !Direct3DDevice
[2015.11.24-20.02.25:541][  0]LogRHI: Texture pool is 1361 MB (70% of 1945 MB)
[2015.11.24-20.02.25:547][  0]LogD3D11RHI: Async texture creation disabled: no driver support
[2015.11.24-20.02.25:558][  0]LogShaderCompilers: Guid format shader working directory is 15 characters bigger than the processId version (../../../../../../Users/Stoffe/Documents/GitHub/SW_Project2/SW_Project2/Intermediate/Shaders/WorkingDirectory/1100/).
[2015.11.24-20.02.25:558][  0]LogShaderCompilers: Cleaned the shader compiler working directory '../../../../../../Users/Stoffe/Documents/GitHub/SW_Project2/SW_Project2/Intermediate/Shaders/tmp/645C4C4A4B2159127407269DA97EE51D/'.
[2015.11.24-20.02.25:558][  0]LogShaderCompilers:Display: Using Local Shader Compiler.
[2015.11.24-20.02.30:624][  0]LogTemp:Display: Loaded TP AllDesktopTargetPlatform
[2015.11.24-20.02.30:637][  0]LogTemp:Display: Loaded TP WindowsClientTargetPlatform
[2015.11.24-20.02.30:649][  0]LogTemp:Display: Loaded TP WindowsNoEditorTargetPlatform
[2015.11.24-20.02.30:661][  0]LogTemp:Display: Loaded TP WindowsServerTargetPlatform
[2015.11.24-20.02.30:671][  0]LogTemp:Display: Loaded TP WindowsTargetPlatform
[2015.11.24-20.02.30:677][  0]LogTemp:Display: Loaded TP AndroidTargetPlatform
[2015.11.24-20.02.30:684][  0]LogTemp:Display: Loaded TP Android_ASTCTargetPlatform
[2015.11.24-20.02.30:692][  0]LogTemp:Display: Loaded TP Android_ATCTargetPlatform
[2015.11.24-20.02.30:699][  0]LogTemp:Display: Loaded TP Android_DXTTargetPlatform
[2015.11.24-20.02.30:707][  0]LogTemp:Display: Loaded TP Android_ETC1TargetPlatform
[2015.11.24-20.02.30:724][  0]LogTemp:Display: Loaded TP Android_ETC2TargetPlatform
[2015.11.24-20.02.30:733][  0]LogTemp:Display: Loaded TP Android_PVRTCTargetPlatform
[2015.11.24-20.02.30:740][  0]LogTemp:Display: Loaded TP HTML5TargetPlatform
[2015.11.24-20.02.30:775][  0]LogTemp:Display: Loaded TP IOSTargetPlatform
[2015.11.24-20.02.30:785][  0]LogTemp:Display: Loaded TP LinuxNoEditorTargetPlatform
[2015.11.24-20.02.30:798][  0]LogTemp:Display: Loaded TP LinuxServerTargetPlatform
[2015.11.24-20.02.30:809][  0]LogTemp:Display: Loaded TP LinuxTargetPlatform
[2015.11.24-20.02.30:809][  0]LogTargetPlatformManager:Display: Building Assets For Windows
[2015.11.24-20.02.31:142][  0]LogDerivedDataCache:Display: Max Cache Size: 512 MB
[2015.11.24-20.02.31:203][  0]LogDerivedDataCache: Loaded boot cache 0.06s 42MB C:/Users/Stoffe/AppData/Local/UnrealEngine/4.9/DerivedDataCache/Boot.ddc.
[2015.11.24-20.02.31:204][  0]LogDerivedDataCache:Display: Loaded Boot cache: C:/Users/Stoffe/AppData/Local/UnrealEngine/4.9/DerivedDataCache/Boot.ddc
[2015.11.24-20.02.31:204][  0]LogDerivedDataCache: FDerivedDataBackendGraph:  Pak pak cache file ../../../../../../Users/Stoffe/Documents/GitHub/SW_Project2/SW_Project2/DerivedDataCache/DDC.ddp not found, will not use a pak cache.
[2015.11.24-20.02.31:204][  0]LogDerivedDataCache: Unable to find inner node Pak for hierarchical cache Hierarchy.
[2015.11.24-20.02.31:204][  0]LogDerivedDataCache: FDerivedDataBackendGraph:  CompressedPak pak cache file ../../../../../../Users/Stoffe/Documents/GitHub/SW_Project2/SW_Project2/DerivedDataCache/Compressed.ddp not found, will not use a pak cache.
[2015.11.24-20.02.31:204][  0]LogDerivedDataCache: Unable to find inner node CompressedPak for hierarchical cache Hierarchy.
[2015.11.24-20.02.31:399][  0]LogDerivedDataCache:Display: Pak cache opened for reading ../../../Engine/DerivedDataCache/Compressed.ddp.
[2015.11.24-20.02.31:411][  0]LogDerivedDataCache: Using Local data cache path C:/Users/Stoffe/AppData/Local/UnrealEngine/Common/DerivedDataCache: Writable
[2015.11.24-20.02.31:760][  0]LogInit: Selected Device Profile: [Windows]
[2015.11.24-20.02.31:766][  0]LogContentStreaming: Texture pool size is 0.000000MB
[2015.11.24-20.02.31:970][  0]LogMeshUtilities: No automatic mesh reduction module available
[2015.11.24-20.02.31:970][  0]LogMeshUtilities: No automatic mesh merging module available
[2015.11.24-20.02.32:302][  0]LogInit: WinSock: version 1.1 (2.2), MaxSocks=32767, MaxUdp=65467
[2015.11.24-20.02.33:340][  0]UdpMessaging: Initializing bridge on interface 0.0.0.0:0 to multicast group 230.0.0.1:6666.
[2015.11.24-20.02.33:614][  0]LogAssetRegistry: FAssetRegistry took 0.0109 seconds to start up
[2015.11.24-20.02.34:049][  0]LogFileManager:Warning: DeleteFile was unable to delete '../../../../../../Users/Stoffe/Documents/GitHub/SW_Project2/SW_Project2/Intermediate/CachedAssetRegistry.bin', retrying in .5s...
[2015.11.24-20.02.34:049][  0]SourceControl: Info Source control is disabled
[2015.11.24-20.02.34:145][  0]SourceControl: Info Source control is disabled
[2015.11.24-20.02.34:196][  0]SourceControl: Info Source control is disabled
[2015.11.24-20.02.34:247][  0]SourceControl: Info Source control is disabled
[2015.11.24-20.02.34:884][  0]LogFileManager:Warning: DeleteFile recovered during retry!
[2015.11.24-20.02.34:884][  0]LogLinker:Warning: Asset '../../../Engine/Plugins/Runtime/LeapMotionController/Content/LM_PassthroughMaterial.uasset' has been saved with empty engine version. The asset will be loaded but may be incompatible.
[2015.11.24-20.02.35:227][  0]LogObj: 28524 objects as part of root set at end of initial load.
[2015.11.24-20.02.35:227][  0]LogUObjectAllocator: 6113752 out of 0 bytes used by permanent object pool.
[2015.11.24-20.02.35:293][  0]LogEngine: Initializing Engine...
[2015.11.24-20.02.35:296][  0]LogHMD: Can't find Oculus library dev build: is proper Runtime installed? Version: 0.7.0.0
[2015.11.24-20.02.35:297][  0]LogHMD: SteamVR failed to initialize.  Err: 110
[2015.11.24-20.02.35:474][  0]LogAIModule: Creating AISystem for world NewWorld
[2015.11.24-20.02.35:480][  0]LogInit: XAudio2 using 'Högtalare (Realtek High Definition Audio)' : 2 channels at 48 kHz using 32 bits per sample (channel mask 0x3)
[2015.11.24-20.02.35:492][  0]LogInit: FAudioDevice initialized.
[2015.11.24-20.02.35:519][  0]LogDerivedDataCache: Saved boot cache 0.03s 42MB C:/Users/Stoffe/AppData/Local/UnrealEngine/4.9/DerivedDataCache/Boot.ddc.
[2015.11.24-20.02.35:522][  0]LogInit: Texture streaming: Enabled
[2015.11.24-20.02.35:533][  0]LogAnalytics: Creating configured Analytics provider AnalyticsET
[2015.11.24-20.02.35:534][  0]LogAnalytics: [UEEditor.Rocket.Release] APIServer = http://et2.epicgames.com/ET2/. AppVersion = 4.9.2-2707645+++depot+UE4-Releases+4.9
[2015.11.24-20.02.35:534][  0]LogAnalytics: [UEEditor.Rocket.Release] SetUserId c2f82278409fbc7e17ba4c8b187827c0|8471e16762be488588a110ad13c08bd6|a2f24018-7849-4a41-8ec9-fa4680d0f5a7
[2015.11.24-20.02.35:534][  0]LogAnalytics: [UEEditor.Rocket.Release] AnalyticsET::StartSession
[2015.11.24-20.02.35:548][  0]LogWindowsTextInputMethodSystem:Display: IME system now deactivated.
[2015.11.24-20.02.35:565][  0]LogInit: Transaction tracking system initialized
[2015.11.24-20.02.35:608][  0]BlueprintLog: New page: Editor Load
[2015.11.24-20.02.35:734][  0]LocalizationService: Info Localization service is disabled
[2015.11.24-20.02.35:941][  0]LogConsoleResponse:Display: 
[2015.11.24-20.02.36:121][  0]LogCook:Display: Done creating registry. It took  0.00s.
[2015.11.24-20.02.36:308][  0]LogFileCache: Scanning file cache for directory 'C:/Users/Stoffe/Documents/GitHub/SW_Project2/SW_Project2/Content/' took 0.01s
[2015.11.24-20.02.36:316][  0]SourceControl: Info Source control is disabled
[2015.11.24-20.02.43:537][  0]LogWindowsTextInputMethodSystem:Display: IME system now deactivated.
[2015.11.24-20.02.43:617][  0]LogWindowsTextInputMethodSystem:Display: IME system now deactivated.
[2015.11.24-20.02.47:025][  0]LogWindowsTextInputMethodSystem:Display: IME system now deactivated.
[2015.11.24-20.02.47:065][  0]LogWindowsTextInputMethodSystem:Display: IME system now deactivated.
[2015.11.24-20.02.47:066][  0]Cmd: MAP LOAD FILE="../../../../../../Users/Stoffe/Documents/GitHub/SW_Project2/SW_Project2/Content/FlyingCPP/Maps/FlyingExampleMap.umap" TEMPLATE=0 SHOWPROGRESS=1 FEATURELEVEL=3
[2015.11.24-20.02.47:067][  0]LightingResults: New page: Lighting Build
[2015.11.24-20.02.47:078][  0]MapCheck: New page: Map Check
[2015.11.24-20.02.47:078][  0]LightingResults: New page: Lighting Build
[2015.11.24-20.02.47:103][  0]LogParticles: Destroying 0 GPU particle simulations for FXSystem 0x00000017CF234900
[2015.11.24-20.02.47:800][  0]LogAIModule: Creating AISystem for world FlyingExampleMap
[2015.11.24-20.02.47:821][  0]LogEditorServer: Finished looking for orphan Actors (0.000 secs)
[2015.11.24-20.02.47:822][  0]Cmd: MAP CHECKDEP NOCLEARLOG
[2015.11.24-20.02.47:908][  0]MapCheck: Info Map check complete: 0 Error(s), 0 Warning(s), took 86.075ms to complete.
[2015.11.24-20.02.47:908][  0]LogFileHelpers: Loading map 'FlyingExampleMap' took 0.842
[2015.11.24-20.02.48:103][  0]LogCollectionManager: Loaded 0 collections in 0.002449 seconds
[2015.11.24-20.02.48:150][  0]LogFileCache: Scanning file cache for directory 'C:/Users/Stoffe/Documents/GitHub/SW_Project2/SW_Project2/Saved/Collections/' took 0.01s
[2015.11.24-20.02.48:150][  0]LogFileCache: Scanning file cache for directory 'C:/Users/Stoffe/Documents/GitHub/SW_Project2/SW_Project2/Content/Developers/Stoffe/Collections/' took 0.01s
[2015.11.24-20.02.48:150][  0]LogFileCache: Scanning file cache for directory 'C:/Users/Stoffe/Documents/GitHub/SW_Project2/SW_Project2/Content/Collections/' took 0.01s
[2015.11.24-20.02.48:150][  0]LogContentBrowser: Native class hierarchy populated in 0.0133 seconds. Added 1873 classes and 335 folders.
[2015.11.24-20.02.48:163][  0]LogCollectionManager: Rebuilt the GUID cache for 0 collections in 0.000003 seconds
[2015.11.24-20.02.48:175][  0]LogContentBrowser: Native class hierarchy updated for 'WidgetCarousel' in 0.0019 seconds. Added 0 classes and 0 folders.
[2015.11.24-20.02.48:236][  0]LogContentBrowser: Native class hierarchy updated for 'AddContentDialog' in 0.0019 seconds. Added 0 classes and 0 folders.
[2015.11.24-20.02.48:249][  0]LogContentBrowser: Native class hierarchy updated for 'SceneOutliner' in 0.0019 seconds. Added 1 classes and 2 folders.
[2015.11.24-20.02.48:321][  0]LogCrashTracker: Crashtracker disabled due to settings.
[2015.11.24-20.02.48:327][  0]LogUObjectGlobals:Warning: Failed to find object 'Class None.'
[2015.11.24-20.02.48:349][  0]LogStats:Warning: MetaData mismatch. Did you assign a stat to two groups? New //STATGROUP_Threads//SplashScreenThread///Thread_d88_0///####STATCAT_Advanced#### old //STATGROUP_Threads//SplashScreenThread///Thread_9a0_0///####STATCAT_Advanced####
[2015.11.24-20.02.48:349][  0]LogLoad: Full Startup: 26.70 seconds (BP compile: 0.10 seconds)
[2015.11.24-20.02.48:447][  0]LogContentStreaming: Texture pool size now 1000 MB
[2015.11.24-20.02.48:631][  0]LogRenderer: Reallocating scene render targets to support 1028x636 (Frame:2).
[2015.11.24-20.02.49:463][  5]LogAssetRegistry: Asset discovery search completed in 15.8605 seconds
[2015.11.24-20.02.49:463][  5]LogCollectionManager: Rebuilt the object cache for 0 collections in 0.000001 seconds (found 0 objects)
[2015.11.24-20.02.49:463][  5]LogCollectionManager: Fixed up redirectors for 0 collections in 0.000050 seconds (updated 0 objects)
[2015.11.24-20.02.57:352][546]LogAIModule: Creating AISystem for world Map1
[2015.11.24-20.02.57:504][546]LogActorComponent: UnregisterComponent: (/Engine/Transient.ProjectileComp) Not registered. Aborting.
[2015.11.24-20.02.57:548][546]Cmd: MAP LOAD FILE="../../../../../../Users/Stoffe/Documents/GitHub/SW_Project2/SW_Project2/Content/Map1.umap" TEMPLATE=0 SHOWPROGRESS=1 FEATURELEVEL=3
[2015.11.24-20.02.57:548][546]LightingResults: New page: Lighting Build
[2015.11.24-20.02.57:573][546]LoadErrors: New page: Loading map: Map1.umap
[2015.11.24-20.02.57:575][546]MapCheck: New page: Map Check
[2015.11.24-20.02.57:575][546]LightingResults: New page: Lighting Build
[2015.11.24-20.02.57:607][546]LogParticles: Destroying 0 GPU particle simulations for FXSystem 0x00000017C2308D60
[2015.11.24-20.02.58:472][546]LogEditorServer: Finished looking for orphan Actors (0.000 secs)
[2015.11.24-20.02.58:519][546]Cmd: MAP CHECKDEP NOCLEARLOG
[2015.11.24-20.02.58:604][546]MapCheck: Info Map check complete: 0 Error(s), 0 Warning(s), took 84.257ms to complete.
[2015.11.24-20.02.58:604][546]LogFileHelpers: Loading map 'Map1' took 1.057
[2015.11.24-20.02.58:674][547]Cmd: UpdateLandscapeEditorData -warnings
[2015.11.24-20.02.58:692][547]Cmd: UpdateLandscapeEditorData
[2015.11.24-20.03.03:182][817]LogEditorViewport: Clicking on Actor (LMB): BlockingVolume (BlockingVolume)
[2015.11.24-20.03.03:953][868]Cmd: DELETE
[2015.11.24-20.03.03:953][868]Cmd: ACTOR DELETE
[2015.11.24-20.03.03:961][868]LogEditorActor: Deleted Actor: BlockingVolume
[2015.11.24-20.03.03:961][868]LogActorComponent: UnregisterComponent: (/Engine/Transient.ProjectileComp) Not registered. Aborting.
[2015.11.24-20.03.04:002][868]LogEditorActor: Deleted 1 Actors (0.049 secs)
[2015.11.24-20.03.04:678][916]LogEditorViewport: Clicking on Actor (LMB): BlockingVolume (BlockingVolume2)
[2015.11.24-20.03.05:068][939]Cmd: DELETE
[2015.11.24-20.03.05:068][939]Cmd: ACTOR DELETE
[2015.11.24-20.03.05:073][939]LogEditorActor: Deleted Actor: BlockingVolume
[2015.11.24-20.03.05:112][939]LogEditorActor: Deleted 1 Actors (0.044 secs)
[2015.11.24-20.03.15:396][671]Cmd: BRUSH ADD SELECTNEWBRUSH
[2015.11.24-20.04.32:330][ 21]Cmd: EDIT COPY
[2015.11.24-20.04.32:604][ 37]Cmd: EDIT PASTE
[2015.11.24-20.04.44:553][686]Cmd: OBJ SAVEPACKAGE PACKAGE="/Game/Map1" FILE="../../../../../../Users/Stoffe/Documents/GitHub/SW_Project2/SW_Project2/Content/Map1.umap" SILENT=true AUTOSAVING=false KEEPDIRTY=false
[2015.11.24-20.04.46:726][686]LogSavePackage: Save=2108.899170ms
[2015.11.24-20.04.46:726][686]LogSavePackage: Moving '../../../../../../Users/Stoffe/Documents/GitHub/SW_Project2/SW_Project2/Saved/Map1007AF2A5421643E67ACADB9C0B984C3E.tmp' to '../../../../../../Users/Stoffe/Documents/GitHub/SW_Project2/SW_Project2/Content/Map1.umap'
[2015.11.24-20.04.46:732][686]LogSavePackage: Total save time: 2144.590348ms
[2015.11.24-20.04.46:732][686]LogSavePackage:Warning: Finished SavePackage ../../../../../../Users/Stoffe/Documents/GitHub/SW_Project2/SW_Project2/Content/Map1.umap
[2015.11.24-20.04.46:785][686]LogFileHelpers: Saving map 'Map1' took 2.288
[2015.11.24-20.05.48:304][390]LogActorComponent: UnregisterComponent: (/Engine/Transient.ProjectileComp) Not registered. Aborting.
[2015.11.24-20.05.48:450][390]Cmd: OBJ SAVEPACKAGE PACKAGE="/Game/Map1" FILE="../../../../../../Users/Stoffe/Documents/GitHub/SW_Project2/SW_Project2/Content/Map1.umap" SILENT=true AUTOSAVING=false KEEPDIRTY=false
[2015.11.24-20.05.50:341][390]LogSavePackage: Save=1858.878540ms
[2015.11.24-20.05.50:341][390]LogSavePackage: Moving '../../../../../../Users/Stoffe/Documents/GitHub/SW_Project2/SW_Project2/Saved/Map16D1DEC23417F9741A59C85B377C4BBD9.tmp' to '../../../../../../Users/Stoffe/Documents/GitHub/SW_Project2/SW_Project2/Content/Map1.umap'
[2015.11.24-20.05.50:364][390]LogSavePackage: Total save time: 1885.691553ms
[2015.11.24-20.05.50:364][390]LogSavePackage:Warning: Finished SavePackage ../../../../../../Users/Stoffe/Documents/GitHub/SW_Project2/SW_Project2/Content/Map1.umap
[2015.11.24-20.05.50:405][390]LogFileHelpers: Saving map 'Map1' took 2.009
[2015.11.24-20.05.51:209][439]LogPlayLevel: PlayLevel: No blueprints needed recompiling
[2015.11.24-20.05.51:209][439]PIE: New page: PIE session: Map1 (Nov 24, 2015, 10:05:51 PM)
[2015.11.24-20.05.51:209][439]LogPlayLevel: Creating play world package: /Game/UEDPIE_0_Map1
[2015.11.24-20.05.51:727][439]LogPlayLevel: PIE: StaticDuplicateObject took: (0.516918s)
[2015.11.24-20.05.51:728][439]LogAIModule: Creating AISystem for world Map1
[2015.11.24-20.05.51:728][439]LogPlayLevel: PIE: World Init took: (0.001000s)
[2015.11.24-20.05.51:728][439]LogPlayLevel: PIE: Created PIE world by copying editor world from /Game/Map1.Map1 to /Game/UEDPIE_0_Map1.Map1 (0.518315s)
[2015.11.24-20.05.51:762][439]LogInit: XAudio2 using 'Högtalare (Realtek High Definition Audio)' : 2 channels at 48 kHz using 32 bits per sample (channel mask 0x3)
[2015.11.24-20.05.51:771][439]LogInit: FAudioDevice initialized.
[2015.11.24-20.05.51:826][439]LogWorld: Game class is 'SW_Project2GameMode'
[2015.11.24-20.05.52:075][439]LogWorld: Bringing World /Game/UEDPIE_0_Map1.Map1 up for play (max tick rate 0) at 2015.11.24-21.05.52
[2015.11.24-20.05.52:075][439]LogActor:Warning: GameSession /Game/UEDPIE_0_Map1.Map1:PersistentLevel.GameSession_0 has natively added scene component(s), but none of them were set as the actor's RootComponent - picking one arbitrarily
[2015.11.24-20.05.52:075][439]LogActor:Warning: GameNetworkManager /Game/UEDPIE_0_Map1.Map1:PersistentLevel.GameNetworkManager_0 has natively added scene component(s), but none of them were set as the actor's RootComponent - picking one arbitrarily
[2015.11.24-20.05.52:078][439]LogWorld: Bringing up level for play took: 0.251278
[2015.11.24-20.05.52:079][439]PIE: Info Play in editor start time for /Game/UEDPIE_0_Map1 -0.056
[2015.11.24-20.06.11:721][155]LogParticles: Destroying 0 GPU particle simulations for FXSystem 0x00000017D3134180
[2015.11.24-20.06.16:313][495]LogPlayLevel: PlayLevel: No blueprints needed recompiling
[2015.11.24-20.06.16:313][495]PIE: New page: PIE session: Map1 (Nov 24, 2015, 10:06:16 PM)
[2015.11.24-20.06.16:313][495]LogPlayLevel: Creating play world package: /Game/UEDPIE_0_Map1
[2015.11.24-20.06.16:519][495]LogPlayLevel: PIE: StaticDuplicateObject took: (0.205831s)
[2015.11.24-20.06.16:520][495]LogAIModule: Creating AISystem for world Map1
[2015.11.24-20.06.16:520][495]LogPlayLevel: PIE: World Init took: (0.000918s)
[2015.11.24-20.06.16:520][495]LogPlayLevel: PIE: Created PIE world by copying editor world from /Game/Map1.Map1 to /Game/UEDPIE_0_Map1.Map1 (0.207097s)
[2015.11.24-20.06.16:549][495]LogInit: XAudio2 using 'Högtalare (Realtek High Definition Audio)' : 2 channels at 48 kHz using 32 bits per sample (channel mask 0x3)
[2015.11.24-20.06.16:557][495]LogInit: FAudioDevice initialized.
[2015.11.24-20.06.16:597][495]LogWorld: Game class is 'SW_Project2GameMode'
[2015.11.24-20.06.16:851][495]LogWorld: Bringing World /Game/UEDPIE_0_Map1.Map1 up for play (max tick rate 0) at 2015.11.24-21.06.16
[2015.11.24-20.06.16:851][495]LogActor:Warning: GameSession /Game/UEDPIE_0_Map1.Map1:PersistentLevel.GameSession_1 has natively added scene component(s), but none of them were set as the actor's RootComponent - picking one arbitrarily
[2015.11.24-20.06.16:851][495]LogActor:Warning: GameNetworkManager /Game/UEDPIE_0_Map1.Map1:PersistentLevel.GameNetworkManager_1 has natively added scene component(s), but none of them were set as the actor's RootComponent - picking one arbitrarily
[2015.11.24-20.06.16:855][495]LogWorld: Bringing up level for play took: 0.257295
[2015.11.24-20.06.16:857][495]PIE: Info Play in editor start time for /Game/UEDPIE_0_Map1 0.722
[2015.11.24-20.06.27:345][366]LogCrashTracker: 


[2015.11.24-20.06.27:345][366]LogCrashTracker: 


[2015.11.24-20.06.27:345][366]LogWindows: === Critical error: ===
Fatal error!



[2015.11.24-20.06.27:492][366]LogExit: Executing StaticShutdownAfterError
[2015.11.24-20.06.27:509][366]LogPhysics:Warning: PHYSX: ..\..\PhysX\src\NpScene.cpp (2946) 8 : PxScene::unlockWrite() called without matching call to PxScene::lockWrite(), behaviour will be undefined.
[2015.11.24-20.06.27:510][366]LogPhysics:Warning: PHYSX: ..\..\PhysX\src\NpScene.cpp (2946) 8 : PxScene::unlockWrite() called without matching call to PxScene::lockWrite(), behaviour will be undefined.
[2015.11.24-20.06.27:510][366]LogPhysics:Warning: PHYSX: ..\..\PhysX\src\NpScene.cpp (2946) 8 : PxScene::unlockWrite() called without matching call to PxScene::lockWrite(), behaviour will be undefined.
[2015.11.24-20.06.27:510][366]LogPhysics:Warning: PHYSX: ..\..\PhysX\src\NpScene.cpp (2946) 8 : PxScene::unlockWrite() called without matching call to PxScene::lockWrite(), behaviour will be undefined.
[2015.11.24-20.06.27:511][366]LogWindows: FPlatformMisc::RequestExit(1)
[2015.11.24-20.06.27:511][366]Log file closed, 11/24/15 21:06:27
