[2015.11.23-15.28.32:438][  0]Log file open, 11/23/15 16:28:32
[2015.11.23-15.28.32:438][  0]LogInit:Display: Running engine for game: SW_Project2
[2015.11.23-15.28.32:438][  0]LogInit:Display: RandInit(78193666) SRandInit(78193666).
[2015.11.23-15.28.32:438][  0]LogTaskGraph: Started task graph with 4 named threads and 5 total threads.
[2015.11.23-15.28.32:438][  0]LogStats: Stats thread started at 0.057764
[2015.11.23-15.28.32:438][  0]LogInit: Version: 4.9.2-2707645+++depot+UE4-Releases+4.9
[2015.11.23-15.28.32:438][  0]LogInit: API Version: 2672455
[2015.11.23-15.28.32:438][  0]LogInit: Compiled (64-bit): Sep 28 2015 10:25:44
[2015.11.23-15.28.32:438][  0]LogInit: Compiled with Visual C++: 18.00.21005.01
[2015.11.23-15.28.32:438][  0]LogInit: Build Configuration: Development
[2015.11.23-15.28.32:438][  0]LogInit: Branch Name: ++depot+UE4-Releases+4.9
[2015.11.23-15.28.32:438][  0]LogInit: Command line:  
[2015.11.23-15.28.32:438][  0]LogInit: Base directory: C:/Program Files/Epic Games/4.9/Engine/Binaries/Win64/
[2015.11.23-15.28.32:438][  0]LogInit: Rocket: 1
[2015.11.23-15.28.32:447][  0]LogInit: Using libcurl 7.41.0
[2015.11.23-15.28.32:447][  0]LogInit:  - built for x86_64-pc-win32
[2015.11.23-15.28.32:447][  0]LogInit:  - supports SSL with WinSSL
[2015.11.23-15.28.32:447][  0]LogInit:  - other features:
[2015.11.23-15.28.32:447][  0]LogInit:      CURL_VERSION_SSL
[2015.11.23-15.28.32:447][  0]LogInit:      CURL_VERSION_IPV6
[2015.11.23-15.28.32:447][  0]LogInit:      CURL_VERSION_ASYNCHDNS
[2015.11.23-15.28.32:447][  0]LogInit:      CURL_VERSION_LARGEFILE
[2015.11.23-15.28.32:447][  0]LogInit:      CURL_VERSION_IDN
[2015.11.23-15.28.32:447][  0]LogInit:  CurlRequestOptions (configurable via config and command line):
[2015.11.23-15.28.32:447][  0]LogInit:  - bVerifyPeer = true  - Libcurl will verify peer certificate
[2015.11.23-15.28.32:447][  0]LogInit:  - bUseHttpProxy = false  - Libcurl will NOT use HTTP proxy
[2015.11.23-15.28.32:447][  0]LogInit:  - bDontReuseConnections = false  - Libcurl will reuse connections
[2015.11.23-15.28.32:447][  0]LogInit:  - CertBundlePath = nullptr  - Libcurl will use whatever was configured at build time.
[2015.11.23-15.28.32:455][  0]LogInit: Presizing for 0 objects not considered by GC, pre-allocating 0 bytes.
[2015.11.23-15.28.32:463][  0]LogInit: Object subsystem initialized
[2015.11.23-15.28.32:465][  0]LogInit: Selected Device Profile: [Windows]
[2015.11.23-15.28.32:465][  0]LogInit: Applying CVar settings loaded from the selected device profile: [Windows]
[2015.11.23-15.28.32:473][  0]LogInit: Computer: STOFFEPC
[2015.11.23-15.28.32:473][  0]LogInit: User: Stoffe
[2015.11.23-15.28.32:473][  0]LogInit: CPU Page size=4096, Cores=2
[2015.11.23-15.28.32:473][  0]LogInit: High frequency timer resolution =3.222684 MHz
[2015.11.23-15.28.32:473][  0]LogMemory: Memory total: Physical=7.9GB (8GB approx)
[2015.11.23-15.28.32:473][  0]LogMemory: Platform Memory Stats for Windows
[2015.11.23-15.28.32:473][  0]LogMemory: Process Physical Memory: 51.87 MB used, 51.87 MB peak
[2015.11.23-15.28.32:473][  0]LogMemory: Process Virtual Memory: 56.82 MB used, 56.82 MB peak
[2015.11.23-15.28.32:473][  0]LogMemory: Physical Memory: 4344.81 MB used, 8126.94 MB total
[2015.11.23-15.28.32:474][  0]LogMemory: Virtual Memory: 349.46 MB used, 134217728.00 MB total
[2015.11.23-15.28.32:502][  0]LogTextLocalizationManager: No translations for ('sv-SE') exist, falling back to 'en' for localization and internationalization data.
[2015.11.23-15.28.33:412][  0]LogD3D11RHI: Found D3D11 adapter 0: AMD Radeon HD 7800 Series (Feature Level 11_0)
[2015.11.23-15.28.33:412][  0]LogD3D11RHI: Adapter has 2030MB of dedicated video memory, 0MB of dedicated system memory, and 3840MB of shared system memory, 2 output[s]
[2015.11.23-15.28.33:413][  0]LogD3D11RHI: Found D3D11 adapter 1: Microsoft Basic Render Driver (Feature Level 11_0)
[2015.11.23-15.28.33:413][  0]LogD3D11RHI: Adapter has 0MB of dedicated video memory, 0MB of dedicated system memory, and 256MB of shared system memory, 0 output[s]
[2015.11.23-15.28.33:413][  0]LogD3D11RHI: Chosen D3D11 Adapter Id = 0
[2015.11.23-15.28.33:416][  0]LogD3D11RHI: !Direct3DDevice
[2015.11.23-15.28.33:416][  0]LogRHI: Texture pool is 1361 MB (70% of 1945 MB)
[2015.11.23-15.28.33:421][  0]LogD3D11RHI: Async texture creation disabled: no driver support
[2015.11.23-15.28.33:432][  0]LogShaderCompilers: Guid format shader working directory is 15 characters bigger than the processId version (../../../../../../Users/Stoffe/Documents/GitHub/SW_Project2/SW_Project2/Intermediate/Shaders/WorkingDirectory/2220/).
[2015.11.23-15.28.33:432][  0]LogShaderCompilers: Cleaned the shader compiler working directory '../../../../../../Users/Stoffe/Documents/GitHub/SW_Project2/SW_Project2/Intermediate/Shaders/tmp/766EBA9946A237A80B61C6A8EAD2A2D0/'.
[2015.11.23-15.28.33:432][  0]LogShaderCompilers:Display: Using Local Shader Compiler.
[2015.11.23-15.28.34:928][  0]LogTemp:Display: Loaded TP AllDesktopTargetPlatform
[2015.11.23-15.28.34:935][  0]LogTemp:Display: Loaded TP WindowsClientTargetPlatform
[2015.11.23-15.28.34:943][  0]LogTemp:Display: Loaded TP WindowsNoEditorTargetPlatform
[2015.11.23-15.28.34:950][  0]LogTemp:Display: Loaded TP WindowsServerTargetPlatform
[2015.11.23-15.28.34:958][  0]LogTemp:Display: Loaded TP WindowsTargetPlatform
[2015.11.23-15.28.34:964][  0]LogTemp:Display: Loaded TP AndroidTargetPlatform
[2015.11.23-15.28.34:971][  0]LogTemp:Display: Loaded TP Android_ASTCTargetPlatform
[2015.11.23-15.28.34:976][  0]LogTemp:Display: Loaded TP Android_ATCTargetPlatform
[2015.11.23-15.28.34:980][  0]LogTemp:Display: Loaded TP Android_DXTTargetPlatform
[2015.11.23-15.28.34:985][  0]LogTemp:Display: Loaded TP Android_ETC1TargetPlatform
[2015.11.23-15.28.34:994][  0]LogTemp:Display: Loaded TP Android_ETC2TargetPlatform
[2015.11.23-15.28.35:001][  0]LogTemp:Display: Loaded TP Android_PVRTCTargetPlatform
[2015.11.23-15.28.35:002][  0]LogTemp:Display: Loaded TP HTML5TargetPlatform
[2015.11.23-15.28.35:023][  0]LogTemp:Display: Loaded TP IOSTargetPlatform
[2015.11.23-15.28.35:027][  0]LogTemp:Display: Loaded TP LinuxNoEditorTargetPlatform
[2015.11.23-15.28.35:031][  0]LogTemp:Display: Loaded TP LinuxServerTargetPlatform
[2015.11.23-15.28.35:035][  0]LogTemp:Display: Loaded TP LinuxTargetPlatform
[2015.11.23-15.28.35:035][  0]LogTargetPlatformManager:Display: Building Assets For Windows
[2015.11.23-15.28.35:223][  0]LogDerivedDataCache:Display: Max Cache Size: 512 MB
[2015.11.23-15.28.35:294][  0]LogDerivedDataCache: Loaded boot cache 0.07s 42MB C:/Users/Stoffe/AppData/Local/UnrealEngine/4.9/DerivedDataCache/Boot.ddc.
[2015.11.23-15.28.35:294][  0]LogDerivedDataCache:Display: Loaded Boot cache: C:/Users/Stoffe/AppData/Local/UnrealEngine/4.9/DerivedDataCache/Boot.ddc
[2015.11.23-15.28.35:294][  0]LogDerivedDataCache: FDerivedDataBackendGraph:  Pak pak cache file ../../../../../../Users/Stoffe/Documents/GitHub/SW_Project2/SW_Project2/DerivedDataCache/DDC.ddp not found, will not use a pak cache.
[2015.11.23-15.28.35:294][  0]LogDerivedDataCache: Unable to find inner node Pak for hierarchical cache Hierarchy.
[2015.11.23-15.28.35:294][  0]LogDerivedDataCache: FDerivedDataBackendGraph:  CompressedPak pak cache file ../../../../../../Users/Stoffe/Documents/GitHub/SW_Project2/SW_Project2/DerivedDataCache/Compressed.ddp not found, will not use a pak cache.
[2015.11.23-15.28.35:294][  0]LogDerivedDataCache: Unable to find inner node CompressedPak for hierarchical cache Hierarchy.
[2015.11.23-15.28.35:512][  0]LogDerivedDataCache:Display: Pak cache opened for reading ../../../Engine/DerivedDataCache/Compressed.ddp.
[2015.11.23-15.28.35:524][  0]LogDerivedDataCache: Using Local data cache path C:/Users/Stoffe/AppData/Local/UnrealEngine/Common/DerivedDataCache: Writable
[2015.11.23-15.28.35:831][  0]LogInit: Selected Device Profile: [Windows]
[2015.11.23-15.28.35:836][  0]LogContentStreaming: Texture pool size is 0.000000MB
[2015.11.23-15.28.36:077][  0]LogMeshUtilities: No automatic mesh reduction module available
[2015.11.23-15.28.36:077][  0]LogMeshUtilities: No automatic mesh merging module available
[2015.11.23-15.28.36:413][  0]LogInit: WinSock: version 1.1 (2.2), MaxSocks=32767, MaxUdp=65467
[2015.11.23-15.28.37:480][  0]UdpMessaging: Initializing bridge on interface 0.0.0.0:0 to multicast group 230.0.0.1:6666.
[2015.11.23-15.28.37:669][  0]LogAssetRegistry: FAssetRegistry took 0.0111 seconds to start up
[2015.11.23-15.28.37:999][  0]SourceControl: Info Source control is disabled
[2015.11.23-15.28.38:008][  0]SourceControl: Info Source control is disabled
[2015.11.23-15.28.38:040][  0]SourceControl: Info Source control is disabled
[2015.11.23-15.28.38:074][  0]SourceControl: Info Source control is disabled
[2015.11.23-15.28.38:477][  0]LogLinker:Warning: Asset '../../../Engine/Plugins/Runtime/LeapMotionController/Content/LM_PassthroughMaterial.uasset' has been saved with empty engine version. The asset will be loaded but may be incompatible.
[2015.11.23-15.28.38:664][  0]LogObj: 28521 objects as part of root set at end of initial load.
[2015.11.23-15.28.38:664][  0]LogUObjectAllocator: 6113304 out of 0 bytes used by permanent object pool.
[2015.11.23-15.28.38:729][  0]LogEngine: Initializing Engine...
[2015.11.23-15.28.38:731][  0]LogHMD: Can't find Oculus library dev build: is proper Runtime installed? Version: 0.7.0.0
[2015.11.23-15.28.38:732][  0]LogHMD: SteamVR failed to initialize.  Err: 110
[2015.11.23-15.28.38:889][  0]LogAIModule: Creating AISystem for world NewWorld
[2015.11.23-15.28.38:894][  0]LogInit: XAudio2 using 'Högtalare (Realtek High Definition Audio)' : 2 channels at 48 kHz using 32 bits per sample (channel mask 0x3)
[2015.11.23-15.28.38:903][  0]LogInit: FAudioDevice initialized.
[2015.11.23-15.28.38:925][  0]LogDerivedDataCache: Saved boot cache 0.02s 42MB C:/Users/Stoffe/AppData/Local/UnrealEngine/4.9/DerivedDataCache/Boot.ddc.
[2015.11.23-15.28.38:928][  0]LogInit: Texture streaming: Enabled
[2015.11.23-15.28.38:935][  0]LogAnalytics: Creating configured Analytics provider AnalyticsET
[2015.11.23-15.28.38:935][  0]LogAnalytics: [UEEditor.Rocket.Release] APIServer = http://et2.epicgames.com/ET2/. AppVersion = 4.9.2-2707645+++depot+UE4-Releases+4.9
[2015.11.23-15.28.38:935][  0]LogAnalytics: [UEEditor.Rocket.Release] SetUserId c2f82278409fbc7e17ba4c8b187827c0|8471e16762be488588a110ad13c08bd6|a2f24018-7849-4a41-8ec9-fa4680d0f5a7
[2015.11.23-15.28.38:936][  0]LogAnalytics: [UEEditor.Rocket.Release] AnalyticsET::StartSession
[2015.11.23-15.28.38:947][  0]LogWindowsTextInputMethodSystem:Display: IME system now deactivated.
[2015.11.23-15.28.38:963][  0]LogInit: Transaction tracking system initialized
[2015.11.23-15.28.39:023][  0]BlueprintLog: New page: Editor Load
[2015.11.23-15.28.39:165][  0]LocalizationService: Info Localization service is disabled
[2015.11.23-15.28.39:309][  0]LogConsoleResponse:Display: 
[2015.11.23-15.28.39:528][  0]LogCook:Display: Done creating registry. It took  0.00s.
[2015.11.23-15.28.39:610][  0]LogFileCache: Scanning file cache for directory 'C:/Users/Stoffe/Documents/GitHub/SW_Project2/SW_Project2/Content/' took 0.01s
[2015.11.23-15.28.39:671][  0]SourceControl: Info Source control is disabled
[2015.11.23-15.28.39:671][  0]Cmd: MAP LOAD FILE="../../../../../../Users/Stoffe/Documents/GitHub/SW_Project2/SW_Project2/Content/FlyingCPP/Maps/FlyingExampleMap.umap" TEMPLATE=0 SHOWPROGRESS=1 FEATURELEVEL=3
[2015.11.23-15.28.39:672][  0]LightingResults: New page: Lighting Build
[2015.11.23-15.28.39:680][  0]MapCheck: New page: Map Check
[2015.11.23-15.28.39:680][  0]LightingResults: New page: Lighting Build
[2015.11.23-15.28.39:709][  0]LogParticles: Destroying 0 GPU particle simulations for FXSystem 0x0000005304CD59E0
[2015.11.23-15.28.40:712][  0]LogAIModule: Creating AISystem for world FlyingExampleMap
[2015.11.23-15.28.40:738][  0]LogEditorServer: Finished looking for orphan Actors (0.000 secs)
[2015.11.23-15.28.40:739][  0]Cmd: MAP CHECKDEP NOCLEARLOG
[2015.11.23-15.28.40:818][  0]MapCheck: Info Map check complete: 0 Error(s), 0 Warning(s), took 79.148ms to complete.
[2015.11.23-15.28.40:818][  0]LogFileHelpers: Loading map 'FlyingExampleMap' took 1.147
[2015.11.23-15.28.40:984][  0]LogCollectionManager: Loaded 0 collections in 0.003770 seconds
[2015.11.23-15.28.41:036][  0]LogFileCache: Scanning file cache for directory 'C:/Users/Stoffe/Documents/GitHub/SW_Project2/SW_Project2/Saved/Collections/' took 0.01s
[2015.11.23-15.28.41:037][  0]LogFileCache: Scanning file cache for directory 'C:/Users/Stoffe/Documents/GitHub/SW_Project2/SW_Project2/Content/Developers/Stoffe/Collections/' took 0.01s
[2015.11.23-15.28.41:037][  0]LogFileCache: Scanning file cache for directory 'C:/Users/Stoffe/Documents/GitHub/SW_Project2/SW_Project2/Content/Collections/' took 0.01s
[2015.11.23-15.28.41:037][  0]LogContentBrowser: Native class hierarchy populated in 0.0172 seconds. Added 1873 classes and 335 folders.
[2015.11.23-15.28.41:052][  0]LogCollectionManager: Rebuilt the GUID cache for 0 collections in 0.000004 seconds
[2015.11.23-15.28.41:067][  0]LogContentBrowser: Native class hierarchy updated for 'WidgetCarousel' in 0.0020 seconds. Added 0 classes and 0 folders.
[2015.11.23-15.28.41:144][  0]LogContentBrowser: Native class hierarchy updated for 'AddContentDialog' in 0.0018 seconds. Added 0 classes and 0 folders.
[2015.11.23-15.28.41:161][  0]LogContentBrowser: Native class hierarchy updated for 'SceneOutliner' in 0.0017 seconds. Added 1 classes and 2 folders.
[2015.11.23-15.28.41:281][  0]LogCrashTracker: Crashtracker disabled due to settings.
[2015.11.23-15.28.41:286][  0]LogUObjectGlobals:Warning: Failed to find object 'Class None.'
[2015.11.23-15.28.41:308][  0]LogLoad: Full Startup: 10.37 seconds (BP compile: 0.17 seconds)
[2015.11.23-15.28.41:374][  0]LogContentStreaming: Texture pool size now 1000 MB
[2015.11.23-15.28.41:532][  0]LogRenderer: Reallocating scene render targets to support 1028x636 (Frame:2).
[2015.11.23-15.28.42:561][  5]LogAssetRegistry: Asset discovery search completed in 4.9036 seconds
[2015.11.23-15.28.42:561][  5]LogCollectionManager: Rebuilt the object cache for 0 collections in 0.000001 seconds (found 0 objects)
[2015.11.23-15.28.42:561][  5]LogCollectionManager: Fixed up redirectors for 0 collections in 0.000060 seconds (updated 0 objects)
[2015.11.23-15.28.45:065][198]LogBlueprintUserMessages: Early PlayInEditor Detection: Level '/Game/FlyingCPP/Maps/FlyingExampleMap.FlyingExampleMap:PersistentLevel' has LevelScriptBlueprint '/Game/FlyingCPP/Maps/FlyingExampleMap.FlyingExampleMap:PersistentLevel.FlyingExampleMap' with GeneratedClass '/Game/FlyingCPP/Maps/FlyingExampleMap.FlyingExampleMap_C' with ClassGeneratedBy '/Game/FlyingCPP/Maps/FlyingExampleMap.FlyingExampleMap:PersistentLevel.FlyingExampleMap'
[2015.11.23-15.28.45:065][198]LogPlayLevel: PlayLevel: No blueprints needed recompiling
[2015.11.23-15.28.45:065][198]PIE: New page: PIE session: FlyingExampleMap (Nov 23, 2015, 5:28:45 PM)
[2015.11.23-15.28.45:065][198]LogPlayLevel: Creating play world package: /Game/FlyingCPP/Maps/UEDPIE_0_FlyingExampleMap
[2015.11.23-15.28.45:129][198]LogPlayLevel: PIE: StaticDuplicateObject took: (0.063151s)
[2015.11.23-15.28.45:129][198]LogAIModule: Creating AISystem for world FlyingExampleMap
[2015.11.23-15.28.45:129][198]LogPlayLevel: PIE: World Init took: (0.000824s)
[2015.11.23-15.28.45:130][198]LogPlayLevel: PIE: Created PIE world by copying editor world from /Game/FlyingCPP/Maps/FlyingExampleMap.FlyingExampleMap to /Game/FlyingCPP/Maps/UEDPIE_0_FlyingExampleMap.FlyingExampleMap (0.064304s)
[2015.11.23-15.28.45:130][198]LogActorComponent: UnregisterComponent: (/Engine/Transient.ProjectileComp) Not registered. Aborting.
[2015.11.23-15.28.45:167][198]LogInit: XAudio2 using 'Högtalare (Realtek High Definition Audio)' : 2 channels at 48 kHz using 32 bits per sample (channel mask 0x3)
[2015.11.23-15.28.45:175][198]LogInit: FAudioDevice initialized.
[2015.11.23-15.28.45:228][198]LogWorld: Game class is 'SW_Project2GameMode'
[2015.11.23-15.28.45:257][198]LogWorld: Bringing World /Game/FlyingCPP/Maps/UEDPIE_0_FlyingExampleMap.FlyingExampleMap up for play (max tick rate 0) at 2015.11.23-16.28.45
[2015.11.23-15.28.45:257][198]LogActor:Warning: GameSession /Game/FlyingCPP/Maps/UEDPIE_0_FlyingExampleMap.FlyingExampleMap:PersistentLevel.GameSession_0 has natively added scene component(s), but none of them were set as the actor's RootComponent - picking one arbitrarily
[2015.11.23-15.28.45:257][198]LogActor:Warning: GameNetworkManager /Game/FlyingCPP/Maps/UEDPIE_0_FlyingExampleMap.FlyingExampleMap:PersistentLevel.GameNetworkManager_0 has natively added scene component(s), but none of them were set as the actor's RootComponent - picking one arbitrarily
[2015.11.23-15.28.45:258][198]LogWorld: Bringing up level for play took: 0.028843
[2015.11.23-15.28.45:260][198]PIE: Info Play in editor start time for /Game/FlyingCPP/Maps/UEDPIE_0_FlyingExampleMap 1.116
[2015.11.23-15.28.45:260][198]LogBlueprintUserMessages: Late PlayInEditor Detection: Level '/Game/FlyingCPP/Maps/FlyingExampleMap.FlyingExampleMap:PersistentLevel' has LevelScriptBlueprint '/Game/FlyingCPP/Maps/FlyingExampleMap.FlyingExampleMap:PersistentLevel.FlyingExampleMap' with GeneratedClass '/Game/FlyingCPP/Maps/FlyingExampleMap.FlyingExampleMap_C' with ClassGeneratedBy '/Game/FlyingCPP/Maps/FlyingExampleMap.FlyingExampleMap:PersistentLevel.FlyingExampleMap'
[2015.11.23-15.28.52:400][825]LogBlueprintUserMessages: Early EndPlayMap Detection: Level '/Game/FlyingCPP/Maps/FlyingExampleMap.FlyingExampleMap:PersistentLevel' has LevelScriptBlueprint '/Game/FlyingCPP/Maps/FlyingExampleMap.FlyingExampleMap:PersistentLevel.FlyingExampleMap' with GeneratedClass '/Game/FlyingCPP/Maps/FlyingExampleMap.FlyingExampleMap_C' with ClassGeneratedBy '/Game/FlyingCPP/Maps/FlyingExampleMap.FlyingExampleMap:PersistentLevel.FlyingExampleMap'
[2015.11.23-15.28.52:438][825]LogBlueprintUserMessages: Late EndPlayMap Detection: Level '/Game/FlyingCPP/Maps/FlyingExampleMap.FlyingExampleMap:PersistentLevel' has LevelScriptBlueprint '/Game/FlyingCPP/Maps/FlyingExampleMap.FlyingExampleMap:PersistentLevel.FlyingExampleMap' with GeneratedClass '/Game/FlyingCPP/Maps/FlyingExampleMap.FlyingExampleMap_C' with ClassGeneratedBy '/Game/FlyingCPP/Maps/FlyingExampleMap.FlyingExampleMap:PersistentLevel.FlyingExampleMap'
[2015.11.23-15.28.52:462][825]LogParticles: Destroying 0 GPU particle simulations for FXSystem 0x0000002A14EE2980
[2015.11.23-15.28.59:237][143]LogRenderer: Reallocating scene render targets to support 1432x924 (Frame:1559).
[2015.11.23-15.29.02:664][329]Cmd: OBJ SAVEPACKAGE PACKAGE="/Game/Flying/Meshes/UFO" FILE="../../../../../../Users/Stoffe/Documents/GitHub/SW_Project2/SW_Project2/Content/Flying/Meshes/UFO.uasset" SILENT=true
[2015.11.23-15.29.02:681][329]LogSavePackage: Save=12.064788ms
[2015.11.23-15.29.02:681][329]LogSavePackage: Moving '../../../../../../Users/Stoffe/Documents/GitHub/SW_Project2/SW_Project2/Saved/UFO72ECF3A844236277CCF5A7B6411B5C86.tmp' to '../../../../../../Users/Stoffe/Documents/GitHub/SW_Project2/SW_Project2/Content/Flying/Meshes/UFO.uasset'
[2015.11.23-15.29.02:684][329]LogSavePackage: Total save time: 18.292204ms
[2015.11.23-15.29.02:684][329]LogSavePackage:Warning: Finished SavePackage ../../../../../../Users/Stoffe/Documents/GitHub/SW_Project2/SW_Project2/Content/Flying/Meshes/UFO.uasset
[2015.11.23-15.29.05:549][526]LogBlueprintUserMessages: Early PlayInEditor Detection: Level '/Game/FlyingCPP/Maps/FlyingExampleMap.FlyingExampleMap:PersistentLevel' has LevelScriptBlueprint '/Game/FlyingCPP/Maps/FlyingExampleMap.FlyingExampleMap:PersistentLevel.FlyingExampleMap' with GeneratedClass '/Game/FlyingCPP/Maps/FlyingExampleMap.FlyingExampleMap_C' with ClassGeneratedBy '/Game/FlyingCPP/Maps/FlyingExampleMap.FlyingExampleMap:PersistentLevel.FlyingExampleMap'
[2015.11.23-15.29.05:549][526]LogPlayLevel: PlayLevel: No blueprints needed recompiling
[2015.11.23-15.29.05:549][526]PIE: New page: PIE session: FlyingExampleMap (Nov 23, 2015, 5:29:05 PM)
[2015.11.23-15.29.05:549][526]LogPlayLevel: Creating play world package: /Game/FlyingCPP/Maps/UEDPIE_0_FlyingExampleMap
[2015.11.23-15.29.05:596][526]LogPlayLevel: PIE: StaticDuplicateObject took: (0.046121s)
[2015.11.23-15.29.05:596][526]LogAIModule: Creating AISystem for world FlyingExampleMap
[2015.11.23-15.29.05:596][526]LogPlayLevel: PIE: World Init took: (0.000714s)
[2015.11.23-15.29.05:597][526]LogPlayLevel: PIE: Created PIE world by copying editor world from /Game/FlyingCPP/Maps/FlyingExampleMap.FlyingExampleMap to /Game/FlyingCPP/Maps/UEDPIE_0_FlyingExampleMap.FlyingExampleMap (0.047311s)
[2015.11.23-15.29.05:597][526]LogActorComponent: UnregisterComponent: (/Engine/Transient.ProjectileComp) Not registered. Aborting.
[2015.11.23-15.29.05:619][526]LogParticles: Destroying 0 GPU particle simulations for FXSystem 0x0000002A08951C60
[2015.11.23-15.29.05:623][526]LogInit: XAudio2 using 'Högtalare (Realtek High Definition Audio)' : 2 channels at 48 kHz using 32 bits per sample (channel mask 0x3)
[2015.11.23-15.29.05:630][526]LogInit: FAudioDevice initialized.
[2015.11.23-15.29.05:667][526]LogWorld: Game class is 'SW_Project2GameMode'
[2015.11.23-15.29.05:691][526]LogWorld: Bringing World /Game/FlyingCPP/Maps/UEDPIE_0_FlyingExampleMap.FlyingExampleMap up for play (max tick rate 0) at 2015.11.23-16.29.05
[2015.11.23-15.29.05:691][526]LogActor:Warning: GameSession /Game/FlyingCPP/Maps/UEDPIE_0_FlyingExampleMap.FlyingExampleMap:PersistentLevel.GameSession_1 has natively added scene component(s), but none of them were set as the actor's RootComponent - picking one arbitrarily
[2015.11.23-15.29.05:692][526]LogActor:Warning: GameNetworkManager /Game/FlyingCPP/Maps/UEDPIE_0_FlyingExampleMap.FlyingExampleMap:PersistentLevel.GameNetworkManager_1 has natively added scene component(s), but none of them were set as the actor's RootComponent - picking one arbitrarily
[2015.11.23-15.29.05:692][526]LogWorld: Bringing up level for play took: 0.025445
[2015.11.23-15.29.05:694][526]PIE: Info Play in editor start time for /Game/FlyingCPP/Maps/UEDPIE_0_FlyingExampleMap -0.449
[2015.11.23-15.29.05:695][526]LogBlueprintUserMessages: Late PlayInEditor Detection: Level '/Game/FlyingCPP/Maps/FlyingExampleMap.FlyingExampleMap:PersistentLevel' has LevelScriptBlueprint '/Game/FlyingCPP/Maps/FlyingExampleMap.FlyingExampleMap:PersistentLevel.FlyingExampleMap' with GeneratedClass '/Game/FlyingCPP/Maps/FlyingExampleMap.FlyingExampleMap_C' with ClassGeneratedBy '/Game/FlyingCPP/Maps/FlyingExampleMap.FlyingExampleMap:PersistentLevel.FlyingExampleMap'
[2015.11.23-15.29.15:057][333]LogBlueprintUserMessages: Early EndPlayMap Detection: Level '/Game/FlyingCPP/Maps/FlyingExampleMap.FlyingExampleMap:PersistentLevel' has LevelScriptBlueprint '/Game/FlyingCPP/Maps/FlyingExampleMap.FlyingExampleMap:PersistentLevel.FlyingExampleMap' with GeneratedClass '/Game/FlyingCPP/Maps/FlyingExampleMap.FlyingExampleMap_C' with ClassGeneratedBy '/Game/FlyingCPP/Maps/FlyingExampleMap.FlyingExampleMap:PersistentLevel.FlyingExampleMap'
[2015.11.23-15.29.15:090][333]LogBlueprintUserMessages: Late EndPlayMap Detection: Level '/Game/FlyingCPP/Maps/FlyingExampleMap.FlyingExampleMap:PersistentLevel' has LevelScriptBlueprint '/Game/FlyingCPP/Maps/FlyingExampleMap.FlyingExampleMap:PersistentLevel.FlyingExampleMap' with GeneratedClass '/Game/FlyingCPP/Maps/FlyingExampleMap.FlyingExampleMap_C' with ClassGeneratedBy '/Game/FlyingCPP/Maps/FlyingExampleMap.FlyingExampleMap:PersistentLevel.FlyingExampleMap'
[2015.11.23-15.29.15:113][333]LogParticles: Destroying 0 GPU particle simulations for FXSystem 0x0000002A7BF5A7A0
[2015.11.23-15.29.25:467][978]Cmd: OBJ SAVEPACKAGE PACKAGE="/Game/Flying/Meshes/UFO" FILE="../../../../../../Users/Stoffe/Documents/GitHub/SW_Project2/SW_Project2/Content/Flying/Meshes/UFO.uasset" SILENT=true
[2015.11.23-15.29.25:474][978]LogSavePackage: Save=4.042283ms
[2015.11.23-15.29.25:474][978]LogSavePackage: Moving '../../../../../../Users/Stoffe/Documents/GitHub/SW_Project2/SW_Project2/Saved/UFO4A8075E84E98747748CEFC964CB8BE49.tmp' to '../../../../../../Users/Stoffe/Documents/GitHub/SW_Project2/SW_Project2/Content/Flying/Meshes/UFO.uasset'
[2015.11.23-15.29.25:477][978]LogSavePackage: Total save time: 9.121589ms
[2015.11.23-15.29.25:477][978]LogSavePackage:Warning: Finished SavePackage ../../../../../../Users/Stoffe/Documents/GitHub/SW_Project2/SW_Project2/Content/Flying/Meshes/UFO.uasset
[2015.11.23-15.31.21:842][767]LogBlueprintUserMessages: Early PlayInEditor Detection: Level '/Game/FlyingCPP/Maps/FlyingExampleMap.FlyingExampleMap:PersistentLevel' has LevelScriptBlueprint '/Game/FlyingCPP/Maps/FlyingExampleMap.FlyingExampleMap:PersistentLevel.FlyingExampleMap' with GeneratedClass '/Game/FlyingCPP/Maps/FlyingExampleMap.FlyingExampleMap_C' with ClassGeneratedBy '/Game/FlyingCPP/Maps/FlyingExampleMap.FlyingExampleMap:PersistentLevel.FlyingExampleMap'
[2015.11.23-15.31.21:842][767]LogPlayLevel: PlayLevel: No blueprints needed recompiling
[2015.11.23-15.31.21:842][767]PIE: New page: PIE session: FlyingExampleMap (Nov 23, 2015, 5:31:21 PM)
[2015.11.23-15.31.21:843][767]LogPlayLevel: Creating play world package: /Game/FlyingCPP/Maps/UEDPIE_0_FlyingExampleMap
[2015.11.23-15.31.21:910][767]LogPlayLevel: PIE: StaticDuplicateObject took: (0.067343s)
[2015.11.23-15.31.21:927][767]LogAIModule: Creating AISystem for world FlyingExampleMap
[2015.11.23-15.31.21:927][767]LogPlayLevel: PIE: World Init took: (0.016910s)
[2015.11.23-15.31.21:927][767]LogPlayLevel: PIE: Created PIE world by copying editor world from /Game/FlyingCPP/Maps/FlyingExampleMap.FlyingExampleMap to /Game/FlyingCPP/Maps/UEDPIE_0_FlyingExampleMap.FlyingExampleMap (0.084773s)
[2015.11.23-15.31.21:967][767]LogParticles: Destroying 0 GPU particle simulations for FXSystem 0x0000002A09C782C0
[2015.11.23-15.31.21:967][767]LogInit: XAudio2 using 'Högtalare (Realtek High Definition Audio)' : 2 channels at 48 kHz using 32 bits per sample (channel mask 0x3)
[2015.11.23-15.31.21:979][767]LogInit: FAudioDevice initialized.
[2015.11.23-15.31.22:032][767]LogWorld: Game class is 'SW_Project2GameMode'
[2015.11.23-15.31.22:066][767]LogWorld: Bringing World /Game/FlyingCPP/Maps/UEDPIE_0_FlyingExampleMap.FlyingExampleMap up for play (max tick rate 0) at 2015.11.23-16.31.22
[2015.11.23-15.31.22:067][767]LogActor:Warning: GameSession /Game/FlyingCPP/Maps/UEDPIE_0_FlyingExampleMap.FlyingExampleMap:PersistentLevel.GameSession_2 has natively added scene component(s), but none of them were set as the actor's RootComponent - picking one arbitrarily
[2015.11.23-15.31.22:067][767]LogActor:Warning: GameNetworkManager /Game/FlyingCPP/Maps/UEDPIE_0_FlyingExampleMap.FlyingExampleMap:PersistentLevel.GameNetworkManager_2 has natively added scene component(s), but none of them were set as the actor's RootComponent - picking one arbitrarily
[2015.11.23-15.31.22:068][767]LogWorld: Bringing up level for play took: 0.035461
[2015.11.23-15.31.22:070][767]PIE: Info Play in editor start time for /Game/FlyingCPP/Maps/UEDPIE_0_FlyingExampleMap -0.074
[2015.11.23-15.31.22:070][767]LogBlueprintUserMessages: Late PlayInEditor Detection: Level '/Game/FlyingCPP/Maps/FlyingExampleMap.FlyingExampleMap:PersistentLevel' has LevelScriptBlueprint '/Game/FlyingCPP/Maps/FlyingExampleMap.FlyingExampleMap:PersistentLevel.FlyingExampleMap' with GeneratedClass '/Game/FlyingCPP/Maps/FlyingExampleMap.FlyingExampleMap_C' with ClassGeneratedBy '/Game/FlyingCPP/Maps/FlyingExampleMap.FlyingExampleMap:PersistentLevel.FlyingExampleMap'
[2015.11.23-15.31.31:033][610]LogBlueprintUserMessages: Early EndPlayMap Detection: Level '/Game/FlyingCPP/Maps/FlyingExampleMap.FlyingExampleMap:PersistentLevel' has LevelScriptBlueprint '/Game/FlyingCPP/Maps/FlyingExampleMap.FlyingExampleMap:PersistentLevel.FlyingExampleMap' with GeneratedClass '/Game/FlyingCPP/Maps/FlyingExampleMap.FlyingExampleMap_C' with ClassGeneratedBy '/Game/FlyingCPP/Maps/FlyingExampleMap.FlyingExampleMap:PersistentLevel.FlyingExampleMap'
[2015.11.23-15.31.31:065][610]LogBlueprintUserMessages: Late EndPlayMap Detection: Level '/Game/FlyingCPP/Maps/FlyingExampleMap.FlyingExampleMap:PersistentLevel' has LevelScriptBlueprint '/Game/FlyingCPP/Maps/FlyingExampleMap.FlyingExampleMap:PersistentLevel.FlyingExampleMap' with GeneratedClass '/Game/FlyingCPP/Maps/FlyingExampleMap.FlyingExampleMap_C' with ClassGeneratedBy '/Game/FlyingCPP/Maps/FlyingExampleMap.FlyingExampleMap:PersistentLevel.FlyingExampleMap'
[2015.11.23-15.31.31:103][610]LogParticles: Destroying 0 GPU particle simulations for FXSystem 0x0000002A08720400
[2015.11.23-16.39.23:371][704]Recompiling SW_Project2...
[2015.11.23-16.39.23:371][704]Launching UnrealBuildTool... [C:/Program Files/Epic Games/4.9/Engine/Binaries/DotNET/UnrealBuildTool.exe SW_Project2 -ModuleWithSuffix SW_Project2 280 Win64 Development -editorrecompile -canskiplink "C:/Users/Stoffe/Documents/GitHub/SW_Project2/SW_Project2/SW_Project2.uproject" -rocket  -rocket]
[2015.11.23-16.39.23:372][704]Warning: Starting HotReload took  0.0s.
[2015.11.23-16.39.46:487][707]CompilerResultsLog: New page: Compilation - Nov 23, 2015, 6:39:46 PM
[2015.11.23-16.39.46:487][707]CompilerResultsLog: Info Compiling game modules for hot reload
[2015.11.23-16.39.46:487][707]CompilerResultsLog: Info Parsing headers for SW_Project2Editor
[2015.11.23-16.39.46:487][707]CompilerResultsLog: Info   Running UnrealHeaderTool "C:/Users/Stoffe/Documents/GitHub/SW_Project2/SW_Project2/SW_Project2.uproject" "C:\Users\Stoffe\Documents\GitHub\SW_Project2\SW_Project2\Intermediate\Build\Win64\SW_Project2Editor\Development\UnrealHeaderTool.manifest" -LogCmds="loginit warning, logexit warning, logdatabase error" -rocket -installed
[2015.11.23-16.39.46:487][707]CompilerResultsLog: Info Reflection code generated for SW_Project2Editor in 16,9516691 seconds
[2015.11.23-16.39.46:487][707]CompilerResultsLog: Info Performing 4 actions (2 in parallel)
[2015.11.23-16.39.46:488][707]CompilerResultsLog: Info SW_Project2GameMode.cpp
[2015.11.23-16.39.46:488][707]CompilerResultsLog: Info SW_Project2Pawn.cpp
[2015.11.23-16.39.46:488][707]CompilerResultsLog: Info SW_Project2.generated.cpp
[2015.11.23-16.39.46:488][707]CompilerResultsLog: Info [4/4] Link UE4Editor-SW_Project2-280.dll
[2015.11.23-16.39.46:488][707]CompilerResultsLog: Info    Creating library C:\Users\Stoffe\Documents\GitHub\SW_Project2\SW_Project2\Intermediate/Build/Win64\UE4Editor\Development\UE4Editor-SW_Project2-280.lib and object C:\Users\Stoffe\Documents\GitHub\SW_Project2\SW_Project2\Intermediate/Build/Win64\UE4Editor\Development\UE4Editor-SW_Project2-280.exp
[2015.11.23-16.39.46:488][707]CompilerResultsLog: Info -------- End Detailed Actions Stats -----------------------------------------------------------
[2015.11.23-16.39.46:488][707]CompilerResultsLog: Info Total build time: 22,76 seconds
[2015.11.23-16.39.46:488][707]LogMainFrame: MainFrame: Module compiling took 23.128 seconds
[2015.11.23-16.39.46:523][707]LogClass: Could not find existing class SW_Project2Pawn in package /Script/SW_Project2 for HotReload, assuming new class
[2015.11.23-16.39.46:525][707]LogHotReload: Re-instancing SW_Project2GameMode after hot-reload.
[2015.11.23-16.39.46:553][707]LogHotReload: Re-instancing SW_Project2Pawn after hot-reload.
[2015.11.23-16.39.46:583][707]LogContentBrowser: Native class hierarchy updated for 'SW_Project2' in 0.0016 seconds. Added 6 classes and 2 folders.
[2015.11.23-16.39.46:585][707]Warning: HotReload successful (1 functions remapped  0 scriptstructs remapped)
[2015.11.23-16.39.46:663][707]LogContentBrowser: Native class hierarchy populated in 0.0093 seconds. Added 1874 classes and 337 folders.
[2015.11.23-16.39.48:601][784]LogBlueprintUserMessages: Early PlayInEditor Detection: Level '/Game/FlyingCPP/Maps/FlyingExampleMap.FlyingExampleMap:PersistentLevel' has LevelScriptBlueprint '/Game/FlyingCPP/Maps/FlyingExampleMap.FlyingExampleMap:PersistentLevel.FlyingExampleMap' with GeneratedClass '/Game/FlyingCPP/Maps/FlyingExampleMap.FlyingExampleMap_C' with ClassGeneratedBy '/Game/FlyingCPP/Maps/FlyingExampleMap.FlyingExampleMap:PersistentLevel.FlyingExampleMap'
[2015.11.23-16.39.48:601][784]LogPlayLevel: PlayLevel: No blueprints needed recompiling
[2015.11.23-16.39.48:601][784]PIE: New page: PIE session: FlyingExampleMap (Nov 23, 2015, 6:39:48 PM)
[2015.11.23-16.39.48:601][784]LogPlayLevel: Creating play world package: /Game/FlyingCPP/Maps/UEDPIE_0_FlyingExampleMap
[2015.11.23-16.39.48:672][784]LogPlayLevel: PIE: StaticDuplicateObject took: (0.070562s)
[2015.11.23-16.39.48:673][784]LogAIModule: Creating AISystem for world FlyingExampleMap
[2015.11.23-16.39.48:674][784]LogPlayLevel: PIE: World Init took: (0.001680s)
[2015.11.23-16.39.48:674][784]LogPlayLevel: PIE: Created PIE world by copying editor world from /Game/FlyingCPP/Maps/FlyingExampleMap.FlyingExampleMap to /Game/FlyingCPP/Maps/UEDPIE_0_FlyingExampleMap.FlyingExampleMap (0.072772s)
[2015.11.23-16.39.48:711][784]LogInit: XAudio2 using 'Högtalare (Realtek High Definition Audio)' : 2 channels at 48 kHz using 32 bits per sample (channel mask 0x3)
[2015.11.23-16.39.48:721][784]LogInit: FAudioDevice initialized.
[2015.11.23-16.39.48:764][784]LogWorld: Game class is 'SW_Project2GameMode'
[2015.11.23-16.39.48:796][784]LogWorld: Bringing World /Game/FlyingCPP/Maps/UEDPIE_0_FlyingExampleMap.FlyingExampleMap up for play (max tick rate 0) at 2015.11.23-17.39.48
[2015.11.23-16.39.48:796][784]LogActor:Warning: GameSession /Game/FlyingCPP/Maps/UEDPIE_0_FlyingExampleMap.FlyingExampleMap:PersistentLevel.GameSession_3 has natively added scene component(s), but none of them were set as the actor's RootComponent - picking one arbitrarily
[2015.11.23-16.39.48:796][784]LogActor:Warning: GameNetworkManager /Game/FlyingCPP/Maps/UEDPIE_0_FlyingExampleMap.FlyingExampleMap:PersistentLevel.GameNetworkManager_3 has natively added scene component(s), but none of them were set as the actor's RootComponent - picking one arbitrarily
[2015.11.23-16.39.48:797][784]LogWorld: Bringing up level for play took: 0.032066
[2015.11.23-16.39.48:799][784]PIE: Info Play in editor start time for /Game/FlyingCPP/Maps/UEDPIE_0_FlyingExampleMap 0.656
[2015.11.23-16.39.48:800][784]LogBlueprintUserMessages: Late PlayInEditor Detection: Level '/Game/FlyingCPP/Maps/FlyingExampleMap.FlyingExampleMap:PersistentLevel' has LevelScriptBlueprint '/Game/FlyingCPP/Maps/FlyingExampleMap.FlyingExampleMap:PersistentLevel.FlyingExampleMap' with GeneratedClass '/Game/FlyingCPP/Maps/FlyingExampleMap.FlyingExampleMap_C' with ClassGeneratedBy '/Game/FlyingCPP/Maps/FlyingExampleMap.FlyingExampleMap:PersistentLevel.FlyingExampleMap'
[2015.11.23-16.40.06:763][693]Set new viewmode: Wireframe
[2015.11.23-16.40.07:858][817]Set new viewmode: Unlit
[2015.11.23-16.40.08:310][868]Set new viewmode: Unlit
[2015.11.23-16.40.08:587][900]Set new viewmode: Lit
[2015.11.23-16.40.09:245][972]Error: view mode not recognized: detaillighting
[2015.11.23-16.40.09:681][ 20]Set new viewmode: ShaderComplexity
[2015.11.23-16.40.10:696][136]Set new viewmode: ShaderComplexity
[2015.11.23-16.40.11:541][237]Set new viewmode: Wireframe
[2015.11.23-16.41.14:417][721]LogBlueprintUserMessages: Early EndPlayMap Detection: Level '/Game/FlyingCPP/Maps/FlyingExampleMap.FlyingExampleMap:PersistentLevel' has LevelScriptBlueprint '/Game/FlyingCPP/Maps/FlyingExampleMap.FlyingExampleMap:PersistentLevel.FlyingExampleMap' with GeneratedClass '/Game/FlyingCPP/Maps/FlyingExampleMap.FlyingExampleMap_C' with ClassGeneratedBy '/Game/FlyingCPP/Maps/FlyingExampleMap.FlyingExampleMap:PersistentLevel.FlyingExampleMap'
[2015.11.23-16.41.14:451][721]LogBlueprintUserMessages: Late EndPlayMap Detection: Level '/Game/FlyingCPP/Maps/FlyingExampleMap.FlyingExampleMap:PersistentLevel' has LevelScriptBlueprint '/Game/FlyingCPP/Maps/FlyingExampleMap.FlyingExampleMap:PersistentLevel.FlyingExampleMap' with GeneratedClass '/Game/FlyingCPP/Maps/FlyingExampleMap.FlyingExampleMap_C' with ClassGeneratedBy '/Game/FlyingCPP/Maps/FlyingExampleMap.FlyingExampleMap:PersistentLevel.FlyingExampleMap'
[2015.11.23-16.41.14:476][721]LogParticles: Destroying 0 GPU particle simulations for FXSystem 0x0000002A15A75DA0
[2015.11.23-16.42.19:240][ 56]LogBlueprintUserMessages: Early PlayInEditor Detection: Level '/Game/FlyingCPP/Maps/FlyingExampleMap.FlyingExampleMap:PersistentLevel' has LevelScriptBlueprint '/Game/FlyingCPP/Maps/FlyingExampleMap.FlyingExampleMap:PersistentLevel.FlyingExampleMap' with GeneratedClass '/Game/FlyingCPP/Maps/FlyingExampleMap.FlyingExampleMap_C' with ClassGeneratedBy '/Game/FlyingCPP/Maps/FlyingExampleMap.FlyingExampleMap:PersistentLevel.FlyingExampleMap'
[2015.11.23-16.42.19:240][ 56]LogPlayLevel: PlayLevel: No blueprints needed recompiling
[2015.11.23-16.42.19:240][ 56]PIE: New page: PIE session: FlyingExampleMap (Nov 23, 2015, 6:42:19 PM)
[2015.11.23-16.42.19:240][ 56]LogPlayLevel: Creating play world package: /Game/FlyingCPP/Maps/UEDPIE_0_FlyingExampleMap
[2015.11.23-16.42.19:309][ 56]LogPlayLevel: PIE: StaticDuplicateObject took: (0.068600s)
[2015.11.23-16.42.19:310][ 56]LogAIModule: Creating AISystem for world FlyingExampleMap
[2015.11.23-16.42.19:310][ 56]LogPlayLevel: PIE: World Init took: (0.001109s)
[2015.11.23-16.42.19:310][ 56]LogPlayLevel: PIE: Created PIE world by copying editor world from /Game/FlyingCPP/Maps/FlyingExampleMap.FlyingExampleMap to /Game/FlyingCPP/Maps/UEDPIE_0_FlyingExampleMap.FlyingExampleMap (0.070161s)
[2015.11.23-16.42.19:344][ 56]LogInit: XAudio2 using 'Högtalare (Realtek High Definition Audio)' : 2 channels at 48 kHz using 32 bits per sample (channel mask 0x3)
[2015.11.23-16.42.19:353][ 56]LogInit: FAudioDevice initialized.
[2015.11.23-16.42.19:399][ 56]LogWorld: Game class is 'SW_Project2GameMode'
[2015.11.23-16.42.19:429][ 56]LogWorld: Bringing World /Game/FlyingCPP/Maps/UEDPIE_0_FlyingExampleMap.FlyingExampleMap up for play (max tick rate 0) at 2015.11.23-17.42.19
[2015.11.23-16.42.19:429][ 56]LogActor:Warning: GameSession /Game/FlyingCPP/Maps/UEDPIE_0_FlyingExampleMap.FlyingExampleMap:PersistentLevel.GameSession_4 has natively added scene component(s), but none of them were set as the actor's RootComponent - picking one arbitrarily
[2015.11.23-16.42.19:430][ 56]LogActor:Warning: GameNetworkManager /Game/FlyingCPP/Maps/UEDPIE_0_FlyingExampleMap.FlyingExampleMap:PersistentLevel.GameNetworkManager_4 has natively added scene component(s), but none of them were set as the actor's RootComponent - picking one arbitrarily
[2015.11.23-16.42.19:431][ 56]LogWorld: Bringing up level for play took: 0.031242
[2015.11.23-16.42.19:433][ 56]PIE: Info Play in editor start time for /Game/FlyingCPP/Maps/UEDPIE_0_FlyingExampleMap -0.711
[2015.11.23-16.42.19:433][ 56]LogBlueprintUserMessages: Late PlayInEditor Detection: Level '/Game/FlyingCPP/Maps/FlyingExampleMap.FlyingExampleMap:PersistentLevel' has LevelScriptBlueprint '/Game/FlyingCPP/Maps/FlyingExampleMap.FlyingExampleMap:PersistentLevel.FlyingExampleMap' with GeneratedClass '/Game/FlyingCPP/Maps/FlyingExampleMap.FlyingExampleMap_C' with ClassGeneratedBy '/Game/FlyingCPP/Maps/FlyingExampleMap.FlyingExampleMap:PersistentLevel.FlyingExampleMap'
[2015.11.23-16.42.20:272][142]LogBlueprintUserMessages: Early EndPlayMap Detection: Level '/Game/FlyingCPP/Maps/FlyingExampleMap.FlyingExampleMap:PersistentLevel' has LevelScriptBlueprint '/Game/FlyingCPP/Maps/FlyingExampleMap.FlyingExampleMap:PersistentLevel.FlyingExampleMap' with GeneratedClass '/Game/FlyingCPP/Maps/FlyingExampleMap.FlyingExampleMap_C' with ClassGeneratedBy '/Game/FlyingCPP/Maps/FlyingExampleMap.FlyingExampleMap:PersistentLevel.FlyingExampleMap'
[2015.11.23-16.42.20:304][142]LogBlueprintUserMessages: Late EndPlayMap Detection: Level '/Game/FlyingCPP/Maps/FlyingExampleMap.FlyingExampleMap:PersistentLevel' has LevelScriptBlueprint '/Game/FlyingCPP/Maps/FlyingExampleMap.FlyingExampleMap:PersistentLevel.FlyingExampleMap' with GeneratedClass '/Game/FlyingCPP/Maps/FlyingExampleMap.FlyingExampleMap_C' with ClassGeneratedBy '/Game/FlyingCPP/Maps/FlyingExampleMap.FlyingExampleMap:PersistentLevel.FlyingExampleMap'
[2015.11.23-16.42.20:328][142]LogParticles: Destroying 0 GPU particle simulations for FXSystem 0x0000002A08953BA0
[2015.11.23-16.48.58:400][902]Recompiling SW_Project2...
[2015.11.23-16.48.58:401][902]Launching UnrealBuildTool... [C:/Program Files/Epic Games/4.9/Engine/Binaries/DotNET/UnrealBuildTool.exe SW_Project2 -ModuleWithSuffix SW_Project2 71 Win64 Development -editorrecompile -canskiplink "C:/Users/Stoffe/Documents/GitHub/SW_Project2/SW_Project2/SW_Project2.uproject" -rocket  -rocket]
[2015.11.23-16.48.58:402][902]Warning: Starting HotReload took  0.0s.
[2015.11.23-16.49.18:699][683]CompilerResultsLog: New page: Compilation - Nov 23, 2015, 6:49:18 PM
[2015.11.23-16.49.18:699][683]CompilerResultsLog: Info Compiling game modules for hot reload
[2015.11.23-16.49.18:699][683]CompilerResultsLog: Info Parsing headers for SW_Project2Editor
[2015.11.23-16.49.18:699][683]CompilerResultsLog: Info   Running UnrealHeaderTool "C:/Users/Stoffe/Documents/GitHub/SW_Project2/SW_Project2/SW_Project2.uproject" "C:\Users\Stoffe\Documents\GitHub\SW_Project2\SW_Project2\Intermediate\Build\Win64\SW_Project2Editor\Development\UnrealHeaderTool.manifest" -LogCmds="loginit warning, logexit warning, logdatabase error" -rocket -installed
[2015.11.23-16.49.18:699][683]CompilerResultsLog: Info Reflection code generated for SW_Project2Editor in 15,0513553 seconds
[2015.11.23-16.49.18:700][683]CompilerResultsLog: Info Performing 4 actions (2 in parallel)
[2015.11.23-16.49.18:700][683]CompilerResultsLog: Info SW_Project2Pawn.cpp
[2015.11.23-16.49.18:700][683]CompilerResultsLog: Info SW_Project2GameMode.cpp
[2015.11.23-16.49.18:700][683]CompilerResultsLog:Error: Error C:\Users\Stoffe\Documents\GitHub\SW_Project2\SW_Project2\Source\SW_Project2\SW_Project2Pawn.cpp(70)  : error C2065: 'Offset' : undeclared identifier
[2015.11.23-16.49.18:700][683]CompilerResultsLog: Info SW_Project2.generated.cpp
[2015.11.23-16.49.18:700][683]CompilerResultsLog: Info -------- End Detailed Actions Stats -----------------------------------------------------------
[2015.11.23-16.49.18:700][683]CompilerResultsLog: Info ERROR: UBT ERROR: Failed to produce item: C:\Users\Stoffe\Documents\GitHub\SW_Project2\SW_Project2\Binaries\Win64\UE4Editor-SW_Project2-71.dll
[2015.11.23-16.49.18:700][683]CompilerResultsLog: Info Total build time: 20,22 seconds
[2015.11.23-16.49.18:700][683]LogMainFrame: MainFrame: Module compiling took 20.311 seconds
[2015.11.23-16.49.18:700][683]Warning: HotReload failed, recompile failed
[2015.11.23-16.49.32:669][252]Recompiling SW_Project2...
[2015.11.23-16.49.32:672][252]Launching UnrealBuildTool... [C:/Program Files/Epic Games/4.9/Engine/Binaries/DotNET/UnrealBuildTool.exe SW_Project2 -ModuleWithSuffix SW_Project2 642 Win64 Development -editorrecompile -canskiplink "C:/Users/Stoffe/Documents/GitHub/SW_Project2/SW_Project2/SW_Project2.uproject" -rocket  -rocket]
[2015.11.23-16.49.32:673][252]Warning: Starting HotReload took  0.0s.
[2015.11.23-16.49.38:577][646]CompilerResultsLog: New page: Compilation - Nov 23, 2015, 6:49:38 PM
[2015.11.23-16.49.38:577][646]CompilerResultsLog: Info Compiling game modules for hot reload
[2015.11.23-16.49.38:577][646]CompilerResultsLog: Info Performing 2 actions (2 in parallel)
[2015.11.23-16.49.38:577][646]CompilerResultsLog: Info SW_Project2Pawn.cpp
[2015.11.23-16.49.38:577][646]CompilerResultsLog: Info [2/2] Link UE4Editor-SW_Project2-642.dll
[2015.11.23-16.49.38:577][646]CompilerResultsLog: Info    Creating library C:\Users\Stoffe\Documents\GitHub\SW_Project2\SW_Project2\Intermediate/Build/Win64\UE4Editor\Development\UE4Editor-SW_Project2-642.lib and object C:\Users\Stoffe\Documents\GitHub\SW_Project2\SW_Project2\Intermediate/Build/Win64\UE4Editor\Development\UE4Editor-SW_Project2-642.exp
[2015.11.23-16.49.38:577][646]CompilerResultsLog: Info -------- End Detailed Actions Stats -----------------------------------------------------------
[2015.11.23-16.49.38:577][646]CompilerResultsLog: Info Total build time: 5,83 seconds
[2015.11.23-16.49.38:577][646]LogMainFrame: MainFrame: Module compiling took 5.918 seconds
[2015.11.23-16.49.38:620][646]LogClass: Could not find existing class SW_Project2Pawn in package /Script/SW_Project2 for HotReload, assuming new class
[2015.11.23-16.49.38:623][646]LogHotReload: Re-instancing SW_Project2GameMode after hot-reload.
[2015.11.23-16.49.38:649][646]LogHotReload: Re-instancing SW_Project2Pawn after hot-reload.
[2015.11.23-16.49.38:679][646]LogContentBrowser: Native class hierarchy updated for 'SW_Project2' in 0.0013 seconds. Added 6 classes and 2 folders.
[2015.11.23-16.49.38:681][646]Warning: HotReload successful (1 functions remapped  0 scriptstructs remapped)
[2015.11.23-16.49.38:757][646]LogContentBrowser: Native class hierarchy populated in 0.0109 seconds. Added 1874 classes and 337 folders.
[2015.11.23-16.49.43:018][953]LogBlueprintUserMessages: Early PlayInEditor Detection: Level '/Game/FlyingCPP/Maps/FlyingExampleMap.FlyingExampleMap:PersistentLevel' has LevelScriptBlueprint '/Game/FlyingCPP/Maps/FlyingExampleMap.FlyingExampleMap:PersistentLevel.FlyingExampleMap' with GeneratedClass '/Game/FlyingCPP/Maps/FlyingExampleMap.FlyingExampleMap_C' with ClassGeneratedBy '/Game/FlyingCPP/Maps/FlyingExampleMap.FlyingExampleMap:PersistentLevel.FlyingExampleMap'
[2015.11.23-16.49.43:018][953]LogPlayLevel: PlayLevel: No blueprints needed recompiling
[2015.11.23-16.49.43:018][953]PIE: New page: PIE session: FlyingExampleMap (Nov 23, 2015, 6:49:43 PM)
[2015.11.23-16.49.43:019][953]LogPlayLevel: Creating play world package: /Game/FlyingCPP/Maps/UEDPIE_0_FlyingExampleMap
[2015.11.23-16.49.43:081][953]LogPlayLevel: PIE: StaticDuplicateObject took: (0.062508s)
[2015.11.23-16.49.43:082][953]LogAIModule: Creating AISystem for world FlyingExampleMap
[2015.11.23-16.49.43:082][953]LogPlayLevel: PIE: World Init took: (0.001117s)
[2015.11.23-16.49.43:083][953]LogPlayLevel: PIE: Created PIE world by copying editor world from /Game/FlyingCPP/Maps/FlyingExampleMap.FlyingExampleMap to /Game/FlyingCPP/Maps/UEDPIE_0_FlyingExampleMap.FlyingExampleMap (0.064139s)
[2015.11.23-16.49.43:115][953]LogInit: XAudio2 using 'Högtalare (Realtek High Definition Audio)' : 2 channels at 48 kHz using 32 bits per sample (channel mask 0x3)
[2015.11.23-16.49.43:122][953]LogInit: FAudioDevice initialized.
[2015.11.23-16.49.43:165][953]LogWorld: Game class is 'SW_Project2GameMode'
[2015.11.23-16.49.43:196][953]LogWorld: Bringing World /Game/FlyingCPP/Maps/UEDPIE_0_FlyingExampleMap.FlyingExampleMap up for play (max tick rate 0) at 2015.11.23-17.49.43
[2015.11.23-16.49.43:196][953]LogActor:Warning: GameSession /Game/FlyingCPP/Maps/UEDPIE_0_FlyingExampleMap.FlyingExampleMap:PersistentLevel.GameSession_5 has natively added scene component(s), but none of them were set as the actor's RootComponent - picking one arbitrarily
[2015.11.23-16.49.43:196][953]LogActor:Warning: GameNetworkManager /Game/FlyingCPP/Maps/UEDPIE_0_FlyingExampleMap.FlyingExampleMap:PersistentLevel.GameNetworkManager_5 has natively added scene component(s), but none of them were set as the actor's RootComponent - picking one arbitrarily
[2015.11.23-16.49.43:197][953]LogWorld: Bringing up level for play took: 0.030956
[2015.11.23-16.49.43:199][953]PIE: Info Play in editor start time for /Game/FlyingCPP/Maps/UEDPIE_0_FlyingExampleMap 1.056
[2015.11.23-16.49.43:200][953]LogBlueprintUserMessages: Late PlayInEditor Detection: Level '/Game/FlyingCPP/Maps/FlyingExampleMap.FlyingExampleMap:PersistentLevel' has LevelScriptBlueprint '/Game/FlyingCPP/Maps/FlyingExampleMap.FlyingExampleMap:PersistentLevel.FlyingExampleMap' with GeneratedClass '/Game/FlyingCPP/Maps/FlyingExampleMap.FlyingExampleMap_C' with ClassGeneratedBy '/Game/FlyingCPP/Maps/FlyingExampleMap.FlyingExampleMap:PersistentLevel.FlyingExampleMap'
[2015.11.23-16.50.03:435][101]LogBlueprintUserMessages: Early EndPlayMap Detection: Level '/Game/FlyingCPP/Maps/FlyingExampleMap.FlyingExampleMap:PersistentLevel' has LevelScriptBlueprint '/Game/FlyingCPP/Maps/FlyingExampleMap.FlyingExampleMap:PersistentLevel.FlyingExampleMap' with GeneratedClass '/Game/FlyingCPP/Maps/FlyingExampleMap.FlyingExampleMap_C' with ClassGeneratedBy '/Game/FlyingCPP/Maps/FlyingExampleMap.FlyingExampleMap:PersistentLevel.FlyingExampleMap'
[2015.11.23-16.50.03:471][101]LogBlueprintUserMessages: Late EndPlayMap Detection: Level '/Game/FlyingCPP/Maps/FlyingExampleMap.FlyingExampleMap:PersistentLevel' has LevelScriptBlueprint '/Game/FlyingCPP/Maps/FlyingExampleMap.FlyingExampleMap:PersistentLevel.FlyingExampleMap' with GeneratedClass '/Game/FlyingCPP/Maps/FlyingExampleMap.FlyingExampleMap_C' with ClassGeneratedBy '/Game/FlyingCPP/Maps/FlyingExampleMap.FlyingExampleMap:PersistentLevel.FlyingExampleMap'
[2015.11.23-16.50.03:495][101]LogParticles: Destroying 0 GPU particle simulations for FXSystem 0x0000002A16C4CFE0
[2015.11.23-16.50.05:565][292]LogBlueprintUserMessages: Early PlayInEditor Detection: Level '/Game/FlyingCPP/Maps/FlyingExampleMap.FlyingExampleMap:PersistentLevel' has LevelScriptBlueprint '/Game/FlyingCPP/Maps/FlyingExampleMap.FlyingExampleMap:PersistentLevel.FlyingExampleMap' with GeneratedClass '/Game/FlyingCPP/Maps/FlyingExampleMap.FlyingExampleMap_C' with ClassGeneratedBy '/Game/FlyingCPP/Maps/FlyingExampleMap.FlyingExampleMap:PersistentLevel.FlyingExampleMap'
[2015.11.23-16.50.05:565][292]LogPlayLevel: PlayLevel: No blueprints needed recompiling
[2015.11.23-16.50.05:565][292]PIE: New page: PIE session: FlyingExampleMap (Nov 23, 2015, 6:50:05 PM)
[2015.11.23-16.50.05:565][292]LogPlayLevel: Creating play world package: /Game/FlyingCPP/Maps/UEDPIE_0_FlyingExampleMap
[2015.11.23-16.50.05:628][292]LogPlayLevel: PIE: StaticDuplicateObject took: (0.062804s)
[2015.11.23-16.50.05:629][292]LogAIModule: Creating AISystem for world FlyingExampleMap
[2015.11.23-16.50.05:629][292]LogPlayLevel: PIE: World Init took: (0.001128s)
[2015.11.23-16.50.05:630][292]LogPlayLevel: PIE: Created PIE world by copying editor world from /Game/FlyingCPP/Maps/FlyingExampleMap.FlyingExampleMap to /Game/FlyingCPP/Maps/UEDPIE_0_FlyingExampleMap.FlyingExampleMap (0.064503s)
[2015.11.23-16.50.05:665][292]LogInit: XAudio2 using 'Högtalare (Realtek High Definition Audio)' : 2 channels at 48 kHz using 32 bits per sample (channel mask 0x3)
[2015.11.23-16.50.05:674][292]LogInit: FAudioDevice initialized.
[2015.11.23-16.50.05:717][292]LogWorld: Game class is 'SW_Project2GameMode'
[2015.11.23-16.50.05:747][292]LogWorld: Bringing World /Game/FlyingCPP/Maps/UEDPIE_0_FlyingExampleMap.FlyingExampleMap up for play (max tick rate 0) at 2015.11.23-17.50.05
[2015.11.23-16.50.05:747][292]LogActor:Warning: GameSession /Game/FlyingCPP/Maps/UEDPIE_0_FlyingExampleMap.FlyingExampleMap:PersistentLevel.GameSession_6 has natively added scene component(s), but none of them were set as the actor's RootComponent - picking one arbitrarily
[2015.11.23-16.50.05:747][292]LogActor:Warning: GameNetworkManager /Game/FlyingCPP/Maps/UEDPIE_0_FlyingExampleMap.FlyingExampleMap:PersistentLevel.GameNetworkManager_6 has natively added scene component(s), but none of them were set as the actor's RootComponent - picking one arbitrarily
[2015.11.23-16.50.05:748][292]LogWorld: Bringing up level for play took: 0.029767
[2015.11.23-16.50.05:750][292]PIE: Info Play in editor start time for /Game/FlyingCPP/Maps/UEDPIE_0_FlyingExampleMap -0.394
[2015.11.23-16.50.05:750][292]LogBlueprintUserMessages: Late PlayInEditor Detection: Level '/Game/FlyingCPP/Maps/FlyingExampleMap.FlyingExampleMap:PersistentLevel' has LevelScriptBlueprint '/Game/FlyingCPP/Maps/FlyingExampleMap.FlyingExampleMap:PersistentLevel.FlyingExampleMap' with GeneratedClass '/Game/FlyingCPP/Maps/FlyingExampleMap.FlyingExampleMap_C' with ClassGeneratedBy '/Game/FlyingCPP/Maps/FlyingExampleMap.FlyingExampleMap:PersistentLevel.FlyingExampleMap'
[2015.11.23-16.50.13:911][142]LogBlueprintUserMessages: Early EndPlayMap Detection: Level '/Game/FlyingCPP/Maps/FlyingExampleMap.FlyingExampleMap:PersistentLevel' has LevelScriptBlueprint '/Game/FlyingCPP/Maps/FlyingExampleMap.FlyingExampleMap:PersistentLevel.FlyingExampleMap' with GeneratedClass '/Game/FlyingCPP/Maps/FlyingExampleMap.FlyingExampleMap_C' with ClassGeneratedBy '/Game/FlyingCPP/Maps/FlyingExampleMap.FlyingExampleMap:PersistentLevel.FlyingExampleMap'
[2015.11.23-16.50.13:944][142]LogBlueprintUserMessages: Late EndPlayMap Detection: Level '/Game/FlyingCPP/Maps/FlyingExampleMap.FlyingExampleMap:PersistentLevel' has LevelScriptBlueprint '/Game/FlyingCPP/Maps/FlyingExampleMap.FlyingExampleMap:PersistentLevel.FlyingExampleMap' with GeneratedClass '/Game/FlyingCPP/Maps/FlyingExampleMap.FlyingExampleMap_C' with ClassGeneratedBy '/Game/FlyingCPP/Maps/FlyingExampleMap.FlyingExampleMap:PersistentLevel.FlyingExampleMap'
[2015.11.23-16.50.13:990][143]LogParticles: Destroying 0 GPU particle simulations for FXSystem 0x0000002A08679620
[2015.11.23-16.58.14:899][738]Cmd: QUIT_EDITOR
[2015.11.23-16.58.15:620][738]LogWindowsTextInputMethodSystem:Display: IME system now deactivated.
[2015.11.23-16.58.15:765][738]LogExit: Preparing to exit.
[2015.11.23-16.58.16:331][738]LogExit: Editor shut down
[2015.11.23-16.58.16:332][738]LogExit: Transaction tracking system shut down
[2015.11.23-16.58.16:334][738]LogParticles: Destroying 0 GPU particle simulations for FXSystem 0x0000002A093CB380
[2015.11.23-16.58.16:335][738]LogParticles: Destroying 0 GPU particle simulations for FXSystem 0x0000002A14719DA0
[2015.11.23-16.58.16:335][738]LogParticles: Destroying 0 GPU particle simulations for FXSystem 0x0000002A1513AA20
[2015.11.23-16.58.16:335][738]LogParticles: Destroying 0 GPU particle simulations for FXSystem 0x0000002A159219E0
[2015.11.23-16.58.16:473][738]LogParticles: Destroying 0 GPU particle simulations for FXSystem 0x0000002A088C5580
[2015.11.23-16.58.16:473][738]LogExit: Object subsystem successfully closed.
[2015.11.23-16.58.16:481][738]LogD3D11RHI: Shutdown
[2015.11.23-16.58.16:481][738]LogD3D11RHI: CleanupD3DDevice
[2015.11.23-16.58.16:524][738]LogD3D11RHI: ~FD3D11DynamicRHI
[2015.11.23-16.58.16:544][738]LogModuleManager: Shutting down and abandoning module StaticMeshEditor (199)
[2015.11.23-16.58.16:544][738]LogModuleManager: Shutting down and abandoning module CrashTracker (198)
[2015.11.23-16.58.16:544][738]LogModuleManager: Shutting down and abandoning module SceneOutliner (197)
[2015.11.23-16.58.16:544][738]LogModuleManager: Shutting down and abandoning module SuperSearch (196)
[2015.11.23-16.58.16:544][738]LogModuleManager: Shutting down and abandoning module WidgetCarousel (195)
[2015.11.23-16.58.16:544][738]LogModuleManager: Shutting down and abandoning module AddContentDialog (194)
[2015.11.23-16.58.16:547][738]LogModuleManager: Shutting down and abandoning module EditorWidgets (193)
[2015.11.23-16.58.16:547][738]LogModuleManager: Shutting down and abandoning module CollectionManager (192)
[2015.11.23-16.58.16:547][738]LogModuleManager: Shutting down and abandoning module StatsViewer (191)
[2015.11.23-16.58.16:547][738]LogModuleManager: Shutting down and abandoning module FoliageEdit (190)
[2015.11.23-16.58.16:547][738]LogModuleManager: Shutting down and abandoning module LandscapeEditor (189)
[2015.11.23-16.58.16:547][738]LogModuleManager: Shutting down and abandoning module ActorPickerMode (188)
[2015.11.23-16.58.16:547][738]LogModuleManager: Shutting down and abandoning module GeometryMode (187)
[2015.11.23-16.58.16:547][738]LogModuleManager: Shutting down and abandoning module TextureAlignMode (186)
[2015.11.23-16.58.16:547][738]LogModuleManager: Shutting down and abandoning module BspMode (185)
[2015.11.23-16.58.16:547][738]LogModuleManager: Shutting down and abandoning module PlacementMode (184)
[2015.11.23-16.58.16:547][738]LogModuleManager: Shutting down and abandoning module AutomationWorker (183)
[2015.11.23-16.58.16:548][738]LogModuleManager: Shutting down and abandoning module CharacterAI (182)
[2015.11.23-16.58.16:548][738]LogModuleManager: Shutting down and abandoning module SmartSnapping (181)
[2015.11.23-16.58.16:548][738]LogModuleManager: Shutting down and abandoning module ViewportSnapping (180)
[2015.11.23-16.58.16:548][738]LogModuleManager: Shutting down and abandoning module LogVisualizer (179)
[2015.11.23-16.58.16:548][738]LogModuleManager: Shutting down and abandoning module GameProjectGeneration (178)
[2015.11.23-16.58.16:548][738]LogModuleManager: Shutting down and abandoning module IntroTutorials (177)
[2015.11.23-16.58.16:548][738]LogModuleManager: Shutting down and abandoning module EditorLiveStreaming (176)
[2015.11.23-16.58.16:548][738]LogModuleManager: Shutting down and abandoning module IOSPlatformEditor (175)
[2015.11.23-16.58.16:548][738]LogModuleManager: Shutting down and abandoning module HTML5PlatformEditor (174)
[2015.11.23-16.58.16:548][738]LogModuleManager: Shutting down and abandoning module AndroidDeviceDetection (173)
[2015.11.23-16.58.17:160][738]LogModuleManager: Shutting down and abandoning module AndroidPlatformEditor (172)
[2015.11.23-16.58.17:160][738]LogModuleManager: Shutting down and abandoning module IOSRuntimeSettings (171)
[2015.11.23-16.58.17:160][738]LogModuleManager: Shutting down and abandoning module AndroidRuntimeSettings (170)
[2015.11.23-16.58.17:160][738]LogModuleManager: Shutting down and abandoning module MergeActors (169)
[2015.11.23-16.58.17:160][738]LogModuleManager: Shutting down and abandoning module SizeMap (168)
[2015.11.23-16.58.17:160][738]LogModuleManager: Shutting down and abandoning module TreeMap (167)
[2015.11.23-16.58.17:160][738]LogModuleManager: Shutting down and abandoning module ReferenceViewer (166)
[2015.11.23-16.58.17:160][738]LogModuleManager: Shutting down and abandoning module LocalizationService (165)
[2015.11.23-16.58.17:161][738]LogModuleManager: Shutting down and abandoning module LocalizationDashboard (164)
[2015.11.23-16.58.17:161][738]LogModuleManager: Shutting down and abandoning module HardwareTargeting (163)
[2015.11.23-16.58.17:161][738]LogModuleManager: Shutting down and abandoning module DeviceProfileEditor (162)
[2015.11.23-16.58.17:161][738]LogModuleManager: Shutting down and abandoning module UndoHistory (161)
[2015.11.23-16.58.17:161][738]LogModuleManager: Shutting down and abandoning module GameplayTagsEditor (160)
[2015.11.23-16.58.17:161][738]LogModuleManager: Shutting down and abandoning module UserFeedback (159)
[2015.11.23-16.58.17:161][738]LogModuleManager: Shutting down and abandoning module XmlParser (158)
[2015.11.23-16.58.17:161][738]LogModuleManager: Shutting down and abandoning module Blutility (157)
[2015.11.23-16.58.17:161][738]LogModuleManager: Shutting down and abandoning module ProjectTargetPlatformEditor (156)
[2015.11.23-16.58.17:161][738]LogModuleManager: Shutting down and abandoning module ProjectSettingsViewer (155)
[2015.11.23-16.58.17:161][738]LogModuleManager: Shutting down and abandoning module InputBindingEditor (154)
[2015.11.23-16.58.17:161][738]LogModuleManager: Shutting down and abandoning module EditorSettingsViewer (153)
[2015.11.23-16.58.17:161][738]LogModuleManager: Shutting down and abandoning module SettingsEditor (152)
[2015.11.23-16.58.17:161][738]LogModuleManager: Shutting down and abandoning module ProjectLauncher (151)
[2015.11.23-16.58.17:161][738]LogModuleManager: Shutting down and abandoning module SessionFrontend (150)
[2015.11.23-16.58.17:161][738]LogModuleManager: Shutting down and abandoning module ProfilerClient (149)
[2015.11.23-16.58.17:161][738]LogModuleManager: Shutting down and abandoning module TargetDeviceServices (148)
[2015.11.23-16.58.17:161][738]LogModuleManager: Shutting down and abandoning module DeviceManager (147)
[2015.11.23-16.58.17:161][738]LogModuleManager: Shutting down and abandoning module AutomationController (146)
[2015.11.23-16.58.17:161][738]LogModuleManager: Shutting down and abandoning module AutomationWindow (145)
[2015.11.23-16.58.17:161][738]LogModuleManager: Shutting down and abandoning module Layers (144)
[2015.11.23-16.58.17:162][738]LogModuleManager: Shutting down and abandoning module ComponentVisualizers (143)
[2015.11.23-16.58.17:162][738]LogModuleManager: Shutting down and abandoning module DetailCustomizations (142)
[2015.11.23-16.58.17:162][738]LogModuleManager: Shutting down and abandoning module PackagesDialog (141)
[2015.11.23-16.58.17:162][738]LogModuleManager: Shutting down and abandoning module Persona (140)
[2015.11.23-16.58.17:162][738]LogModuleManager: Shutting down and abandoning module Kismet (139)
[2015.11.23-16.58.17:162][738]LogModuleManager: Shutting down and abandoning module GraphEditor (138)
[2015.11.23-16.58.17:162][738]LogModuleManager: Shutting down and abandoning module ClassViewer (137)
[2015.11.23-16.58.17:162][738]LogModuleManager: Shutting down and abandoning module Toolbox (136)
[2015.11.23-16.58.17:162][738]LogModuleManager: Shutting down and abandoning module ModuleUI (135)
[2015.11.23-16.58.17:162][738]LogModuleManager: Shutting down and abandoning module MovieSceneTools (134)
[2015.11.23-16.58.17:162][738]LogModuleManager: Shutting down and abandoning module OutputLog (133)
[2015.11.23-16.58.17:162][738]LogModuleManager: Shutting down and abandoning module GammaUI (132)
[2015.11.23-16.58.17:162][738]LogModuleManager: Shutting down and abandoning module Documentation (131)
[2015.11.23-16.58.17:162][738]LogModuleManager: Shutting down and abandoning module GameLiveStreaming (130)
[2015.11.23-16.58.17:162][738]LogModuleManager: Shutting down and abandoning module StreamingPauseRendering (129)
[2015.11.23-16.58.17:162][738]LogModuleManager: Shutting down and abandoning module AnalyticsET (128)
[2015.11.23-16.58.17:162][738]LogModuleManager: Shutting down and abandoning module Analytics (127)
[2015.11.23-16.58.17:162][738]LogModuleManager: Shutting down and abandoning module AITestSuite (126)
[2015.11.23-16.58.17:162][738]LogModuleManager: Shutting down and abandoning module GameplayDebugger (125)
[2015.11.23-16.58.17:162][738]LogModuleManager: Shutting down and abandoning module AIModule (124)
[2015.11.23-16.58.17:162][738]LogModuleManager: Shutting down and abandoning module ProfilerService (123)
[2015.11.23-16.58.17:299][738]LogModuleManager: Shutting down and abandoning module TaskGraph (122)
[2015.11.23-16.58.17:299][738]LogModuleManager: Shutting down and abandoning module SlateRemote (121)
[2015.11.23-16.58.17:299][738]LogModuleManager: Shutting down and abandoning module SteamVRController (120)
[2015.11.23-16.58.17:299][738]LogModuleManager: Shutting down and abandoning module SteamVR (119)
[2015.11.23-16.58.17:299][738]LogModuleManager: Shutting down and abandoning module ProceduralMeshComponent (118)
[2015.11.23-16.58.17:299][738]LogModuleManager: Shutting down and abandoning module OculusRift (117)
[2015.11.23-16.58.17:299][738]LogModuleManager: Shutting down and abandoning module OculusLibrary (116)
[2015.11.23-16.58.17:299][738]LogModuleManager: Shutting down and abandoning module LeapMotionController (115)
[2015.11.23-16.58.17:307][738]LogModuleManager: Shutting down and abandoning module CustomMeshComponent (114)
[2015.11.23-16.58.17:307][738]LogModuleManager: Shutting down and abandoning module CableComponent (113)
[2015.11.23-16.58.17:307][738]LogModuleManager: Shutting down and abandoning module ArchVisCharacter (112)
[2015.11.23-16.58.17:307][738]LogModuleManager: Shutting down and abandoning module MessagingDebugger (111)
[2015.11.23-16.58.17:307][738]LogModuleManager: Shutting down and abandoning module MediaPlayerEditor (110)
[2015.11.23-16.58.17:307][738]LogModuleManager: Shutting down and abandoning module HTML5Networking (109)
[2015.11.23-16.58.17:307][738]LogModuleManager: Shutting down and abandoning module SpeedTreeImporter (108)
[2015.11.23-16.58.17:307][738]LogModuleManager: Shutting down and abandoning module PluginBrowser (107)
[2015.11.23-16.58.17:307][738]LogModuleManager: Shutting down and abandoning module EpicSurvey (106)
[2015.11.23-16.58.17:307][738]LogModuleManager: Shutting down and abandoning module DesktopPlatform (105)
[2015.11.23-16.58.17:307][738]LogModuleManager: Shutting down and abandoning module VisualStudioSourceCodeAccess (104)
[2015.11.23-16.58.17:307][738]LogModuleManager: Shutting down and abandoning module UObjectPlugin (103)
[2015.11.23-16.58.17:307][738]LogModuleManager: Shutting down and abandoning module SubversionSourceControl (102)
[2015.11.23-16.58.17:307][738]LogModuleManager: Shutting down and abandoning module PerforceSourceControl (101)
[2015.11.23-16.58.17:307][738]LogModuleManager: Shutting down and abandoning module SourceControl (100)
[2015.11.23-16.58.17:307][738]LogModuleManager: Shutting down and abandoning module GitSourceControl (99)
[2015.11.23-16.58.17:307][738]LogModuleManager: Shutting down and abandoning module LightPropagationVolumeEditor (98)
[2015.11.23-16.58.17:307][738]LogModuleManager: Shutting down and abandoning module PaperTiledImporter (97)
[2015.11.23-16.58.17:307][738]LogModuleManager: Shutting down and abandoning module PaperSpriteSheetImporter (96)
[2015.11.23-16.58.17:307][738]LogModuleManager: Shutting down and abandoning module MeshPaint (95)
[2015.11.23-16.58.17:307][738]LogModuleManager: Shutting down and abandoning module SlateReflector (94)
[2015.11.23-16.58.17:307][738]LogModuleManager: Shutting down and abandoning module HotReload (93)
[2015.11.23-16.58.17:308][738]LogModuleManager: Shutting down and abandoning module MainFrame (92)
[2015.11.23-16.58.17:308][738]LogModuleManager: Shutting down and abandoning module LevelEditor (91)
[2015.11.23-16.58.17:310][738]LogModuleManager: Shutting down and abandoning module DirectoryWatcher (90)
[2015.11.23-16.58.17:313][738]LogModuleManager: Shutting down and abandoning module AssetRegistry (89)
[2015.11.23-16.58.17:425][738]LogModuleManager: Shutting down and abandoning module ContentBrowser (88)
[2015.11.23-16.58.17:427][738]LogModuleManager: Shutting down and abandoning module Paper2DEditor (87)
[2015.11.23-16.58.17:427][738]LogModuleManager: Shutting down and abandoning module SW_Project2 (86)
[2015.11.23-16.58.17:427][738]LogModuleManager: Shutting down and abandoning module UdpMessaging (85)
[2015.11.23-16.58.17:528][738]LogModuleManager: Shutting down and abandoning module LightPropagationVolumeRuntime (84)
[2015.11.23-16.58.17:528][738]LogModuleManager: Shutting down and abandoning module Paper2D (83)
[2015.11.23-16.58.17:528][738]LogModuleManager: Shutting down and abandoning module WindowsMoviePlayer (82)
[2015.11.23-16.58.17:532][738]LogModuleManager: Shutting down and abandoning module Media (81)
[2015.11.23-16.58.17:532][738]LogModuleManager: Shutting down and abandoning module WmfMedia (80)
[2015.11.23-16.58.17:532][738]LogModuleManager: Shutting down and abandoning module OnlineBlueprintSupport (79)
[2015.11.23-16.58.17:532][738]LogModuleManager: Shutting down and abandoning module GameplayTasksEditor (78)
[2015.11.23-16.58.17:532][738]LogModuleManager: Shutting down and abandoning module PropertyEditor (77)
[2015.11.23-16.58.17:532][738]LogModuleManager: Shutting down and abandoning module BehaviorTreeEditor (76)
[2015.11.23-16.58.17:532][738]LogModuleManager: Shutting down and abandoning module FunctionalTesting (75)
[2015.11.23-16.58.17:532][738]LogModuleManager: Shutting down and abandoning module CollisionAnalyzer (74)
[2015.11.23-16.58.17:532][738]LogModuleManager: Shutting down and abandoning module WorkspaceMenuStructure (73)
[2015.11.23-16.58.17:532][738]LogModuleManager: Shutting down and abandoning module MessageLog (72)
[2015.11.23-16.58.17:532][738]LogModuleManager: Shutting down and abandoning module Sequencer (71)
[2015.11.23-16.58.17:532][738]LogModuleManager: Shutting down and abandoning module AssetTools (70)
[2015.11.23-16.58.17:532][738]LogModuleManager: Shutting down and abandoning module UMGEditor (69)
[2015.11.23-16.58.17:532][738]LogModuleManager: Shutting down and abandoning module UMG (68)
[2015.11.23-16.58.17:532][738]LogModuleManager: Shutting down and abandoning module Slate (67)
[2015.11.23-16.58.17:532][738]LogModuleManager: Shutting down and abandoning module EditorStyle (66)
[2015.11.23-16.58.17:535][738]LogModuleManager: Shutting down and abandoning module SessionServices (65)
[2015.11.23-16.58.17:535][738]LogModuleManager: Shutting down and abandoning module SourceCodeAccess (64)
[2015.11.23-16.58.17:535][738]LogModuleManager: Shutting down and abandoning module HeadMountedDisplay (63)
[2015.11.23-16.58.17:535][738]LogModuleManager: Shutting down and abandoning module XAudio2 (62)
[2015.11.23-16.58.17:535][738]LogModuleManager: Shutting down and abandoning module Networking (60)
[2015.11.23-16.58.17:535][738]LogModuleManager: Shutting down and abandoning module Core (59)
[2015.11.23-16.58.17:535][738]LogModuleManager: Shutting down and abandoning module KismetCompiler (58)
[2015.11.23-16.58.17:535][738]LogModuleManager: Shutting down and abandoning module PhysXFormats (57)
[2015.11.23-16.58.17:535][738]LogModuleManager: Shutting down and abandoning module MeshUtilities (56)
[2015.11.23-16.58.17:535][738]LogModuleManager: Shutting down and abandoning module CookingStats (55)
[2015.11.23-16.58.17:537][738]LogModuleManager: Shutting down and abandoning module DerivedDataCache (54)
[2015.11.23-16.58.17:591][738]LogDerivedDataCache: Shutdown
[2015.11.23-16.58.17:591][738]LogModuleManager: Shutting down and abandoning module ShaderFormatOpenGL (53)
[2015.11.23-16.58.17:591][738]LogModuleManager: Shutting down and abandoning module ShaderFormatD3D (52)
[2015.11.23-16.58.17:591][738]LogModuleManager: Shutting down and abandoning module MetalShaderFormat (51)
[2015.11.23-16.58.17:591][738]LogModuleManager: Shutting down and abandoning module TextureFormatUncompressed (50)
[2015.11.23-16.58.17:591][738]LogModuleManager: Shutting down and abandoning module TextureFormatPVR (49)
[2015.11.23-16.58.17:591][738]LogModuleManager: Shutting down and abandoning module TextureFormatIntelISPCTexComp (48)
[2015.11.23-16.58.17:591][738]LogModuleManager: Shutting down and abandoning module TextureFormatDXT (47)
[2015.11.23-16.58.17:591][738]LogModuleManager: Shutting down and abandoning module ImageWrapper (46)
[2015.11.23-16.58.17:591][738]LogModuleManager: Shutting down and abandoning module TextureFormatASTC (45)
[2015.11.23-16.58.17:591][738]LogModuleManager: Shutting down and abandoning module TextureFormatAndroid (44)
[2015.11.23-16.58.17:591][738]LogModuleManager: Shutting down and abandoning module AudioFormatOpus (43)
[2015.11.23-16.58.17:591][738]LogModuleManager: Shutting down and abandoning module AudioFormatOgg (42)
[2015.11.23-16.58.17:591][738]LogModuleManager: Shutting down and abandoning module AudioFormatADPCM (41)
[2015.11.23-16.58.17:591][738]LogModuleManager: Shutting down and abandoning module LinuxTargetPlatform (40)
[2015.11.23-16.58.17:591][738]LogModuleManager: Shutting down and abandoning module LinuxServerTargetPlatform (39)
[2015.11.23-16.58.17:591][738]LogModuleManager: Shutting down and abandoning module LinuxNoEditorTargetPlatform (38)
[2015.11.23-16.58.17:591][738]LogModuleManager: Shutting down and abandoning module Messaging (37)
[2015.11.23-16.58.17:591][738]LogModuleManager: Shutting down and abandoning module IOSTargetPlatform (36)
[2015.11.23-16.58.17:591][738]LogModuleManager: Shutting down and abandoning module HTML5TargetPlatform (35)
[2015.11.23-16.58.17:591][738]LogModuleManager: Shutting down and abandoning module Android_PVRTCTargetPlatform (34)
[2015.11.23-16.58.17:591][738]LogModuleManager: Shutting down and abandoning module Android_ETC2TargetPlatform (33)
[2015.11.23-16.58.17:591][738]LogModuleManager: Shutting down and abandoning module Android_ETC1TargetPlatform (32)
[2015.11.23-16.58.17:591][738]LogModuleManager: Shutting down and abandoning module Android_DXTTargetPlatform (31)
[2015.11.23-16.58.17:591][738]LogModuleManager: Shutting down and abandoning module Android_ATCTargetPlatform (30)
[2015.11.23-16.58.17:591][738]LogModuleManager: Shutting down and abandoning module Android_ASTCTargetPlatform (29)
[2015.11.23-16.58.17:591][738]LogModuleManager: Shutting down and abandoning module AndroidTargetPlatform (28)
[2015.11.23-16.58.17:591][738]LogModuleManager: Shutting down and abandoning module WindowsTargetPlatform (27)
[2015.11.23-16.58.17:591][738]LogModuleManager: Shutting down and abandoning module WindowsServerTargetPlatform (26)
[2015.11.23-16.58.17:591][738]LogModuleManager: Shutting down and abandoning module WindowsNoEditorTargetPlatform (25)
[2015.11.23-16.58.17:591][738]LogModuleManager: Shutting down and abandoning module WindowsClientTargetPlatform (24)
[2015.11.23-16.58.17:591][738]LogModuleManager: Shutting down and abandoning module AllDesktopTargetPlatform (23)
[2015.11.23-16.58.17:591][738]LogModuleManager: Shutting down and abandoning module TargetPlatform (22)
[2015.11.23-16.58.17:591][738]LogModuleManager: Shutting down and abandoning module InputCore (21)
[2015.11.23-16.58.17:591][738]LogModuleManager: Shutting down and abandoning module Settings (20)
[2015.11.23-16.58.17:592][738]LogModuleManager: Shutting down and abandoning module OnlineSubsystem (18)
[2015.11.23-16.58.17:592][738]LogModuleManager: Shutting down and abandoning module HTTP (17)
[2015.11.23-16.58.19:594][738]LogModuleManager: Shutting down and abandoning module XMPP (16)
[2015.11.23-16.58.19:594][738]LogModuleManager: Shutting down and abandoning module ExampleDeviceProfileSelector (15)
[2015.11.23-16.58.19:594][738]LogModuleManager: Shutting down and abandoning module TextureCompressor (14)
[2015.11.23-16.58.19:594][738]LogModuleManager: Shutting down and abandoning module ShaderCore (13)
[2015.11.23-16.58.19:594][738]LogModuleManager: Shutting down and abandoning module Landscape (12)
[2015.11.23-16.58.19:594][738]LogModuleManager: Shutting down and abandoning module SlateRHIRenderer (11)
[2015.11.23-16.58.19:596][738]LogModuleManager: Shutting down and abandoning module OpenGLDrv (10)
[2015.11.23-16.58.19:596][738]LogModuleManager: Shutting down and abandoning module D3D11RHI (9)
[2015.11.23-16.58.19:596][738]LogModuleManager: Shutting down and abandoning module AnimGraphRuntime (8)
[2015.11.23-16.58.19:596][738]LogModuleManager: Shutting down and abandoning module Renderer (7)
[2015.11.23-16.58.19:596][738]LogModuleManager: Shutting down and abandoning module Engine (6)
[2015.11.23-16.58.19:596][738]LogModuleManager: Shutting down and abandoning module CoreUObject (5)
[2015.11.23-16.58.19:596][738]LogModuleManager: Shutting down and abandoning module NetworkFile (4)
[2015.11.23-16.58.19:596][738]LogModuleManager: Shutting down and abandoning module StreamingFile (3)
[2015.11.23-16.58.19:596][738]LogModuleManager: Shutting down and abandoning module SandboxFile (2)
[2015.11.23-16.58.19:596][738]LogModuleManager: Shutting down and abandoning module PakFile (1)
[2015.11.23-16.58.19:597][738]LogExit: Exiting.
[2015.11.23-16.58.19:598][738]Log file closed, 11/23/15 17:58:19
