[2015.11.26-17.13.48:451][  0]Log file open, 11/26/15 18:13:48
[2015.11.26-17.13.48:451][  0]LogInit:Display: Running engine for game: SW_Project2
[2015.11.26-17.13.48:451][  0]LogInit:Display: RandInit(-1180054894) SRandInit(-1180054893).
[2015.11.26-17.13.48:451][  0]LogTaskGraph: Started task graph with 4 named threads and 5 total threads.
[2015.11.26-17.13.48:451][  0]LogStats: Stats thread started at 0.054739
[2015.11.26-17.13.48:451][  0]LogInit: Version: 4.9.2-2707645+++depot+UE4-Releases+4.9
[2015.11.26-17.13.48:451][  0]LogInit: API Version: 2672455
[2015.11.26-17.13.48:451][  0]LogInit: Compiled (64-bit): Sep 28 2015 10:25:44
[2015.11.26-17.13.48:451][  0]LogInit: Compiled with Visual C++: 18.00.21005.01
[2015.11.26-17.13.48:451][  0]LogInit: Build Configuration: Development
[2015.11.26-17.13.48:451][  0]LogInit: Branch Name: ++depot+UE4-Releases+4.9
[2015.11.26-17.13.48:451][  0]LogInit: Command line:  
[2015.11.26-17.13.48:451][  0]LogInit: Base directory: C:/Program Files/Epic Games/4.9/Engine/Binaries/Win64/
[2015.11.26-17.13.48:451][  0]LogInit: Rocket: 1
[2015.11.26-17.13.48:461][  0]LogInit: Using libcurl 7.41.0
[2015.11.26-17.13.48:461][  0]LogInit:  - built for x86_64-pc-win32
[2015.11.26-17.13.48:461][  0]LogInit:  - supports SSL with WinSSL
[2015.11.26-17.13.48:461][  0]LogInit:  - other features:
[2015.11.26-17.13.48:461][  0]LogInit:      CURL_VERSION_SSL
[2015.11.26-17.13.48:461][  0]LogInit:      CURL_VERSION_IPV6
[2015.11.26-17.13.48:461][  0]LogInit:      CURL_VERSION_ASYNCHDNS
[2015.11.26-17.13.48:461][  0]LogInit:      CURL_VERSION_LARGEFILE
[2015.11.26-17.13.48:461][  0]LogInit:      CURL_VERSION_IDN
[2015.11.26-17.13.48:461][  0]LogInit:  CurlRequestOptions (configurable via config and command line):
[2015.11.26-17.13.48:461][  0]LogInit:  - bVerifyPeer = true  - Libcurl will verify peer certificate
[2015.11.26-17.13.48:461][  0]LogInit:  - bUseHttpProxy = false  - Libcurl will NOT use HTTP proxy
[2015.11.26-17.13.48:461][  0]LogInit:  - bDontReuseConnections = false  - Libcurl will reuse connections
[2015.11.26-17.13.48:461][  0]LogInit:  - CertBundlePath = nullptr  - Libcurl will use whatever was configured at build time.
[2015.11.26-17.13.48:468][  0]LogInit: Presizing for 0 objects not considered by GC, pre-allocating 0 bytes.
[2015.11.26-17.13.48:476][  0]LogInit: Object subsystem initialized
[2015.11.26-17.13.48:478][  0]LogInit: Selected Device Profile: [Windows]
[2015.11.26-17.13.48:478][  0]LogInit: Applying CVar settings loaded from the selected device profile: [Windows]
[2015.11.26-17.13.48:485][  0]LogInit: Computer: STOFFEPC
[2015.11.26-17.13.48:485][  0]LogInit: User: Stoffe
[2015.11.26-17.13.48:485][  0]LogInit: CPU Page size=4096, Cores=2
[2015.11.26-17.13.48:485][  0]LogInit: High frequency timer resolution =3.222683 MHz
[2015.11.26-17.13.48:485][  0]LogMemory: Memory total: Physical=7.9GB (8GB approx)
[2015.11.26-17.13.48:485][  0]LogMemory: Platform Memory Stats for Windows
[2015.11.26-17.13.48:485][  0]LogMemory: Process Physical Memory: 52.30 MB used, 52.30 MB peak
[2015.11.26-17.13.48:485][  0]LogMemory: Process Virtual Memory: 54.90 MB used, 54.90 MB peak
[2015.11.26-17.13.48:485][  0]LogMemory: Physical Memory: 1942.68 MB used, 8126.94 MB total
[2015.11.26-17.13.48:485][  0]LogMemory: Virtual Memory: 347.52 MB used, 134217728.00 MB total
[2015.11.26-17.13.48:511][  0]LogTextLocalizationManager: No translations for ('sv-SE') exist, falling back to 'en' for localization and internationalization data.
[2015.11.26-17.13.49:342][  0]LogD3D11RHI: Found D3D11 adapter 0: AMD Radeon HD 7800 Series (Feature Level 11_0)
[2015.11.26-17.13.49:342][  0]LogD3D11RHI: Adapter has 2030MB of dedicated video memory, 0MB of dedicated system memory, and 3840MB of shared system memory, 2 output[s]
[2015.11.26-17.13.49:343][  0]LogD3D11RHI: Found D3D11 adapter 1: Microsoft Basic Render Driver (Feature Level 11_0)
[2015.11.26-17.13.49:343][  0]LogD3D11RHI: Adapter has 0MB of dedicated video memory, 0MB of dedicated system memory, and 256MB of shared system memory, 0 output[s]
[2015.11.26-17.13.49:343][  0]LogD3D11RHI: Chosen D3D11 Adapter Id = 0
[2015.11.26-17.13.49:346][  0]LogD3D11RHI: !Direct3DDevice
[2015.11.26-17.13.49:346][  0]LogRHI: Texture pool is 1361 MB (70% of 1945 MB)
[2015.11.26-17.13.49:351][  0]LogD3D11RHI: Async texture creation disabled: no driver support
[2015.11.26-17.13.49:361][  0]LogShaderCompilers: Guid format shader working directory is 15 characters bigger than the processId version (../../../../../../Users/Stoffe/Documents/GitHub/SW_Project2/SW_Project2/Intermediate/Shaders/WorkingDirectory/4828/).
[2015.11.26-17.13.49:362][  0]LogShaderCompilers: Cleaned the shader compiler working directory '../../../../../../Users/Stoffe/Documents/GitHub/SW_Project2/SW_Project2/Intermediate/Shaders/tmp/11D7321343001E04E1A3F88F5CCEE46D/'.
[2015.11.26-17.13.49:362][  0]LogShaderCompilers:Display: Using Local Shader Compiler.
[2015.11.26-17.13.50:932][  0]LogTemp:Display: Loaded TP AllDesktopTargetPlatform
[2015.11.26-17.13.50:938][  0]LogTemp:Display: Loaded TP WindowsClientTargetPlatform
[2015.11.26-17.13.50:945][  0]LogTemp:Display: Loaded TP WindowsNoEditorTargetPlatform
[2015.11.26-17.13.50:950][  0]LogTemp:Display: Loaded TP WindowsServerTargetPlatform
[2015.11.26-17.13.50:955][  0]LogTemp:Display: Loaded TP WindowsTargetPlatform
[2015.11.26-17.13.50:959][  0]LogTemp:Display: Loaded TP AndroidTargetPlatform
[2015.11.26-17.13.50:963][  0]LogTemp:Display: Loaded TP Android_ASTCTargetPlatform
[2015.11.26-17.13.50:966][  0]LogTemp:Display: Loaded TP Android_ATCTargetPlatform
[2015.11.26-17.13.50:969][  0]LogTemp:Display: Loaded TP Android_DXTTargetPlatform
[2015.11.26-17.13.50:974][  0]LogTemp:Display: Loaded TP Android_ETC1TargetPlatform
[2015.11.26-17.13.50:978][  0]LogTemp:Display: Loaded TP Android_ETC2TargetPlatform
[2015.11.26-17.13.50:981][  0]LogTemp:Display: Loaded TP Android_PVRTCTargetPlatform
[2015.11.26-17.13.50:982][  0]LogTemp:Display: Loaded TP HTML5TargetPlatform
[2015.11.26-17.13.50:999][  0]LogTemp:Display: Loaded TP IOSTargetPlatform
[2015.11.26-17.13.51:002][  0]LogTemp:Display: Loaded TP LinuxNoEditorTargetPlatform
[2015.11.26-17.13.51:006][  0]LogTemp:Display: Loaded TP LinuxServerTargetPlatform
[2015.11.26-17.13.51:010][  0]LogTemp:Display: Loaded TP LinuxTargetPlatform
[2015.11.26-17.13.51:010][  0]LogTargetPlatformManager:Display: Building Assets For Windows
[2015.11.26-17.13.51:095][  0]LogDerivedDataCache:Display: Max Cache Size: 512 MB
[2015.11.26-17.13.51:141][  0]LogDerivedDataCache: Loaded boot cache 0.04s 48MB C:/Users/Stoffe/AppData/Local/UnrealEngine/4.9/DerivedDataCache/Boot.ddc.
[2015.11.26-17.13.51:141][  0]LogDerivedDataCache:Display: Loaded Boot cache: C:/Users/Stoffe/AppData/Local/UnrealEngine/4.9/DerivedDataCache/Boot.ddc
[2015.11.26-17.13.51:141][  0]LogDerivedDataCache: FDerivedDataBackendGraph:  Pak pak cache file ../../../../../../Users/Stoffe/Documents/GitHub/SW_Project2/SW_Project2/DerivedDataCache/DDC.ddp not found, will not use a pak cache.
[2015.11.26-17.13.51:141][  0]LogDerivedDataCache: Unable to find inner node Pak for hierarchical cache Hierarchy.
[2015.11.26-17.13.51:141][  0]LogDerivedDataCache: FDerivedDataBackendGraph:  CompressedPak pak cache file ../../../../../../Users/Stoffe/Documents/GitHub/SW_Project2/SW_Project2/DerivedDataCache/Compressed.ddp not found, will not use a pak cache.
[2015.11.26-17.13.51:141][  0]LogDerivedDataCache: Unable to find inner node CompressedPak for hierarchical cache Hierarchy.
[2015.11.26-17.13.51:292][  0]LogDerivedDataCache:Display: Pak cache opened for reading ../../../Engine/DerivedDataCache/Compressed.ddp.
[2015.11.26-17.13.51:304][  0]LogDerivedDataCache: Using Local data cache path C:/Users/Stoffe/AppData/Local/UnrealEngine/Common/DerivedDataCache: Writable
[2015.11.26-17.13.51:508][  0]LogInit: Selected Device Profile: [Windows]
[2015.11.26-17.13.51:512][  0]LogContentStreaming: Texture pool size is 0.000000MB
[2015.11.26-17.13.51:652][  0]LogMeshUtilities: No automatic mesh reduction module available
[2015.11.26-17.13.51:652][  0]LogMeshUtilities: No automatic mesh merging module available
[2015.11.26-17.13.51:926][  0]LogInit: WinSock: version 1.1 (2.2), MaxSocks=32767, MaxUdp=65467
[2015.11.26-17.13.52:604][  0]UdpMessaging: Initializing bridge on interface 0.0.0.0:0 to multicast group 230.0.0.1:6666.
[2015.11.26-17.13.52:767][  0]LogAssetRegistry: FAssetRegistry took 0.0106 seconds to start up
[2015.11.26-17.13.52:954][  0]SourceControl: Info Source control is disabled
[2015.11.26-17.13.52:975][  0]SourceControl: Info Source control is disabled
[2015.11.26-17.13.52:988][  0]SourceControl: Info Source control is disabled
[2015.11.26-17.13.52:998][  0]SourceControl: Info Source control is disabled
[2015.11.26-17.13.53:140][  0]LogLinker:Warning: Asset '../../../Engine/Plugins/Runtime/LeapMotionController/Content/LM_PassthroughMaterial.uasset' has been saved with empty engine version. The asset will be loaded but may be incompatible.
[2015.11.26-17.13.53:226][  0]LogObj: 28554 objects as part of root set at end of initial load.
[2015.11.26-17.13.53:226][  0]LogUObjectAllocator: 6122616 out of 0 bytes used by permanent object pool.
[2015.11.26-17.13.53:285][  0]LogEngine: Initializing Engine...
[2015.11.26-17.13.53:287][  0]LogHMD: Can't find Oculus library dev build: is proper Runtime installed? Version: 0.7.0.0
[2015.11.26-17.13.53:288][  0]LogHMD: SteamVR failed to initialize.  Err: 110
[2015.11.26-17.13.53:427][  0]LogAIModule: Creating AISystem for world NewWorld
[2015.11.26-17.13.53:431][  0]LogInit: XAudio2 using 'Högtalare (Realtek High Definition Audio)' : 2 channels at 48 kHz using 32 bits per sample (channel mask 0x3)
[2015.11.26-17.13.53:445][  0]LogInit: FAudioDevice initialized.
[2015.11.26-17.13.53:465][  0]LogDerivedDataCache: Saved boot cache 0.02s 45MB C:/Users/Stoffe/AppData/Local/UnrealEngine/4.9/DerivedDataCache/Boot.ddc.
[2015.11.26-17.13.53:468][  0]LogInit: Texture streaming: Enabled
[2015.11.26-17.13.53:473][  0]LogAnalytics: Creating configured Analytics provider AnalyticsET
[2015.11.26-17.13.53:473][  0]LogAnalytics: [UEEditor.Rocket.Release] APIServer = http://et2.epicgames.com/ET2/. AppVersion = 4.9.2-2707645+++depot+UE4-Releases+4.9
[2015.11.26-17.13.53:473][  0]LogAnalytics: [UEEditor.Rocket.Release] SetUserId c2f82278409fbc7e17ba4c8b187827c0|8471e16762be488588a110ad13c08bd6|a2f24018-7849-4a41-8ec9-fa4680d0f5a7
[2015.11.26-17.13.53:473][  0]LogAnalytics: [UEEditor.Rocket.Release] AnalyticsET::StartSession
[2015.11.26-17.13.53:481][  0]LogWindowsTextInputMethodSystem:Display: IME system now deactivated.
[2015.11.26-17.13.53:492][  0]LogInit: Transaction tracking system initialized
[2015.11.26-17.13.53:520][  0]BlueprintLog: New page: Editor Load
[2015.11.26-17.13.53:598][  0]LocalizationService: Info Localization service is disabled
[2015.11.26-17.13.53:677][  0]LogConsoleResponse:Display: 
[2015.11.26-17.13.53:802][  0]LogCook:Display: Done creating registry. It took  0.00s.
[2015.11.26-17.13.53:855][  0]LogFileCache: Scanning file cache for directory 'C:/Users/Stoffe/Documents/GitHub/SW_Project2/SW_Project2/Content/' took 0.01s
[2015.11.26-17.13.53:855][  0]SourceControl: Info Source control is disabled
[2015.11.26-17.13.53:855][  0]Cmd: MAP LOAD FILE="../../../../../../Users/Stoffe/Documents/GitHub/SW_Project2/SW_Project2/Content/TransitionMap.umap" TEMPLATE=0 SHOWPROGRESS=1 FEATURELEVEL=3
[2015.11.26-17.13.53:856][  0]LightingResults: New page: Lighting Build
[2015.11.26-17.13.53:859][  0]MapCheck: New page: Map Check
[2015.11.26-17.13.53:859][  0]LightingResults: New page: Lighting Build
[2015.11.26-17.13.53:876][  0]LogParticles: Destroying 0 GPU particle simulations for FXSystem 0x00000019A982C400
[2015.11.26-17.13.54:421][  0]LogAIModule: Creating AISystem for world TransitionMap
[2015.11.26-17.13.54:458][  0]LogEditorServer: Finished looking for orphan Actors (0.000 secs)
[2015.11.26-17.13.54:459][  0]Cmd: MAP CHECKDEP NOCLEARLOG
[2015.11.26-17.13.54:524][  0]MapCheck: Info Map check complete: 0 Error(s), 0 Warning(s), took 65.186ms to complete.
[2015.11.26-17.13.54:524][  0]LogFileHelpers: Loading map 'TransitionMap' took 0.669
[2015.11.26-17.13.54:655][  0]LogCollectionManager: Loaded 0 collections in 0.002243 seconds
[2015.11.26-17.13.54:704][  0]LogFileCache: Scanning file cache for directory 'C:/Users/Stoffe/Documents/GitHub/SW_Project2/SW_Project2/Saved/Collections/' took 0.01s
[2015.11.26-17.13.54:704][  0]LogFileCache: Scanning file cache for directory 'C:/Users/Stoffe/Documents/GitHub/SW_Project2/SW_Project2/Content/Developers/Stoffe/Collections/' took 0.01s
[2015.11.26-17.13.54:704][  0]LogFileCache: Scanning file cache for directory 'C:/Users/Stoffe/Documents/GitHub/SW_Project2/SW_Project2/Content/Collections/' took 0.01s
[2015.11.26-17.13.54:704][  0]LogContentBrowser: Native class hierarchy populated in 0.0149 seconds. Added 1874 classes and 335 folders.
[2015.11.26-17.13.54:718][  0]LogCollectionManager: Rebuilt the GUID cache for 0 collections in 0.000004 seconds
[2015.11.26-17.13.54:736][  0]LogContentBrowser: Native class hierarchy updated for 'WidgetCarousel' in 0.0020 seconds. Added 0 classes and 0 folders.
[2015.11.26-17.13.54:814][  0]LogContentBrowser: Native class hierarchy updated for 'AddContentDialog' in 0.0020 seconds. Added 0 classes and 0 folders.
[2015.11.26-17.13.54:829][  0]LogContentBrowser: Native class hierarchy updated for 'SceneOutliner' in 0.0019 seconds. Added 1 classes and 2 folders.
[2015.11.26-17.13.54:916][  0]LogCrashTracker: Crashtracker disabled due to settings.
[2015.11.26-17.13.54:920][  0]LogUObjectGlobals:Warning: Failed to find object 'Class None.'
[2015.11.26-17.13.54:943][  0]LogLoad: Full Startup: 7.45 seconds (BP compile: 0.10 seconds)
[2015.11.26-17.13.55:012][  0]LogContentStreaming: Texture pool size now 1000 MB
[2015.11.26-17.13.55:170][  0]LogRenderer: Reallocating scene render targets to support 1028x636 (Frame:2).
[2015.11.26-17.13.57:179][  5]LogAssetRegistry: Asset discovery search completed in 4.4234 seconds
[2015.11.26-17.13.57:179][  5]LogCollectionManager: Rebuilt the object cache for 0 collections in 0.000001 seconds (found 0 objects)
[2015.11.26-17.13.57:179][  5]LogCollectionManager: Fixed up redirectors for 0 collections in 0.000036 seconds (updated 0 objects)
[2015.11.26-17.13.59:199][ 27]LogBlueprintUserMessages: Early PlayInEditor Detection: Level '/Game/TransitionMap.TransitionMap:PersistentLevel' has LevelScriptBlueprint '/Game/TransitionMap.TransitionMap:PersistentLevel.TransitionMap' with GeneratedClass '/Game/TransitionMap.TransitionMap_C' with ClassGeneratedBy '/Game/TransitionMap.TransitionMap:PersistentLevel.TransitionMap'
[2015.11.26-17.13.59:199][ 27]LogPlayLevel: PlayLevel: No blueprints needed recompiling
[2015.11.26-17.13.59:199][ 27]PIE: New page: PIE session: TransitionMap (Nov 26, 2015, 7:13:59 PM)
[2015.11.26-17.13.59:199][ 27]LogPlayLevel: Creating play world package: /Game/UEDPIE_0_TransitionMap
[2015.11.26-17.13.59:233][ 27]LogPlayLevel: PIE: StaticDuplicateObject took: (0.033598s)
[2015.11.26-17.13.59:233][ 27]LogAIModule: Creating AISystem for world TransitionMap
[2015.11.26-17.13.59:234][ 27]LogPlayLevel: PIE: World Init took: (0.000909s)
[2015.11.26-17.13.59:234][ 27]LogPlayLevel: PIE: Created PIE world by copying editor world from /Game/TransitionMap.TransitionMap to /Game/UEDPIE_0_TransitionMap.TransitionMap (0.034914s)
[2015.11.26-17.13.59:234][ 27]LogActorComponent: UnregisterComponent: (/Engine/Transient.ProjectileComp) Not registered. Aborting.
[2015.11.26-17.13.59:275][ 27]LogInit: XAudio2 using 'Högtalare (Realtek High Definition Audio)' : 2 channels at 48 kHz using 32 bits per sample (channel mask 0x3)
[2015.11.26-17.13.59:281][ 27]LogInit: FAudioDevice initialized.
[2015.11.26-17.13.59:355][ 27]LogWorld: Game class is 'SW_Project2GameMode'
[2015.11.26-17.13.59:419][ 27]LogWorld: Bringing World /Game/UEDPIE_0_TransitionMap.TransitionMap up for play (max tick rate 0) at 2015.11.26-18.13.59
[2015.11.26-17.13.59:419][ 27]LogActor:Warning: GameSession /Game/UEDPIE_0_TransitionMap.TransitionMap:PersistentLevel.GameSession_0 has natively added scene component(s), but none of them were set as the actor's RootComponent - picking one arbitrarily
[2015.11.26-17.13.59:419][ 27]LogActor:Warning: GameNetworkManager /Game/UEDPIE_0_TransitionMap.TransitionMap:PersistentLevel.GameNetworkManager_0 has natively added scene component(s), but none of them were set as the actor's RootComponent - picking one arbitrarily
[2015.11.26-17.13.59:421][ 27]LogWorld: Bringing up level for play took: 0.064913
[2015.11.26-17.13.59:445][ 27]PIE: Info Play in editor start time for /Game/UEDPIE_0_TransitionMap -0.061
[2015.11.26-17.13.59:446][ 27]LogBlueprintUserMessages: Late PlayInEditor Detection: Level '/Game/TransitionMap.TransitionMap:PersistentLevel' has LevelScriptBlueprint '/Game/TransitionMap.TransitionMap:PersistentLevel.TransitionMap' with GeneratedClass '/Game/TransitionMap.TransitionMap_C' with ClassGeneratedBy '/Game/TransitionMap.TransitionMap:PersistentLevel.TransitionMap'
[2015.11.26-17.13.59:482][ 28]LogRenderer: Reallocating scene render targets to support 1280x720 (Frame:26).
[2015.11.26-17.14.08:610][228]LogBlueprintUserMessages: Early EndPlayMap Detection: Level '/Game/TransitionMap.TransitionMap:PersistentLevel' has LevelScriptBlueprint '/Game/TransitionMap.TransitionMap:PersistentLevel.TransitionMap' with GeneratedClass '/Game/TransitionMap.TransitionMap_C' with ClassGeneratedBy '/Game/TransitionMap.TransitionMap:PersistentLevel.TransitionMap'
[2015.11.26-17.14.08:698][228]LogBlueprintUserMessages: Late EndPlayMap Detection: Level '/Game/TransitionMap.TransitionMap:PersistentLevel' has LevelScriptBlueprint '/Game/TransitionMap.TransitionMap:PersistentLevel.TransitionMap' with GeneratedClass '/Game/TransitionMap.TransitionMap_C' with ClassGeneratedBy '/Game/TransitionMap.TransitionMap:PersistentLevel.TransitionMap'
[2015.11.26-17.14.08:730][228]LogParticles: Destroying 0 GPU particle simulations for FXSystem 0x000000199B3B8680
[2015.11.26-17.14.21:829][763]LogBlueprintUserMessages: Early PlayInEditor Detection: Level '/Game/TransitionMap.TransitionMap:PersistentLevel' has LevelScriptBlueprint '/Game/TransitionMap.TransitionMap:PersistentLevel.TransitionMap' with GeneratedClass '/Game/TransitionMap.TransitionMap_C' with ClassGeneratedBy '/Game/TransitionMap.TransitionMap:PersistentLevel.TransitionMap'
[2015.11.26-17.14.21:829][763]LogPlayLevel: PlayLevel: No blueprints needed recompiling
[2015.11.26-17.14.21:829][763]PIE: New page: PIE session: TransitionMap (Nov 26, 2015, 7:14:21 PM)
[2015.11.26-17.14.21:829][763]LogPlayLevel: Creating play world package: /Game/UEDPIE_0_TransitionMap
[2015.11.26-17.14.21:856][763]LogPlayLevel: PIE: StaticDuplicateObject took: (0.026448s)
[2015.11.26-17.14.21:857][763]LogAIModule: Creating AISystem for world TransitionMap
[2015.11.26-17.14.21:857][763]LogPlayLevel: PIE: World Init took: (0.000860s)
[2015.11.26-17.14.21:857][763]LogPlayLevel: PIE: Created PIE world by copying editor world from /Game/TransitionMap.TransitionMap to /Game/UEDPIE_0_TransitionMap.TransitionMap (0.027712s)
[2015.11.26-17.14.21:857][763]LogActorComponent: UnregisterComponent: (/Engine/Transient.ProjectileComp) Not registered. Aborting.
[2015.11.26-17.14.21:884][763]LogInit: XAudio2 using 'Högtalare (Realtek High Definition Audio)' : 2 channels at 48 kHz using 32 bits per sample (channel mask 0x3)
[2015.11.26-17.14.21:890][763]LogInit: FAudioDevice initialized.
[2015.11.26-17.14.21:942][763]LogWorld: Game class is 'SW_Project2GameMode'
[2015.11.26-17.14.22:010][763]LogWorld: Bringing World /Game/UEDPIE_0_TransitionMap.TransitionMap up for play (max tick rate 0) at 2015.11.26-18.14.22
[2015.11.26-17.14.22:010][763]LogActor:Warning: GameSession /Game/UEDPIE_0_TransitionMap.TransitionMap:PersistentLevel.GameSession_1 has natively added scene component(s), but none of them were set as the actor's RootComponent - picking one arbitrarily
[2015.11.26-17.14.22:011][763]LogActor:Warning: GameNetworkManager /Game/UEDPIE_0_TransitionMap.TransitionMap:PersistentLevel.GameNetworkManager_1 has natively added scene component(s), but none of them were set as the actor's RootComponent - picking one arbitrarily
[2015.11.26-17.14.22:012][763]LogWorld: Bringing up level for play took: 0.069467
[2015.11.26-17.14.22:042][763]PIE: Info Play in editor start time for /Game/UEDPIE_0_TransitionMap 0.536
[2015.11.26-17.14.22:042][763]LogBlueprintUserMessages: Late PlayInEditor Detection: Level '/Game/TransitionMap.TransitionMap:PersistentLevel' has LevelScriptBlueprint '/Game/TransitionMap.TransitionMap:PersistentLevel.TransitionMap' with GeneratedClass '/Game/TransitionMap.TransitionMap_C' with ClassGeneratedBy '/Game/TransitionMap.TransitionMap:PersistentLevel.TransitionMap'
[2015.11.26-17.14.29:926][941]LogBlueprintUserMessages: Early EndPlayMap Detection: Level '/Game/TransitionMap.TransitionMap:PersistentLevel' has LevelScriptBlueprint '/Game/TransitionMap.TransitionMap:PersistentLevel.TransitionMap' with GeneratedClass '/Game/TransitionMap.TransitionMap_C' with ClassGeneratedBy '/Game/TransitionMap.TransitionMap:PersistentLevel.TransitionMap'
[2015.11.26-17.14.29:988][941]LogBlueprintUserMessages: Late EndPlayMap Detection: Level '/Game/TransitionMap.TransitionMap:PersistentLevel' has LevelScriptBlueprint '/Game/TransitionMap.TransitionMap:PersistentLevel.TransitionMap' with GeneratedClass '/Game/TransitionMap.TransitionMap_C' with ClassGeneratedBy '/Game/TransitionMap.TransitionMap:PersistentLevel.TransitionMap'
[2015.11.26-17.14.30:021][941]LogParticles: Destroying 0 GPU particle simulations for FXSystem 0x000000199C9A4680
[2015.11.26-17.14.51:727][376]LogBlueprintUserMessages: Early PlayInEditor Detection: Level '/Game/TransitionMap.TransitionMap:PersistentLevel' has LevelScriptBlueprint '/Game/TransitionMap.TransitionMap:PersistentLevel.TransitionMap' with GeneratedClass '/Game/TransitionMap.TransitionMap_C' with ClassGeneratedBy '/Game/TransitionMap.TransitionMap:PersistentLevel.TransitionMap'
[2015.11.26-17.14.51:728][376]LogPlayLevel: PlayLevel: No blueprints needed recompiling
[2015.11.26-17.14.51:728][376]PIE: New page: PIE session: TransitionMap (Nov 26, 2015, 7:14:51 PM)
[2015.11.26-17.14.51:728][376]LogPlayLevel: Creating play world package: /Game/UEDPIE_0_TransitionMap
[2015.11.26-17.14.51:750][376]LogPlayLevel: PIE: StaticDuplicateObject took: (0.022457s)
[2015.11.26-17.14.51:751][376]LogAIModule: Creating AISystem for world TransitionMap
[2015.11.26-17.14.51:751][376]LogPlayLevel: PIE: World Init took: (0.000751s)
[2015.11.26-17.14.51:751][376]LogPlayLevel: PIE: Created PIE world by copying editor world from /Game/TransitionMap.TransitionMap to /Game/UEDPIE_0_TransitionMap.TransitionMap (0.023583s)
[2015.11.26-17.14.51:780][376]LogInit: XAudio2 using 'Högtalare (Realtek High Definition Audio)' : 2 channels at 48 kHz using 32 bits per sample (channel mask 0x3)
[2015.11.26-17.14.51:786][376]LogInit: FAudioDevice initialized.
[2015.11.26-17.14.51:841][376]LogWorld: Game class is 'SW_Project2GameMode'
[2015.11.26-17.14.51:905][376]LogWorld: Bringing World /Game/UEDPIE_0_TransitionMap.TransitionMap up for play (max tick rate 0) at 2015.11.26-18.14.51
[2015.11.26-17.14.51:905][376]LogActor:Warning: GameSession /Game/UEDPIE_0_TransitionMap.TransitionMap:PersistentLevel.GameSession_2 has natively added scene component(s), but none of them were set as the actor's RootComponent - picking one arbitrarily
[2015.11.26-17.14.51:905][376]LogActor:Warning: GameNetworkManager /Game/UEDPIE_0_TransitionMap.TransitionMap:PersistentLevel.GameNetworkManager_2 has natively added scene component(s), but none of them were set as the actor's RootComponent - picking one arbitrarily
[2015.11.26-17.14.51:907][376]LogWorld: Bringing up level for play took: 0.064524
[2015.11.26-17.14.51:932][376]PIE: Info Play in editor start time for /Game/UEDPIE_0_TransitionMap 0.427
[2015.11.26-17.14.51:932][376]LogBlueprintUserMessages: Late PlayInEditor Detection: Level '/Game/TransitionMap.TransitionMap:PersistentLevel' has LevelScriptBlueprint '/Game/TransitionMap.TransitionMap:PersistentLevel.TransitionMap' with GeneratedClass '/Game/TransitionMap.TransitionMap_C' with ClassGeneratedBy '/Game/TransitionMap.TransitionMap:PersistentLevel.TransitionMap'
[2015.11.26-17.14.56:000][503]LogBlueprintUserMessages: Early EndPlayMap Detection: Level '/Game/TransitionMap.TransitionMap:PersistentLevel' has LevelScriptBlueprint '/Game/TransitionMap.TransitionMap:PersistentLevel.TransitionMap' with GeneratedClass '/Game/TransitionMap.TransitionMap_C' with ClassGeneratedBy '/Game/TransitionMap.TransitionMap:PersistentLevel.TransitionMap'
[2015.11.26-17.14.56:116][503]LogBlueprintUserMessages: Late EndPlayMap Detection: Level '/Game/TransitionMap.TransitionMap:PersistentLevel' has LevelScriptBlueprint '/Game/TransitionMap.TransitionMap:PersistentLevel.TransitionMap' with GeneratedClass '/Game/TransitionMap.TransitionMap_C' with ClassGeneratedBy '/Game/TransitionMap.TransitionMap:PersistentLevel.TransitionMap'
[2015.11.26-17.14.56:202][504]LogParticles: Destroying 0 GPU particle simulations for FXSystem 0x00000019A0445080
[2015.11.26-17.15.01:804][612]LogEditorViewport: Clicking on Actor (LMB): Block_BP_C (Block_BP5)
[2015.11.26-17.15.04:638][657]LogBlueprintUserMessages: Early PlayInEditor Detection: Level '/Game/TransitionMap.TransitionMap:PersistentLevel' has LevelScriptBlueprint '/Game/TransitionMap.TransitionMap:PersistentLevel.TransitionMap' with GeneratedClass '/Game/TransitionMap.TransitionMap_C' with ClassGeneratedBy '/Game/TransitionMap.TransitionMap:PersistentLevel.TransitionMap'
[2015.11.26-17.15.04:638][657]LogPlayLevel: PlayLevel: No blueprints needed recompiling
[2015.11.26-17.15.04:638][657]PIE: New page: PIE session: TransitionMap (Nov 26, 2015, 7:15:04 PM)
[2015.11.26-17.15.04:638][657]LogPlayLevel: Creating play world package: /Game/UEDPIE_0_TransitionMap
[2015.11.26-17.15.04:662][657]LogPlayLevel: PIE: StaticDuplicateObject took: (0.023504s)
[2015.11.26-17.15.04:662][657]LogAIModule: Creating AISystem for world TransitionMap
[2015.11.26-17.15.04:663][657]LogPlayLevel: PIE: World Init took: (0.000789s)
[2015.11.26-17.15.04:663][657]LogPlayLevel: PIE: Created PIE world by copying editor world from /Game/TransitionMap.TransitionMap to /Game/UEDPIE_0_TransitionMap.TransitionMap (0.024673s)
[2015.11.26-17.15.04:687][657]LogInit: XAudio2 using 'Högtalare (Realtek High Definition Audio)' : 2 channels at 48 kHz using 32 bits per sample (channel mask 0x3)
[2015.11.26-17.15.04:694][657]LogInit: FAudioDevice initialized.
[2015.11.26-17.15.04:747][657]LogWorld: Game class is 'SW_Project2GameMode'
[2015.11.26-17.15.04:803][657]LogWorld: Bringing World /Game/UEDPIE_0_TransitionMap.TransitionMap up for play (max tick rate 0) at 2015.11.26-18.15.04
[2015.11.26-17.15.04:803][657]LogActor:Warning: GameSession /Game/UEDPIE_0_TransitionMap.TransitionMap:PersistentLevel.GameSession_3 has natively added scene component(s), but none of them were set as the actor's RootComponent - picking one arbitrarily
[2015.11.26-17.15.04:804][657]LogActor:Warning: GameNetworkManager /Game/UEDPIE_0_TransitionMap.TransitionMap:PersistentLevel.GameNetworkManager_3 has natively added scene component(s), but none of them were set as the actor's RootComponent - picking one arbitrarily
[2015.11.26-17.15.04:805][657]LogWorld: Bringing up level for play took: 0.057660
[2015.11.26-17.15.04:828][657]PIE: Info Play in editor start time for /Game/UEDPIE_0_TransitionMap -0.677
[2015.11.26-17.15.04:829][657]LogBlueprintUserMessages: Late PlayInEditor Detection: Level '/Game/TransitionMap.TransitionMap:PersistentLevel' has LevelScriptBlueprint '/Game/TransitionMap.TransitionMap:PersistentLevel.TransitionMap' with GeneratedClass '/Game/TransitionMap.TransitionMap_C' with ClassGeneratedBy '/Game/TransitionMap.TransitionMap:PersistentLevel.TransitionMap'
[2015.11.26-17.15.28:099][201]LogBlueprintUserMessages: Early EndPlayMap Detection: Level '/Game/TransitionMap.TransitionMap:PersistentLevel' has LevelScriptBlueprint '/Game/TransitionMap.TransitionMap:PersistentLevel.TransitionMap' with GeneratedClass '/Game/TransitionMap.TransitionMap_C' with ClassGeneratedBy '/Game/TransitionMap.TransitionMap:PersistentLevel.TransitionMap'
[2015.11.26-17.15.28:186][201]LogBlueprintUserMessages: Late EndPlayMap Detection: Level '/Game/TransitionMap.TransitionMap:PersistentLevel' has LevelScriptBlueprint '/Game/TransitionMap.TransitionMap:PersistentLevel.TransitionMap' with GeneratedClass '/Game/TransitionMap.TransitionMap_C' with ClassGeneratedBy '/Game/TransitionMap.TransitionMap:PersistentLevel.TransitionMap'
[2015.11.26-17.15.28:286][202]LogParticles: Destroying 0 GPU particle simulations for FXSystem 0x000000199B86CCC0
[2015.11.26-17.15.44:332][656]LogBlueprintUserMessages: Early PlayInEditor Detection: Level '/Game/TransitionMap.TransitionMap:PersistentLevel' has LevelScriptBlueprint '/Game/TransitionMap.TransitionMap:PersistentLevel.TransitionMap' with GeneratedClass '/Game/TransitionMap.TransitionMap_C' with ClassGeneratedBy '/Game/TransitionMap.TransitionMap:PersistentLevel.TransitionMap'
[2015.11.26-17.15.44:332][656]LogPlayLevel: PlayLevel: No blueprints needed recompiling
[2015.11.26-17.15.44:333][656]PIE: New page: PIE session: TransitionMap (Nov 26, 2015, 7:15:44 PM)
[2015.11.26-17.15.44:333][656]LogPlayLevel: Creating play world package: /Game/UEDPIE_0_TransitionMap
[2015.11.26-17.15.44:356][656]LogPlayLevel: PIE: StaticDuplicateObject took: (0.023621s)
[2015.11.26-17.15.44:357][656]LogAIModule: Creating AISystem for world TransitionMap
[2015.11.26-17.15.44:357][656]LogPlayLevel: PIE: World Init took: (0.000735s)
[2015.11.26-17.15.44:357][656]LogPlayLevel: PIE: Created PIE world by copying editor world from /Game/TransitionMap.TransitionMap to /Game/UEDPIE_0_TransitionMap.TransitionMap (0.024714s)
[2015.11.26-17.15.44:357][656]LogActorComponent: UnregisterComponent: (/Engine/Transient.ProjectileComp) Not registered. Aborting.
[2015.11.26-17.15.44:383][656]LogInit: XAudio2 using 'Högtalare (Realtek High Definition Audio)' : 2 channels at 48 kHz using 32 bits per sample (channel mask 0x3)
[2015.11.26-17.15.44:389][656]LogInit: FAudioDevice initialized.
[2015.11.26-17.15.44:443][656]LogWorld: Game class is 'SW_Project2GameMode'
[2015.11.26-17.15.44:508][656]LogWorld: Bringing World /Game/UEDPIE_0_TransitionMap.TransitionMap up for play (max tick rate 0) at 2015.11.26-18.15.44
[2015.11.26-17.15.44:508][656]LogActor:Warning: GameSession /Game/UEDPIE_0_TransitionMap.TransitionMap:PersistentLevel.GameSession_4 has natively added scene component(s), but none of them were set as the actor's RootComponent - picking one arbitrarily
[2015.11.26-17.15.44:509][656]LogActor:Warning: GameNetworkManager /Game/UEDPIE_0_TransitionMap.TransitionMap:PersistentLevel.GameNetworkManager_4 has natively added scene component(s), but none of them were set as the actor's RootComponent - picking one arbitrarily
[2015.11.26-17.15.44:511][656]LogWorld: Bringing up level for play took: 0.067196
[2015.11.26-17.15.44:537][656]PIE: Info Play in editor start time for /Game/UEDPIE_0_TransitionMap 1.031
[2015.11.26-17.15.44:537][656]LogBlueprintUserMessages: Late PlayInEditor Detection: Level '/Game/TransitionMap.TransitionMap:PersistentLevel' has LevelScriptBlueprint '/Game/TransitionMap.TransitionMap:PersistentLevel.TransitionMap' with GeneratedClass '/Game/TransitionMap.TransitionMap_C' with ClassGeneratedBy '/Game/TransitionMap.TransitionMap:PersistentLevel.TransitionMap'
[2015.11.26-17.15.46:260][727]LogPackageName: SearchForPackageOnDisk took   0.062s to resolve map2.umap.
[2015.11.26-17.15.46:313][727]LogPackageName: SearchForPackageOnDisk took   0.052s to resolve map2.umap.
[2015.11.26-17.15.46:313][727]LogNet: Browse: /Game/Map2
[2015.11.26-17.15.46:313][727]LogLoad: LoadMap: /Game/Map2
[2015.11.26-17.15.46:340][727]LogParticles: Destroying 0 GPU particle simulations for FXSystem 0x000000199C809760
[2015.11.26-17.15.46:344][727]Cmd: MEM
[2015.11.26-17.15.46:364][727]LogMemory: Platform Memory Stats for Windows
[2015.11.26-17.15.46:364][727]LogMemory: Process Physical Memory: 1323.88 MB used, 1437.12 MB peak
[2015.11.26-17.15.46:364][727]LogMemory: Process Virtual Memory: 1243.16 MB used, 1359.83 MB peak
[2015.11.26-17.15.46:364][727]LogMemory: Physical Memory: 3155.76 MB used, 8126.94 MB total
[2015.11.26-17.15.46:364][727]LogMemory: Virtual Memory: 1853.80 MB used, 134217728.00 MB total
[2015.11.26-17.15.46:364][727]LogMemory: 
[2015.11.26-17.15.46:364][727]Allocator Stats for TBB: (not implemented)
[2015.11.26-17.15.46:622][727]LogAIModule: Creating AISystem for world Map2
[2015.11.26-17.15.46:622][727]LogWorld: Game class is 'SW_Project2GameMode'
[2015.11.26-17.15.46:677][727]LogWorld: Bringing World /Game/UEDPIE_0_Map2.Map2 up for play (max tick rate 0) at 2015.11.26-18.15.46
[2015.11.26-17.15.46:677][727]LogActor:Warning: GameSession /Game/UEDPIE_0_Map2.Map2:PersistentLevel.GameSession_5 has natively added scene component(s), but none of them were set as the actor's RootComponent - picking one arbitrarily
[2015.11.26-17.15.46:677][727]LogActor:Warning: GameNetworkManager /Game/UEDPIE_0_Map2.Map2:PersistentLevel.GameNetworkManager_5 has natively added scene component(s), but none of them were set as the actor's RootComponent - picking one arbitrarily
[2015.11.26-17.15.46:678][727]LogWorld: Bringing up level for play took: 0.055612
[2015.11.26-17.15.46:679][727]LogGameMode: Warning - PATHS NOT DEFINED or NO PLAYERSTART with positive rating
[2015.11.26-17.15.56:298][938]LogBlueprintUserMessages: Early EndPlayMap Detection: Level '/Game/TransitionMap.TransitionMap:PersistentLevel' has LevelScriptBlueprint '/Game/TransitionMap.TransitionMap:PersistentLevel.TransitionMap' with GeneratedClass '/Game/TransitionMap.TransitionMap_C' with ClassGeneratedBy '/Game/TransitionMap.TransitionMap:PersistentLevel.TransitionMap'
[2015.11.26-17.15.56:390][938]LogBlueprintUserMessages: Late EndPlayMap Detection: Level '/Game/TransitionMap.TransitionMap:PersistentLevel' has LevelScriptBlueprint '/Game/TransitionMap.TransitionMap:PersistentLevel.TransitionMap' with GeneratedClass '/Game/TransitionMap.TransitionMap_C' with ClassGeneratedBy '/Game/TransitionMap.TransitionMap:PersistentLevel.TransitionMap'
[2015.11.26-17.15.56:489][939]LogParticles: Destroying 0 GPU particle simulations for FXSystem 0x00000019AFBAA840
[2015.11.26-17.16.22:640][434]Cmd: SELECT NONE
[2015.11.26-17.16.23:623][457]LogEditorViewport: Clicking on Actor (LMB): DirectionalLight (DirectionalLight2)
[2015.11.26-17.16.31:470][631]LogBlueprintUserMessages: Early PlayInEditor Detection: Level '/Game/TransitionMap.TransitionMap:PersistentLevel' has LevelScriptBlueprint '/Game/TransitionMap.TransitionMap:PersistentLevel.TransitionMap' with GeneratedClass '/Game/TransitionMap.TransitionMap_C' with ClassGeneratedBy '/Game/TransitionMap.TransitionMap:PersistentLevel.TransitionMap'
[2015.11.26-17.16.31:470][631]LogPlayLevel: PlayLevel: No blueprints needed recompiling
[2015.11.26-17.16.31:470][631]PIE: New page: PIE session: TransitionMap (Nov 26, 2015, 7:16:31 PM)
[2015.11.26-17.16.31:470][631]LogPlayLevel: Creating play world package: /Game/UEDPIE_0_TransitionMap
[2015.11.26-17.16.31:494][631]LogPlayLevel: PIE: StaticDuplicateObject took: (0.023447s)
[2015.11.26-17.16.31:494][631]LogAIModule: Creating AISystem for world TransitionMap
[2015.11.26-17.16.31:495][631]LogPlayLevel: PIE: World Init took: (0.000934s)
[2015.11.26-17.16.31:495][631]LogPlayLevel: PIE: Created PIE world by copying editor world from /Game/TransitionMap.TransitionMap to /Game/UEDPIE_0_TransitionMap.TransitionMap (0.024761s)
[2015.11.26-17.16.31:495][631]LogActorComponent: UnregisterComponent: (/Engine/Transient.ProjectileComp) Not registered. Aborting.
[2015.11.26-17.16.31:520][631]LogInit: XAudio2 using 'Högtalare (Realtek High Definition Audio)' : 2 channels at 48 kHz using 32 bits per sample (channel mask 0x3)
[2015.11.26-17.16.31:527][631]LogInit: FAudioDevice initialized.
[2015.11.26-17.16.31:583][631]LogWorld: Game class is 'SW_Project2GameMode'
[2015.11.26-17.16.31:647][631]LogWorld: Bringing World /Game/UEDPIE_0_TransitionMap.TransitionMap up for play (max tick rate 0) at 2015.11.26-18.16.31
[2015.11.26-17.16.31:647][631]LogActor:Warning: GameSession /Game/UEDPIE_0_TransitionMap.TransitionMap:PersistentLevel.GameSession_6 has natively added scene component(s), but none of them were set as the actor's RootComponent - picking one arbitrarily
[2015.11.26-17.16.31:648][631]LogActor:Warning: GameNetworkManager /Game/UEDPIE_0_TransitionMap.TransitionMap:PersistentLevel.GameNetworkManager_6 has natively added scene component(s), but none of them were set as the actor's RootComponent - picking one arbitrarily
[2015.11.26-17.16.31:649][631]LogWorld: Bringing up level for play took: 0.065359
[2015.11.26-17.16.31:678][631]PIE: Info Play in editor start time for /Game/UEDPIE_0_TransitionMap 0.172
[2015.11.26-17.16.31:678][631]LogBlueprintUserMessages: Late PlayInEditor Detection: Level '/Game/TransitionMap.TransitionMap:PersistentLevel' has LevelScriptBlueprint '/Game/TransitionMap.TransitionMap:PersistentLevel.TransitionMap' with GeneratedClass '/Game/TransitionMap.TransitionMap_C' with ClassGeneratedBy '/Game/TransitionMap.TransitionMap:PersistentLevel.TransitionMap'
[2015.11.26-17.16.42:105][860]LogBlueprintUserMessages: Early EndPlayMap Detection: Level '/Game/TransitionMap.TransitionMap:PersistentLevel' has LevelScriptBlueprint '/Game/TransitionMap.TransitionMap:PersistentLevel.TransitionMap' with GeneratedClass '/Game/TransitionMap.TransitionMap_C' with ClassGeneratedBy '/Game/TransitionMap.TransitionMap:PersistentLevel.TransitionMap'
[2015.11.26-17.16.42:218][860]LogBlueprintUserMessages: Late EndPlayMap Detection: Level '/Game/TransitionMap.TransitionMap:PersistentLevel' has LevelScriptBlueprint '/Game/TransitionMap.TransitionMap:PersistentLevel.TransitionMap' with GeneratedClass '/Game/TransitionMap.TransitionMap_C' with ClassGeneratedBy '/Game/TransitionMap.TransitionMap:PersistentLevel.TransitionMap'
[2015.11.26-17.16.42:245][860]LogParticles: Destroying 0 GPU particle simulations for FXSystem 0x00000019AFE50CC0
[2015.11.26-17.16.47:417][969]Cmd: TRANSACTION UNDO
[2015.11.26-17.16.47:418][969]LogEditorTransaction: Undo Rotate Actors
[2015.11.26-17.16.47:797][  2]Cmd: TRANSACTION UNDO
[2015.11.26-17.16.47:797][  2]LogEditorTransaction: Undo Rotate Actors
[2015.11.26-17.16.49:371][104]MapCheck: New page: Map Check
[2015.11.26-17.16.49:412][104]Cmd: MAP REBUILD ALLVISIBLE
[2015.11.26-17.16.49:420][104]LogEditorServer: Rebuildmap Clear paths rebuilt
[2015.11.26-17.16.49:613][104]MapCheck:Warning: Warning WorldSettings Hierarchical LOD System is disabled or no HLOD level settings available, unable to build LOD actors. 
[2015.11.26-17.16.49:613][104]LogStats:          STAT_HLOD_BuildClusters - 39.135 ms
[2015.11.26-17.16.49:633][104]LightingResults: New page: Lighting Build - Nov 26, 2015, 7:16:49 PM
[2015.11.26-17.17.00:669][104]LogStaticLightingSystem: Running Lightmass w/ ImmediateImport mode ENABLED
[2015.11.26-17.17.00:669][104]LogStaticLightingSystem: Running Lightmass w/ ImmediateProcess mode ENABLED
[2015.11.26-17.17.00:669][104]LogStaticLightingSystem: Running Lightmass w/ Sorting mode ENABLED
[2015.11.26-17.17.00:669][104]LogStaticLightingSystem: Running Lightmass w/ Mapping paddings ENABLED
[2015.11.26-17.17.00:669][104]LogStaticLightingSystem: Running Lightmass w/ Mapping debug paddings DISABLED
[2015.11.26-17.17.01:158][104]LogEditorBuildUtils: Build time 0:00:11
[2015.11.26-17.17.02:991][176]Job is a success!
[2015.11.26-17.17.03:210][177]LogTexture:Display: Building textures: HQ_Lightmap0_1 (AutoDXT)
[2015.11.26-17.17.03:210][177]LogTexture:Display: Building textures: LQ_Lightmap_0_1 (DXT1)
[2015.11.26-17.17.03:247][177]LogTexture:Display: Building textures: ShadowMapTexture2D_0 (G8)
[2015.11.26-17.17.03:421][177]Lightmass on STOFFEPC: 897 ms total, 184 ms importing, 1 ms setup, 117 ms photons, 503 ms processing, 0 ms extra exporting [1/1 mappings]. Threads: 1.98 sec total, 161 ms processing.
[2015.11.26-17.17.03:494][177]LogStaticLightingSystem: Illumination: 13.8 sec (143 ms encoding lightmaps)
[2015.11.26-17.17.03:494][177]LogStaticLightingSystem: Lightmap texture memory:  0.0 MB (0.0 MB streaming, 0.0 MB non-streaming), 2 textures
[2015.11.26-17.17.03:494][177]LogStaticLightingSystem: Shadowmap texture memory: 0.0 MB (0.0 MB streaming, 0.0 MB non-streaming), 1 textures
[2015.11.26-17.17.03:685][178]Cmd: MAP CHECK NOTIFYRESULTS
[2015.11.26-17.17.03:685][178]MapCheck: New page: TransitionMap - Nov 26, 2015, 7:17:03 PM
[2015.11.26-17.17.03:916][178]MapCheck: Info Map check complete: 0 Error(s), 0 Warning(s), took 231.129ms to complete.
[2015.11.26-17.17.05:247][279]LogBlueprintUserMessages: Early PlayInEditor Detection: Level '/Game/TransitionMap.TransitionMap:PersistentLevel' has LevelScriptBlueprint '/Game/TransitionMap.TransitionMap:PersistentLevel.TransitionMap' with GeneratedClass '/Game/TransitionMap.TransitionMap_C' with ClassGeneratedBy '/Game/TransitionMap.TransitionMap:PersistentLevel.TransitionMap'
[2015.11.26-17.17.05:247][279]LogPlayLevel: PlayLevel: No blueprints needed recompiling
[2015.11.26-17.17.05:248][279]PIE: New page: PIE session: TransitionMap (Nov 26, 2015, 7:17:05 PM)
[2015.11.26-17.17.05:248][279]LogPlayLevel: Creating play world package: /Game/UEDPIE_0_TransitionMap
[2015.11.26-17.17.05:275][279]LogPlayLevel: PIE: StaticDuplicateObject took: (0.026900s)
[2015.11.26-17.17.05:275][279]LogAIModule: Creating AISystem for world TransitionMap
[2015.11.26-17.17.05:276][279]LogPlayLevel: PIE: World Init took: (0.000840s)
[2015.11.26-17.17.05:276][279]LogPlayLevel: PIE: Created PIE world by copying editor world from /Game/TransitionMap.TransitionMap to /Game/UEDPIE_0_TransitionMap.TransitionMap (0.028061s)
[2015.11.26-17.17.05:301][279]LogInit: XAudio2 using 'Högtalare (Realtek High Definition Audio)' : 2 channels at 48 kHz using 32 bits per sample (channel mask 0x3)
[2015.11.26-17.17.05:309][279]LogInit: FAudioDevice initialized.
[2015.11.26-17.17.05:361][279]LogWorld: Game class is 'SW_Project2GameMode'
[2015.11.26-17.17.05:421][279]LogWorld: Bringing World /Game/UEDPIE_0_TransitionMap.TransitionMap up for play (max tick rate 0) at 2015.11.26-18.17.05
[2015.11.26-17.17.05:421][279]LogActor:Warning: GameSession /Game/UEDPIE_0_TransitionMap.TransitionMap:PersistentLevel.GameSession_7 has natively added scene component(s), but none of them were set as the actor's RootComponent - picking one arbitrarily
[2015.11.26-17.17.05:422][279]LogActor:Warning: GameNetworkManager /Game/UEDPIE_0_TransitionMap.TransitionMap:PersistentLevel.GameNetworkManager_7 has natively added scene component(s), but none of them were set as the actor's RootComponent - picking one arbitrarily
[2015.11.26-17.17.05:423][279]LogWorld: Bringing up level for play took: 0.061671
[2015.11.26-17.17.05:448][279]PIE: Info Play in editor start time for /Game/UEDPIE_0_TransitionMap -0.058
[2015.11.26-17.17.05:448][279]LogBlueprintUserMessages: Late PlayInEditor Detection: Level '/Game/TransitionMap.TransitionMap:PersistentLevel' has LevelScriptBlueprint '/Game/TransitionMap.TransitionMap:PersistentLevel.TransitionMap' with GeneratedClass '/Game/TransitionMap.TransitionMap_C' with ClassGeneratedBy '/Game/TransitionMap.TransitionMap:PersistentLevel.TransitionMap'
[2015.11.26-17.17.12:300][425]LogBlueprintUserMessages: Early EndPlayMap Detection: Level '/Game/TransitionMap.TransitionMap:PersistentLevel' has LevelScriptBlueprint '/Game/TransitionMap.TransitionMap:PersistentLevel.TransitionMap' with GeneratedClass '/Game/TransitionMap.TransitionMap_C' with ClassGeneratedBy '/Game/TransitionMap.TransitionMap:PersistentLevel.TransitionMap'
[2015.11.26-17.17.12:416][425]LogBlueprintUserMessages: Late EndPlayMap Detection: Level '/Game/TransitionMap.TransitionMap:PersistentLevel' has LevelScriptBlueprint '/Game/TransitionMap.TransitionMap:PersistentLevel.TransitionMap' with GeneratedClass '/Game/TransitionMap.TransitionMap_C' with ClassGeneratedBy '/Game/TransitionMap.TransitionMap:PersistentLevel.TransitionMap'
[2015.11.26-17.17.12:476][426]LogParticles: Destroying 0 GPU particle simulations for FXSystem 0x00000019A5CC3420
[2015.11.26-17.17.40:382][ 22]LogEditorViewport: Clicking on Actor (LMB): BP_Sky_Sphere_C (SkyShereBlueprint)
[2015.11.26-17.18.30:930][902]LogWindowsTextInputMethodSystem:Display: IME system now deactivated.
[2015.11.26-17.18.31:240][903]Cmd: QUIT_EDITOR
[2015.11.26-17.18.32:538][903]LogExit: Preparing to exit.
[2015.11.26-17.18.32:929][903]LogExit: Editor shut down
[2015.11.26-17.18.32:930][903]LogExit: Transaction tracking system shut down
[2015.11.26-17.18.32:931][903]LogParticles: Destroying 0 GPU particle simulations for FXSystem 0x000000199BE9CE00
[2015.11.26-17.18.32:932][903]LogParticles: Destroying 0 GPU particle simulations for FXSystem 0x00000019B0929F80
[2015.11.26-17.18.32:932][903]LogParticles: Destroying 0 GPU particle simulations for FXSystem 0x00000019B05B6A20
[2015.11.26-17.18.32:932][903]LogParticles: Destroying 0 GPU particle simulations for FXSystem 0x00000019B24A5DA0
[2015.11.26-17.18.33:092][903]LogParticles: Destroying 0 GPU particle simulations for FXSystem 0x00000019B24A7E20
[2015.11.26-17.18.33:092][903]LogExit: Object subsystem successfully closed.
[2015.11.26-17.18.33:098][903]LogD3D11RHI: Shutdown
[2015.11.26-17.18.33:098][903]LogD3D11RHI: CleanupD3DDevice
[2015.11.26-17.18.33:169][903]LogD3D11RHI: ~FD3D11DynamicRHI
[2015.11.26-17.18.33:187][903]LogModuleManager: Shutting down and abandoning module CrashTracker (198)
[2015.11.26-17.18.33:187][903]LogModuleManager: Shutting down and abandoning module SceneOutliner (197)
[2015.11.26-17.18.33:187][903]LogModuleManager: Shutting down and abandoning module SuperSearch (196)
[2015.11.26-17.18.33:187][903]LogModuleManager: Shutting down and abandoning module WidgetCarousel (195)
[2015.11.26-17.18.33:187][903]LogModuleManager: Shutting down and abandoning module AddContentDialog (194)
[2015.11.26-17.18.33:188][903]LogModuleManager: Shutting down and abandoning module EditorWidgets (193)
[2015.11.26-17.18.33:188][903]LogModuleManager: Shutting down and abandoning module CollectionManager (192)
[2015.11.26-17.18.33:189][903]LogModuleManager: Shutting down and abandoning module StatsViewer (191)
[2015.11.26-17.18.33:189][903]LogModuleManager: Shutting down and abandoning module FoliageEdit (190)
[2015.11.26-17.18.33:189][903]LogModuleManager: Shutting down and abandoning module LandscapeEditor (189)
[2015.11.26-17.18.33:189][903]LogModuleManager: Shutting down and abandoning module ActorPickerMode (188)
[2015.11.26-17.18.33:189][903]LogModuleManager: Shutting down and abandoning module GeometryMode (187)
[2015.11.26-17.18.33:189][903]LogModuleManager: Shutting down and abandoning module TextureAlignMode (186)
[2015.11.26-17.18.33:189][903]LogModuleManager: Shutting down and abandoning module BspMode (185)
[2015.11.26-17.18.33:189][903]LogModuleManager: Shutting down and abandoning module PlacementMode (184)
[2015.11.26-17.18.33:189][903]LogModuleManager: Shutting down and abandoning module AutomationWorker (183)
[2015.11.26-17.18.33:189][903]LogModuleManager: Shutting down and abandoning module CharacterAI (182)
[2015.11.26-17.18.33:189][903]LogModuleManager: Shutting down and abandoning module SmartSnapping (181)
[2015.11.26-17.18.33:189][903]LogModuleManager: Shutting down and abandoning module ViewportSnapping (180)
[2015.11.26-17.18.33:189][903]LogModuleManager: Shutting down and abandoning module LogVisualizer (179)
[2015.11.26-17.18.33:189][903]LogModuleManager: Shutting down and abandoning module GameProjectGeneration (178)
[2015.11.26-17.18.33:189][903]LogModuleManager: Shutting down and abandoning module IntroTutorials (177)
[2015.11.26-17.18.33:189][903]LogModuleManager: Shutting down and abandoning module EditorLiveStreaming (176)
[2015.11.26-17.18.33:189][903]LogModuleManager: Shutting down and abandoning module IOSPlatformEditor (175)
[2015.11.26-17.18.33:189][903]LogModuleManager: Shutting down and abandoning module HTML5PlatformEditor (174)
[2015.11.26-17.18.33:189][903]LogModuleManager: Shutting down and abandoning module AndroidDeviceDetection (173)
[2015.11.26-17.18.33:870][903]LogModuleManager: Shutting down and abandoning module AndroidPlatformEditor (172)
[2015.11.26-17.18.33:870][903]LogModuleManager: Shutting down and abandoning module IOSRuntimeSettings (171)
[2015.11.26-17.18.33:870][903]LogModuleManager: Shutting down and abandoning module AndroidRuntimeSettings (170)
[2015.11.26-17.18.33:870][903]LogModuleManager: Shutting down and abandoning module MergeActors (169)
[2015.11.26-17.18.33:870][903]LogModuleManager: Shutting down and abandoning module SizeMap (168)
[2015.11.26-17.18.33:870][903]LogModuleManager: Shutting down and abandoning module TreeMap (167)
[2015.11.26-17.18.33:870][903]LogModuleManager: Shutting down and abandoning module ReferenceViewer (166)
[2015.11.26-17.18.33:870][903]LogModuleManager: Shutting down and abandoning module LocalizationService (165)
[2015.11.26-17.18.33:870][903]LogModuleManager: Shutting down and abandoning module LocalizationDashboard (164)
[2015.11.26-17.18.33:870][903]LogModuleManager: Shutting down and abandoning module HardwareTargeting (163)
[2015.11.26-17.18.33:870][903]LogModuleManager: Shutting down and abandoning module DeviceProfileEditor (162)
[2015.11.26-17.18.33:870][903]LogModuleManager: Shutting down and abandoning module UndoHistory (161)
[2015.11.26-17.18.33:870][903]LogModuleManager: Shutting down and abandoning module GameplayTagsEditor (160)
[2015.11.26-17.18.33:870][903]LogModuleManager: Shutting down and abandoning module UserFeedback (159)
[2015.11.26-17.18.33:870][903]LogModuleManager: Shutting down and abandoning module XmlParser (158)
[2015.11.26-17.18.33:870][903]LogModuleManager: Shutting down and abandoning module Blutility (157)
[2015.11.26-17.18.33:870][903]LogModuleManager: Shutting down and abandoning module ProjectTargetPlatformEditor (156)
[2015.11.26-17.18.33:870][903]LogModuleManager: Shutting down and abandoning module ProjectSettingsViewer (155)
[2015.11.26-17.18.33:870][903]LogModuleManager: Shutting down and abandoning module InputBindingEditor (154)
[2015.11.26-17.18.33:870][903]LogModuleManager: Shutting down and abandoning module EditorSettingsViewer (153)
[2015.11.26-17.18.33:870][903]LogModuleManager: Shutting down and abandoning module SettingsEditor (152)
[2015.11.26-17.18.33:870][903]LogModuleManager: Shutting down and abandoning module ProjectLauncher (151)
[2015.11.26-17.18.33:870][903]LogModuleManager: Shutting down and abandoning module SessionFrontend (150)
[2015.11.26-17.18.33:870][903]LogModuleManager: Shutting down and abandoning module ProfilerClient (149)
[2015.11.26-17.18.33:870][903]LogModuleManager: Shutting down and abandoning module TargetDeviceServices (148)
[2015.11.26-17.18.33:870][903]LogModuleManager: Shutting down and abandoning module DeviceManager (147)
[2015.11.26-17.18.33:871][903]LogModuleManager: Shutting down and abandoning module AutomationController (146)
[2015.11.26-17.18.33:871][903]LogModuleManager: Shutting down and abandoning module AutomationWindow (145)
[2015.11.26-17.18.33:871][903]LogModuleManager: Shutting down and abandoning module Layers (144)
[2015.11.26-17.18.33:871][903]LogModuleManager: Shutting down and abandoning module ComponentVisualizers (143)
[2015.11.26-17.18.33:871][903]LogModuleManager: Shutting down and abandoning module DetailCustomizations (142)
[2015.11.26-17.18.33:871][903]LogModuleManager: Shutting down and abandoning module PackagesDialog (141)
[2015.11.26-17.18.33:871][903]LogModuleManager: Shutting down and abandoning module Persona (140)
[2015.11.26-17.18.33:871][903]LogModuleManager: Shutting down and abandoning module Kismet (139)
[2015.11.26-17.18.33:871][903]LogModuleManager: Shutting down and abandoning module GraphEditor (138)
[2015.11.26-17.18.33:871][903]LogModuleManager: Shutting down and abandoning module ClassViewer (137)
[2015.11.26-17.18.33:871][903]LogModuleManager: Shutting down and abandoning module Toolbox (136)
[2015.11.26-17.18.33:871][903]LogModuleManager: Shutting down and abandoning module ModuleUI (135)
[2015.11.26-17.18.33:871][903]LogModuleManager: Shutting down and abandoning module MovieSceneTools (134)
[2015.11.26-17.18.33:871][903]LogModuleManager: Shutting down and abandoning module OutputLog (133)
[2015.11.26-17.18.33:871][903]LogModuleManager: Shutting down and abandoning module GammaUI (132)
[2015.11.26-17.18.33:871][903]LogModuleManager: Shutting down and abandoning module Documentation (131)
[2015.11.26-17.18.33:871][903]LogModuleManager: Shutting down and abandoning module GameLiveStreaming (130)
[2015.11.26-17.18.33:871][903]LogModuleManager: Shutting down and abandoning module StreamingPauseRendering (129)
[2015.11.26-17.18.33:871][903]LogModuleManager: Shutting down and abandoning module AnalyticsET (128)
[2015.11.26-17.18.33:871][903]LogModuleManager: Shutting down and abandoning module Analytics (127)
[2015.11.26-17.18.33:871][903]LogModuleManager: Shutting down and abandoning module AITestSuite (126)
[2015.11.26-17.18.33:871][903]LogModuleManager: Shutting down and abandoning module GameplayDebugger (125)
[2015.11.26-17.18.33:871][903]LogModuleManager: Shutting down and abandoning module AIModule (124)
[2015.11.26-17.18.33:871][903]LogModuleManager: Shutting down and abandoning module ProfilerService (123)
[2015.11.26-17.18.34:031][903]LogModuleManager: Shutting down and abandoning module TaskGraph (122)
[2015.11.26-17.18.34:031][903]LogModuleManager: Shutting down and abandoning module SlateRemote (121)
[2015.11.26-17.18.34:031][903]LogModuleManager: Shutting down and abandoning module SteamVRController (120)
[2015.11.26-17.18.34:031][903]LogModuleManager: Shutting down and abandoning module SteamVR (119)
[2015.11.26-17.18.34:031][903]LogModuleManager: Shutting down and abandoning module ProceduralMeshComponent (118)
[2015.11.26-17.18.34:031][903]LogModuleManager: Shutting down and abandoning module OculusRift (117)
[2015.11.26-17.18.34:031][903]LogModuleManager: Shutting down and abandoning module OculusLibrary (116)
[2015.11.26-17.18.34:031][903]LogModuleManager: Shutting down and abandoning module LeapMotionController (115)
[2015.11.26-17.18.34:038][903]LogModuleManager: Shutting down and abandoning module CustomMeshComponent (114)
[2015.11.26-17.18.34:038][903]LogModuleManager: Shutting down and abandoning module CableComponent (113)
[2015.11.26-17.18.34:038][903]LogModuleManager: Shutting down and abandoning module ArchVisCharacter (112)
[2015.11.26-17.18.34:038][903]LogModuleManager: Shutting down and abandoning module MessagingDebugger (111)
[2015.11.26-17.18.34:038][903]LogModuleManager: Shutting down and abandoning module MediaPlayerEditor (110)
[2015.11.26-17.18.34:038][903]LogModuleManager: Shutting down and abandoning module HTML5Networking (109)
[2015.11.26-17.18.34:038][903]LogModuleManager: Shutting down and abandoning module SpeedTreeImporter (108)
[2015.11.26-17.18.34:038][903]LogModuleManager: Shutting down and abandoning module PluginBrowser (107)
[2015.11.26-17.18.34:038][903]LogModuleManager: Shutting down and abandoning module EpicSurvey (106)
[2015.11.26-17.18.34:038][903]LogModuleManager: Shutting down and abandoning module DesktopPlatform (105)
[2015.11.26-17.18.34:038][903]LogModuleManager: Shutting down and abandoning module VisualStudioSourceCodeAccess (104)
[2015.11.26-17.18.34:038][903]LogModuleManager: Shutting down and abandoning module UObjectPlugin (103)
[2015.11.26-17.18.34:038][903]LogModuleManager: Shutting down and abandoning module SubversionSourceControl (102)
[2015.11.26-17.18.34:038][903]LogModuleManager: Shutting down and abandoning module PerforceSourceControl (101)
[2015.11.26-17.18.34:038][903]LogModuleManager: Shutting down and abandoning module SourceControl (100)
[2015.11.26-17.18.34:038][903]LogModuleManager: Shutting down and abandoning module GitSourceControl (99)
[2015.11.26-17.18.34:038][903]LogModuleManager: Shutting down and abandoning module LightPropagationVolumeEditor (98)
[2015.11.26-17.18.34:038][903]LogModuleManager: Shutting down and abandoning module PaperTiledImporter (97)
[2015.11.26-17.18.34:038][903]LogModuleManager: Shutting down and abandoning module PaperSpriteSheetImporter (96)
[2015.11.26-17.18.34:038][903]LogModuleManager: Shutting down and abandoning module MeshPaint (95)
[2015.11.26-17.18.34:038][903]LogModuleManager: Shutting down and abandoning module SlateReflector (94)
[2015.11.26-17.18.34:038][903]LogModuleManager: Shutting down and abandoning module HotReload (93)
[2015.11.26-17.18.34:038][903]LogModuleManager: Shutting down and abandoning module MainFrame (92)
[2015.11.26-17.18.34:038][903]LogModuleManager: Shutting down and abandoning module LevelEditor (91)
[2015.11.26-17.18.34:039][903]LogModuleManager: Shutting down and abandoning module DirectoryWatcher (90)
[2015.11.26-17.18.34:040][903]LogModuleManager: Shutting down and abandoning module AssetRegistry (89)
[2015.11.26-17.18.34:078][903]LogModuleManager: Shutting down and abandoning module ContentBrowser (88)
[2015.11.26-17.18.34:078][903]LogModuleManager: Shutting down and abandoning module Paper2DEditor (87)
[2015.11.26-17.18.34:078][903]LogModuleManager: Shutting down and abandoning module SW_Project2 (86)
[2015.11.26-17.18.34:078][903]LogModuleManager: Shutting down and abandoning module UdpMessaging (85)
[2015.11.26-17.18.34:179][903]LogModuleManager: Shutting down and abandoning module LightPropagationVolumeRuntime (84)
[2015.11.26-17.18.34:179][903]LogModuleManager: Shutting down and abandoning module Paper2D (83)
[2015.11.26-17.18.34:179][903]LogModuleManager: Shutting down and abandoning module WindowsMoviePlayer (82)
[2015.11.26-17.18.34:182][903]LogModuleManager: Shutting down and abandoning module Media (81)
[2015.11.26-17.18.34:182][903]LogModuleManager: Shutting down and abandoning module WmfMedia (80)
[2015.11.26-17.18.34:182][903]LogModuleManager: Shutting down and abandoning module OnlineBlueprintSupport (79)
[2015.11.26-17.18.34:182][903]LogModuleManager: Shutting down and abandoning module GameplayTasksEditor (78)
[2015.11.26-17.18.34:182][903]LogModuleManager: Shutting down and abandoning module PropertyEditor (77)
[2015.11.26-17.18.34:182][903]LogModuleManager: Shutting down and abandoning module BehaviorTreeEditor (76)
[2015.11.26-17.18.34:182][903]LogModuleManager: Shutting down and abandoning module FunctionalTesting (75)
[2015.11.26-17.18.34:182][903]LogModuleManager: Shutting down and abandoning module CollisionAnalyzer (74)
[2015.11.26-17.18.34:182][903]LogModuleManager: Shutting down and abandoning module WorkspaceMenuStructure (73)
[2015.11.26-17.18.34:182][903]LogModuleManager: Shutting down and abandoning module MessageLog (72)
[2015.11.26-17.18.34:182][903]LogModuleManager: Shutting down and abandoning module Sequencer (71)
[2015.11.26-17.18.34:182][903]LogModuleManager: Shutting down and abandoning module AssetTools (70)
[2015.11.26-17.18.34:182][903]LogModuleManager: Shutting down and abandoning module UMGEditor (69)
[2015.11.26-17.18.34:182][903]LogModuleManager: Shutting down and abandoning module UMG (68)
[2015.11.26-17.18.34:182][903]LogModuleManager: Shutting down and abandoning module Slate (67)
[2015.11.26-17.18.34:182][903]LogModuleManager: Shutting down and abandoning module EditorStyle (66)
[2015.11.26-17.18.34:184][903]LogModuleManager: Shutting down and abandoning module SessionServices (65)
[2015.11.26-17.18.34:184][903]LogModuleManager: Shutting down and abandoning module SourceCodeAccess (64)
[2015.11.26-17.18.34:184][903]LogModuleManager: Shutting down and abandoning module HeadMountedDisplay (63)
[2015.11.26-17.18.34:184][903]LogModuleManager: Shutting down and abandoning module XAudio2 (62)
[2015.11.26-17.18.34:184][903]LogModuleManager: Shutting down and abandoning module Networking (60)
[2015.11.26-17.18.34:184][903]LogModuleManager: Shutting down and abandoning module Core (59)
[2015.11.26-17.18.34:184][903]LogModuleManager: Shutting down and abandoning module KismetCompiler (58)
[2015.11.26-17.18.34:184][903]LogModuleManager: Shutting down and abandoning module PhysXFormats (57)
[2015.11.26-17.18.34:184][903]LogModuleManager: Shutting down and abandoning module MeshUtilities (56)
[2015.11.26-17.18.34:184][903]LogModuleManager: Shutting down and abandoning module CookingStats (55)
[2015.11.26-17.18.34:185][903]LogModuleManager: Shutting down and abandoning module DerivedDataCache (54)
[2015.11.26-17.18.34:274][903]LogDerivedDataCache: Shutdown
[2015.11.26-17.18.34:274][903]LogModuleManager: Shutting down and abandoning module ShaderFormatOpenGL (53)
[2015.11.26-17.18.34:274][903]LogModuleManager: Shutting down and abandoning module ShaderFormatD3D (52)
[2015.11.26-17.18.34:274][903]LogModuleManager: Shutting down and abandoning module MetalShaderFormat (51)
[2015.11.26-17.18.34:274][903]LogModuleManager: Shutting down and abandoning module TextureFormatUncompressed (50)
[2015.11.26-17.18.34:274][903]LogModuleManager: Shutting down and abandoning module TextureFormatPVR (49)
[2015.11.26-17.18.34:274][903]LogModuleManager: Shutting down and abandoning module TextureFormatIntelISPCTexComp (48)
[2015.11.26-17.18.34:274][903]LogModuleManager: Shutting down and abandoning module TextureFormatDXT (47)
[2015.11.26-17.18.34:274][903]LogModuleManager: Shutting down and abandoning module ImageWrapper (46)
[2015.11.26-17.18.34:274][903]LogModuleManager: Shutting down and abandoning module TextureFormatASTC (45)
[2015.11.26-17.18.34:274][903]LogModuleManager: Shutting down and abandoning module TextureFormatAndroid (44)
[2015.11.26-17.18.34:274][903]LogModuleManager: Shutting down and abandoning module AudioFormatOpus (43)
[2015.11.26-17.18.34:274][903]LogModuleManager: Shutting down and abandoning module AudioFormatOgg (42)
[2015.11.26-17.18.34:274][903]LogModuleManager: Shutting down and abandoning module AudioFormatADPCM (41)
[2015.11.26-17.18.34:274][903]LogModuleManager: Shutting down and abandoning module LinuxTargetPlatform (40)
[2015.11.26-17.18.34:274][903]LogModuleManager: Shutting down and abandoning module LinuxServerTargetPlatform (39)
[2015.11.26-17.18.34:274][903]LogModuleManager: Shutting down and abandoning module LinuxNoEditorTargetPlatform (38)
[2015.11.26-17.18.34:274][903]LogModuleManager: Shutting down and abandoning module Messaging (37)
[2015.11.26-17.18.34:274][903]LogModuleManager: Shutting down and abandoning module IOSTargetPlatform (36)
[2015.11.26-17.18.34:274][903]LogModuleManager: Shutting down and abandoning module HTML5TargetPlatform (35)
[2015.11.26-17.18.34:274][903]LogModuleManager: Shutting down and abandoning module Android_PVRTCTargetPlatform (34)
[2015.11.26-17.18.34:274][903]LogModuleManager: Shutting down and abandoning module Android_ETC2TargetPlatform (33)
[2015.11.26-17.18.34:274][903]LogModuleManager: Shutting down and abandoning module Android_ETC1TargetPlatform (32)
[2015.11.26-17.18.34:274][903]LogModuleManager: Shutting down and abandoning module Android_DXTTargetPlatform (31)
[2015.11.26-17.18.34:274][903]LogModuleManager: Shutting down and abandoning module Android_ATCTargetPlatform (30)
[2015.11.26-17.18.34:274][903]LogModuleManager: Shutting down and abandoning module Android_ASTCTargetPlatform (29)
[2015.11.26-17.18.34:274][903]LogModuleManager: Shutting down and abandoning module AndroidTargetPlatform (28)
[2015.11.26-17.18.34:274][903]LogModuleManager: Shutting down and abandoning module WindowsTargetPlatform (27)
[2015.11.26-17.18.34:274][903]LogModuleManager: Shutting down and abandoning module WindowsServerTargetPlatform (26)
[2015.11.26-17.18.34:274][903]LogModuleManager: Shutting down and abandoning module WindowsNoEditorTargetPlatform (25)
[2015.11.26-17.18.34:274][903]LogModuleManager: Shutting down and abandoning module WindowsClientTargetPlatform (24)
[2015.11.26-17.18.34:274][903]LogModuleManager: Shutting down and abandoning module AllDesktopTargetPlatform (23)
[2015.11.26-17.18.34:274][903]LogModuleManager: Shutting down and abandoning module TargetPlatform (22)
[2015.11.26-17.18.34:274][903]LogModuleManager: Shutting down and abandoning module InputCore (21)
[2015.11.26-17.18.34:274][903]LogModuleManager: Shutting down and abandoning module Settings (20)
[2015.11.26-17.18.34:274][903]LogModuleManager: Shutting down and abandoning module OnlineSubsystem (18)
[2015.11.26-17.18.34:274][903]LogModuleManager: Shutting down and abandoning module HTTP (17)
[2015.11.26-17.18.36:277][903]LogModuleManager: Shutting down and abandoning module XMPP (16)
[2015.11.26-17.18.36:277][903]LogModuleManager: Shutting down and abandoning module ExampleDeviceProfileSelector (15)
[2015.11.26-17.18.36:277][903]LogModuleManager: Shutting down and abandoning module TextureCompressor (14)
[2015.11.26-17.18.36:277][903]LogModuleManager: Shutting down and abandoning module ShaderCore (13)
[2015.11.26-17.18.36:277][903]LogModuleManager: Shutting down and abandoning module Landscape (12)
[2015.11.26-17.18.36:277][903]LogModuleManager: Shutting down and abandoning module SlateRHIRenderer (11)
[2015.11.26-17.18.36:280][903]LogModuleManager: Shutting down and abandoning module OpenGLDrv (10)
[2015.11.26-17.18.36:280][903]LogModuleManager: Shutting down and abandoning module D3D11RHI (9)
[2015.11.26-17.18.36:281][903]LogModuleManager: Shutting down and abandoning module AnimGraphRuntime (8)
[2015.11.26-17.18.36:281][903]LogModuleManager: Shutting down and abandoning module Renderer (7)
[2015.11.26-17.18.36:281][903]LogModuleManager: Shutting down and abandoning module Engine (6)
[2015.11.26-17.18.36:281][903]LogModuleManager: Shutting down and abandoning module CoreUObject (5)
[2015.11.26-17.18.36:281][903]LogModuleManager: Shutting down and abandoning module NetworkFile (4)
[2015.11.26-17.18.36:281][903]LogModuleManager: Shutting down and abandoning module StreamingFile (3)
[2015.11.26-17.18.36:281][903]LogModuleManager: Shutting down and abandoning module SandboxFile (2)
[2015.11.26-17.18.36:281][903]LogModuleManager: Shutting down and abandoning module PakFile (1)
[2015.11.26-17.18.36:282][903]LogExit: Exiting.
[2015.11.26-17.18.36:283][903]Log file closed, 11/26/15 18:18:36
