[2015.11.22-22.51.18:268][  0]Log file open, 11/22/15 23:51:18
[2015.11.22-22.51.18:268][  0]LogInit:Display: Running engine for game: SW_Project2
[2015.11.22-22.51.18:268][  0]LogInit:Display: RandInit(-2061357394) SRandInit(-2061357393).
[2015.11.22-22.51.18:268][  0]LogTaskGraph: Started task graph with 4 named threads and 5 total threads.
[2015.11.22-22.51.18:268][  0]LogStats: Stats thread started at 0.054387
[2015.11.22-22.51.18:268][  0]LogInit: Version: 4.9.2-2707645+++depot+UE4-Releases+4.9
[2015.11.22-22.51.18:268][  0]LogInit: API Version: 2672455
[2015.11.22-22.51.18:268][  0]LogInit: Compiled (64-bit): Sep 28 2015 10:25:44
[2015.11.22-22.51.18:268][  0]LogInit: Compiled with Visual C++: 18.00.21005.01
[2015.11.22-22.51.18:268][  0]LogInit: Build Configuration: Development
[2015.11.22-22.51.18:268][  0]LogInit: Branch Name: ++depot+UE4-Releases+4.9
[2015.11.22-22.51.18:268][  0]LogInit: Command line:  
[2015.11.22-22.51.18:268][  0]LogInit: Base directory: C:/Program Files/Epic Games/4.9/Engine/Binaries/Win64/
[2015.11.22-22.51.18:268][  0]LogInit: Rocket: 1
[2015.11.22-22.51.18:278][  0]LogInit: Using libcurl 7.41.0
[2015.11.22-22.51.18:278][  0]LogInit:  - built for x86_64-pc-win32
[2015.11.22-22.51.18:278][  0]LogInit:  - supports SSL with WinSSL
[2015.11.22-22.51.18:278][  0]LogInit:  - other features:
[2015.11.22-22.51.18:278][  0]LogInit:      CURL_VERSION_SSL
[2015.11.22-22.51.18:278][  0]LogInit:      CURL_VERSION_IPV6
[2015.11.22-22.51.18:278][  0]LogInit:      CURL_VERSION_ASYNCHDNS
[2015.11.22-22.51.18:278][  0]LogInit:      CURL_VERSION_LARGEFILE
[2015.11.22-22.51.18:278][  0]LogInit:      CURL_VERSION_IDN
[2015.11.22-22.51.18:278][  0]LogInit:  CurlRequestOptions (configurable via config and command line):
[2015.11.22-22.51.18:278][  0]LogInit:  - bVerifyPeer = true  - Libcurl will verify peer certificate
[2015.11.22-22.51.18:278][  0]LogInit:  - bUseHttpProxy = false  - Libcurl will NOT use HTTP proxy
[2015.11.22-22.51.18:278][  0]LogInit:  - bDontReuseConnections = false  - Libcurl will reuse connections
[2015.11.22-22.51.18:278][  0]LogInit:  - CertBundlePath = nullptr  - Libcurl will use whatever was configured at build time.
[2015.11.22-22.51.18:285][  0]LogInit: Presizing for 0 objects not considered by GC, pre-allocating 0 bytes.
[2015.11.22-22.51.18:294][  0]LogInit: Object subsystem initialized
[2015.11.22-22.51.18:295][  0]LogInit: Selected Device Profile: [Windows]
[2015.11.22-22.51.18:295][  0]LogInit: Applying CVar settings loaded from the selected device profile: [Windows]
[2015.11.22-22.51.18:302][  0]LogInit: Computer: STOFFEPC
[2015.11.22-22.51.18:302][  0]LogInit: User: Stoffe
[2015.11.22-22.51.18:302][  0]LogInit: CPU Page size=4096, Cores=2
[2015.11.22-22.51.18:302][  0]LogInit: High frequency timer resolution =3.222677 MHz
[2015.11.22-22.51.18:302][  0]LogMemory: Memory total: Physical=7.9GB (8GB approx)
[2015.11.22-22.51.18:302][  0]LogMemory: Platform Memory Stats for Windows
[2015.11.22-22.51.18:302][  0]LogMemory: Process Physical Memory: 51.87 MB used, 51.87 MB peak
[2015.11.22-22.51.18:302][  0]LogMemory: Process Virtual Memory: 56.86 MB used, 56.86 MB peak
[2015.11.22-22.51.18:302][  0]LogMemory: Physical Memory: 2324.12 MB used, 8126.94 MB total
[2015.11.22-22.51.18:302][  0]LogMemory: Virtual Memory: 349.46 MB used, 134217728.00 MB total
[2015.11.22-22.51.18:330][  0]LogTextLocalizationManager: No translations for ('sv-SE') exist, falling back to 'en' for localization and internationalization data.
[2015.11.22-22.51.19:200][  0]LogD3D11RHI: Found D3D11 adapter 0: AMD Radeon HD 7800 Series (Feature Level 11_0)
[2015.11.22-22.51.19:200][  0]LogD3D11RHI: Adapter has 2030MB of dedicated video memory, 0MB of dedicated system memory, and 3840MB of shared system memory, 2 output[s]
[2015.11.22-22.51.19:201][  0]LogD3D11RHI: Found D3D11 adapter 1: Microsoft Basic Render Driver (Feature Level 11_0)
[2015.11.22-22.51.19:201][  0]LogD3D11RHI: Adapter has 0MB of dedicated video memory, 0MB of dedicated system memory, and 256MB of shared system memory, 0 output[s]
[2015.11.22-22.51.19:201][  0]LogD3D11RHI: Chosen D3D11 Adapter Id = 0
[2015.11.22-22.51.19:204][  0]LogD3D11RHI: !Direct3DDevice
[2015.11.22-22.51.19:204][  0]LogRHI: Texture pool is 1361 MB (70% of 1945 MB)
[2015.11.22-22.51.19:209][  0]LogD3D11RHI: Async texture creation disabled: no driver support
[2015.11.22-22.51.19:219][  0]LogShaderCompilers: Guid format shader working directory is 15 characters bigger than the processId version (../../../../../../Users/Stoffe/Documents/GitHub/SW_Project2/SW_Project2/Intermediate/Shaders/WorkingDirectory/1900/).
[2015.11.22-22.51.19:219][  0]LogShaderCompilers: Cleaned the shader compiler working directory '../../../../../../Users/Stoffe/Documents/GitHub/SW_Project2/SW_Project2/Intermediate/Shaders/tmp/584400C14ED24366DB0B7F9F896CF6A6/'.
[2015.11.22-22.51.19:219][  0]LogShaderCompilers:Display: Using Local Shader Compiler.
[2015.11.22-22.51.20:826][  0]LogTemp:Display: Loaded TP AllDesktopTargetPlatform
[2015.11.22-22.51.20:835][  0]LogTemp:Display: Loaded TP WindowsClientTargetPlatform
[2015.11.22-22.51.20:844][  0]LogTemp:Display: Loaded TP WindowsNoEditorTargetPlatform
[2015.11.22-22.51.20:849][  0]LogTemp:Display: Loaded TP WindowsServerTargetPlatform
[2015.11.22-22.51.20:854][  0]LogTemp:Display: Loaded TP WindowsTargetPlatform
[2015.11.22-22.51.20:858][  0]LogTemp:Display: Loaded TP AndroidTargetPlatform
[2015.11.22-22.51.20:862][  0]LogTemp:Display: Loaded TP Android_ASTCTargetPlatform
[2015.11.22-22.51.20:866][  0]LogTemp:Display: Loaded TP Android_ATCTargetPlatform
[2015.11.22-22.51.20:869][  0]LogTemp:Display: Loaded TP Android_DXTTargetPlatform
[2015.11.22-22.51.20:873][  0]LogTemp:Display: Loaded TP Android_ETC1TargetPlatform
[2015.11.22-22.51.20:877][  0]LogTemp:Display: Loaded TP Android_ETC2TargetPlatform
[2015.11.22-22.51.20:880][  0]LogTemp:Display: Loaded TP Android_PVRTCTargetPlatform
[2015.11.22-22.51.20:881][  0]LogTemp:Display: Loaded TP HTML5TargetPlatform
[2015.11.22-22.51.20:898][  0]LogTemp:Display: Loaded TP IOSTargetPlatform
[2015.11.22-22.51.20:901][  0]LogTemp:Display: Loaded TP LinuxNoEditorTargetPlatform
[2015.11.22-22.51.20:904][  0]LogTemp:Display: Loaded TP LinuxServerTargetPlatform
[2015.11.22-22.51.20:909][  0]LogTemp:Display: Loaded TP LinuxTargetPlatform
[2015.11.22-22.51.20:909][  0]LogTargetPlatformManager:Display: Building Assets For Windows
[2015.11.22-22.51.21:006][  0]LogDerivedDataCache:Display: Max Cache Size: 512 MB
[2015.11.22-22.51.21:051][  0]LogDerivedDataCache: Loaded boot cache 0.04s 42MB C:/Users/Stoffe/AppData/Local/UnrealEngine/4.9/DerivedDataCache/Boot.ddc.
[2015.11.22-22.51.21:051][  0]LogDerivedDataCache:Display: Loaded Boot cache: C:/Users/Stoffe/AppData/Local/UnrealEngine/4.9/DerivedDataCache/Boot.ddc
[2015.11.22-22.51.21:051][  0]LogDerivedDataCache: FDerivedDataBackendGraph:  Pak pak cache file ../../../../../../Users/Stoffe/Documents/GitHub/SW_Project2/SW_Project2/DerivedDataCache/DDC.ddp not found, will not use a pak cache.
[2015.11.22-22.51.21:051][  0]LogDerivedDataCache: Unable to find inner node Pak for hierarchical cache Hierarchy.
[2015.11.22-22.51.21:051][  0]LogDerivedDataCache: FDerivedDataBackendGraph:  CompressedPak pak cache file ../../../../../../Users/Stoffe/Documents/GitHub/SW_Project2/SW_Project2/DerivedDataCache/Compressed.ddp not found, will not use a pak cache.
[2015.11.22-22.51.21:051][  0]LogDerivedDataCache: Unable to find inner node CompressedPak for hierarchical cache Hierarchy.
[2015.11.22-22.51.21:209][  0]LogDerivedDataCache:Display: Pak cache opened for reading ../../../Engine/DerivedDataCache/Compressed.ddp.
[2015.11.22-22.51.21:221][  0]LogDerivedDataCache: Using Local data cache path C:/Users/Stoffe/AppData/Local/UnrealEngine/Common/DerivedDataCache: Writable
[2015.11.22-22.51.21:431][  0]LogInit: Selected Device Profile: [Windows]
[2015.11.22-22.51.21:434][  0]LogContentStreaming: Texture pool size is 0.000000MB
[2015.11.22-22.51.21:572][  0]LogMeshUtilities: No automatic mesh reduction module available
[2015.11.22-22.51.21:572][  0]LogMeshUtilities: No automatic mesh merging module available
[2015.11.22-22.51.21:854][  0]LogInit: WinSock: version 1.1 (2.2), MaxSocks=32767, MaxUdp=65467
[2015.11.22-22.51.22:565][  0]UdpMessaging: Initializing bridge on interface 0.0.0.0:0 to multicast group 230.0.0.1:6666.
[2015.11.22-22.51.22:698][  0]LogAssetRegistry: FAssetRegistry took 0.0108 seconds to start up
[2015.11.22-22.51.22:911][  0]SourceControl: Info Source control is disabled
[2015.11.22-22.51.23:037][  0]SourceControl: Info Source control is disabled
[2015.11.22-22.51.23:049][  0]SourceControl: Info Source control is disabled
[2015.11.22-22.51.23:061][  0]SourceControl: Info Source control is disabled
[2015.11.22-22.51.23:230][  0]LogLinker:Warning: Asset '../../../Engine/Plugins/Runtime/LeapMotionController/Content/LM_PassthroughMaterial.uasset' has been saved with empty engine version. The asset will be loaded but may be incompatible.
[2015.11.22-22.51.23:324][  0]LogObj: 28509 objects as part of root set at end of initial load.
[2015.11.22-22.51.23:324][  0]LogUObjectAllocator: 6105608 out of 0 bytes used by permanent object pool.
[2015.11.22-22.51.23:385][  0]LogEngine: Initializing Engine...
[2015.11.22-22.51.23:388][  0]LogHMD: Can't find Oculus library dev build: is proper Runtime installed? Version: 0.7.0.0
[2015.11.22-22.51.23:389][  0]LogHMD: SteamVR failed to initialize.  Err: 110
[2015.11.22-22.51.23:528][  0]LogAIModule: Creating AISystem for world NewWorld
[2015.11.22-22.51.23:532][  0]LogInit: XAudio2 using 'Högtalare (Realtek High Definition Audio)' : 2 channels at 48 kHz using 32 bits per sample (channel mask 0x3)
[2015.11.22-22.51.23:539][  0]LogInit: FAudioDevice initialized.
[2015.11.22-22.51.23:559][  0]LogDerivedDataCache: Saved boot cache 0.02s 42MB C:/Users/Stoffe/AppData/Local/UnrealEngine/4.9/DerivedDataCache/Boot.ddc.
[2015.11.22-22.51.23:562][  0]LogInit: Texture streaming: Enabled
[2015.11.22-22.51.23:568][  0]LogAnalytics: Creating configured Analytics provider AnalyticsET
[2015.11.22-22.51.23:568][  0]LogAnalytics: [UEEditor.Rocket.Release] APIServer = http://et2.epicgames.com/ET2/. AppVersion = 4.9.2-2707645+++depot+UE4-Releases+4.9
[2015.11.22-22.51.23:568][  0]LogAnalytics: [UEEditor.Rocket.Release] SetUserId c2f82278409fbc7e17ba4c8b187827c0|8471e16762be488588a110ad13c08bd6|a2f24018-7849-4a41-8ec9-fa4680d0f5a7
[2015.11.22-22.51.23:568][  0]LogAnalytics: [UEEditor.Rocket.Release] AnalyticsET::StartSession
[2015.11.22-22.51.23:578][  0]LogWindowsTextInputMethodSystem:Display: IME system now deactivated.
[2015.11.22-22.51.23:591][  0]LogInit: Transaction tracking system initialized
[2015.11.22-22.51.23:622][  0]BlueprintLog: New page: Editor Load
[2015.11.22-22.51.23:715][  0]LocalizationService: Info Localization service is disabled
[2015.11.22-22.51.23:801][  0]LogConsoleResponse:Display: 
[2015.11.22-22.51.23:933][  0]LogCook:Display: Done creating registry. It took  0.00s.
[2015.11.22-22.51.23:996][  0]LogFileCache: Scanning file cache for directory 'C:/Users/Stoffe/Documents/GitHub/SW_Project2/SW_Project2/Content/' took 0.01s
[2015.11.22-22.51.23:996][  0]SourceControl: Info Source control is disabled
[2015.11.22-22.51.23:996][  0]Cmd: MAP LOAD FILE="../../../../../../Users/Stoffe/Documents/GitHub/SW_Project2/SW_Project2/Content/FlyingCPP/Maps/FlyingExampleMap.umap" TEMPLATE=0 SHOWPROGRESS=1 FEATURELEVEL=3
[2015.11.22-22.51.23:997][  0]LightingResults: New page: Lighting Build
[2015.11.22-22.51.24:001][  0]MapCheck: New page: Map Check
[2015.11.22-22.51.24:001][  0]LightingResults: New page: Lighting Build
[2015.11.22-22.51.24:019][  0]LogParticles: Destroying 0 GPU particle simulations for FXSystem 0x000000EA3167A160
[2015.11.22-22.51.24:457][  0]LogAIModule: Creating AISystem for world FlyingExampleMap
[2015.11.22-22.51.24:473][  0]LogEditorServer: Finished looking for orphan Actors (0.000 secs)
[2015.11.22-22.51.24:474][  0]Cmd: MAP CHECKDEP NOCLEARLOG
[2015.11.22-22.51.24:539][  0]MapCheck: Info Map check complete: 0 Error(s), 0 Warning(s), took 64.827ms to complete.
[2015.11.22-22.51.24:539][  0]LogFileHelpers: Loading map 'FlyingExampleMap' took 0.544
[2015.11.22-22.51.24:669][  0]LogCollectionManager: Loaded 0 collections in 0.002092 seconds
[2015.11.22-22.51.24:712][  0]LogFileCache: Scanning file cache for directory 'C:/Users/Stoffe/Documents/GitHub/SW_Project2/SW_Project2/Saved/Collections/' took 0.01s
[2015.11.22-22.51.24:712][  0]LogFileCache: Scanning file cache for directory 'C:/Users/Stoffe/Documents/GitHub/SW_Project2/SW_Project2/Content/Developers/Stoffe/Collections/' took 0.01s
[2015.11.22-22.51.24:712][  0]LogFileCache: Scanning file cache for directory 'C:/Users/Stoffe/Documents/GitHub/SW_Project2/SW_Project2/Content/Collections/' took 0.01s
[2015.11.22-22.51.24:712][  0]LogContentBrowser: Native class hierarchy populated in 0.0098 seconds. Added 1871 classes and 335 folders.
[2015.11.22-22.51.24:722][  0]LogCollectionManager: Rebuilt the GUID cache for 0 collections in 0.000003 seconds
[2015.11.22-22.51.24:731][  0]LogContentBrowser: Native class hierarchy updated for 'WidgetCarousel' in 0.0014 seconds. Added 0 classes and 0 folders.
[2015.11.22-22.51.24:782][  0]LogContentBrowser: Native class hierarchy updated for 'AddContentDialog' in 0.0017 seconds. Added 0 classes and 0 folders.
[2015.11.22-22.51.24:795][  0]LogContentBrowser: Native class hierarchy updated for 'SceneOutliner' in 0.0014 seconds. Added 1 classes and 2 folders.
[2015.11.22-22.51.24:868][  0]LogCrashTracker: Crashtracker disabled due to settings.
[2015.11.22-22.51.24:873][  0]LogUObjectGlobals:Warning: Failed to find object 'Class None.'
[2015.11.22-22.51.24:896][  0]LogLoad: Full Startup: 7.63 seconds (BP compile: 0.06 seconds)
[2015.11.22-22.51.25:012][  0]LogContentStreaming: Texture pool size now 1000 MB
[2015.11.22-22.51.25:159][  0]LogRenderer: Reallocating scene render targets to support 896x616 (Frame:2).
[2015.11.22-22.51.25:869][  4]LogAssetRegistry: Asset discovery search completed in 3.1819 seconds
[2015.11.22-22.51.25:869][  4]LogCollectionManager: Rebuilt the object cache for 0 collections in 0.000001 seconds (found 0 objects)
[2015.11.22-22.51.25:869][  4]LogCollectionManager: Fixed up redirectors for 0 collections in 0.000054 seconds (updated 0 objects)
[2015.11.22-22.51.27:521][123]LogRenderer: Reallocating scene render targets to support 1028x636 (Frame:129).
[2015.11.22-22.51.29:047][260]LogBlueprintUserMessages: Early PlayInEditor Detection: Level '/Game/FlyingCPP/Maps/FlyingExampleMap.FlyingExampleMap:PersistentLevel' has LevelScriptBlueprint '/Game/FlyingCPP/Maps/FlyingExampleMap.FlyingExampleMap:PersistentLevel.FlyingExampleMap' with GeneratedClass '/Game/FlyingCPP/Maps/FlyingExampleMap.FlyingExampleMap_C' with ClassGeneratedBy '/Game/FlyingCPP/Maps/FlyingExampleMap.FlyingExampleMap:PersistentLevel.FlyingExampleMap'
[2015.11.22-22.51.29:047][260]LogPlayLevel: PlayLevel: No blueprints needed recompiling
[2015.11.22-22.51.29:048][260]PIE: New page: PIE session: FlyingExampleMap (Nov 23, 2015, 12:51:29 AM)
[2015.11.22-22.51.29:048][260]LogPlayLevel: Creating play world package: /Game/FlyingCPP/Maps/UEDPIE_0_FlyingExampleMap
[2015.11.22-22.51.29:108][260]LogPlayLevel: PIE: StaticDuplicateObject took: (0.060085s)
[2015.11.22-22.51.29:109][260]LogAIModule: Creating AISystem for world FlyingExampleMap
[2015.11.22-22.51.29:109][260]LogPlayLevel: PIE: World Init took: (0.000866s)
[2015.11.22-22.51.29:109][260]LogPlayLevel: PIE: Created PIE world by copying editor world from /Game/FlyingCPP/Maps/FlyingExampleMap.FlyingExampleMap to /Game/FlyingCPP/Maps/UEDPIE_0_FlyingExampleMap.FlyingExampleMap (0.061364s)
[2015.11.22-22.51.29:109][260]LogActorComponent: UnregisterComponent: (/Engine/Transient.ProjectileComp) Not registered. Aborting.
[2015.11.22-22.51.29:148][260]LogInit: XAudio2 using 'Högtalare (Realtek High Definition Audio)' : 2 channels at 48 kHz using 32 bits per sample (channel mask 0x3)
[2015.11.22-22.51.29:155][260]LogInit: FAudioDevice initialized.
[2015.11.22-22.51.29:209][260]LogWorld: Game class is 'SW_Project2GameMode'
[2015.11.22-22.51.29:236][260]LogWorld: Bringing World /Game/FlyingCPP/Maps/UEDPIE_0_FlyingExampleMap.FlyingExampleMap up for play (max tick rate 0) at 2015.11.22-23.51.29
[2015.11.22-22.51.29:237][260]LogActor:Warning: GameSession /Game/FlyingCPP/Maps/UEDPIE_0_FlyingExampleMap.FlyingExampleMap:PersistentLevel.GameSession_0 has natively added scene component(s), but none of them were set as the actor's RootComponent - picking one arbitrarily
[2015.11.22-22.51.29:237][260]LogActor:Warning: GameNetworkManager /Game/FlyingCPP/Maps/UEDPIE_0_FlyingExampleMap.FlyingExampleMap:PersistentLevel.GameNetworkManager_0 has natively added scene component(s), but none of them were set as the actor's RootComponent - picking one arbitrarily
[2015.11.22-22.51.29:237][260]LogWorld: Bringing up level for play took: 0.027555
[2015.11.22-22.51.29:239][260]PIE: Info Play in editor start time for /Game/FlyingCPP/Maps/UEDPIE_0_FlyingExampleMap 1.096
[2015.11.22-22.51.29:239][260]LogBlueprintUserMessages: Late PlayInEditor Detection: Level '/Game/FlyingCPP/Maps/FlyingExampleMap.FlyingExampleMap:PersistentLevel' has LevelScriptBlueprint '/Game/FlyingCPP/Maps/FlyingExampleMap.FlyingExampleMap:PersistentLevel.FlyingExampleMap' with GeneratedClass '/Game/FlyingCPP/Maps/FlyingExampleMap.FlyingExampleMap_C' with ClassGeneratedBy '/Game/FlyingCPP/Maps/FlyingExampleMap.FlyingExampleMap:PersistentLevel.FlyingExampleMap'
[2015.11.22-22.51.32:945][670]LogBlueprintUserMessages: Early EndPlayMap Detection: Level '/Game/FlyingCPP/Maps/FlyingExampleMap.FlyingExampleMap:PersistentLevel' has LevelScriptBlueprint '/Game/FlyingCPP/Maps/FlyingExampleMap.FlyingExampleMap:PersistentLevel.FlyingExampleMap' with GeneratedClass '/Game/FlyingCPP/Maps/FlyingExampleMap.FlyingExampleMap_C' with ClassGeneratedBy '/Game/FlyingCPP/Maps/FlyingExampleMap.FlyingExampleMap:PersistentLevel.FlyingExampleMap'
[2015.11.22-22.51.32:979][670]LogBlueprintUserMessages: Late EndPlayMap Detection: Level '/Game/FlyingCPP/Maps/FlyingExampleMap.FlyingExampleMap:PersistentLevel' has LevelScriptBlueprint '/Game/FlyingCPP/Maps/FlyingExampleMap.FlyingExampleMap:PersistentLevel.FlyingExampleMap' with GeneratedClass '/Game/FlyingCPP/Maps/FlyingExampleMap.FlyingExampleMap_C' with ClassGeneratedBy '/Game/FlyingCPP/Maps/FlyingExampleMap.FlyingExampleMap:PersistentLevel.FlyingExampleMap'
[2015.11.22-22.51.33:003][670]LogParticles: Destroying 0 GPU particle simulations for FXSystem 0x000000EA3698A200
[2015.11.22-22.51.38:470][  0]LogVSAccessor:Warning: Visual Studio is open but could not be queried - it may be blocked by a modal operation
[2015.11.22-22.51.42:553][  1]LogVSAccessor:Warning: Couldn't goto line number '0' in 'C:/Users/Stoffe/Documents/GitHub/SW_Project2/SW_Project2/Source/SW_Project2/Projectile.h'
[2015.11.22-22.51.43:040][  1]LogVSAccessor:Warning: Couldn't goto line number '0' in 'C:/Users/Stoffe/Documents/GitHub/SW_Project2/SW_Project2/Source/SW_Project2/Projectile.cpp'
[2015.11.22-22.51.59:277][136]LogVSAccessor:Warning: Couldn't access Visual Studio
[2015.11.22-22.51.59:287][136]Recompiling SW_Project2...
[2015.11.22-22.51.59:287][136]Launching UnrealBuildTool... [C:/Program Files/Epic Games/4.9/Engine/Binaries/DotNET/UnrealBuildTool.exe SW_Project2 -ModuleWithSuffix SW_Project2 153 Win64 Development -editorrecompile -canskiplink "C:/Users/Stoffe/Documents/GitHub/SW_Project2/SW_Project2/SW_Project2.uproject" -rocket  -rocket]
[2015.11.22-22.51.59:288][136]Warning: Starting HotReload took  0.0s.
[2015.11.22-22.52.01:078][276]CompilerResultsLog: New page: Compilation - Nov 23, 2015, 12:52:01 AM
[2015.11.22-22.52.01:078][276]CompilerResultsLog: Info Compiling game modules for hot reload
[2015.11.22-22.52.01:078][276]CompilerResultsLog: Info Target is up to date.
[2015.11.22-22.52.01:078][276]LogMainFrame: MainFrame: Module compiling took 1.801 seconds
[2015.11.22-22.52.10:510][914]LogWindowsTextInputMethodSystem:Display: IME system now deactivated.
[2015.11.22-22.52.10:834][915]Cmd: QUIT_EDITOR
[2015.11.22-22.52.11:387][915]LogExit: Preparing to exit.
[2015.11.22-22.52.11:725][915]LogExit: Editor shut down
[2015.11.22-22.52.11:725][915]LogExit: Transaction tracking system shut down
[2015.11.22-22.52.11:726][915]LogParticles: Destroying 0 GPU particle simulations for FXSystem 0x000000EA237CC360
[2015.11.22-22.52.11:728][915]LogParticles: Destroying 0 GPU particle simulations for FXSystem 0x000000EA373C3880
[2015.11.22-22.52.11:728][915]LogParticles: Destroying 0 GPU particle simulations for FXSystem 0x000000EA22F5E480
[2015.11.22-22.52.11:728][915]LogParticles: Destroying 0 GPU particle simulations for FXSystem 0x000000EA379B5940
[2015.11.22-22.52.11:859][915]LogExit: Object subsystem successfully closed.
[2015.11.22-22.52.11:872][915]LogD3D11RHI: Shutdown
[2015.11.22-22.52.11:872][915]LogD3D11RHI: CleanupD3DDevice
[2015.11.22-22.52.11:904][915]LogD3D11RHI: ~FD3D11DynamicRHI
[2015.11.22-22.52.11:923][915]LogModuleManager: Shutting down and abandoning module CrashTracker (198)
[2015.11.22-22.52.11:923][915]LogModuleManager: Shutting down and abandoning module SceneOutliner (197)
[2015.11.22-22.52.11:923][915]LogModuleManager: Shutting down and abandoning module SuperSearch (196)
[2015.11.22-22.52.11:923][915]LogModuleManager: Shutting down and abandoning module WidgetCarousel (195)
[2015.11.22-22.52.11:923][915]LogModuleManager: Shutting down and abandoning module AddContentDialog (194)
[2015.11.22-22.52.11:924][915]LogModuleManager: Shutting down and abandoning module EditorWidgets (193)
[2015.11.22-22.52.11:924][915]LogModuleManager: Shutting down and abandoning module CollectionManager (192)
[2015.11.22-22.52.11:925][915]LogModuleManager: Shutting down and abandoning module StatsViewer (191)
[2015.11.22-22.52.11:925][915]LogModuleManager: Shutting down and abandoning module FoliageEdit (190)
[2015.11.22-22.52.11:925][915]LogModuleManager: Shutting down and abandoning module LandscapeEditor (189)
[2015.11.22-22.52.11:925][915]LogModuleManager: Shutting down and abandoning module ActorPickerMode (188)
[2015.11.22-22.52.11:925][915]LogModuleManager: Shutting down and abandoning module GeometryMode (187)
[2015.11.22-22.52.11:925][915]LogModuleManager: Shutting down and abandoning module TextureAlignMode (186)
[2015.11.22-22.52.11:925][915]LogModuleManager: Shutting down and abandoning module BspMode (185)
[2015.11.22-22.52.11:925][915]LogModuleManager: Shutting down and abandoning module PlacementMode (184)
[2015.11.22-22.52.11:925][915]LogModuleManager: Shutting down and abandoning module AutomationWorker (183)
[2015.11.22-22.52.11:925][915]LogModuleManager: Shutting down and abandoning module CharacterAI (182)
[2015.11.22-22.52.11:925][915]LogModuleManager: Shutting down and abandoning module SmartSnapping (181)
[2015.11.22-22.52.11:925][915]LogModuleManager: Shutting down and abandoning module ViewportSnapping (180)
[2015.11.22-22.52.11:925][915]LogModuleManager: Shutting down and abandoning module LogVisualizer (179)
[2015.11.22-22.52.11:925][915]LogModuleManager: Shutting down and abandoning module GameProjectGeneration (178)
[2015.11.22-22.52.11:925][915]LogModuleManager: Shutting down and abandoning module IntroTutorials (177)
[2015.11.22-22.52.11:925][915]LogModuleManager: Shutting down and abandoning module EditorLiveStreaming (176)
[2015.11.22-22.52.11:925][915]LogModuleManager: Shutting down and abandoning module IOSPlatformEditor (175)
[2015.11.22-22.52.11:925][915]LogModuleManager: Shutting down and abandoning module HTML5PlatformEditor (174)
[2015.11.22-22.52.11:925][915]LogModuleManager: Shutting down and abandoning module AndroidDeviceDetection (173)
[2015.11.22-22.52.12:798][915]LogModuleManager: Shutting down and abandoning module AndroidPlatformEditor (172)
[2015.11.22-22.52.12:798][915]LogModuleManager: Shutting down and abandoning module IOSRuntimeSettings (171)
[2015.11.22-22.52.12:798][915]LogModuleManager: Shutting down and abandoning module AndroidRuntimeSettings (170)
[2015.11.22-22.52.12:798][915]LogModuleManager: Shutting down and abandoning module MergeActors (169)
[2015.11.22-22.52.12:798][915]LogModuleManager: Shutting down and abandoning module SizeMap (168)
[2015.11.22-22.52.12:798][915]LogModuleManager: Shutting down and abandoning module TreeMap (167)
[2015.11.22-22.52.12:798][915]LogModuleManager: Shutting down and abandoning module ReferenceViewer (166)
[2015.11.22-22.52.12:798][915]LogModuleManager: Shutting down and abandoning module LocalizationService (165)
[2015.11.22-22.52.12:798][915]LogModuleManager: Shutting down and abandoning module LocalizationDashboard (164)
[2015.11.22-22.52.12:798][915]LogModuleManager: Shutting down and abandoning module HardwareTargeting (163)
[2015.11.22-22.52.12:798][915]LogModuleManager: Shutting down and abandoning module DeviceProfileEditor (162)
[2015.11.22-22.52.12:798][915]LogModuleManager: Shutting down and abandoning module UndoHistory (161)
[2015.11.22-22.52.12:798][915]LogModuleManager: Shutting down and abandoning module GameplayTagsEditor (160)
[2015.11.22-22.52.12:798][915]LogModuleManager: Shutting down and abandoning module UserFeedback (159)
[2015.11.22-22.52.12:798][915]LogModuleManager: Shutting down and abandoning module XmlParser (158)
[2015.11.22-22.52.12:798][915]LogModuleManager: Shutting down and abandoning module Blutility (157)
[2015.11.22-22.52.12:798][915]LogModuleManager: Shutting down and abandoning module ProjectTargetPlatformEditor (156)
[2015.11.22-22.52.12:798][915]LogModuleManager: Shutting down and abandoning module ProjectSettingsViewer (155)
[2015.11.22-22.52.12:798][915]LogModuleManager: Shutting down and abandoning module InputBindingEditor (154)
[2015.11.22-22.52.12:798][915]LogModuleManager: Shutting down and abandoning module EditorSettingsViewer (153)
[2015.11.22-22.52.12:798][915]LogModuleManager: Shutting down and abandoning module SettingsEditor (152)
[2015.11.22-22.52.12:798][915]LogModuleManager: Shutting down and abandoning module ProjectLauncher (151)
[2015.11.22-22.52.12:798][915]LogModuleManager: Shutting down and abandoning module SessionFrontend (150)
[2015.11.22-22.52.12:798][915]LogModuleManager: Shutting down and abandoning module ProfilerClient (149)
[2015.11.22-22.52.12:798][915]LogModuleManager: Shutting down and abandoning module TargetDeviceServices (148)
[2015.11.22-22.52.12:798][915]LogModuleManager: Shutting down and abandoning module DeviceManager (147)
[2015.11.22-22.52.12:798][915]LogModuleManager: Shutting down and abandoning module AutomationController (146)
[2015.11.22-22.52.12:798][915]LogModuleManager: Shutting down and abandoning module AutomationWindow (145)
[2015.11.22-22.52.12:798][915]LogModuleManager: Shutting down and abandoning module Layers (144)
[2015.11.22-22.52.12:798][915]LogModuleManager: Shutting down and abandoning module ComponentVisualizers (143)
[2015.11.22-22.52.12:799][915]LogModuleManager: Shutting down and abandoning module DetailCustomizations (142)
[2015.11.22-22.52.12:799][915]LogModuleManager: Shutting down and abandoning module PackagesDialog (141)
[2015.11.22-22.52.12:799][915]LogModuleManager: Shutting down and abandoning module Persona (140)
[2015.11.22-22.52.12:799][915]LogModuleManager: Shutting down and abandoning module Kismet (139)
[2015.11.22-22.52.12:799][915]LogModuleManager: Shutting down and abandoning module GraphEditor (138)
[2015.11.22-22.52.12:799][915]LogModuleManager: Shutting down and abandoning module ClassViewer (137)
[2015.11.22-22.52.12:799][915]LogModuleManager: Shutting down and abandoning module Toolbox (136)
[2015.11.22-22.52.12:799][915]LogModuleManager: Shutting down and abandoning module ModuleUI (135)
[2015.11.22-22.52.12:799][915]LogModuleManager: Shutting down and abandoning module MovieSceneTools (134)
[2015.11.22-22.52.12:799][915]LogModuleManager: Shutting down and abandoning module OutputLog (133)
[2015.11.22-22.52.12:799][915]LogModuleManager: Shutting down and abandoning module GammaUI (132)
[2015.11.22-22.52.12:799][915]LogModuleManager: Shutting down and abandoning module Documentation (131)
[2015.11.22-22.52.12:799][915]LogModuleManager: Shutting down and abandoning module GameLiveStreaming (130)
[2015.11.22-22.52.12:799][915]LogModuleManager: Shutting down and abandoning module StreamingPauseRendering (129)
[2015.11.22-22.52.12:799][915]LogModuleManager: Shutting down and abandoning module AnalyticsET (128)
[2015.11.22-22.52.12:799][915]LogModuleManager: Shutting down and abandoning module Analytics (127)
[2015.11.22-22.52.12:799][915]LogModuleManager: Shutting down and abandoning module AITestSuite (126)
[2015.11.22-22.52.12:799][915]LogModuleManager: Shutting down and abandoning module GameplayDebugger (125)
[2015.11.22-22.52.12:799][915]LogModuleManager: Shutting down and abandoning module AIModule (124)
[2015.11.22-22.52.12:799][915]LogModuleManager: Shutting down and abandoning module ProfilerService (123)
[2015.11.22-22.52.12:957][915]LogModuleManager: Shutting down and abandoning module TaskGraph (122)
[2015.11.22-22.52.12:957][915]LogModuleManager: Shutting down and abandoning module SlateRemote (121)
[2015.11.22-22.52.12:957][915]LogModuleManager: Shutting down and abandoning module SteamVRController (120)
[2015.11.22-22.52.12:957][915]LogModuleManager: Shutting down and abandoning module SteamVR (119)
[2015.11.22-22.52.12:957][915]LogModuleManager: Shutting down and abandoning module ProceduralMeshComponent (118)
[2015.11.22-22.52.12:957][915]LogModuleManager: Shutting down and abandoning module OculusRift (117)
[2015.11.22-22.52.12:957][915]LogModuleManager: Shutting down and abandoning module OculusLibrary (116)
[2015.11.22-22.52.12:957][915]LogModuleManager: Shutting down and abandoning module LeapMotionController (115)
[2015.11.22-22.52.12:965][915]LogModuleManager: Shutting down and abandoning module CustomMeshComponent (114)
[2015.11.22-22.52.12:965][915]LogModuleManager: Shutting down and abandoning module CableComponent (113)
[2015.11.22-22.52.12:965][915]LogModuleManager: Shutting down and abandoning module ArchVisCharacter (112)
[2015.11.22-22.52.12:965][915]LogModuleManager: Shutting down and abandoning module MessagingDebugger (111)
[2015.11.22-22.52.12:965][915]LogModuleManager: Shutting down and abandoning module MediaPlayerEditor (110)
[2015.11.22-22.52.12:965][915]LogModuleManager: Shutting down and abandoning module HTML5Networking (109)
[2015.11.22-22.52.12:965][915]LogModuleManager: Shutting down and abandoning module SpeedTreeImporter (108)
[2015.11.22-22.52.12:965][915]LogModuleManager: Shutting down and abandoning module PluginBrowser (107)
[2015.11.22-22.52.12:965][915]LogModuleManager: Shutting down and abandoning module EpicSurvey (106)
[2015.11.22-22.52.12:965][915]LogModuleManager: Shutting down and abandoning module DesktopPlatform (105)
[2015.11.22-22.52.12:965][915]LogModuleManager: Shutting down and abandoning module VisualStudioSourceCodeAccess (104)
[2015.11.22-22.52.12:965][915]LogModuleManager: Shutting down and abandoning module UObjectPlugin (103)
[2015.11.22-22.52.12:965][915]LogModuleManager: Shutting down and abandoning module SubversionSourceControl (102)
[2015.11.22-22.52.12:965][915]LogModuleManager: Shutting down and abandoning module PerforceSourceControl (101)
[2015.11.22-22.52.12:965][915]LogModuleManager: Shutting down and abandoning module SourceControl (100)
[2015.11.22-22.52.12:965][915]LogModuleManager: Shutting down and abandoning module GitSourceControl (99)
[2015.11.22-22.52.12:965][915]LogModuleManager: Shutting down and abandoning module LightPropagationVolumeEditor (98)
[2015.11.22-22.52.12:965][915]LogModuleManager: Shutting down and abandoning module PaperTiledImporter (97)
[2015.11.22-22.52.12:965][915]LogModuleManager: Shutting down and abandoning module PaperSpriteSheetImporter (96)
[2015.11.22-22.52.12:965][915]LogModuleManager: Shutting down and abandoning module MeshPaint (95)
[2015.11.22-22.52.12:965][915]LogModuleManager: Shutting down and abandoning module SlateReflector (94)
[2015.11.22-22.52.12:965][915]LogModuleManager: Shutting down and abandoning module HotReload (93)
[2015.11.22-22.52.12:965][915]LogModuleManager: Shutting down and abandoning module MainFrame (92)
[2015.11.22-22.52.12:965][915]LogModuleManager: Shutting down and abandoning module LevelEditor (91)
[2015.11.22-22.52.12:966][915]LogModuleManager: Shutting down and abandoning module DirectoryWatcher (90)
[2015.11.22-22.52.12:967][915]LogModuleManager: Shutting down and abandoning module AssetRegistry (89)
[2015.11.22-22.52.13:000][915]LogModuleManager: Shutting down and abandoning module ContentBrowser (88)
[2015.11.22-22.52.13:000][915]LogModuleManager: Shutting down and abandoning module Paper2DEditor (87)
[2015.11.22-22.52.13:001][915]LogModuleManager: Shutting down and abandoning module SW_Project2 (86)
[2015.11.22-22.52.13:001][915]LogModuleManager: Shutting down and abandoning module UdpMessaging (85)
[2015.11.22-22.52.13:102][915]LogModuleManager: Shutting down and abandoning module LightPropagationVolumeRuntime (84)
[2015.11.22-22.52.13:102][915]LogModuleManager: Shutting down and abandoning module Paper2D (83)
[2015.11.22-22.52.13:102][915]LogModuleManager: Shutting down and abandoning module WindowsMoviePlayer (82)
[2015.11.22-22.52.13:104][915]LogModuleManager: Shutting down and abandoning module Media (81)
[2015.11.22-22.52.13:104][915]LogModuleManager: Shutting down and abandoning module WmfMedia (80)
[2015.11.22-22.52.13:104][915]LogModuleManager: Shutting down and abandoning module OnlineBlueprintSupport (79)
[2015.11.22-22.52.13:104][915]LogModuleManager: Shutting down and abandoning module GameplayTasksEditor (78)
[2015.11.22-22.52.13:104][915]LogModuleManager: Shutting down and abandoning module PropertyEditor (77)
[2015.11.22-22.52.13:104][915]LogModuleManager: Shutting down and abandoning module BehaviorTreeEditor (76)
[2015.11.22-22.52.13:104][915]LogModuleManager: Shutting down and abandoning module FunctionalTesting (75)
[2015.11.22-22.52.13:104][915]LogModuleManager: Shutting down and abandoning module CollisionAnalyzer (74)
[2015.11.22-22.52.13:104][915]LogModuleManager: Shutting down and abandoning module WorkspaceMenuStructure (73)
[2015.11.22-22.52.13:104][915]LogModuleManager: Shutting down and abandoning module MessageLog (72)
[2015.11.22-22.52.13:104][915]LogModuleManager: Shutting down and abandoning module Sequencer (71)
[2015.11.22-22.52.13:105][915]LogModuleManager: Shutting down and abandoning module AssetTools (70)
[2015.11.22-22.52.13:105][915]LogModuleManager: Shutting down and abandoning module UMGEditor (69)
[2015.11.22-22.52.13:105][915]LogModuleManager: Shutting down and abandoning module UMG (68)
[2015.11.22-22.52.13:105][915]LogModuleManager: Shutting down and abandoning module Slate (67)
[2015.11.22-22.52.13:105][915]LogModuleManager: Shutting down and abandoning module EditorStyle (66)
[2015.11.22-22.52.13:107][915]LogModuleManager: Shutting down and abandoning module SessionServices (65)
[2015.11.22-22.52.13:107][915]LogModuleManager: Shutting down and abandoning module SourceCodeAccess (64)
[2015.11.22-22.52.13:107][915]LogModuleManager: Shutting down and abandoning module HeadMountedDisplay (63)
[2015.11.22-22.52.13:107][915]LogModuleManager: Shutting down and abandoning module XAudio2 (62)
[2015.11.22-22.52.13:107][915]LogModuleManager: Shutting down and abandoning module Networking (60)
[2015.11.22-22.52.13:107][915]LogModuleManager: Shutting down and abandoning module Core (59)
[2015.11.22-22.52.13:107][915]LogModuleManager: Shutting down and abandoning module KismetCompiler (58)
[2015.11.22-22.52.13:107][915]LogModuleManager: Shutting down and abandoning module PhysXFormats (57)
[2015.11.22-22.52.13:107][915]LogModuleManager: Shutting down and abandoning module MeshUtilities (56)
[2015.11.22-22.52.13:107][915]LogModuleManager: Shutting down and abandoning module CookingStats (55)
[2015.11.22-22.52.13:108][915]LogModuleManager: Shutting down and abandoning module DerivedDataCache (54)
[2015.11.22-22.52.13:527][915]LogDerivedDataCache: Shutdown
[2015.11.22-22.52.13:527][915]LogModuleManager: Shutting down and abandoning module ShaderFormatOpenGL (53)
[2015.11.22-22.52.13:527][915]LogModuleManager: Shutting down and abandoning module ShaderFormatD3D (52)
[2015.11.22-22.52.13:527][915]LogModuleManager: Shutting down and abandoning module MetalShaderFormat (51)
[2015.11.22-22.52.13:527][915]LogModuleManager: Shutting down and abandoning module TextureFormatUncompressed (50)
[2015.11.22-22.52.13:527][915]LogModuleManager: Shutting down and abandoning module TextureFormatPVR (49)
[2015.11.22-22.52.13:527][915]LogModuleManager: Shutting down and abandoning module TextureFormatIntelISPCTexComp (48)
[2015.11.22-22.52.13:527][915]LogModuleManager: Shutting down and abandoning module TextureFormatDXT (47)
[2015.11.22-22.52.13:527][915]LogModuleManager: Shutting down and abandoning module ImageWrapper (46)
[2015.11.22-22.52.13:527][915]LogModuleManager: Shutting down and abandoning module TextureFormatASTC (45)
[2015.11.22-22.52.13:527][915]LogModuleManager: Shutting down and abandoning module TextureFormatAndroid (44)
[2015.11.22-22.52.13:527][915]LogModuleManager: Shutting down and abandoning module AudioFormatOpus (43)
[2015.11.22-22.52.13:527][915]LogModuleManager: Shutting down and abandoning module AudioFormatOgg (42)
[2015.11.22-22.52.13:527][915]LogModuleManager: Shutting down and abandoning module AudioFormatADPCM (41)
[2015.11.22-22.52.13:527][915]LogModuleManager: Shutting down and abandoning module LinuxTargetPlatform (40)
[2015.11.22-22.52.13:527][915]LogModuleManager: Shutting down and abandoning module LinuxServerTargetPlatform (39)
[2015.11.22-22.52.13:527][915]LogModuleManager: Shutting down and abandoning module LinuxNoEditorTargetPlatform (38)
[2015.11.22-22.52.13:527][915]LogModuleManager: Shutting down and abandoning module Messaging (37)
[2015.11.22-22.52.13:527][915]LogModuleManager: Shutting down and abandoning module IOSTargetPlatform (36)
[2015.11.22-22.52.13:527][915]LogModuleManager: Shutting down and abandoning module HTML5TargetPlatform (35)
[2015.11.22-22.52.13:527][915]LogModuleManager: Shutting down and abandoning module Android_PVRTCTargetPlatform (34)
[2015.11.22-22.52.13:527][915]LogModuleManager: Shutting down and abandoning module Android_ETC2TargetPlatform (33)
[2015.11.22-22.52.13:527][915]LogModuleManager: Shutting down and abandoning module Android_ETC1TargetPlatform (32)
[2015.11.22-22.52.13:527][915]LogModuleManager: Shutting down and abandoning module Android_DXTTargetPlatform (31)
[2015.11.22-22.52.13:527][915]LogModuleManager: Shutting down and abandoning module Android_ATCTargetPlatform (30)
[2015.11.22-22.52.13:527][915]LogModuleManager: Shutting down and abandoning module Android_ASTCTargetPlatform (29)
[2015.11.22-22.52.13:527][915]LogModuleManager: Shutting down and abandoning module AndroidTargetPlatform (28)
[2015.11.22-22.52.13:527][915]LogModuleManager: Shutting down and abandoning module WindowsTargetPlatform (27)
[2015.11.22-22.52.13:527][915]LogModuleManager: Shutting down and abandoning module WindowsServerTargetPlatform (26)
[2015.11.22-22.52.13:527][915]LogModuleManager: Shutting down and abandoning module WindowsNoEditorTargetPlatform (25)
[2015.11.22-22.52.13:527][915]LogModuleManager: Shutting down and abandoning module WindowsClientTargetPlatform (24)
[2015.11.22-22.52.13:527][915]LogModuleManager: Shutting down and abandoning module AllDesktopTargetPlatform (23)
[2015.11.22-22.52.13:527][915]LogModuleManager: Shutting down and abandoning module TargetPlatform (22)
[2015.11.22-22.52.13:527][915]LogModuleManager: Shutting down and abandoning module InputCore (21)
[2015.11.22-22.52.13:527][915]LogModuleManager: Shutting down and abandoning module Settings (20)
[2015.11.22-22.52.13:527][915]LogModuleManager: Shutting down and abandoning module OnlineSubsystem (18)
[2015.11.22-22.52.13:527][915]LogModuleManager: Shutting down and abandoning module HTTP (17)
[2015.11.22-22.52.15:529][915]LogModuleManager: Shutting down and abandoning module XMPP (16)
[2015.11.22-22.52.15:529][915]LogModuleManager: Shutting down and abandoning module ExampleDeviceProfileSelector (15)
[2015.11.22-22.52.15:529][915]LogModuleManager: Shutting down and abandoning module TextureCompressor (14)
[2015.11.22-22.52.15:529][915]LogModuleManager: Shutting down and abandoning module ShaderCore (13)
[2015.11.22-22.52.15:529][915]LogModuleManager: Shutting down and abandoning module Landscape (12)
[2015.11.22-22.52.15:529][915]LogModuleManager: Shutting down and abandoning module SlateRHIRenderer (11)
[2015.11.22-22.52.15:530][915]LogModuleManager: Shutting down and abandoning module OpenGLDrv (10)
[2015.11.22-22.52.15:530][915]LogModuleManager: Shutting down and abandoning module D3D11RHI (9)
[2015.11.22-22.52.15:530][915]LogModuleManager: Shutting down and abandoning module AnimGraphRuntime (8)
[2015.11.22-22.52.15:530][915]LogModuleManager: Shutting down and abandoning module Renderer (7)
[2015.11.22-22.52.15:530][915]LogModuleManager: Shutting down and abandoning module Engine (6)
[2015.11.22-22.52.15:530][915]LogModuleManager: Shutting down and abandoning module CoreUObject (5)
[2015.11.22-22.52.15:530][915]LogModuleManager: Shutting down and abandoning module NetworkFile (4)
[2015.11.22-22.52.15:530][915]LogModuleManager: Shutting down and abandoning module StreamingFile (3)
[2015.11.22-22.52.15:530][915]LogModuleManager: Shutting down and abandoning module SandboxFile (2)
[2015.11.22-22.52.15:530][915]LogModuleManager: Shutting down and abandoning module PakFile (1)
[2015.11.22-22.52.15:530][915]LogExit: Exiting.
[2015.11.22-22.52.15:531][915]Log file closed, 11/22/15 23:52:15
