[2015.11.22-15.44.13:902][  0]Log file open, 11/22/15 16:44:13
[2015.11.22-15.44.13:902][  0]LogInit:Display: Running engine for game: SW_Project2
[2015.11.22-15.44.13:902][  0]LogInit:Display: RandInit(1965594552) SRandInit(1965594552).
[2015.11.22-15.44.13:902][  0]LogTaskGraph: Started task graph with 4 named threads and 5 total threads.
[2015.11.22-15.44.13:902][  0]LogStats: Stats thread started at 0.061079
[2015.11.22-15.44.13:902][  0]LogInit: Version: 4.9.2-2707645+++depot+UE4-Releases+4.9
[2015.11.22-15.44.13:902][  0]LogInit: API Version: 2672455
[2015.11.22-15.44.13:902][  0]LogInit: Compiled (64-bit): Sep 28 2015 10:25:44
[2015.11.22-15.44.13:902][  0]LogInit: Compiled with Visual C++: 18.00.21005.01
[2015.11.22-15.44.13:902][  0]LogInit: Build Configuration: Development
[2015.11.22-15.44.13:902][  0]LogInit: Branch Name: ++depot+UE4-Releases+4.9
[2015.11.22-15.44.13:902][  0]LogInit: Command line: 
[2015.11.22-15.44.13:902][  0]LogInit: Base directory: C:/Program Files/Epic Games/4.9/Engine/Binaries/Win64/
[2015.11.22-15.44.13:902][  0]LogInit: Rocket: 1
[2015.11.22-15.44.13:910][  0]LogInit: Using libcurl 7.41.0
[2015.11.22-15.44.13:910][  0]LogInit:  - built for x86_64-pc-win32
[2015.11.22-15.44.13:910][  0]LogInit:  - supports SSL with WinSSL
[2015.11.22-15.44.13:910][  0]LogInit:  - other features:
[2015.11.22-15.44.13:910][  0]LogInit:      CURL_VERSION_SSL
[2015.11.22-15.44.13:910][  0]LogInit:      CURL_VERSION_IPV6
[2015.11.22-15.44.13:910][  0]LogInit:      CURL_VERSION_ASYNCHDNS
[2015.11.22-15.44.13:910][  0]LogInit:      CURL_VERSION_LARGEFILE
[2015.11.22-15.44.13:910][  0]LogInit:      CURL_VERSION_IDN
[2015.11.22-15.44.13:910][  0]LogInit:  CurlRequestOptions (configurable via config and command line):
[2015.11.22-15.44.13:910][  0]LogInit:  - bVerifyPeer = true  - Libcurl will verify peer certificate
[2015.11.22-15.44.13:910][  0]LogInit:  - bUseHttpProxy = false  - Libcurl will NOT use HTTP proxy
[2015.11.22-15.44.13:910][  0]LogInit:  - bDontReuseConnections = false  - Libcurl will reuse connections
[2015.11.22-15.44.13:910][  0]LogInit:  - CertBundlePath = nullptr  - Libcurl will use whatever was configured at build time.
[2015.11.22-15.44.13:918][  0]LogInit: Presizing for 0 objects not considered by GC, pre-allocating 0 bytes.
[2015.11.22-15.44.13:931][  0]LogInit: Object subsystem initialized
[2015.11.22-15.44.13:933][  0]LogInit: Selected Device Profile: [Windows]
[2015.11.22-15.44.13:933][  0]LogInit: Applying CVar settings loaded from the selected device profile: [Windows]
[2015.11.22-15.44.13:953][  0]LogInit: Computer: STOFFEPC
[2015.11.22-15.44.13:953][  0]LogInit: User: Stoffe
[2015.11.22-15.44.13:953][  0]LogInit: CPU Page size=4096, Cores=2
[2015.11.22-15.44.13:953][  0]LogInit: High frequency timer resolution =3.222682 MHz
[2015.11.22-15.44.13:953][  0]LogMemory: Memory total: Physical=7.9GB (8GB approx)
[2015.11.22-15.44.13:953][  0]LogMemory: Platform Memory Stats for Windows
[2015.11.22-15.44.13:953][  0]LogMemory: Process Physical Memory: 51.91 MB used, 51.91 MB peak
[2015.11.22-15.44.13:953][  0]LogMemory: Process Virtual Memory: 56.85 MB used, 56.85 MB peak
[2015.11.22-15.44.13:953][  0]LogMemory: Physical Memory: 3929.02 MB used, 8126.94 MB total
[2015.11.22-15.44.13:953][  0]LogMemory: Virtual Memory: 349.46 MB used, 134217728.00 MB total
[2015.11.22-15.44.14:371][  0]LogTextLocalizationManager: No translations for ('sv-SE') exist, falling back to 'en' for localization and internationalization data.
[2015.11.22-15.44.15:374][  0]LogD3D11RHI: Found D3D11 adapter 0: AMD Radeon HD 7800 Series (Feature Level 11_0)
[2015.11.22-15.44.15:374][  0]LogD3D11RHI: Adapter has 2030MB of dedicated video memory, 0MB of dedicated system memory, and 3840MB of shared system memory, 2 output[s]
[2015.11.22-15.44.15:426][  0]LogD3D11RHI: Found D3D11 adapter 1: Microsoft Basic Render Driver (Feature Level 11_0)
[2015.11.22-15.44.15:426][  0]LogD3D11RHI: Adapter has 0MB of dedicated video memory, 0MB of dedicated system memory, and 256MB of shared system memory, 0 output[s]
[2015.11.22-15.44.15:426][  0]LogD3D11RHI: Chosen D3D11 Adapter Id = 0
[2015.11.22-15.44.15:429][  0]LogD3D11RHI: !Direct3DDevice
[2015.11.22-15.44.15:429][  0]LogRHI: Texture pool is 1361 MB (70% of 1945 MB)
[2015.11.22-15.44.15:433][  0]LogD3D11RHI: Async texture creation disabled: no driver support
[2015.11.22-15.44.15:444][  0]LogShaderCompilers: Guid format shader working directory is 15 characters bigger than the processId version (../../../../../../Users/Stoffe/Documents/Unreal Projects/SW_Project2/Intermediate/Shaders/WorkingDirectory/4680/).
[2015.11.22-15.44.15:445][  0]LogShaderCompilers: Cleaned the shader compiler working directory '../../../../../../Users/Stoffe/Documents/Unreal Projects/SW_Project2/Intermediate/Shaders/tmp/CB22CE4846E6585C4DF2918601009DB8/'.
[2015.11.22-15.44.15:445][  0]LogShaderCompilers:Display: Using Local Shader Compiler.
[2015.11.22-15.44.17:194][  0]LogTemp:Display: Loaded TP AllDesktopTargetPlatform
[2015.11.22-15.44.17:203][  0]LogTemp:Display: Loaded TP WindowsClientTargetPlatform
[2015.11.22-15.44.17:210][  0]LogTemp:Display: Loaded TP WindowsNoEditorTargetPlatform
[2015.11.22-15.44.17:220][  0]LogTemp:Display: Loaded TP WindowsServerTargetPlatform
[2015.11.22-15.44.17:233][  0]LogTemp:Display: Loaded TP WindowsTargetPlatform
[2015.11.22-15.44.17:240][  0]LogTemp:Display: Loaded TP AndroidTargetPlatform
[2015.11.22-15.44.17:246][  0]LogTemp:Display: Loaded TP Android_ASTCTargetPlatform
[2015.11.22-15.44.17:251][  0]LogTemp:Display: Loaded TP Android_ATCTargetPlatform
[2015.11.22-15.44.17:258][  0]LogTemp:Display: Loaded TP Android_DXTTargetPlatform
[2015.11.22-15.44.17:265][  0]LogTemp:Display: Loaded TP Android_ETC1TargetPlatform
[2015.11.22-15.44.17:272][  0]LogTemp:Display: Loaded TP Android_ETC2TargetPlatform
[2015.11.22-15.44.17:278][  0]LogTemp:Display: Loaded TP Android_PVRTCTargetPlatform
[2015.11.22-15.44.17:279][  0]LogTemp:Display: Loaded TP HTML5TargetPlatform
[2015.11.22-15.44.17:300][  0]LogTemp:Display: Loaded TP IOSTargetPlatform
[2015.11.22-15.44.17:305][  0]LogTemp:Display: Loaded TP LinuxNoEditorTargetPlatform
[2015.11.22-15.44.17:311][  0]LogTemp:Display: Loaded TP LinuxServerTargetPlatform
[2015.11.22-15.44.17:317][  0]LogTemp:Display: Loaded TP LinuxTargetPlatform
[2015.11.22-15.44.17:317][  0]LogTargetPlatformManager:Display: Building Assets For Windows
[2015.11.22-15.44.17:539][  0]LogDerivedDataCache:Display: Max Cache Size: 512 MB
[2015.11.22-15.44.21:886][  0]LogDerivedDataCache: Loaded boot cache 4.32s 42MB C:/Users/Stoffe/AppData/Local/UnrealEngine/4.9/DerivedDataCache/Boot.ddc.
[2015.11.22-15.44.21:886][  0]LogDerivedDataCache:Display: Loaded Boot cache: C:/Users/Stoffe/AppData/Local/UnrealEngine/4.9/DerivedDataCache/Boot.ddc
[2015.11.22-15.44.21:886][  0]LogDerivedDataCache: FDerivedDataBackendGraph:  Pak pak cache file ../../../../../../Users/Stoffe/Documents/Unreal Projects/SW_Project2/DerivedDataCache/DDC.ddp not found, will not use a pak cache.
[2015.11.22-15.44.21:886][  0]LogDerivedDataCache: Unable to find inner node Pak for hierarchical cache Hierarchy.
[2015.11.22-15.44.21:886][  0]LogDerivedDataCache: FDerivedDataBackendGraph:  CompressedPak pak cache file ../../../../../../Users/Stoffe/Documents/Unreal Projects/SW_Project2/DerivedDataCache/Compressed.ddp not found, will not use a pak cache.
[2015.11.22-15.44.21:886][  0]LogDerivedDataCache: Unable to find inner node CompressedPak for hierarchical cache Hierarchy.
[2015.11.22-15.44.22:120][  0]LogDerivedDataCache:Display: Pak cache opened for reading ../../../Engine/DerivedDataCache/Compressed.ddp.
[2015.11.22-15.44.22:178][  0]LogDerivedDataCache: Using Local data cache path C:/Users/Stoffe/AppData/Local/UnrealEngine/Common/DerivedDataCache: Writable
[2015.11.22-15.44.45:393][  0]LogInit: Selected Device Profile: [Windows]
[2015.11.22-15.44.45:418][  0]LogContentStreaming: Texture pool size is 0.000000MB
[2015.11.22-15.44.47:006][  0]LogMeshUtilities: No automatic mesh reduction module available
[2015.11.22-15.44.47:006][  0]LogMeshUtilities: No automatic mesh merging module available
[2015.11.22-15.44.50:170][  0]LogInit: WinSock: version 1.1 (2.2), MaxSocks=32767, MaxUdp=65467
[2015.11.22-15.45.09:435][  0]UdpMessaging: Initializing bridge on interface 0.0.0.0:0 to multicast group 230.0.0.1:6666.
[2015.11.22-15.45.24:106][  0]LogOutputDevice: === Handled error: ===

Ensure condition failed: this->IsBound() [File:c:\program files\epic games\4.9\engine\source\runtime\core\public\delegates\DelegateSignatureImpl_Variadics.inl] [Line: 930]
Unable to bind delegate to '&AProjectile::OnHit' (function might not be marked as a UFUNCTION)
Stack: 
UE4Editor-Core.dll!FWindowsPlatformStackWalk::StackWalkAndDump() [d:\buildfarm\buildmachine_++depot+ue4-releases+4.9\engine\source\runtime\core\private\windows\windowsplatformstackwalk.cpp:175]
UE4Editor-Core.dll!FDebug::EnsureFailed() [d:\buildfarm\buildmachine_++depot+ue4-releases+4.9\engine\source\runtime\core\private\misc\outputdevice.cpp:258]
UE4Editor-Core.dll!FDebug::OptionallyLogFormattedEnsureMessageReturningFalse() [d:\buildfarm\buildmachine_++depot+ue4-releases+4.9\engine\source\runtime\core\private\misc\outputdevice.cpp:368]
UE4Editor-SW_Project2-544.dll!TBaseDynamicDelegate<FWeakObjectPtr,void,AActor * __ptr64,UPrimitiveComponent * __ptr64,FVector,FHitResult const & __ptr64>::__Internal_BindDynamic<AProjectile>() [c:\program files\epic games\4.9\engine\source\runtime\core\public\delegates\delegatesignatureimpl_variadics.inl:930]
UE4Editor-SW_Project2-544.dll!TBaseDynamicMulticastDelegate<FWeakObjectPtr,void,AActor * __ptr64,UPrimitiveComponent * __ptr64,FVector,FHitResult const & __ptr64>::__Internal_AddDynamic<AProjectile>() [c:\program files\epic games\4.9\engine\source\runtime\core\public\delegates\delegatesignatureimpl_variadics.inl:1013]
UE4Editor-SW_Project2-544.dll!AProjectile::AProjectile() [c:\users\stoffe\documents\unreal projects\sw_project2\source\sw_project2\projectile.cpp:22]
UE4Editor-CoreUObject.dll!UClass::CreateDefaultObject() [d:\buildfarm\buildmachine_++depot+ue4-releases+4.9\engine\source\runtime\coreuobject\private\uobject\class.cpp:2657]
UE4Editor-CoreUObject.dll!UObjectLoadAllCompiledInDefaultProperties() [d:\buildfarm\buildmachine_++depot+ue4-releases+4.9\engine\source\runtime\coreuobject\private\uobject\uobjectbase.cpp:729]
UE4Editor-CoreUObject.dll!ProcessNewlyLoadedUObjects() [d:\buildfarm\buildmachine_++depot+ue4-releases+4.9\engine\source\runtime\coreuobject\private\uobject\uobjectbase.cpp:815]
UE4Editor-CoreUObject.dll!TBaseStaticDelegateInstance<void __cdecl(void)>::ExecuteIfSafe() [d:\buildfarm\buildmachine_++depot+ue4-releases+4.9\engine\source\runtime\core\public\delegates\delegateinstancesimpl_variadics.inl:921]
UE4Editor-Core.dll!TBaseMulticastDelegate<void>::Broadcast() [d:\buildfarm\buildmachine_++depot+ue4-releases+4.9\engine\source\runtime\core\public\delegates\delegatesignatureimpl_variadics.inl:809]
UE4Editor-Core.dll!FModuleManager::LoadModuleWithFailureReason() [d:\buildfarm\buildmachine_++depot+ue4-releases+4.9\engine\source\runtime\core\private\modules\modulemanager.cpp:426]
UE4Editor-Projects.dll!FModuleDescriptor::LoadModulesForPhase() [d:\buildfarm\buildmachine_++depot+ue4-releases+4.9\engine\source\runtime\projects\private\moduledescriptor.cpp:370]
UE4Editor-Projects.dll!FProjectManager::LoadModulesForProject() [d:\buildfarm\buildmachine_++depot+ue4-releases+4.9\engine\source\runtime\projects\private\projectmanager.cpp:53]
UE4Editor.exe!FEngineLoop::LoadStartupModules() [d:\buildfarm\buildmachine_++depot+ue4-releases+4.9\engine\source\runtime\launch\private\launchengineloop.cpp:1989]
UE4Editor.exe!FEngineLoop::PreInit() [d:\buildfarm\buildmachine_++depot+ue4-releases+4.9\engine\source\runtime\launch\private\launchengineloop.cpp:1495]
UE4Editor.exe!GuardedMain() [d:\buildfarm\buildmachine_++depot+ue4-releases+4.9\engine\source\runtime\launch\private\launch.cpp:110]
UE4Editor.exe!GuardedMainWrapper() [d:\buildfarm\buildmachine_++depot+ue4-releases+4.9\engine\source\runtime\launch\private\windows\launchwindows.cpp:126]
UE4Editor.exe!WinMain() [d:\buildfarm\buildmachine_++depot+ue4-releases+4.9\engine\source\runtime\launch\private\windows\launchwindows.cpp:200]
UE4Editor.exe!__tmainCRTStartup() [f:\dd\vctools\crt\crtw32\dllstuff\crtexe.c:618]
KERNEL32.DLL
ntdll.dll
ntdll.dll

[2015.11.22-15.45.26:390][  0]LogAssetRegistry: FAssetRegistry took 0.0125 seconds to start up
[2015.11.22-15.45.32:994][  0]SourceControl: Info Source control is disabled
[2015.11.22-15.45.34:396][  0]SourceControl: Info Source control is disabled
[2015.11.22-15.45.34:929][  0]SourceControl: Info Source control is disabled
[2015.11.22-15.45.35:325][  0]SourceControl: Info Source control is disabled
[2015.11.22-15.45.38:967][  0]LogLinker:Warning: Asset '../../../Engine/Plugins/Runtime/LeapMotionController/Content/LM_PassthroughMaterial.uasset' has been saved with empty engine version. The asset will be loaded but may be incompatible.
[2015.11.22-15.45.39:479][  0]LogObj: 28486 objects as part of root set at end of initial load.
[2015.11.22-15.45.39:479][  0]LogUObjectAllocator: 6097360 out of 0 bytes used by permanent object pool.
[2015.11.22-15.45.40:150][  0]LogEngine: Initializing Engine...
[2015.11.22-15.45.40:206][  0]LogHMD: Can't find Oculus library dev build: is proper Runtime installed? Version: 0.7.0.0
[2015.11.22-15.45.40:243][  0]LogHMD: SteamVR failed to initialize.  Err: 110
[2015.11.22-15.45.41:234][  0]LogAIModule: Creating AISystem for world NewWorld
[2015.11.22-15.45.41:303][  0]LogInit: XAudio2 using 'Högtalare (Realtek High Definition Audio)' : 2 channels at 48 kHz using 32 bits per sample (channel mask 0x3)
[2015.11.22-15.45.41:341][  0]LogInit: FAudioDevice initialized.
[2015.11.22-15.45.41:398][  0]LogDerivedDataCache: Saved boot cache 0.06s 42MB C:/Users/Stoffe/AppData/Local/UnrealEngine/4.9/DerivedDataCache/Boot.ddc.
[2015.11.22-15.45.41:400][  0]LogInit: Texture streaming: Enabled
[2015.11.22-15.45.41:658][  0]LogAnalytics: Creating configured Analytics provider AnalyticsET
[2015.11.22-15.45.41:658][  0]LogAnalytics: [UEEditor.Rocket.Release] APIServer = http://et2.epicgames.com/ET2/. AppVersion = 4.9.2-2707645+++depot+UE4-Releases+4.9
[2015.11.22-15.45.41:658][  0]LogAnalytics: [UEEditor.Rocket.Release] SetUserId c2f82278409fbc7e17ba4c8b187827c0|8471e16762be488588a110ad13c08bd6|a2f24018-7849-4a41-8ec9-fa4680d0f5a7
[2015.11.22-15.45.41:671][  0]LogAnalytics: [UEEditor.Rocket.Release] AnalyticsET::StartSession
[2015.11.22-15.45.42:977][  0]LogInit: Transaction tracking system initialized
[2015.11.22-15.45.45:259][  0]BlueprintLog: New page: Editor Load
[2015.11.22-15.45.56:991][  0]LocalizationService: Info Localization service is disabled
[2015.11.22-15.46.00:150][  0]LogConsoleResponse:Display: 
[2015.11.22-15.46.02:914][  0]LogFileCache: Scanning file cache for directory 'C:/Users/Stoffe/Documents/Unreal Projects/SW_Project2/Content/' took 0.01s
[2015.11.22-15.46.02:914][  0]LogCook:Display: Done creating registry. It took  0.00s.
[2015.11.22-15.46.06:396][  0]SourceControl: Info Source control is disabled
[2015.11.22-15.46.14:670][  0]LogWindowsTextInputMethodSystem:Display: IME system now deactivated.
[2015.11.22-15.46.14:674][  0]LogWindowsTextInputMethodSystem:Display: IME system now deactivated.
[2015.11.22-15.46.14:828][  0]Cmd: MAP LOAD FILE="../../../../../../Users/Stoffe/Documents/Unreal Projects/SW_Project2/Content/FlyingCPP/Maps/FlyingExampleMap.umap" TEMPLATE=0 SHOWPROGRESS=1 FEATURELEVEL=3
[2015.11.22-15.46.14:892][  0]LightingResults: New page: Lighting Build
[2015.11.22-15.46.15:276][  0]MapCheck: New page: Map Check
[2015.11.22-15.46.15:276][  0]LightingResults: New page: Lighting Build
[2015.11.22-15.46.15:327][  0]LogParticles: Destroying 0 GPU particle simulations for FXSystem 0x000000300710A160
[2015.11.22-15.46.30:917][  0]LogAIModule: Creating AISystem for world FlyingExampleMap
[2015.11.22-15.46.31:729][  0]LogEditorServer: Finished looking for orphan Actors (0.013 secs)
[2015.11.22-15.46.32:173][  0]Cmd: MAP CHECKDEP NOCLEARLOG
[2015.11.22-15.46.32:299][  0]MapCheck: Info Map check complete: 0 Error(s), 0 Warning(s), took 126.19ms to complete.
[2015.11.22-15.46.32:299][  0]LogFileHelpers: Loading map 'FlyingExampleMap' took 17.471
[2015.11.22-15.46.34:464][  0]LogCollectionManager: Loaded 0 collections in 0.028276 seconds
[2015.11.22-15.46.34:550][  0]LogFileCache: Scanning file cache for directory 'C:/Users/Stoffe/Documents/Unreal Projects/SW_Project2/Saved/Collections/' took 0.01s
[2015.11.22-15.46.34:550][  0]LogFileCache: Scanning file cache for directory 'C:/Users/Stoffe/Documents/Unreal Projects/SW_Project2/Content/Developers/Stoffe/Collections/' took 0.01s
[2015.11.22-15.46.34:550][  0]LogFileCache: Scanning file cache for directory 'C:/Users/Stoffe/Documents/Unreal Projects/SW_Project2/Content/Collections/' took 0.01s
[2015.11.22-15.46.34:550][  0]LogContentBrowser: Native class hierarchy populated in 0.0089 seconds. Added 1871 classes and 335 folders.
[2015.11.22-15.46.34:770][  0]LogCollectionManager: Rebuilt the GUID cache for 0 collections in 0.000003 seconds
[2015.11.22-15.46.35:073][  0]LogContentBrowser: Native class hierarchy updated for 'WidgetCarousel' in 0.0012 seconds. Added 0 classes and 0 folders.
[2015.11.22-15.46.39:424][  0]LogContentBrowser: Native class hierarchy updated for 'AddContentDialog' in 0.0015 seconds. Added 0 classes and 0 folders.
[2015.11.22-15.46.39:538][  0]LogContentBrowser: Native class hierarchy updated for 'SceneOutliner' in 0.0012 seconds. Added 1 classes and 2 folders.
[2015.11.22-15.46.40:389][  0]LogCrashTracker: Crashtracker disabled due to settings.
[2015.11.22-15.46.40:469][  0]LogUObjectGlobals:Warning: Failed to find object 'Class None.'
[2015.11.22-15.46.40:618][  0]LogStats:Warning: MetaData mismatch. Did you assign a stat to two groups? New //STATGROUP_Threads//SplashScreenThread///Thread_1018_0///####STATCAT_Advanced#### old //STATGROUP_Threads//SplashScreenThread///Thread_f00_0///####STATCAT_Advanced####
[2015.11.22-15.46.40:618][  0]LogLoad: Full Startup: 148.55 seconds (BP compile: 0.82 seconds)
[2015.11.22-15.46.40:820][  0]LogContentStreaming: Texture pool size now 1000 MB
[2015.11.22-15.46.41:443][  0]LogRenderer: Reallocating scene render targets to support 1028x636 (Frame:2).
[2015.11.22-15.46.42:549][  4]LogAssetRegistry: Asset discovery search completed in 76.1716 seconds
[2015.11.22-15.46.42:549][  4]LogCollectionManager: Rebuilt the object cache for 0 collections in 0.000001 seconds (found 0 objects)
[2015.11.22-15.46.42:549][  4]LogCollectionManager: Fixed up redirectors for 0 collections in 0.000040 seconds (updated 0 objects)
[2015.11.22-15.46.51:222][769]LogActorComponent: UnregisterComponent: (/Engine/Transient.ProjectileComp) Not registered. Aborting.
[2015.11.22-15.46.51:410][769]LogWindowsTextInputMethodSystem:Display: IME system now deactivated.
[2015.11.22-15.46.51:866][770]Cmd: QUIT_EDITOR
[2015.11.22-15.46.52:484][770]LogExit: Preparing to exit.
[2015.11.22-15.46.54:741][770]LogExit: Editor shut down
[2015.11.22-15.46.54:741][770]LogExit: Transaction tracking system shut down
[2015.11.22-15.46.54:742][770]LogParticles: Destroying 0 GPU particle simulations for FXSystem 0x0000002FD78A6840
[2015.11.22-15.46.57:985][770]LogParticles: Destroying 0 GPU particle simulations for FXSystem 0x000000300C4696C0
[2015.11.22-15.46.57:985][770]LogParticles: Destroying 0 GPU particle simulations for FXSystem 0x000000300C84E520
[2015.11.22-15.46.57:985][770]LogExit: Object subsystem successfully closed.
[2015.11.22-15.46.58:293][770]LogD3D11RHI: Shutdown
[2015.11.22-15.46.58:318][770]LogD3D11RHI: CleanupD3DDevice
[2015.11.22-15.46.58:485][770]LogD3D11RHI: ~FD3D11DynamicRHI
[2015.11.22-15.46.59:881][770]LogModuleManager: Shutting down and abandoning module CrashTracker (198)
[2015.11.22-15.46.59:881][770]LogModuleManager: Shutting down and abandoning module SceneOutliner (197)
[2015.11.22-15.46.59:881][770]LogModuleManager: Shutting down and abandoning module SuperSearch (196)
[2015.11.22-15.46.59:881][770]LogModuleManager: Shutting down and abandoning module WidgetCarousel (195)
[2015.11.22-15.46.59:881][770]LogModuleManager: Shutting down and abandoning module AddContentDialog (194)
[2015.11.22-15.46.59:971][770]LogModuleManager: Shutting down and abandoning module EditorWidgets (193)
[2015.11.22-15.46.59:971][770]LogModuleManager: Shutting down and abandoning module CollectionManager (192)
[2015.11.22-15.46.59:971][770]LogModuleManager: Shutting down and abandoning module StatsViewer (191)
[2015.11.22-15.46.59:972][770]LogModuleManager: Shutting down and abandoning module FoliageEdit (190)
[2015.11.22-15.46.59:972][770]LogModuleManager: Shutting down and abandoning module LandscapeEditor (189)
[2015.11.22-15.47.00:199][770]LogModuleManager: Shutting down and abandoning module ActorPickerMode (188)
[2015.11.22-15.47.00:199][770]LogModuleManager: Shutting down and abandoning module GeometryMode (187)
[2015.11.22-15.47.00:199][770]LogModuleManager: Shutting down and abandoning module TextureAlignMode (186)
[2015.11.22-15.47.00:199][770]LogModuleManager: Shutting down and abandoning module BspMode (185)
[2015.11.22-15.47.00:199][770]LogModuleManager: Shutting down and abandoning module PlacementMode (184)
[2015.11.22-15.47.00:199][770]LogModuleManager: Shutting down and abandoning module AutomationWorker (183)
[2015.11.22-15.47.00:199][770]LogModuleManager: Shutting down and abandoning module CharacterAI (182)
[2015.11.22-15.47.00:199][770]LogModuleManager: Shutting down and abandoning module SmartSnapping (181)
[2015.11.22-15.47.00:199][770]LogModuleManager: Shutting down and abandoning module ViewportSnapping (180)
[2015.11.22-15.47.00:199][770]LogModuleManager: Shutting down and abandoning module LogVisualizer (179)
[2015.11.22-15.47.00:214][770]LogModuleManager: Shutting down and abandoning module GameProjectGeneration (178)
[2015.11.22-15.47.00:214][770]LogModuleManager: Shutting down and abandoning module IntroTutorials (177)
[2015.11.22-15.47.00:261][770]LogModuleManager: Shutting down and abandoning module EditorLiveStreaming (176)
[2015.11.22-15.47.00:261][770]LogModuleManager: Shutting down and abandoning module IOSPlatformEditor (175)
[2015.11.22-15.47.00:261][770]LogModuleManager: Shutting down and abandoning module HTML5PlatformEditor (174)
[2015.11.22-15.47.00:261][770]LogModuleManager: Shutting down and abandoning module AndroidDeviceDetection (173)
[2015.11.22-15.47.00:964][770]LogModuleManager: Shutting down and abandoning module AndroidPlatformEditor (172)
[2015.11.22-15.47.00:964][770]LogModuleManager: Shutting down and abandoning module IOSRuntimeSettings (171)
[2015.11.22-15.47.00:964][770]LogModuleManager: Shutting down and abandoning module AndroidRuntimeSettings (170)
[2015.11.22-15.47.00:964][770]LogModuleManager: Shutting down and abandoning module MergeActors (169)
[2015.11.22-15.47.00:974][770]LogModuleManager: Shutting down and abandoning module SizeMap (168)
[2015.11.22-15.47.00:975][770]LogModuleManager: Shutting down and abandoning module TreeMap (167)
[2015.11.22-15.47.00:975][770]LogModuleManager: Shutting down and abandoning module ReferenceViewer (166)
[2015.11.22-15.47.00:975][770]LogModuleManager: Shutting down and abandoning module LocalizationService (165)
[2015.11.22-15.47.00:975][770]LogModuleManager: Shutting down and abandoning module LocalizationDashboard (164)
[2015.11.22-15.47.00:992][770]LogModuleManager: Shutting down and abandoning module HardwareTargeting (163)
[2015.11.22-15.47.00:992][770]LogModuleManager: Shutting down and abandoning module DeviceProfileEditor (162)
[2015.11.22-15.47.00:992][770]LogModuleManager: Shutting down and abandoning module UndoHistory (161)
[2015.11.22-15.47.00:992][770]LogModuleManager: Shutting down and abandoning module GameplayTagsEditor (160)
[2015.11.22-15.47.00:992][770]LogModuleManager: Shutting down and abandoning module UserFeedback (159)
[2015.11.22-15.47.00:992][770]LogModuleManager: Shutting down and abandoning module XmlParser (158)
[2015.11.22-15.47.00:993][770]LogModuleManager: Shutting down and abandoning module Blutility (157)
[2015.11.22-15.47.00:994][770]LogModuleManager: Shutting down and abandoning module ProjectTargetPlatformEditor (156)
[2015.11.22-15.47.00:994][770]LogModuleManager: Shutting down and abandoning module ProjectSettingsViewer (155)
[2015.11.22-15.47.00:994][770]LogModuleManager: Shutting down and abandoning module InputBindingEditor (154)
[2015.11.22-15.47.01:019][770]LogModuleManager: Shutting down and abandoning module EditorSettingsViewer (153)
[2015.11.22-15.47.01:019][770]LogModuleManager: Shutting down and abandoning module SettingsEditor (152)
[2015.11.22-15.47.01:037][770]LogModuleManager: Shutting down and abandoning module ProjectLauncher (151)
[2015.11.22-15.47.01:037][770]LogModuleManager: Shutting down and abandoning module SessionFrontend (150)
[2015.11.22-15.47.01:037][770]LogModuleManager: Shutting down and abandoning module ProfilerClient (149)
[2015.11.22-15.47.01:063][770]LogModuleManager: Shutting down and abandoning module TargetDeviceServices (148)
[2015.11.22-15.47.01:063][770]LogModuleManager: Shutting down and abandoning module DeviceManager (147)
[2015.11.22-15.47.01:063][770]LogModuleManager: Shutting down and abandoning module AutomationController (146)
[2015.11.22-15.47.01:063][770]LogModuleManager: Shutting down and abandoning module AutomationWindow (145)
[2015.11.22-15.47.01:082][770]LogModuleManager: Shutting down and abandoning module Layers (144)
[2015.11.22-15.47.01:139][770]LogModuleManager: Shutting down and abandoning module ComponentVisualizers (143)
[2015.11.22-15.47.01:139][770]LogModuleManager: Shutting down and abandoning module DetailCustomizations (142)
[2015.11.22-15.47.01:228][770]LogModuleManager: Shutting down and abandoning module PackagesDialog (141)
[2015.11.22-15.47.01:228][770]LogModuleManager: Shutting down and abandoning module Persona (140)
[2015.11.22-15.47.01:262][770]LogModuleManager: Shutting down and abandoning module Kismet (139)
[2015.11.22-15.47.01:295][770]LogModuleManager: Shutting down and abandoning module GraphEditor (138)
[2015.11.22-15.47.01:295][770]LogModuleManager: Shutting down and abandoning module ClassViewer (137)
[2015.11.22-15.47.01:295][770]LogModuleManager: Shutting down and abandoning module Toolbox (136)
[2015.11.22-15.47.01:295][770]LogModuleManager: Shutting down and abandoning module ModuleUI (135)
[2015.11.22-15.47.01:319][770]LogModuleManager: Shutting down and abandoning module MovieSceneTools (134)
[2015.11.22-15.47.01:319][770]LogModuleManager: Shutting down and abandoning module OutputLog (133)
[2015.11.22-15.47.01:319][770]LogModuleManager: Shutting down and abandoning module GammaUI (132)
[2015.11.22-15.47.01:332][770]LogModuleManager: Shutting down and abandoning module Documentation (131)
[2015.11.22-15.47.01:332][770]LogModuleManager: Shutting down and abandoning module GameLiveStreaming (130)
[2015.11.22-15.47.01:353][770]LogModuleManager: Shutting down and abandoning module StreamingPauseRendering (129)
[2015.11.22-15.47.01:353][770]LogModuleManager: Shutting down and abandoning module AnalyticsET (128)
[2015.11.22-15.47.01:353][770]LogModuleManager: Shutting down and abandoning module Analytics (127)
[2015.11.22-15.47.01:353][770]LogModuleManager: Shutting down and abandoning module AITestSuite (126)
[2015.11.22-15.47.01:353][770]LogModuleManager: Shutting down and abandoning module GameplayDebugger (125)
[2015.11.22-15.47.01:353][770]LogModuleManager: Shutting down and abandoning module AIModule (124)
[2015.11.22-15.47.01:353][770]LogModuleManager: Shutting down and abandoning module ProfilerService (123)
[2015.11.22-15.47.01:504][770]LogModuleManager: Shutting down and abandoning module TaskGraph (122)
[2015.11.22-15.47.01:541][770]LogModuleManager: Shutting down and abandoning module SlateRemote (121)
[2015.11.22-15.47.01:541][770]LogModuleManager: Shutting down and abandoning module SteamVRController (120)
[2015.11.22-15.47.01:541][770]LogModuleManager: Shutting down and abandoning module SteamVR (119)
[2015.11.22-15.47.01:541][770]LogModuleManager: Shutting down and abandoning module ProceduralMeshComponent (118)
[2015.11.22-15.47.01:541][770]LogModuleManager: Shutting down and abandoning module OculusRift (117)
[2015.11.22-15.47.01:541][770]LogModuleManager: Shutting down and abandoning module OculusLibrary (116)
[2015.11.22-15.47.01:541][770]LogModuleManager: Shutting down and abandoning module LeapMotionController (115)
[2015.11.22-15.47.01:554][770]LogModuleManager: Shutting down and abandoning module CustomMeshComponent (114)
[2015.11.22-15.47.01:569][770]LogModuleManager: Shutting down and abandoning module CableComponent (113)
[2015.11.22-15.47.01:569][770]LogModuleManager: Shutting down and abandoning module ArchVisCharacter (112)
[2015.11.22-15.47.01:569][770]LogModuleManager: Shutting down and abandoning module MessagingDebugger (111)
[2015.11.22-15.47.01:660][770]LogModuleManager: Shutting down and abandoning module MediaPlayerEditor (110)
[2015.11.22-15.47.01:753][770]LogModuleManager: Shutting down and abandoning module HTML5Networking (109)
[2015.11.22-15.47.01:754][770]LogModuleManager: Shutting down and abandoning module SpeedTreeImporter (108)
[2015.11.22-15.47.01:754][770]LogModuleManager: Shutting down and abandoning module PluginBrowser (107)
[2015.11.22-15.47.01:754][770]LogModuleManager: Shutting down and abandoning module EpicSurvey (106)
[2015.11.22-15.47.01:754][770]LogModuleManager: Shutting down and abandoning module DesktopPlatform (105)
[2015.11.22-15.47.01:754][770]LogModuleManager: Shutting down and abandoning module VisualStudioSourceCodeAccess (104)
[2015.11.22-15.47.01:754][770]LogModuleManager: Shutting down and abandoning module UObjectPlugin (103)
[2015.11.22-15.47.01:754][770]LogModuleManager: Shutting down and abandoning module SubversionSourceControl (102)
[2015.11.22-15.47.01:754][770]LogModuleManager: Shutting down and abandoning module PerforceSourceControl (101)
[2015.11.22-15.47.01:754][770]LogModuleManager: Shutting down and abandoning module SourceControl (100)
[2015.11.22-15.47.01:754][770]LogModuleManager: Shutting down and abandoning module GitSourceControl (99)
[2015.11.22-15.47.01:754][770]LogModuleManager: Shutting down and abandoning module LightPropagationVolumeEditor (98)
[2015.11.22-15.47.01:754][770]LogModuleManager: Shutting down and abandoning module PaperTiledImporter (97)
[2015.11.22-15.47.01:754][770]LogModuleManager: Shutting down and abandoning module PaperSpriteSheetImporter (96)
[2015.11.22-15.47.01:754][770]LogModuleManager: Shutting down and abandoning module MeshPaint (95)
[2015.11.22-15.47.01:754][770]LogModuleManager: Shutting down and abandoning module SlateReflector (94)
[2015.11.22-15.47.01:860][770]LogModuleManager: Shutting down and abandoning module HotReload (93)
[2015.11.22-15.47.01:860][770]LogModuleManager: Shutting down and abandoning module MainFrame (92)
[2015.11.22-15.47.01:860][770]LogModuleManager: Shutting down and abandoning module LevelEditor (91)
[2015.11.22-15.47.01:876][770]LogModuleManager: Shutting down and abandoning module DirectoryWatcher (90)
[2015.11.22-15.47.01:877][770]LogModuleManager: Shutting down and abandoning module AssetRegistry (89)
[2015.11.22-15.47.01:981][770]LogModuleManager: Shutting down and abandoning module ContentBrowser (88)
[2015.11.22-15.47.01:982][770]LogModuleManager: Shutting down and abandoning module Paper2DEditor (87)
[2015.11.22-15.47.02:032][770]LogModuleManager: Shutting down and abandoning module SW_Project2 (86)
[2015.11.22-15.47.02:032][770]LogModuleManager: Shutting down and abandoning module UdpMessaging (85)
[2015.11.22-15.47.02:133][770]LogModuleManager: Shutting down and abandoning module LightPropagationVolumeRuntime (84)
[2015.11.22-15.47.02:133][770]LogModuleManager: Shutting down and abandoning module Paper2D (83)
[2015.11.22-15.47.02:133][770]LogModuleManager: Shutting down and abandoning module WindowsMoviePlayer (82)
[2015.11.22-15.47.02:151][770]LogModuleManager: Shutting down and abandoning module Media (81)
[2015.11.22-15.47.02:151][770]LogModuleManager: Shutting down and abandoning module WmfMedia (80)
[2015.11.22-15.47.02:151][770]LogModuleManager: Shutting down and abandoning module OnlineBlueprintSupport (79)
[2015.11.22-15.47.02:151][770]LogModuleManager: Shutting down and abandoning module GameplayTasksEditor (78)
[2015.11.22-15.47.02:151][770]LogModuleManager: Shutting down and abandoning module PropertyEditor (77)
[2015.11.22-15.47.02:151][770]LogModuleManager: Shutting down and abandoning module BehaviorTreeEditor (76)
[2015.11.22-15.47.02:181][770]LogModuleManager: Shutting down and abandoning module FunctionalTesting (75)
[2015.11.22-15.47.02:181][770]LogModuleManager: Shutting down and abandoning module CollisionAnalyzer (74)
[2015.11.22-15.47.02:181][770]LogModuleManager: Shutting down and abandoning module WorkspaceMenuStructure (73)
[2015.11.22-15.47.02:181][770]LogModuleManager: Shutting down and abandoning module MessageLog (72)
[2015.11.22-15.47.02:181][770]LogModuleManager: Shutting down and abandoning module Sequencer (71)
[2015.11.22-15.47.02:181][770]LogModuleManager: Shutting down and abandoning module AssetTools (70)
[2015.11.22-15.47.02:265][770]LogModuleManager: Shutting down and abandoning module UMGEditor (69)
[2015.11.22-15.47.02:290][770]LogModuleManager: Shutting down and abandoning module UMG (68)
[2015.11.22-15.47.02:290][770]LogModuleManager: Shutting down and abandoning module Slate (67)
[2015.11.22-15.47.02:290][770]LogModuleManager: Shutting down and abandoning module EditorStyle (66)
[2015.11.22-15.47.02:292][770]LogModuleManager: Shutting down and abandoning module SessionServices (65)
[2015.11.22-15.47.02:292][770]LogModuleManager: Shutting down and abandoning module SourceCodeAccess (64)
[2015.11.22-15.47.02:292][770]LogModuleManager: Shutting down and abandoning module HeadMountedDisplay (63)
[2015.11.22-15.47.02:292][770]LogModuleManager: Shutting down and abandoning module XAudio2 (62)
[2015.11.22-15.47.02:292][770]LogModuleManager: Shutting down and abandoning module Networking (60)
[2015.11.22-15.47.02:292][770]LogModuleManager: Shutting down and abandoning module Core (59)
[2015.11.22-15.47.02:292][770]LogModuleManager: Shutting down and abandoning module KismetCompiler (58)
[2015.11.22-15.47.02:292][770]LogModuleManager: Shutting down and abandoning module PhysXFormats (57)
[2015.11.22-15.47.02:292][770]LogModuleManager: Shutting down and abandoning module MeshUtilities (56)
[2015.11.22-15.47.02:320][770]LogModuleManager: Shutting down and abandoning module CookingStats (55)
[2015.11.22-15.47.02:321][770]LogModuleManager: Shutting down and abandoning module DerivedDataCache (54)
[2015.11.22-15.47.02:406][770]LogDerivedDataCache: Shutdown
[2015.11.22-15.47.02:406][770]LogModuleManager: Shutting down and abandoning module ShaderFormatOpenGL (53)
[2015.11.22-15.47.02:476][770]LogModuleManager: Shutting down and abandoning module ShaderFormatD3D (52)
[2015.11.22-15.47.02:476][770]LogModuleManager: Shutting down and abandoning module MetalShaderFormat (51)
[2015.11.22-15.47.02:538][770]LogModuleManager: Shutting down and abandoning module TextureFormatUncompressed (50)
[2015.11.22-15.47.02:538][770]LogModuleManager: Shutting down and abandoning module TextureFormatPVR (49)
[2015.11.22-15.47.02:538][770]LogModuleManager: Shutting down and abandoning module TextureFormatIntelISPCTexComp (48)
[2015.11.22-15.47.02:538][770]LogModuleManager: Shutting down and abandoning module TextureFormatDXT (47)
[2015.11.22-15.47.02:538][770]LogModuleManager: Shutting down and abandoning module ImageWrapper (46)
[2015.11.22-15.47.02:538][770]LogModuleManager: Shutting down and abandoning module TextureFormatASTC (45)
[2015.11.22-15.47.02:538][770]LogModuleManager: Shutting down and abandoning module TextureFormatAndroid (44)
[2015.11.22-15.47.02:538][770]LogModuleManager: Shutting down and abandoning module AudioFormatOpus (43)
[2015.11.22-15.47.02:575][770]LogModuleManager: Shutting down and abandoning module AudioFormatOgg (42)
[2015.11.22-15.47.02:575][770]LogModuleManager: Shutting down and abandoning module AudioFormatADPCM (41)
[2015.11.22-15.47.02:575][770]LogModuleManager: Shutting down and abandoning module LinuxTargetPlatform (40)
[2015.11.22-15.47.02:575][770]LogModuleManager: Shutting down and abandoning module LinuxServerTargetPlatform (39)
[2015.11.22-15.47.02:575][770]LogModuleManager: Shutting down and abandoning module LinuxNoEditorTargetPlatform (38)
[2015.11.22-15.47.02:575][770]LogModuleManager: Shutting down and abandoning module Messaging (37)
[2015.11.22-15.47.02:575][770]LogModuleManager: Shutting down and abandoning module IOSTargetPlatform (36)
[2015.11.22-15.47.02:575][770]LogModuleManager: Shutting down and abandoning module HTML5TargetPlatform (35)
[2015.11.22-15.47.02:575][770]LogModuleManager: Shutting down and abandoning module Android_PVRTCTargetPlatform (34)
[2015.11.22-15.47.02:594][770]LogModuleManager: Shutting down and abandoning module Android_ETC2TargetPlatform (33)
[2015.11.22-15.47.02:641][770]LogModuleManager: Shutting down and abandoning module Android_ETC1TargetPlatform (32)
[2015.11.22-15.47.02:664][770]LogModuleManager: Shutting down and abandoning module Android_DXTTargetPlatform (31)
[2015.11.22-15.47.02:690][770]LogModuleManager: Shutting down and abandoning module Android_ATCTargetPlatform (30)
[2015.11.22-15.47.02:708][770]LogModuleManager: Shutting down and abandoning module Android_ASTCTargetPlatform (29)
[2015.11.22-15.47.02:708][770]LogModuleManager: Shutting down and abandoning module AndroidTargetPlatform (28)
[2015.11.22-15.47.02:755][770]LogModuleManager: Shutting down and abandoning module WindowsTargetPlatform (27)
[2015.11.22-15.47.02:755][770]LogModuleManager: Shutting down and abandoning module WindowsServerTargetPlatform (26)
[2015.11.22-15.47.02:768][770]LogModuleManager: Shutting down and abandoning module WindowsNoEditorTargetPlatform (25)
[2015.11.22-15.47.02:803][770]LogModuleManager: Shutting down and abandoning module WindowsClientTargetPlatform (24)
[2015.11.22-15.47.02:824][770]LogModuleManager: Shutting down and abandoning module AllDesktopTargetPlatform (23)
[2015.11.22-15.47.02:824][770]LogModuleManager: Shutting down and abandoning module TargetPlatform (22)
[2015.11.22-15.47.02:824][770]LogModuleManager: Shutting down and abandoning module InputCore (21)
[2015.11.22-15.47.02:824][770]LogModuleManager: Shutting down and abandoning module Settings (20)
[2015.11.22-15.47.02:824][770]LogModuleManager: Shutting down and abandoning module OnlineSubsystem (18)
[2015.11.22-15.47.02:824][770]LogModuleManager: Shutting down and abandoning module HTTP (17)
[2015.11.22-15.47.04:829][770]LogModuleManager: Shutting down and abandoning module XMPP (16)
[2015.11.22-15.47.04:978][770]LogModuleManager: Shutting down and abandoning module ExampleDeviceProfileSelector (15)
[2015.11.22-15.47.04:978][770]LogModuleManager: Shutting down and abandoning module TextureCompressor (14)
[2015.11.22-15.47.05:003][770]LogModuleManager: Shutting down and abandoning module ShaderCore (13)
[2015.11.22-15.47.05:003][770]LogModuleManager: Shutting down and abandoning module Landscape (12)
[2015.11.22-15.47.05:003][770]LogModuleManager: Shutting down and abandoning module SlateRHIRenderer (11)
[2015.11.22-15.47.05:048][770]LogModuleManager: Shutting down and abandoning module OpenGLDrv (10)
[2015.11.22-15.47.05:064][770]LogModuleManager: Shutting down and abandoning module D3D11RHI (9)
[2015.11.22-15.47.05:064][770]LogModuleManager: Shutting down and abandoning module AnimGraphRuntime (8)
[2015.11.22-15.47.05:064][770]LogModuleManager: Shutting down and abandoning module Renderer (7)
[2015.11.22-15.47.05:064][770]LogModuleManager: Shutting down and abandoning module Engine (6)
[2015.11.22-15.47.05:064][770]LogModuleManager: Shutting down and abandoning module CoreUObject (5)
[2015.11.22-15.47.05:064][770]LogModuleManager: Shutting down and abandoning module NetworkFile (4)
[2015.11.22-15.47.05:101][770]LogModuleManager: Shutting down and abandoning module StreamingFile (3)
[2015.11.22-15.47.05:101][770]LogModuleManager: Shutting down and abandoning module SandboxFile (2)
[2015.11.22-15.47.05:101][770]LogModuleManager: Shutting down and abandoning module PakFile (1)
[2015.11.22-15.47.05:120][770]LogExit: Exiting.
[2015.11.22-15.47.05:167][770]Log file closed, 11/22/15 16:47:05
