[2015.11.24-20.06.36:126][  0]Log file open, 11/24/15 21:06:36
[2015.11.24-20.06.36:126][  0]LogInit:Display: Running engine for game: SW_Project2
[2015.11.24-20.06.36:126][  0]LogInit:Display: RandInit(1580684251) SRandInit(1580684252).
[2015.11.24-20.06.36:126][  0]LogTaskGraph: Started task graph with 4 named threads and 5 total threads.
[2015.11.24-20.06.36:126][  0]LogStats: Stats thread started at 0.063833
[2015.11.24-20.06.36:126][  0]LogInit: Version: 4.9.2-2707645+++depot+UE4-Releases+4.9
[2015.11.24-20.06.36:126][  0]LogInit: API Version: 2672455
[2015.11.24-20.06.36:126][  0]LogInit: Compiled (64-bit): Sep 28 2015 10:25:44
[2015.11.24-20.06.36:126][  0]LogInit: Compiled with Visual C++: 18.00.21005.01
[2015.11.24-20.06.36:126][  0]LogInit: Build Configuration: Development
[2015.11.24-20.06.36:126][  0]LogInit: Branch Name: ++depot+UE4-Releases+4.9
[2015.11.24-20.06.36:126][  0]LogInit: Command line:  
[2015.11.24-20.06.36:126][  0]LogInit: Base directory: C:/Program Files/Epic Games/4.9/Engine/Binaries/Win64/
[2015.11.24-20.06.36:126][  0]LogInit: Rocket: 1
[2015.11.24-20.06.36:144][  0]LogInit: Using libcurl 7.41.0
[2015.11.24-20.06.36:144][  0]LogInit:  - built for x86_64-pc-win32
[2015.11.24-20.06.36:144][  0]LogInit:  - supports SSL with WinSSL
[2015.11.24-20.06.36:144][  0]LogInit:  - other features:
[2015.11.24-20.06.36:144][  0]LogInit:      CURL_VERSION_SSL
[2015.11.24-20.06.36:144][  0]LogInit:      CURL_VERSION_IPV6
[2015.11.24-20.06.36:144][  0]LogInit:      CURL_VERSION_ASYNCHDNS
[2015.11.24-20.06.36:144][  0]LogInit:      CURL_VERSION_LARGEFILE
[2015.11.24-20.06.36:144][  0]LogInit:      CURL_VERSION_IDN
[2015.11.24-20.06.36:145][  0]LogInit:  CurlRequestOptions (configurable via config and command line):
[2015.11.24-20.06.36:145][  0]LogInit:  - bVerifyPeer = true  - Libcurl will verify peer certificate
[2015.11.24-20.06.36:145][  0]LogInit:  - bUseHttpProxy = false  - Libcurl will NOT use HTTP proxy
[2015.11.24-20.06.36:145][  0]LogInit:  - bDontReuseConnections = false  - Libcurl will reuse connections
[2015.11.24-20.06.36:145][  0]LogInit:  - CertBundlePath = nullptr  - Libcurl will use whatever was configured at build time.
[2015.11.24-20.06.36:158][  0]LogInit: Presizing for 0 objects not considered by GC, pre-allocating 0 bytes.
[2015.11.24-20.06.36:186][  0]LogInit: Object subsystem initialized
[2015.11.24-20.06.36:188][  0]LogInit: Selected Device Profile: [Windows]
[2015.11.24-20.06.36:189][  0]LogInit: Applying CVar settings loaded from the selected device profile: [Windows]
[2015.11.24-20.06.36:260][  0]LogInit: Computer: STOFFEPC
[2015.11.24-20.06.36:260][  0]LogInit: User: Stoffe
[2015.11.24-20.06.36:260][  0]LogInit: CPU Page size=4096, Cores=2
[2015.11.24-20.06.36:260][  0]LogInit: High frequency timer resolution =3.222684 MHz
[2015.11.24-20.06.36:260][  0]LogMemory: Memory total: Physical=7.9GB (8GB approx)
[2015.11.24-20.06.36:260][  0]LogMemory: Platform Memory Stats for Windows
[2015.11.24-20.06.36:260][  0]LogMemory: Process Physical Memory: 51.96 MB used, 51.96 MB peak
[2015.11.24-20.06.36:260][  0]LogMemory: Process Virtual Memory: 56.86 MB used, 56.86 MB peak
[2015.11.24-20.06.36:260][  0]LogMemory: Physical Memory: 5902.62 MB used, 8126.94 MB total
[2015.11.24-20.06.36:260][  0]LogMemory: Virtual Memory: 349.46 MB used, 134217728.00 MB total
[2015.11.24-20.06.36:311][  0]LogTextLocalizationManager: No translations for ('sv-SE') exist, falling back to 'en' for localization and internationalization data.
[2015.11.24-20.06.37:468][  0]LogD3D11RHI: Found D3D11 adapter 0: AMD Radeon HD 7800 Series (Feature Level 11_0)
[2015.11.24-20.06.37:468][  0]LogD3D11RHI: Adapter has 2030MB of dedicated video memory, 0MB of dedicated system memory, and 3840MB of shared system memory, 2 output[s]
[2015.11.24-20.06.37:469][  0]LogD3D11RHI: Found D3D11 adapter 1: Microsoft Basic Render Driver (Feature Level 11_0)
[2015.11.24-20.06.37:469][  0]LogD3D11RHI: Adapter has 0MB of dedicated video memory, 0MB of dedicated system memory, and 256MB of shared system memory, 0 output[s]
[2015.11.24-20.06.37:469][  0]LogD3D11RHI: Chosen D3D11 Adapter Id = 0
[2015.11.24-20.06.37:473][  0]LogD3D11RHI: !Direct3DDevice
[2015.11.24-20.06.37:473][  0]LogRHI: Texture pool is 1361 MB (70% of 1945 MB)
[2015.11.24-20.06.37:479][  0]LogD3D11RHI: Async texture creation disabled: no driver support
[2015.11.24-20.06.37:491][  0]LogShaderCompilers: Guid format shader working directory is 15 characters bigger than the processId version (../../../../../../Users/Stoffe/Documents/GitHub/SW_Project2/SW_Project2/Intermediate/Shaders/WorkingDirectory/3500/).
[2015.11.24-20.06.37:491][  0]LogShaderCompilers: Cleaned the shader compiler working directory '../../../../../../Users/Stoffe/Documents/GitHub/SW_Project2/SW_Project2/Intermediate/Shaders/tmp/0E6B070C47DEE6C4F0FF01BA1FDDD238/'.
[2015.11.24-20.06.37:491][  0]LogShaderCompilers:Display: Using Local Shader Compiler.
[2015.11.24-20.06.39:433][  0]LogTemp:Display: Loaded TP AllDesktopTargetPlatform
[2015.11.24-20.06.39:442][  0]LogTemp:Display: Loaded TP WindowsClientTargetPlatform
[2015.11.24-20.06.39:453][  0]LogTemp:Display: Loaded TP WindowsNoEditorTargetPlatform
[2015.11.24-20.06.39:464][  0]LogTemp:Display: Loaded TP WindowsServerTargetPlatform
[2015.11.24-20.06.39:473][  0]LogTemp:Display: Loaded TP WindowsTargetPlatform
[2015.11.24-20.06.39:479][  0]LogTemp:Display: Loaded TP AndroidTargetPlatform
[2015.11.24-20.06.39:484][  0]LogTemp:Display: Loaded TP Android_ASTCTargetPlatform
[2015.11.24-20.06.39:490][  0]LogTemp:Display: Loaded TP Android_ATCTargetPlatform
[2015.11.24-20.06.39:496][  0]LogTemp:Display: Loaded TP Android_DXTTargetPlatform
[2015.11.24-20.06.39:503][  0]LogTemp:Display: Loaded TP Android_ETC1TargetPlatform
[2015.11.24-20.06.39:508][  0]LogTemp:Display: Loaded TP Android_ETC2TargetPlatform
[2015.11.24-20.06.39:516][  0]LogTemp:Display: Loaded TP Android_PVRTCTargetPlatform
[2015.11.24-20.06.39:518][  0]LogTemp:Display: Loaded TP HTML5TargetPlatform
[2015.11.24-20.06.39:540][  0]LogTemp:Display: Loaded TP IOSTargetPlatform
[2015.11.24-20.06.39:546][  0]LogTemp:Display: Loaded TP LinuxNoEditorTargetPlatform
[2015.11.24-20.06.39:552][  0]LogTemp:Display: Loaded TP LinuxServerTargetPlatform
[2015.11.24-20.06.39:558][  0]LogTemp:Display: Loaded TP LinuxTargetPlatform
[2015.11.24-20.06.39:558][  0]LogTargetPlatformManager:Display: Building Assets For Windows
[2015.11.24-20.06.39:816][  0]LogDerivedDataCache:Display: Max Cache Size: 512 MB
[2015.11.24-20.06.39:874][  0]LogDerivedDataCache: Loaded boot cache 0.06s 42MB C:/Users/Stoffe/AppData/Local/UnrealEngine/4.9/DerivedDataCache/Boot.ddc.
[2015.11.24-20.06.39:874][  0]LogDerivedDataCache:Display: Loaded Boot cache: C:/Users/Stoffe/AppData/Local/UnrealEngine/4.9/DerivedDataCache/Boot.ddc
[2015.11.24-20.06.39:874][  0]LogDerivedDataCache: FDerivedDataBackendGraph:  Pak pak cache file ../../../../../../Users/Stoffe/Documents/GitHub/SW_Project2/SW_Project2/DerivedDataCache/DDC.ddp not found, will not use a pak cache.
[2015.11.24-20.06.39:874][  0]LogDerivedDataCache: Unable to find inner node Pak for hierarchical cache Hierarchy.
[2015.11.24-20.06.39:874][  0]LogDerivedDataCache: FDerivedDataBackendGraph:  CompressedPak pak cache file ../../../../../../Users/Stoffe/Documents/GitHub/SW_Project2/SW_Project2/DerivedDataCache/Compressed.ddp not found, will not use a pak cache.
[2015.11.24-20.06.39:874][  0]LogDerivedDataCache: Unable to find inner node CompressedPak for hierarchical cache Hierarchy.
[2015.11.24-20.06.40:074][  0]LogDerivedDataCache:Display: Pak cache opened for reading ../../../Engine/DerivedDataCache/Compressed.ddp.
[2015.11.24-20.06.40:086][  0]LogDerivedDataCache: Using Local data cache path C:/Users/Stoffe/AppData/Local/UnrealEngine/Common/DerivedDataCache: Writable
[2015.11.24-20.06.40:441][  0]LogInit: Selected Device Profile: [Windows]
[2015.11.24-20.06.40:443][  0]LogContentStreaming: Texture pool size is 0.000000MB
[2015.11.24-20.06.40:663][  0]LogMeshUtilities: No automatic mesh reduction module available
[2015.11.24-20.06.40:663][  0]LogMeshUtilities: No automatic mesh merging module available
[2015.11.24-20.06.41:034][  0]LogInit: WinSock: version 1.1 (2.2), MaxSocks=32767, MaxUdp=65467
[2015.11.24-20.06.42:156][  0]UdpMessaging: Initializing bridge on interface 0.0.0.0:0 to multicast group 230.0.0.1:6666.
[2015.11.24-20.06.42:409][  0]LogAssetRegistry: FAssetRegistry took 0.0106 seconds to start up
[2015.11.24-20.06.42:868][  0]SourceControl: Info Source control is disabled
[2015.11.24-20.06.42:934][  0]SourceControl: Info Source control is disabled
[2015.11.24-20.06.42:982][  0]SourceControl: Info Source control is disabled
[2015.11.24-20.06.43:042][  0]SourceControl: Info Source control is disabled
[2015.11.24-20.06.43:732][  0]LogLinker:Warning: Asset '../../../Engine/Plugins/Runtime/LeapMotionController/Content/LM_PassthroughMaterial.uasset' has been saved with empty engine version. The asset will be loaded but may be incompatible.
[2015.11.24-20.06.44:032][  0]LogObj: 28524 objects as part of root set at end of initial load.
[2015.11.24-20.06.44:032][  0]LogUObjectAllocator: 6113752 out of 0 bytes used by permanent object pool.
[2015.11.24-20.06.44:091][  0]LogEngine: Initializing Engine...
[2015.11.24-20.06.44:094][  0]LogHMD: Can't find Oculus library dev build: is proper Runtime installed? Version: 0.7.0.0
[2015.11.24-20.06.44:095][  0]LogHMD: SteamVR failed to initialize.  Err: 110
[2015.11.24-20.06.44:247][  0]LogAIModule: Creating AISystem for world NewWorld
[2015.11.24-20.06.44:252][  0]LogInit: XAudio2 using 'Högtalare (Realtek High Definition Audio)' : 2 channels at 48 kHz using 32 bits per sample (channel mask 0x3)
[2015.11.24-20.06.44:262][  0]LogInit: FAudioDevice initialized.
[2015.11.24-20.06.44:284][  0]LogDerivedDataCache: Saved boot cache 0.02s 42MB C:/Users/Stoffe/AppData/Local/UnrealEngine/4.9/DerivedDataCache/Boot.ddc.
[2015.11.24-20.06.44:287][  0]LogInit: Texture streaming: Enabled
[2015.11.24-20.06.44:295][  0]LogAnalytics: Creating configured Analytics provider AnalyticsET
[2015.11.24-20.06.44:295][  0]LogAnalytics: [UEEditor.Rocket.Release] APIServer = http://et2.epicgames.com/ET2/. AppVersion = 4.9.2-2707645+++depot+UE4-Releases+4.9
[2015.11.24-20.06.44:295][  0]LogAnalytics: [UEEditor.Rocket.Release] SetUserId c2f82278409fbc7e17ba4c8b187827c0|8471e16762be488588a110ad13c08bd6|a2f24018-7849-4a41-8ec9-fa4680d0f5a7
[2015.11.24-20.06.44:295][  0]LogAnalytics: [UEEditor.Rocket.Release] AnalyticsET::StartSession
[2015.11.24-20.06.44:317][  0]LogInit: Transaction tracking system initialized
[2015.11.24-20.06.44:352][  0]BlueprintLog: New page: Editor Load
[2015.11.24-20.06.44:448][  0]LocalizationService: Info Localization service is disabled
[2015.11.24-20.06.44:617][  0]LogConsoleResponse:Display: 
[2015.11.24-20.06.44:816][  0]LogCook:Display: Done creating registry. It took  0.00s.
[2015.11.24-20.06.45:006][  0]LogFileCache: Scanning file cache for directory 'C:/Users/Stoffe/Documents/GitHub/SW_Project2/SW_Project2/Content/' took 0.02s
[2015.11.24-20.06.45:006][  0]SourceControl: Info Source control is disabled
[2015.11.24-20.06.45:006][  0]Cmd: MAP LOAD FILE="../../../../../../Users/Stoffe/Documents/GitHub/SW_Project2/SW_Project2/Content/FlyingCPP/Maps/FlyingExampleMap.umap" TEMPLATE=0 SHOWPROGRESS=1 FEATURELEVEL=3
[2015.11.24-20.06.45:007][  0]LightingResults: New page: Lighting Build
[2015.11.24-20.06.45:015][  0]MapCheck: New page: Map Check
[2015.11.24-20.06.45:015][  0]LightingResults: New page: Lighting Build
[2015.11.24-20.06.45:045][  0]LogParticles: Destroying 0 GPU particle simulations for FXSystem 0x0000003C6671C900
[2015.11.24-20.06.45:892][  0]LogAIModule: Creating AISystem for world FlyingExampleMap
[2015.11.24-20.06.45:928][  0]LogEditorServer: Finished looking for orphan Actors (0.000 secs)
[2015.11.24-20.06.45:929][  0]Cmd: MAP CHECKDEP NOCLEARLOG
[2015.11.24-20.06.46:021][  0]MapCheck: Info Map check complete: 0 Error(s), 0 Warning(s), took 91.285ms to complete.
[2015.11.24-20.06.46:021][  0]LogFileHelpers: Loading map 'FlyingExampleMap' took 1.015
[2015.11.24-20.06.46:246][  0]LogCollectionManager: Loaded 0 collections in 0.005141 seconds
[2015.11.24-20.06.46:297][  0]LogFileCache: Scanning file cache for directory 'C:/Users/Stoffe/Documents/GitHub/SW_Project2/SW_Project2/Saved/Collections/' took 0.02s
[2015.11.24-20.06.46:297][  0]LogFileCache: Scanning file cache for directory 'C:/Users/Stoffe/Documents/GitHub/SW_Project2/SW_Project2/Content/Developers/Stoffe/Collections/' took 0.00s
[2015.11.24-20.06.46:297][  0]LogFileCache: Scanning file cache for directory 'C:/Users/Stoffe/Documents/GitHub/SW_Project2/SW_Project2/Content/Collections/' took 0.02s
[2015.11.24-20.06.46:297][  0]LogContentBrowser: Native class hierarchy populated in 0.0150 seconds. Added 1873 classes and 335 folders.
[2015.11.24-20.06.46:315][  0]LogCollectionManager: Rebuilt the GUID cache for 0 collections in 0.000003 seconds
[2015.11.24-20.06.46:350][  0]LogContentBrowser: Native class hierarchy updated for 'WidgetCarousel' in 0.0020 seconds. Added 0 classes and 0 folders.
[2015.11.24-20.06.46:428][  0]LogContentBrowser: Native class hierarchy updated for 'AddContentDialog' in 0.0025 seconds. Added 0 classes and 0 folders.
[2015.11.24-20.06.46:452][  0]LogContentBrowser: Native class hierarchy updated for 'SceneOutliner' in 0.0018 seconds. Added 1 classes and 2 folders.
[2015.11.24-20.06.46:574][  0]LogCrashTracker: Crashtracker disabled due to settings.
[2015.11.24-20.06.46:583][  0]LogUObjectGlobals:Warning: Failed to find object 'Class None.'
[2015.11.24-20.06.46:609][  0]LogLoad: Full Startup: 13.26 seconds (BP compile: 0.14 seconds)
[2015.11.24-20.06.47:104][  0]LogContentStreaming: Texture pool size now 1000 MB
[2015.11.24-20.06.47:906][  0]LogRenderer: Reallocating scene render targets to support 1028x636 (Frame:2).
[2015.11.24-20.06.49:660][  6]LogAssetRegistry: Asset discovery search completed in 7.2617 seconds
[2015.11.24-20.06.49:660][  6]LogCollectionManager: Rebuilt the object cache for 0 collections in 0.000001 seconds (found 0 objects)
[2015.11.24-20.06.49:660][  6]LogCollectionManager: Fixed up redirectors for 0 collections in 0.000041 seconds (updated 0 objects)
[2015.11.24-20.07.10:865][368]LogAIModule: Creating AISystem for world Map1
[2015.11.24-20.07.11:008][368]LogActorComponent: UnregisterComponent: (/Engine/Transient.ProjectileComp) Not registered. Aborting.
[2015.11.24-20.07.11:042][368]Cmd: MAP LOAD FILE="../../../../../../Users/Stoffe/Documents/GitHub/SW_Project2/SW_Project2/Content/Map1.umap" TEMPLATE=0 SHOWPROGRESS=1 FEATURELEVEL=3
[2015.11.24-20.07.11:042][368]LightingResults: New page: Lighting Build
[2015.11.24-20.07.11:069][368]LoadErrors: New page: Loading map: Map1.umap
[2015.11.24-20.07.11:071][368]MapCheck: New page: Map Check
[2015.11.24-20.07.11:071][368]LightingResults: New page: Lighting Build
[2015.11.24-20.07.11:093][368]LogParticles: Destroying 0 GPU particle simulations for FXSystem 0x0000003C59355300
[2015.11.24-20.07.11:907][368]LogEditorServer: Finished looking for orphan Actors (0.000 secs)
[2015.11.24-20.07.11:956][368]Cmd: MAP CHECKDEP NOCLEARLOG
[2015.11.24-20.07.12:024][368]MapCheck: Info Map check complete: 0 Error(s), 0 Warning(s), took 67.088ms to complete.
[2015.11.24-20.07.12:024][368]LogFileHelpers: Loading map 'Map1' took 0.983
[2015.11.24-20.07.12:077][369]Cmd: UpdateLandscapeEditorData -warnings
[2015.11.24-20.07.12:098][369]Cmd: UpdateLandscapeEditorData
[2015.11.24-20.07.56:687][709]LogPlayLevel: PlayLevel: No blueprints needed recompiling
[2015.11.24-20.07.56:687][709]PIE: New page: PIE session: Map1 (Nov 24, 2015, 10:07:56 PM)
[2015.11.24-20.07.56:687][709]LogPlayLevel: Creating play world package: /Game/UEDPIE_0_Map1
[2015.11.24-20.07.56:992][709]LogPlayLevel: PIE: StaticDuplicateObject took: (0.305067s)
[2015.11.24-20.07.56:993][709]LogAIModule: Creating AISystem for world Map1
[2015.11.24-20.07.56:994][709]LogPlayLevel: PIE: World Init took: (0.001186s)
[2015.11.24-20.07.56:994][709]LogPlayLevel: PIE: Created PIE world by copying editor world from /Game/Map1.Map1 to /Game/UEDPIE_0_Map1.Map1 (0.306643s)
[2015.11.24-20.07.56:994][709]LogActorComponent: UnregisterComponent: (/Engine/Transient.ProjectileComp) Not registered. Aborting.
[2015.11.24-20.07.57:036][709]LogInit: XAudio2 using 'Högtalare (Realtek High Definition Audio)' : 2 channels at 48 kHz using 32 bits per sample (channel mask 0x3)
[2015.11.24-20.07.57:044][709]LogInit: FAudioDevice initialized.
[2015.11.24-20.07.57:106][709]LogWorld: Game class is 'SW_Project2GameMode'
[2015.11.24-20.07.57:385][709]LogWorld: Bringing World /Game/UEDPIE_0_Map1.Map1 up for play (max tick rate 0) at 2015.11.24-21.07.57
[2015.11.24-20.07.57:386][709]LogActor:Warning: GameSession /Game/UEDPIE_0_Map1.Map1:PersistentLevel.GameSession_0 has natively added scene component(s), but none of them were set as the actor's RootComponent - picking one arbitrarily
[2015.11.24-20.07.57:386][709]LogActor:Warning: GameNetworkManager /Game/UEDPIE_0_Map1.Map1:PersistentLevel.GameNetworkManager_0 has natively added scene component(s), but none of them were set as the actor's RootComponent - picking one arbitrarily
[2015.11.24-20.07.57:392][709]LogWorld: Bringing up level for play took: 0.285114
[2015.11.24-20.07.57:394][709]PIE: Info Play in editor start time for /Game/UEDPIE_0_Map1 1.259
[2015.11.24-20.07.58:126][735]LogParticles: Destroying 0 GPU particle simulations for FXSystem 0x0000003C4C309120
[2015.11.24-20.07.58:808][778]Recompiling SW_Project2...
[2015.11.24-20.07.58:808][778]Launching UnrealBuildTool... [C:/Program Files/Epic Games/4.9/Engine/Binaries/DotNET/UnrealBuildTool.exe SW_Project2 -ModuleWithSuffix SW_Project2 1726 Win64 Development -editorrecompile -canskiplink "C:/Users/Stoffe/Documents/GitHub/SW_Project2/SW_Project2/SW_Project2.uproject" -rocket  -rocket]
[2015.11.24-20.07.58:809][778]Warning: Starting HotReload took  0.0s.
[2015.11.24-20.08.04:968][156]CompilerResultsLog: New page: Compilation - Nov 24, 2015, 10:08:04 PM
[2015.11.24-20.08.04:968][156]CompilerResultsLog: Info Compiling game modules for hot reload
[2015.11.24-20.08.04:968][156]CompilerResultsLog: Info Target is up to date.
[2015.11.24-20.08.04:968][156]LogMainFrame: MainFrame: Module compiling took 6.171 seconds
[2015.11.24-20.08.06:529][257]LogPlayLevel: PlayLevel: No blueprints needed recompiling
[2015.11.24-20.08.06:529][257]PIE: New page: PIE session: Map1 (Nov 24, 2015, 10:08:06 PM)
[2015.11.24-20.08.06:529][257]LogPlayLevel: Creating play world package: /Game/UEDPIE_0_Map1
[2015.11.24-20.08.06:844][257]LogPlayLevel: PIE: StaticDuplicateObject took: (0.315022s)
[2015.11.24-20.08.06:845][257]LogAIModule: Creating AISystem for world Map1
[2015.11.24-20.08.06:845][257]LogPlayLevel: PIE: World Init took: (0.000944s)
[2015.11.24-20.08.06:845][257]LogPlayLevel: PIE: Created PIE world by copying editor world from /Game/Map1.Map1 to /Game/UEDPIE_0_Map1.Map1 (0.316313s)
[2015.11.24-20.08.06:881][257]LogInit: XAudio2 using 'Högtalare (Realtek High Definition Audio)' : 2 channels at 48 kHz using 32 bits per sample (channel mask 0x3)
[2015.11.24-20.08.06:891][257]LogInit: FAudioDevice initialized.
[2015.11.24-20.08.06:933][257]LogWorld: Game class is 'SW_Project2GameMode'
[2015.11.24-20.08.07:202][257]LogWorld: Bringing World /Game/UEDPIE_0_Map1.Map1 up for play (max tick rate 0) at 2015.11.24-21.08.07
[2015.11.24-20.08.07:202][257]LogActor:Warning: GameSession /Game/UEDPIE_0_Map1.Map1:PersistentLevel.GameSession_1 has natively added scene component(s), but none of them were set as the actor's RootComponent - picking one arbitrarily
[2015.11.24-20.08.07:202][257]LogActor:Warning: GameNetworkManager /Game/UEDPIE_0_Map1.Map1:PersistentLevel.GameNetworkManager_1 has natively added scene component(s), but none of them were set as the actor's RootComponent - picking one arbitrarily
[2015.11.24-20.08.07:205][257]LogWorld: Bringing up level for play took: 0.271732
[2015.11.24-20.08.07:207][257]PIE: Info Play in editor start time for /Game/UEDPIE_0_Map1 1.071
[2015.11.24-20.08.21:208][176]LogCrashTracker: 


[2015.11.24-20.08.21:208][176]LogCrashTracker: 


[2015.11.24-20.08.21:208][176]LogWindows: === Critical error: ===
Fatal error!



[2015.11.24-20.08.21:404][176]LogExit: Executing StaticShutdownAfterError
[2015.11.24-20.08.21:426][176]LogPhysics:Warning: PHYSX: ..\..\PhysX\src\NpScene.cpp (2946) 8 : PxScene::unlockWrite() called without matching call to PxScene::lockWrite(), behaviour will be undefined.
[2015.11.24-20.08.21:426][176]LogPhysics:Warning: PHYSX: ..\..\PhysX\src\NpScene.cpp (2946) 8 : PxScene::unlockWrite() called without matching call to PxScene::lockWrite(), behaviour will be undefined.
[2015.11.24-20.08.21:426][176]LogPhysics:Warning: PHYSX: ..\..\PhysX\src\NpScene.cpp (2946) 8 : PxScene::unlockWrite() called without matching call to PxScene::lockWrite(), behaviour will be undefined.
[2015.11.24-20.08.21:427][176]LogPhysics:Warning: PHYSX: ..\..\PhysX\src\NpScene.cpp (2946) 8 : PxScene::unlockWrite() called without matching call to PxScene::lockWrite(), behaviour will be undefined.
[2015.11.24-20.08.21:427][176]LogWindows: FPlatformMisc::RequestExit(1)
[2015.11.24-20.08.21:427][176]Log file closed, 11/24/15 21:08:21
