[2015.11.24-19.37.22:463][  0]Log file open, 11/24/15 20:37:22
[2015.11.24-19.37.22:463][  0]LogInit:Display: Running engine for game: SW_Project2
[2015.11.24-19.37.22:463][  0]LogInit:Display: RandInit(226257725) SRandInit(226257726).
[2015.11.24-19.37.22:463][  0]LogTaskGraph: Started task graph with 4 named threads and 5 total threads.
[2015.11.24-19.37.22:463][  0]LogStats: Stats thread started at 0.058236
[2015.11.24-19.37.22:463][  0]LogInit: Version: 4.9.2-2707645+++depot+UE4-Releases+4.9
[2015.11.24-19.37.22:463][  0]LogInit: API Version: 2672455
[2015.11.24-19.37.22:463][  0]LogInit: Compiled (64-bit): Sep 28 2015 10:25:44
[2015.11.24-19.37.22:463][  0]LogInit: Compiled with Visual C++: 18.00.21005.01
[2015.11.24-19.37.22:463][  0]LogInit: Build Configuration: Development
[2015.11.24-19.37.22:463][  0]LogInit: Branch Name: ++depot+UE4-Releases+4.9
[2015.11.24-19.37.22:463][  0]LogInit: Command line:  
[2015.11.24-19.37.22:463][  0]LogInit: Base directory: C:/Program Files/Epic Games/4.9/Engine/Binaries/Win64/
[2015.11.24-19.37.22:463][  0]LogInit: Rocket: 1
[2015.11.24-19.37.22:476][  0]LogInit: Using libcurl 7.41.0
[2015.11.24-19.37.22:476][  0]LogInit:  - built for x86_64-pc-win32
[2015.11.24-19.37.22:476][  0]LogInit:  - supports SSL with WinSSL
[2015.11.24-19.37.22:476][  0]LogInit:  - other features:
[2015.11.24-19.37.22:476][  0]LogInit:      CURL_VERSION_SSL
[2015.11.24-19.37.22:476][  0]LogInit:      CURL_VERSION_IPV6
[2015.11.24-19.37.22:476][  0]LogInit:      CURL_VERSION_ASYNCHDNS
[2015.11.24-19.37.22:476][  0]LogInit:      CURL_VERSION_LARGEFILE
[2015.11.24-19.37.22:476][  0]LogInit:      CURL_VERSION_IDN
[2015.11.24-19.37.22:476][  0]LogInit:  CurlRequestOptions (configurable via config and command line):
[2015.11.24-19.37.22:476][  0]LogInit:  - bVerifyPeer = true  - Libcurl will verify peer certificate
[2015.11.24-19.37.22:476][  0]LogInit:  - bUseHttpProxy = false  - Libcurl will NOT use HTTP proxy
[2015.11.24-19.37.22:476][  0]LogInit:  - bDontReuseConnections = false  - Libcurl will reuse connections
[2015.11.24-19.37.22:476][  0]LogInit:  - CertBundlePath = nullptr  - Libcurl will use whatever was configured at build time.
[2015.11.24-19.37.22:488][  0]LogInit: Presizing for 0 objects not considered by GC, pre-allocating 0 bytes.
[2015.11.24-19.37.22:501][  0]LogInit: Object subsystem initialized
[2015.11.24-19.37.22:503][  0]LogInit: Selected Device Profile: [Windows]
[2015.11.24-19.37.22:503][  0]LogInit: Applying CVar settings loaded from the selected device profile: [Windows]
[2015.11.24-19.37.22:514][  0]LogInit: Computer: STOFFEPC
[2015.11.24-19.37.22:515][  0]LogInit: User: Stoffe
[2015.11.24-19.37.22:515][  0]LogInit: CPU Page size=4096, Cores=2
[2015.11.24-19.37.22:515][  0]LogInit: High frequency timer resolution =3.222684 MHz
[2015.11.24-19.37.22:515][  0]LogMemory: Memory total: Physical=7.9GB (8GB approx)
[2015.11.24-19.37.22:515][  0]LogMemory: Platform Memory Stats for Windows
[2015.11.24-19.37.22:515][  0]LogMemory: Process Physical Memory: 51.86 MB used, 51.86 MB peak
[2015.11.24-19.37.22:515][  0]LogMemory: Process Virtual Memory: 56.82 MB used, 56.82 MB peak
[2015.11.24-19.37.22:515][  0]LogMemory: Physical Memory: 3799.32 MB used, 8126.94 MB total
[2015.11.24-19.37.22:515][  0]LogMemory: Virtual Memory: 349.46 MB used, 134217728.00 MB total
[2015.11.24-19.37.22:605][  0]LogTextLocalizationManager: No translations for ('sv-SE') exist, falling back to 'en' for localization and internationalization data.
[2015.11.24-19.37.23:547][  0]LogD3D11RHI: Found D3D11 adapter 0: AMD Radeon HD 7800 Series (Feature Level 11_0)
[2015.11.24-19.37.23:547][  0]LogD3D11RHI: Adapter has 2030MB of dedicated video memory, 0MB of dedicated system memory, and 3840MB of shared system memory, 2 output[s]
[2015.11.24-19.37.23:548][  0]LogD3D11RHI: Found D3D11 adapter 1: Microsoft Basic Render Driver (Feature Level 11_0)
[2015.11.24-19.37.23:548][  0]LogD3D11RHI: Adapter has 0MB of dedicated video memory, 0MB of dedicated system memory, and 256MB of shared system memory, 0 output[s]
[2015.11.24-19.37.23:548][  0]LogD3D11RHI: Chosen D3D11 Adapter Id = 0
[2015.11.24-19.37.23:552][  0]LogD3D11RHI: !Direct3DDevice
[2015.11.24-19.37.23:552][  0]LogRHI: Texture pool is 1361 MB (70% of 1945 MB)
[2015.11.24-19.37.23:558][  0]LogD3D11RHI: Async texture creation disabled: no driver support
[2015.11.24-19.37.23:568][  0]LogShaderCompilers: Guid format shader working directory is 15 characters bigger than the processId version (../../../../../../Users/Stoffe/Documents/GitHub/SW_Project2/SW_Project2/Intermediate/Shaders/WorkingDirectory/4956/).
[2015.11.24-19.37.23:569][  0]LogShaderCompilers: Cleaned the shader compiler working directory '../../../../../../Users/Stoffe/Documents/GitHub/SW_Project2/SW_Project2/Intermediate/Shaders/tmp/3F718F6C473A03ABBB53D980DB9B9E3A/'.
[2015.11.24-19.37.23:569][  0]LogShaderCompilers:Display: Using Local Shader Compiler.
[2015.11.24-19.37.25:292][  0]LogTemp:Display: Loaded TP AllDesktopTargetPlatform
[2015.11.24-19.37.25:297][  0]LogTemp:Display: Loaded TP WindowsClientTargetPlatform
[2015.11.24-19.37.25:303][  0]LogTemp:Display: Loaded TP WindowsNoEditorTargetPlatform
[2015.11.24-19.37.25:310][  0]LogTemp:Display: Loaded TP WindowsServerTargetPlatform
[2015.11.24-19.37.25:319][  0]LogTemp:Display: Loaded TP WindowsTargetPlatform
[2015.11.24-19.37.25:325][  0]LogTemp:Display: Loaded TP AndroidTargetPlatform
[2015.11.24-19.37.25:330][  0]LogTemp:Display: Loaded TP Android_ASTCTargetPlatform
[2015.11.24-19.37.25:334][  0]LogTemp:Display: Loaded TP Android_ATCTargetPlatform
[2015.11.24-19.37.25:339][  0]LogTemp:Display: Loaded TP Android_DXTTargetPlatform
[2015.11.24-19.37.25:345][  0]LogTemp:Display: Loaded TP Android_ETC1TargetPlatform
[2015.11.24-19.37.25:349][  0]LogTemp:Display: Loaded TP Android_ETC2TargetPlatform
[2015.11.24-19.37.25:353][  0]LogTemp:Display: Loaded TP Android_PVRTCTargetPlatform
[2015.11.24-19.37.25:354][  0]LogTemp:Display: Loaded TP HTML5TargetPlatform
[2015.11.24-19.37.25:373][  0]LogTemp:Display: Loaded TP IOSTargetPlatform
[2015.11.24-19.37.25:376][  0]LogTemp:Display: Loaded TP LinuxNoEditorTargetPlatform
[2015.11.24-19.37.25:379][  0]LogTemp:Display: Loaded TP LinuxServerTargetPlatform
[2015.11.24-19.37.25:383][  0]LogTemp:Display: Loaded TP LinuxTargetPlatform
[2015.11.24-19.37.25:383][  0]LogTargetPlatformManager:Display: Building Assets For Windows
[2015.11.24-19.37.25:591][  0]LogDerivedDataCache:Display: Max Cache Size: 512 MB
[2015.11.24-19.37.26:470][  0]LogDerivedDataCache: Loaded boot cache 0.86s 42MB C:/Users/Stoffe/AppData/Local/UnrealEngine/4.9/DerivedDataCache/Boot.ddc.
[2015.11.24-19.37.26:470][  0]LogDerivedDataCache:Display: Loaded Boot cache: C:/Users/Stoffe/AppData/Local/UnrealEngine/4.9/DerivedDataCache/Boot.ddc
[2015.11.24-19.37.26:470][  0]LogDerivedDataCache: FDerivedDataBackendGraph:  Pak pak cache file ../../../../../../Users/Stoffe/Documents/GitHub/SW_Project2/SW_Project2/DerivedDataCache/DDC.ddp not found, will not use a pak cache.
[2015.11.24-19.37.26:470][  0]LogDerivedDataCache: Unable to find inner node Pak for hierarchical cache Hierarchy.
[2015.11.24-19.37.26:470][  0]LogDerivedDataCache: FDerivedDataBackendGraph:  CompressedPak pak cache file ../../../../../../Users/Stoffe/Documents/GitHub/SW_Project2/SW_Project2/DerivedDataCache/Compressed.ddp not found, will not use a pak cache.
[2015.11.24-19.37.26:470][  0]LogDerivedDataCache: Unable to find inner node CompressedPak for hierarchical cache Hierarchy.
[2015.11.24-19.37.26:692][  0]LogDerivedDataCache:Display: Pak cache opened for reading ../../../Engine/DerivedDataCache/Compressed.ddp.
[2015.11.24-19.37.26:704][  0]LogDerivedDataCache: Using Local data cache path C:/Users/Stoffe/AppData/Local/UnrealEngine/Common/DerivedDataCache: Writable
[2015.11.24-19.37.33:337][  0]LogInit: Selected Device Profile: [Windows]
[2015.11.24-19.37.33:355][  0]LogContentStreaming: Texture pool size is 0.000000MB
[2015.11.24-19.37.33:862][  0]LogMeshUtilities: No automatic mesh reduction module available
[2015.11.24-19.37.33:862][  0]LogMeshUtilities: No automatic mesh merging module available
[2015.11.24-19.37.35:212][  0]LogInit: WinSock: version 1.1 (2.2), MaxSocks=32767, MaxUdp=65467
[2015.11.24-19.37.57:409][  0]UdpMessaging: Initializing bridge on interface 0.0.0.0:0 to multicast group 230.0.0.1:6666.
[2015.11.24-19.37.58:307][  0]LogAssetRegistry: FAssetRegistry took 0.0112 seconds to start up
[2015.11.24-19.38.01:338][  0]SourceControl: Info Source control is disabled
[2015.11.24-19.38.01:561][  0]SourceControl: Info Source control is disabled
[2015.11.24-19.38.01:674][  0]SourceControl: Info Source control is disabled
[2015.11.24-19.38.01:742][  0]SourceControl: Info Source control is disabled
[2015.11.24-19.38.02:972][  0]LogLinker:Warning: Asset '../../../Engine/Plugins/Runtime/LeapMotionController/Content/LM_PassthroughMaterial.uasset' has been saved with empty engine version. The asset will be loaded but may be incompatible.
[2015.11.24-19.38.03:400][  0]LogObj: 28524 objects as part of root set at end of initial load.
[2015.11.24-19.38.03:400][  0]LogUObjectAllocator: 6113752 out of 0 bytes used by permanent object pool.
[2015.11.24-19.38.03:919][  0]LogEngine: Initializing Engine...
[2015.11.24-19.38.03:956][  0]LogHMD: Can't find Oculus library dev build: is proper Runtime installed? Version: 0.7.0.0
[2015.11.24-19.38.04:029][  0]LogHMD: SteamVR failed to initialize.  Err: 110
[2015.11.24-19.38.04:428][  0]LogAIModule: Creating AISystem for world NewWorld
[2015.11.24-19.38.04:481][  0]LogInit: XAudio2 using 'Högtalare (Realtek High Definition Audio)' : 2 channels at 48 kHz using 32 bits per sample (channel mask 0x3)
[2015.11.24-19.38.04:491][  0]LogInit: FAudioDevice initialized.
[2015.11.24-19.38.04:513][  0]LogDerivedDataCache: Saved boot cache 0.02s 42MB C:/Users/Stoffe/AppData/Local/UnrealEngine/4.9/DerivedDataCache/Boot.ddc.
[2015.11.24-19.38.04:516][  0]LogInit: Texture streaming: Enabled
[2015.11.24-19.38.04:547][  0]LogAnalytics: Creating configured Analytics provider AnalyticsET
[2015.11.24-19.38.04:547][  0]LogAnalytics: [UEEditor.Rocket.Release] APIServer = http://et2.epicgames.com/ET2/. AppVersion = 4.9.2-2707645+++depot+UE4-Releases+4.9
[2015.11.24-19.38.04:547][  0]LogAnalytics: [UEEditor.Rocket.Release] SetUserId c2f82278409fbc7e17ba4c8b187827c0|8471e16762be488588a110ad13c08bd6|a2f24018-7849-4a41-8ec9-fa4680d0f5a7
[2015.11.24-19.38.04:551][  0]LogAnalytics: [UEEditor.Rocket.Release] AnalyticsET::StartSession
[2015.11.24-19.38.04:596][  0]LogWindowsTextInputMethodSystem:Display: IME system now deactivated.
[2015.11.24-19.38.04:838][  0]LogInit: Transaction tracking system initialized
[2015.11.24-19.38.06:314][  0]BlueprintLog: New page: Editor Load
[2015.11.24-19.38.17:378][  0]LocalizationService: Info Localization service is disabled
[2015.11.24-19.38.18:246][  0]LogConsoleResponse:Display: 
[2015.11.24-19.38.19:915][  0]LogFileCache: Scanning file cache for directory 'C:/Users/Stoffe/Documents/GitHub/SW_Project2/SW_Project2/Content/' took 0.02s
[2015.11.24-19.38.19:915][  0]LogCook:Display: Done creating registry. It took  0.00s.
[2015.11.24-19.38.21:814][  0]SourceControl: Info Source control is disabled
[2015.11.24-19.38.21:820][  0]Cmd: MAP LOAD FILE="../../../../../../Users/Stoffe/Documents/GitHub/SW_Project2/SW_Project2/Content/FlyingCPP/Maps/FlyingExampleMap.umap" TEMPLATE=0 SHOWPROGRESS=1 FEATURELEVEL=3
[2015.11.24-19.38.21:821][  0]LightingResults: New page: Lighting Build
[2015.11.24-19.38.21:843][  0]MapCheck: New page: Map Check
[2015.11.24-19.38.21:843][  0]LightingResults: New page: Lighting Build
[2015.11.24-19.38.21:921][  0]LogParticles: Destroying 0 GPU particle simulations for FXSystem 0x000000B51F06C900
[2015.11.24-19.38.22:994][  0]LogAIModule: Creating AISystem for world FlyingExampleMap
[2015.11.24-19.38.23:042][  0]LogEditorServer: Finished looking for orphan Actors (0.000 secs)
[2015.11.24-19.38.23:043][  0]Cmd: MAP CHECKDEP NOCLEARLOG
[2015.11.24-19.38.23:114][  0]MapCheck: Info Map check complete: 0 Error(s), 0 Warning(s), took 71.287ms to complete.
[2015.11.24-19.38.23:114][  0]LogFileHelpers: Loading map 'FlyingExampleMap' took 1.294
[2015.11.24-19.38.23:724][  0]LogCollectionManager: Loaded 0 collections in 0.002481 seconds
[2015.11.24-19.38.23:767][  0]LogFileCache: Scanning file cache for directory 'C:/Users/Stoffe/Documents/GitHub/SW_Project2/SW_Project2/Saved/Collections/' took 0.01s
[2015.11.24-19.38.23:767][  0]LogFileCache: Scanning file cache for directory 'C:/Users/Stoffe/Documents/GitHub/SW_Project2/SW_Project2/Content/Developers/Stoffe/Collections/' took 0.01s
[2015.11.24-19.38.23:767][  0]LogFileCache: Scanning file cache for directory 'C:/Users/Stoffe/Documents/GitHub/SW_Project2/SW_Project2/Content/Collections/' took 0.01s
[2015.11.24-19.38.23:767][  0]LogContentBrowser: Native class hierarchy populated in 0.0084 seconds. Added 1873 classes and 335 folders.
[2015.11.24-19.38.23:802][  0]LogCollectionManager: Rebuilt the GUID cache for 0 collections in 0.000005 seconds
[2015.11.24-19.38.23:835][  0]LogContentBrowser: Native class hierarchy updated for 'WidgetCarousel' in 0.0012 seconds. Added 0 classes and 0 folders.
[2015.11.24-19.38.25:684][  0]LogContentBrowser: Native class hierarchy updated for 'AddContentDialog' in 0.0013 seconds. Added 0 classes and 0 folders.
[2015.11.24-19.38.25:776][  0]LogContentBrowser: Native class hierarchy updated for 'SceneOutliner' in 0.0014 seconds. Added 1 classes and 2 folders.
[2015.11.24-19.38.26:135][  0]LogCrashTracker: Crashtracker disabled due to settings.
[2015.11.24-19.38.26:166][  0]LogUObjectGlobals:Warning: Failed to find object 'Class None.'
[2015.11.24-19.38.26:205][  0]LogLoad: Full Startup: 65.86 seconds (BP compile: 0.34 seconds)
[2015.11.24-19.38.26:323][  0]LogContentStreaming: Texture pool size now 1000 MB
[2015.11.24-19.38.26:534][  0]LogRenderer: Reallocating scene render targets to support 1028x636 (Frame:2).
[2015.11.24-19.38.28:038][  4]LogAssetRegistry: Asset discovery search completed in 29.7423 seconds
[2015.11.24-19.38.28:038][  4]LogCollectionManager: Rebuilt the object cache for 0 collections in 0.000001 seconds (found 0 objects)
[2015.11.24-19.38.28:038][  4]LogCollectionManager: Fixed up redirectors for 0 collections in 0.000037 seconds (updated 0 objects)
[2015.11.24-19.38.33:936][122]LogAIModule: Creating AISystem for world Map1
[2015.11.24-19.38.34:074][122]LogActorComponent: UnregisterComponent: (/Engine/Transient.ProjectileComp) Not registered. Aborting.
[2015.11.24-19.38.34:108][122]Cmd: MAP LOAD FILE="../../../../../../Users/Stoffe/Documents/GitHub/SW_Project2/SW_Project2/Content/Map1.umap" TEMPLATE=0 SHOWPROGRESS=1 FEATURELEVEL=3
[2015.11.24-19.38.34:108][122]LightingResults: New page: Lighting Build
[2015.11.24-19.38.34:129][122]LoadErrors: New page: Loading map: Map1.umap
[2015.11.24-19.38.34:151][122]MapCheck: New page: Map Check
[2015.11.24-19.38.34:151][122]LightingResults: New page: Lighting Build
[2015.11.24-19.38.34:184][122]LogParticles: Destroying 0 GPU particle simulations for FXSystem 0x000000B50FEC3420
[2015.11.24-19.38.34:952][122]LogEditorServer: Finished looking for orphan Actors (0.000 secs)
[2015.11.24-19.38.34:984][122]Cmd: MAP CHECKDEP NOCLEARLOG
[2015.11.24-19.38.35:047][122]MapCheck: Info Map check complete: 0 Error(s), 0 Warning(s), took 62.394ms to complete.
[2015.11.24-19.38.35:047][122]LogFileHelpers: Loading map 'Map1' took 0.940
[2015.11.24-19.38.35:100][123]Cmd: UpdateLandscapeEditorData -warnings
[2015.11.24-19.38.35:121][123]Cmd: UpdateLandscapeEditorData
[2015.11.24-19.39.16:418][171]LogPlayLevel: PlayLevel: No blueprints needed recompiling
[2015.11.24-19.39.16:492][171]PIE: New page: PIE session: Map1 (Nov 24, 2015, 9:39:16 PM)
[2015.11.24-19.39.16:492][171]LogPlayLevel: Creating play world package: /Game/UEDPIE_0_Map1
[2015.11.24-19.39.16:740][171]LogPlayLevel: PIE: StaticDuplicateObject took: (0.247096s)
[2015.11.24-19.39.16:741][171]LogAIModule: Creating AISystem for world Map1
[2015.11.24-19.39.16:741][171]LogPlayLevel: PIE: World Init took: (0.001201s)
[2015.11.24-19.39.16:741][171]LogPlayLevel: PIE: Created PIE world by copying editor world from /Game/Map1.Map1 to /Game/UEDPIE_0_Map1.Map1 (0.248624s)
[2015.11.24-19.39.16:742][171]LogActorComponent: UnregisterComponent: (/Engine/Transient.ProjectileComp) Not registered. Aborting.
[2015.11.24-19.39.16:769][171]LogInit: XAudio2 using 'Högtalare (Realtek High Definition Audio)' : 2 channels at 48 kHz using 32 bits per sample (channel mask 0x3)
[2015.11.24-19.39.16:776][171]LogInit: FAudioDevice initialized.
[2015.11.24-19.39.16:918][171]LogWorld: Game class is 'SW_Project2GameMode'
[2015.11.24-19.39.17:159][171]LogWorld: Bringing World /Game/UEDPIE_0_Map1.Map1 up for play (max tick rate 0) at 2015.11.24-20.39.17
[2015.11.24-19.39.17:159][171]LogActor:Warning: GameSession /Game/UEDPIE_0_Map1.Map1:PersistentLevel.GameSession_0 has natively added scene component(s), but none of them were set as the actor's RootComponent - picking one arbitrarily
[2015.11.24-19.39.17:159][171]LogActor:Warning: GameNetworkManager /Game/UEDPIE_0_Map1.Map1:PersistentLevel.GameNetworkManager_0 has natively added scene component(s), but none of them were set as the actor's RootComponent - picking one arbitrarily
[2015.11.24-19.39.17:162][171]LogWorld: Bringing up level for play took: 0.218877
[2015.11.24-19.39.17:182][171]PIE: Info Play in editor start time for /Game/UEDPIE_0_Map1 1.046
[2015.11.24-19.39.26:140][883]LogParticles: Destroying 0 GPU particle simulations for FXSystem 0x000000B52608C540
[2015.11.24-19.40.05:070][623]LogActorComponent: UnregisterComponent: (/Engine/Transient.ProjectileComp) Not registered. Aborting.
[2015.11.24-19.40.05:178][623]Cmd: OBJ SAVEPACKAGE PACKAGE="/Game/Map1" FILE="../../../../../../Users/Stoffe/Documents/GitHub/SW_Project2/SW_Project2/Content/Map1.umap" SILENT=true AUTOSAVING=false KEEPDIRTY=false
[2015.11.24-19.40.06:905][623]LogSavePackage: Save=1683.795898ms
[2015.11.24-19.40.06:905][623]LogSavePackage: Moving '../../../../../../Users/Stoffe/Documents/GitHub/SW_Project2/SW_Project2/Saved/Map19FFCF293488FC05288CE03B67F5EE65E.tmp' to '../../../../../../Users/Stoffe/Documents/GitHub/SW_Project2/SW_Project2/Content/Map1.umap'
[2015.11.24-19.40.06:910][623]LogSavePackage: Total save time: 1707.310118ms
[2015.11.24-19.40.06:910][623]LogSavePackage:Warning: Finished SavePackage ../../../../../../Users/Stoffe/Documents/GitHub/SW_Project2/SW_Project2/Content/Map1.umap
[2015.11.24-19.40.07:001][623]LogFileHelpers: Saving map 'Map1' took 1.874
[2015.11.24-19.40.47:686][475]Cmd: EDIT COPY
[2015.11.24-19.40.48:124][501]Cmd: EDIT PASTE
[2015.11.24-19.40.54:198][905]LogPlayLevel: PlayLevel: No blueprints needed recompiling
[2015.11.24-19.40.54:198][905]PIE: New page: PIE session: Map1 (Nov 24, 2015, 9:40:54 PM)
[2015.11.24-19.40.54:198][905]LogPlayLevel: Creating play world package: /Game/UEDPIE_0_Map1
[2015.11.24-19.40.54:405][905]LogPlayLevel: PIE: StaticDuplicateObject took: (0.206462s)
[2015.11.24-19.40.54:406][905]LogAIModule: Creating AISystem for world Map1
[2015.11.24-19.40.54:407][905]LogPlayLevel: PIE: World Init took: (0.001412s)
[2015.11.24-19.40.54:407][905]LogPlayLevel: PIE: Created PIE world by copying editor world from /Game/Map1.Map1 to /Game/UEDPIE_0_Map1.Map1 (0.208206s)
[2015.11.24-19.40.54:434][905]LogInit: XAudio2 using 'Högtalare (Realtek High Definition Audio)' : 2 channels at 48 kHz using 32 bits per sample (channel mask 0x3)
[2015.11.24-19.40.54:440][905]LogInit: FAudioDevice initialized.
[2015.11.24-19.40.54:478][905]LogWorld: Game class is 'SW_Project2GameMode'
[2015.11.24-19.40.54:708][905]LogWorld: Bringing World /Game/UEDPIE_0_Map1.Map1 up for play (max tick rate 0) at 2015.11.24-20.40.54
[2015.11.24-19.40.54:708][905]LogActor:Warning: GameSession /Game/UEDPIE_0_Map1.Map1:PersistentLevel.GameSession_1 has natively added scene component(s), but none of them were set as the actor's RootComponent - picking one arbitrarily
[2015.11.24-19.40.54:709][905]LogActor:Warning: GameNetworkManager /Game/UEDPIE_0_Map1.Map1:PersistentLevel.GameNetworkManager_1 has natively added scene component(s), but none of them were set as the actor's RootComponent - picking one arbitrarily
[2015.11.24-19.40.54:712][905]LogWorld: Bringing up level for play took: 0.233485
[2015.11.24-19.40.54:713][905]PIE: Info Play in editor start time for /Game/UEDPIE_0_Map1 0.577
[2015.11.24-19.41.09:844][169]LogParticles: Destroying 0 GPU particle simulations for FXSystem 0x000000B5253CC360
[2015.11.24-19.41.43:866][596]LogPlayLevel: PlayLevel: No blueprints needed recompiling
[2015.11.24-19.41.43:866][596]PIE: New page: PIE session: Map1 (Nov 24, 2015, 9:41:43 PM)
[2015.11.24-19.41.43:866][596]LogPlayLevel: Creating play world package: /Game/UEDPIE_0_Map1
[2015.11.24-19.41.44:074][596]LogPlayLevel: PIE: StaticDuplicateObject took: (0.207600s)
[2015.11.24-19.41.44:074][596]LogAIModule: Creating AISystem for world Map1
[2015.11.24-19.41.44:075][596]LogPlayLevel: PIE: World Init took: (0.001174s)
[2015.11.24-19.41.44:075][596]LogPlayLevel: PIE: Created PIE world by copying editor world from /Game/Map1.Map1 to /Game/UEDPIE_0_Map1.Map1 (0.209132s)
[2015.11.24-19.41.44:105][596]LogInit: XAudio2 using 'Högtalare (Realtek High Definition Audio)' : 2 channels at 48 kHz using 32 bits per sample (channel mask 0x3)
[2015.11.24-19.41.44:111][596]LogInit: FAudioDevice initialized.
[2015.11.24-19.41.44:149][596]LogWorld: Game class is 'SW_Project2GameMode'
[2015.11.24-19.41.44:378][596]LogWorld: Bringing World /Game/UEDPIE_0_Map1.Map1 up for play (max tick rate 0) at 2015.11.24-20.41.44
[2015.11.24-19.41.44:378][596]LogActor:Warning: GameSession /Game/UEDPIE_0_Map1.Map1:PersistentLevel.GameSession_2 has natively added scene component(s), but none of them were set as the actor's RootComponent - picking one arbitrarily
[2015.11.24-19.41.44:378][596]LogActor:Warning: GameNetworkManager /Game/UEDPIE_0_Map1.Map1:PersistentLevel.GameNetworkManager_2 has natively added scene component(s), but none of them were set as the actor's RootComponent - picking one arbitrarily
[2015.11.24-19.41.44:381][596]LogWorld: Bringing up level for play took: 0.231915
[2015.11.24-19.41.44:382][596]PIE: Info Play in editor start time for /Game/UEDPIE_0_Map1 0.247
[2015.11.24-19.41.50:873][145]LogParticles: Destroying 0 GPU particle simulations for FXSystem 0x000000B5454260C0
[2015.11.24-19.41.53:902][362]LogEditorViewport: Clicking on Actor (LMB): BlockingVolume (BlockingVolume)
[2015.11.24-19.42.10:388][454]LogPlayLevel: PlayLevel: No blueprints needed recompiling
[2015.11.24-19.42.10:388][454]PIE: New page: PIE session: Map1 (Nov 24, 2015, 9:42:10 PM)
[2015.11.24-19.42.10:388][454]LogPlayLevel: Creating play world package: /Game/UEDPIE_0_Map1
[2015.11.24-19.42.10:579][454]LogPlayLevel: PIE: StaticDuplicateObject took: (0.190807s)
[2015.11.24-19.42.10:580][454]LogAIModule: Creating AISystem for world Map1
[2015.11.24-19.42.10:580][454]LogPlayLevel: PIE: World Init took: (0.001354s)
[2015.11.24-19.42.10:581][454]LogPlayLevel: PIE: Created PIE world by copying editor world from /Game/Map1.Map1 to /Game/UEDPIE_0_Map1.Map1 (0.192615s)
[2015.11.24-19.42.10:581][454]LogActorComponent: UnregisterComponent: (/Engine/Transient.ProjectileComp) Not registered. Aborting.
[2015.11.24-19.42.10:609][454]LogInit: XAudio2 using 'Högtalare (Realtek High Definition Audio)' : 2 channels at 48 kHz using 32 bits per sample (channel mask 0x3)
[2015.11.24-19.42.10:617][454]LogInit: FAudioDevice initialized.
[2015.11.24-19.42.10:657][454]LogWorld: Game class is 'SW_Project2GameMode'
[2015.11.24-19.42.10:886][454]LogWorld: Bringing World /Game/UEDPIE_0_Map1.Map1 up for play (max tick rate 0) at 2015.11.24-20.42.10
[2015.11.24-19.42.10:886][454]LogActor:Warning: GameSession /Game/UEDPIE_0_Map1.Map1:PersistentLevel.GameSession_3 has natively added scene component(s), but none of them were set as the actor's RootComponent - picking one arbitrarily
[2015.11.24-19.42.10:887][454]LogActor:Warning: GameNetworkManager /Game/UEDPIE_0_Map1.Map1:PersistentLevel.GameNetworkManager_3 has natively added scene component(s), but none of them were set as the actor's RootComponent - picking one arbitrarily
[2015.11.24-19.42.10:889][454]LogWorld: Bringing up level for play took: 0.231715
[2015.11.24-19.42.10:891][454]PIE: Info Play in editor start time for /Game/UEDPIE_0_Map1 0.755
[2015.11.24-19.42.16:338][917]LogParticles: Destroying 0 GPU particle simulations for FXSystem 0x000000B54838A200
[2015.11.24-19.42.19:235][123]Cmd: DELETE
[2015.11.24-19.42.19:236][123]Cmd: ACTOR DELETE
[2015.11.24-19.42.19:239][123]LogEditorActor: Deleted Actor: BlockingVolume
[2015.11.24-19.42.19:285][123]LogEditorActor: Deleted 1 Actors (0.049 secs)
[2015.11.24-19.43.07:350][925]LogVSAccessor:Warning: Visual Studio is open but could not be queried - it may be blocked by a modal operation
[2015.11.24-19.43.17:333][926]LogVSAccessor:Warning: Couldn't goto line number '0' in 'C:/Users/Stoffe/Documents/GitHub/SW_Project2/SW_Project2/Source/SW_Project2/SW_Project2Pawn.h'
[2015.11.24-19.43.17:439][926]LogVSAccessor:Warning: Couldn't goto line number '0' in 'C:/Users/Stoffe/Documents/GitHub/SW_Project2/SW_Project2/Source/SW_Project2/SW_Project2Pawn.cpp'
[2015.11.24-19.43.55:046][ 90]Recompiling SW_Project2...
[2015.11.24-19.43.55:047][ 90]Launching UnrealBuildTool... [C:/Program Files/Epic Games/4.9/Engine/Binaries/DotNET/UnrealBuildTool.exe SW_Project2 -ModuleWithSuffix SW_Project2 9230 Win64 Development -editorrecompile -canskiplink "C:/Users/Stoffe/Documents/GitHub/SW_Project2/SW_Project2/SW_Project2.uproject" -rocket  -rocket]
[2015.11.24-19.43.55:048][ 90]Warning: Starting HotReload took  0.1s.
[2015.11.24-19.48.50:545][139]CompilerResultsLog: New page: Compilation - Nov 24, 2015, 9:48:50 PM
[2015.11.24-19.48.50:545][139]CompilerResultsLog: Info Compiling game modules for hot reload
[2015.11.24-19.48.50:545][139]CompilerResultsLog: Info Performing 2 actions (2 in parallel)
[2015.11.24-19.48.50:545][139]CompilerResultsLog: Info SW_Project2Pawn.cpp
[2015.11.24-19.48.50:545][139]CompilerResultsLog: Info [2/2] Link UE4Editor-SW_Project2-9230.dll
[2015.11.24-19.48.50:546][139]CompilerResultsLog: Info    Creating library C:\Users\Stoffe\Documents\GitHub\SW_Project2\SW_Project2\Intermediate/Build/Win64\UE4Editor\Development\UE4Editor-SW_Project2-9230.lib and object C:\Users\Stoffe\Documents\GitHub\SW_Project2\SW_Project2\Intermediate/Build/Win64\UE4Editor\Development\UE4Editor-SW_Project2-9230.exp
[2015.11.24-19.48.50:546][139]CompilerResultsLog: Info -------- End Detailed Actions Stats -----------------------------------------------------------
[2015.11.24-19.48.50:546][139]CompilerResultsLog: Info Total build time: 293,44 seconds
[2015.11.24-19.48.50:546][139]LogMainFrame: MainFrame: Module compiling took 295.510 seconds
[2015.11.24-19.48.50:546][139]LogActorComponent: UnregisterComponent: (/Engine/Transient.ProjectileComp) Not registered. Aborting.
[2015.11.24-19.48.50:602][139]LogContentBrowser: Native class hierarchy updated for 'SW_Project2' in 0.0021 seconds. Added 6 classes and 2 folders.
[2015.11.24-19.48.50:604][139]Warning: HotReload successful (1 functions remapped  0 scriptstructs remapped)
[2015.11.24-19.48.50:757][139]LogContentBrowser: Native class hierarchy populated in 0.0171 seconds. Added 1874 classes and 337 folders.
[2015.11.24-19.48.53:410][236]LogPlayLevel: PlayLevel: No blueprints needed recompiling
[2015.11.24-19.48.53:410][236]PIE: New page: PIE session: Map1 (Nov 24, 2015, 9:48:53 PM)
[2015.11.24-19.48.53:411][236]LogPlayLevel: Creating play world package: /Game/UEDPIE_0_Map1
[2015.11.24-19.48.53:645][236]LogPlayLevel: PIE: StaticDuplicateObject took: (0.233814s)
[2015.11.24-19.48.53:646][236]LogAIModule: Creating AISystem for world Map1
[2015.11.24-19.48.53:646][236]LogPlayLevel: PIE: World Init took: (0.001069s)
[2015.11.24-19.48.53:647][236]LogPlayLevel: PIE: Created PIE world by copying editor world from /Game/Map1.Map1 to /Game/UEDPIE_0_Map1.Map1 (0.235243s)
[2015.11.24-19.48.53:679][236]LogInit: XAudio2 using 'Högtalare (Realtek High Definition Audio)' : 2 channels at 48 kHz using 32 bits per sample (channel mask 0x3)
[2015.11.24-19.48.53:688][236]LogInit: FAudioDevice initialized.
[2015.11.24-19.48.53:731][236]LogWorld: Game class is 'SW_Project2GameMode'
[2015.11.24-19.48.53:990][236]LogWorld: Bringing World /Game/UEDPIE_0_Map1.Map1 up for play (max tick rate 0) at 2015.11.24-20.48.53
[2015.11.24-19.48.53:990][236]LogActor:Warning: GameSession /Game/UEDPIE_0_Map1.Map1:PersistentLevel.GameSession_4 has natively added scene component(s), but none of them were set as the actor's RootComponent - picking one arbitrarily
[2015.11.24-19.48.53:990][236]LogActor:Warning: GameNetworkManager /Game/UEDPIE_0_Map1.Map1:PersistentLevel.GameNetworkManager_4 has natively added scene component(s), but none of them were set as the actor's RootComponent - picking one arbitrarily
[2015.11.24-19.48.53:994][236]LogWorld: Bringing up level for play took: 0.262086
[2015.11.24-19.48.53:996][236]PIE: Info Play in editor start time for /Game/UEDPIE_0_Map1 -0.14
[2015.11.24-19.49.01:270][814]LogParticles: Destroying 0 GPU particle simulations for FXSystem 0x000000B524BD2FC0
[2015.11.24-19.49.13:965][659]LogPlayLevel: PlayLevel: No blueprints needed recompiling
[2015.11.24-19.49.13:965][659]PIE: New page: PIE session: Map1 (Nov 24, 2015, 9:49:13 PM)
[2015.11.24-19.49.13:965][659]LogPlayLevel: Creating play world package: /Game/UEDPIE_0_Map1
[2015.11.24-19.49.14:174][659]LogPlayLevel: PIE: StaticDuplicateObject took: (0.208777s)
[2015.11.24-19.49.14:174][659]LogAIModule: Creating AISystem for world Map1
[2015.11.24-19.49.14:174][659]LogPlayLevel: PIE: World Init took: (0.000757s)
[2015.11.24-19.49.14:175][659]LogPlayLevel: PIE: Created PIE world by copying editor world from /Game/Map1.Map1 to /Game/UEDPIE_0_Map1.Map1 (0.209849s)
[2015.11.24-19.49.14:207][659]LogInit: XAudio2 using 'Högtalare (Realtek High Definition Audio)' : 2 channels at 48 kHz using 32 bits per sample (channel mask 0x3)
[2015.11.24-19.49.14:215][659]LogInit: FAudioDevice initialized.
[2015.11.24-19.49.14:261][659]LogWorld: Game class is 'SW_Project2GameMode'
[2015.11.24-19.49.14:527][659]LogWorld: Bringing World /Game/UEDPIE_0_Map1.Map1 up for play (max tick rate 0) at 2015.11.24-20.49.14
[2015.11.24-19.49.14:528][659]LogActor:Warning: GameSession /Game/UEDPIE_0_Map1.Map1:PersistentLevel.GameSession_5 has natively added scene component(s), but none of them were set as the actor's RootComponent - picking one arbitrarily
[2015.11.24-19.49.14:528][659]LogActor:Warning: GameNetworkManager /Game/UEDPIE_0_Map1.Map1:PersistentLevel.GameNetworkManager_5 has natively added scene component(s), but none of them were set as the actor's RootComponent - picking one arbitrarily
[2015.11.24-19.49.14:533][659]LogWorld: Bringing up level for play took: 0.271609
[2015.11.24-19.49.14:535][659]PIE: Info Play in editor start time for /Game/UEDPIE_0_Map1 0.4
[2015.11.24-19.49.16:214][775]LogParticles: Destroying 0 GPU particle simulations for FXSystem 0x000000B546CD6D40
[2015.11.24-19.49.19:187][982]LogPlayLevel: PlayLevel: No blueprints needed recompiling
[2015.11.24-19.49.19:187][982]PIE: New page: PIE session: Map1 (Nov 24, 2015, 9:49:19 PM)
[2015.11.24-19.49.19:187][982]LogPlayLevel: Creating play world package: /Game/UEDPIE_0_Map1
[2015.11.24-19.49.19:393][982]LogPlayLevel: PIE: StaticDuplicateObject took: (0.205891s)
[2015.11.24-19.49.19:394][982]LogAIModule: Creating AISystem for world Map1
[2015.11.24-19.49.19:394][982]LogPlayLevel: PIE: World Init took: (0.001157s)
[2015.11.24-19.49.19:394][982]LogPlayLevel: PIE: Created PIE world by copying editor world from /Game/Map1.Map1 to /Game/UEDPIE_0_Map1.Map1 (0.207407s)
[2015.11.24-19.49.19:435][982]LogInit: XAudio2 using 'Högtalare (Realtek High Definition Audio)' : 2 channels at 48 kHz using 32 bits per sample (channel mask 0x3)
[2015.11.24-19.49.19:442][982]LogInit: FAudioDevice initialized.
[2015.11.24-19.49.19:482][982]LogWorld: Game class is 'SW_Project2GameMode'
[2015.11.24-19.49.19:757][982]LogWorld: Bringing World /Game/UEDPIE_0_Map1.Map1 up for play (max tick rate 0) at 2015.11.24-20.49.19
[2015.11.24-19.49.19:757][982]LogActor:Warning: GameSession /Game/UEDPIE_0_Map1.Map1:PersistentLevel.GameSession_6 has natively added scene component(s), but none of them were set as the actor's RootComponent - picking one arbitrarily
[2015.11.24-19.49.19:757][982]LogActor:Warning: GameNetworkManager /Game/UEDPIE_0_Map1.Map1:PersistentLevel.GameNetworkManager_6 has natively added scene component(s), but none of them were set as the actor's RootComponent - picking one arbitrarily
[2015.11.24-19.49.19:760][982]LogWorld: Bringing up level for play took: 0.278382
[2015.11.24-19.49.19:762][982]PIE: Info Play in editor start time for /Game/UEDPIE_0_Map1 -0.374
[2015.11.24-19.49.26:715][518]LogParticles: Destroying 0 GPU particle simulations for FXSystem 0x000000B5385409A0
[2015.11.24-19.49.39:005][824]Recompiling SW_Project2...
[2015.11.24-19.49.39:005][824]Launching UnrealBuildTool... [C:/Program Files/Epic Games/4.9/Engine/Binaries/DotNET/UnrealBuildTool.exe SW_Project2 -ModuleWithSuffix SW_Project2 1646 Win64 Development -editorrecompile -canskiplink "C:/Users/Stoffe/Documents/GitHub/SW_Project2/SW_Project2/SW_Project2.uproject" -rocket  -rocket]
[2015.11.24-19.49.39:006][824]Warning: Starting HotReload took  0.0s.
[2015.11.24-19.50.03:037][463]CompilerResultsLog: New page: Compilation - Nov 24, 2015, 9:50:03 PM
[2015.11.24-19.50.03:037][463]CompilerResultsLog: Info Compiling game modules for hot reload
[2015.11.24-19.50.03:037][463]CompilerResultsLog: Info Performing 2 actions (2 in parallel)
[2015.11.24-19.50.03:037][463]CompilerResultsLog: Info SW_Project2Pawn.cpp
[2015.11.24-19.50.03:038][463]CompilerResultsLog: Info [2/2] Link UE4Editor-SW_Project2-1646.dll
[2015.11.24-19.50.03:038][463]CompilerResultsLog: Info    Creating library C:\Users\Stoffe\Documents\GitHub\SW_Project2\SW_Project2\Intermediate/Build/Win64\UE4Editor\Development\UE4Editor-SW_Project2-1646.lib and object C:\Users\Stoffe\Documents\GitHub\SW_Project2\SW_Project2\Intermediate/Build/Win64\UE4Editor\Development\UE4Editor-SW_Project2-1646.exp
[2015.11.24-19.50.03:038][463]CompilerResultsLog: Info -------- End Detailed Actions Stats -----------------------------------------------------------
[2015.11.24-19.50.03:038][463]CompilerResultsLog: Info Total build time: 22,51 seconds
[2015.11.24-19.50.03:038][463]LogMainFrame: MainFrame: Module compiling took 24.042 seconds
[2015.11.24-19.50.03:111][463]LogContentBrowser: Native class hierarchy updated for 'SW_Project2' in 0.0022 seconds. Added 6 classes and 2 folders.
[2015.11.24-19.50.03:115][463]Warning: HotReload successful (1 functions remapped  0 scriptstructs remapped)
[2015.11.24-19.50.03:241][463]LogContentBrowser: Native class hierarchy populated in 0.0141 seconds. Added 1874 classes and 337 folders.
[2015.11.24-19.50.05:449][612]LogPlayLevel: PlayLevel: No blueprints needed recompiling
[2015.11.24-19.50.05:449][612]PIE: New page: PIE session: Map1 (Nov 24, 2015, 9:50:05 PM)
[2015.11.24-19.50.05:449][612]LogPlayLevel: Creating play world package: /Game/UEDPIE_0_Map1
[2015.11.24-19.50.05:655][612]LogPlayLevel: PIE: StaticDuplicateObject took: (0.205912s)
[2015.11.24-19.50.05:656][612]LogAIModule: Creating AISystem for world Map1
[2015.11.24-19.50.05:656][612]LogPlayLevel: PIE: World Init took: (0.001141s)
[2015.11.24-19.50.05:657][612]LogPlayLevel: PIE: Created PIE world by copying editor world from /Game/Map1.Map1 to /Game/UEDPIE_0_Map1.Map1 (0.207430s)
[2015.11.24-19.50.05:695][612]LogInit: XAudio2 using 'Högtalare (Realtek High Definition Audio)' : 2 channels at 48 kHz using 32 bits per sample (channel mask 0x3)
[2015.11.24-19.50.05:705][612]LogInit: FAudioDevice initialized.
[2015.11.24-19.50.05:746][612]LogWorld: Game class is 'SW_Project2GameMode'
[2015.11.24-19.50.05:966][612]LogWorld: Bringing World /Game/UEDPIE_0_Map1.Map1 up for play (max tick rate 0) at 2015.11.24-20.50.05
[2015.11.24-19.50.05:966][612]LogActor:Warning: GameSession /Game/UEDPIE_0_Map1.Map1:PersistentLevel.GameSession_7 has natively added scene component(s), but none of them were set as the actor's RootComponent - picking one arbitrarily
[2015.11.24-19.50.05:967][612]LogActor:Warning: GameNetworkManager /Game/UEDPIE_0_Map1.Map1:PersistentLevel.GameNetworkManager_7 has natively added scene component(s), but none of them were set as the actor's RootComponent - picking one arbitrarily
[2015.11.24-19.50.05:971][612]LogWorld: Bringing up level for play took: 0.224854
[2015.11.24-19.50.05:973][612]PIE: Info Play in editor start time for /Game/UEDPIE_0_Map1 -0.162
[2015.11.24-19.50.19:484][716]LogParticles: Destroying 0 GPU particle simulations for FXSystem 0x000000B546CD5DA0
[2015.11.24-19.50.20:937][821]LogEditorViewport: Clicking on Actor (LMB): BP_Sky_Sphere_C (SkyShereBlueprint)
[2015.11.24-19.50.21:420][848]LogEditorViewport: Clicking on Actor (LMB): BP_Sky_Sphere_C (SkyShereBlueprint)
[2015.11.24-19.50.21:870][883]LogEditorViewport: Clicking on Actor (LMB): BlockingVolume (BlockingVolume)
[2015.11.24-19.51.13:434][885]Cmd: OBJ SAVEPACKAGE PACKAGE="/Game/Map1" FILE="../../../../../../Users/Stoffe/Documents/GitHub/SW_Project2/SW_Project2/Saved/Autosaves/Game/Map1_Auto1.umap" SILENT=true AUTOSAVING=true KEEPDIRTY=false
[2015.11.24-19.51.15:701][885]LogSavePackage: Save=2233.727783ms
[2015.11.24-19.51.15:701][885]LogSavePackage: Moving '../../../../../../Users/Stoffe/Documents/GitHub/SW_Project2/SW_Project2/Saved/Map1_Auto1263D9D7249D3E5F15191C4BB8043D1CE.tmp' to '../../../../../../Users/Stoffe/Documents/GitHub/SW_Project2/SW_Project2/Saved/Autosaves/Game/Map1_Auto1.umap'
[2015.11.24-19.51.15:703][885]LogSavePackage: Total save time: 2267.600544ms
[2015.11.24-19.51.15:704][885]LogSavePackage:Warning: Finished SavePackage ../../../../../../Users/Stoffe/Documents/GitHub/SW_Project2/SW_Project2/Saved/Autosaves/Game/Map1_Auto1.umap
[2015.11.24-19.51.15:705][885]LogFileHelpers: Editor autosave (incl. sublevels) for '/Game/Map1' took 2.312
[2015.11.24-19.51.15:705][885]LogFileHelpers: Editor autosave (incl. sublevels) for all levels took 2.312
[2015.11.24-19.53.41:868][709]LogEditorViewport: Clicking on Actor (LMB): SW_Project2Pawn (TP_FlyingPawn)
[2015.11.24-19.53.48:136][ 25]LogPlayLevel: PlayLevel: No blueprints needed recompiling
[2015.11.24-19.53.48:137][ 25]PIE: New page: PIE session: Map1 (Nov 24, 2015, 9:53:48 PM)
[2015.11.24-19.53.48:137][ 25]LogPlayLevel: Creating play world package: /Game/UEDPIE_0_Map1
[2015.11.24-19.53.48:392][ 25]LogPlayLevel: PIE: StaticDuplicateObject took: (0.255113s)
[2015.11.24-19.53.48:394][ 25]LogAIModule: Creating AISystem for world Map1
[2015.11.24-19.53.48:394][ 25]LogPlayLevel: PIE: World Init took: (0.002227s)
[2015.11.24-19.53.48:394][ 25]LogPlayLevel: PIE: Created PIE world by copying editor world from /Game/Map1.Map1 to /Game/UEDPIE_0_Map1.Map1 (0.257729s)
[2015.11.24-19.53.48:460][ 25]LogInit: XAudio2 using 'Högtalare (Realtek High Definition Audio)' : 2 channels at 48 kHz using 32 bits per sample (channel mask 0x3)
[2015.11.24-19.53.48:468][ 25]LogInit: FAudioDevice initialized.
[2015.11.24-19.53.48:517][ 25]LogWorld: Game class is 'SW_Project2GameMode'
[2015.11.24-19.53.48:793][ 25]LogWorld: Bringing World /Game/UEDPIE_0_Map1.Map1 up for play (max tick rate 0) at 2015.11.24-20.53.48
[2015.11.24-19.53.48:793][ 25]LogActor:Warning: GameSession /Game/UEDPIE_0_Map1.Map1:PersistentLevel.GameSession_8 has natively added scene component(s), but none of them were set as the actor's RootComponent - picking one arbitrarily
[2015.11.24-19.53.48:794][ 25]LogActor:Warning: GameNetworkManager /Game/UEDPIE_0_Map1.Map1:PersistentLevel.GameNetworkManager_8 has natively added scene component(s), but none of them were set as the actor's RootComponent - picking one arbitrarily
[2015.11.24-19.53.48:798][ 25]LogWorld: Bringing up level for play took: 0.280292
[2015.11.24-19.53.48:800][ 25]PIE: Info Play in editor start time for /Game/UEDPIE_0_Map1 0.665
[2015.11.24-19.53.55:863][665]LogParticles: Destroying 0 GPU particle simulations for FXSystem 0x000000B54DF1FEC0
[2015.11.24-19.53.59:262][839]Cmd: TRANSACTION UNDO
[2015.11.24-19.53.59:279][839]LogEditorTransaction: Undo Rotate Actors
[2015.11.24-19.54.00:867][888]LogPlayLevel: PlayLevel: No blueprints needed recompiling
[2015.11.24-19.54.00:867][888]PIE: New page: PIE session: Map1 (Nov 24, 2015, 9:54:00 PM)
[2015.11.24-19.54.00:867][888]LogPlayLevel: Creating play world package: /Game/UEDPIE_0_Map1
[2015.11.24-19.54.01:077][888]LogPlayLevel: PIE: StaticDuplicateObject took: (0.210308s)
[2015.11.24-19.54.01:078][888]LogAIModule: Creating AISystem for world Map1
[2015.11.24-19.54.01:079][888]LogPlayLevel: PIE: World Init took: (0.001220s)
[2015.11.24-19.54.01:079][888]LogPlayLevel: PIE: Created PIE world by copying editor world from /Game/Map1.Map1 to /Game/UEDPIE_0_Map1.Map1 (0.211909s)
[2015.11.24-19.54.01:135][888]LogInit: XAudio2 using 'Högtalare (Realtek High Definition Audio)' : 2 channels at 48 kHz using 32 bits per sample (channel mask 0x3)
[2015.11.24-19.54.01:142][888]LogInit: FAudioDevice initialized.
[2015.11.24-19.54.01:186][888]LogWorld: Game class is 'SW_Project2GameMode'
[2015.11.24-19.54.01:425][888]LogWorld: Bringing World /Game/UEDPIE_0_Map1.Map1 up for play (max tick rate 0) at 2015.11.24-20.54.01
[2015.11.24-19.54.01:425][888]LogActor:Warning: GameSession /Game/UEDPIE_0_Map1.Map1:PersistentLevel.GameSession_9 has natively added scene component(s), but none of them were set as the actor's RootComponent - picking one arbitrarily
[2015.11.24-19.54.01:425][888]LogActor:Warning: GameNetworkManager /Game/UEDPIE_0_Map1.Map1:PersistentLevel.GameNetworkManager_9 has natively added scene component(s), but none of them were set as the actor's RootComponent - picking one arbitrarily
[2015.11.24-19.54.01:429][888]LogWorld: Bringing up level for play took: 0.242535
[2015.11.24-19.54.01:431][888]PIE: Info Play in editor start time for /Game/UEDPIE_0_Map1 1.295
[2015.11.24-19.54.36:954][962]LogParticles: Destroying 0 GPU particle simulations for FXSystem 0x000000B53FCFF920
[2015.11.24-19.54.39:064][ 61]Cmd: SELECT NONE
[2015.11.24-19.54.41:556][229]LogEditorViewport: Clicking on Actor (LMB): BlockingVolume (BlockingVolume2)
[2015.11.24-19.54.53:707][995]LogPlayLevel: PlayLevel: No blueprints needed recompiling
[2015.11.24-19.54.53:707][995]PIE: New page: PIE session: Map1 (Nov 24, 2015, 9:54:53 PM)
[2015.11.24-19.54.53:708][995]LogPlayLevel: Creating play world package: /Game/UEDPIE_0_Map1
[2015.11.24-19.54.53:946][995]LogPlayLevel: PIE: StaticDuplicateObject took: (0.237555s)
[2015.11.24-19.54.53:948][995]LogAIModule: Creating AISystem for world Map1
[2015.11.24-19.54.53:948][995]LogPlayLevel: PIE: World Init took: (0.002017s)
[2015.11.24-19.54.53:948][995]LogPlayLevel: PIE: Created PIE world by copying editor world from /Game/Map1.Map1 to /Game/UEDPIE_0_Map1.Map1 (0.239901s)
[2015.11.24-19.54.53:988][995]LogInit: XAudio2 using 'Högtalare (Realtek High Definition Audio)' : 2 channels at 48 kHz using 32 bits per sample (channel mask 0x3)
[2015.11.24-19.54.53:998][995]LogInit: FAudioDevice initialized.
[2015.11.24-19.54.54:041][995]LogWorld: Game class is 'SW_Project2GameMode'
[2015.11.24-19.54.54:322][995]LogWorld: Bringing World /Game/UEDPIE_0_Map1.Map1 up for play (max tick rate 0) at 2015.11.24-20.54.54
[2015.11.24-19.54.54:322][995]LogActor:Warning: GameSession /Game/UEDPIE_0_Map1.Map1:PersistentLevel.GameSession_10 has natively added scene component(s), but none of them were set as the actor's RootComponent - picking one arbitrarily
[2015.11.24-19.54.54:322][995]LogActor:Warning: GameNetworkManager /Game/UEDPIE_0_Map1.Map1:PersistentLevel.GameNetworkManager_10 has natively added scene component(s), but none of them were set as the actor's RootComponent - picking one arbitrarily
[2015.11.24-19.54.54:326][995]LogWorld: Bringing up level for play took: 0.285315
[2015.11.24-19.54.54:328][995]PIE: Info Play in editor start time for /Game/UEDPIE_0_Map1 0.193
[2015.11.24-19.55.15:857][803]LogParticles: Destroying 0 GPU particle simulations for FXSystem 0x000000B54E0A4D60
[2015.11.24-19.55.18:513][  0]Cmd: SELECT NONE
[2015.11.24-19.55.29:933][846]LogEditorViewport: Clicking on Actor (LMB): Landscape (Landscape)
[2015.11.24-19.55.30:511][872]LogEditorViewport: Clicking on Actor (LMB): BlockingVolume (BlockingVolume)
[2015.11.24-19.55.51:739][340]LogPlayLevel: PlayLevel: No blueprints needed recompiling
[2015.11.24-19.55.51:739][340]PIE: New page: PIE session: Map1 (Nov 24, 2015, 9:55:51 PM)
[2015.11.24-19.55.51:740][340]LogPlayLevel: Creating play world package: /Game/UEDPIE_0_Map1
[2015.11.24-19.55.52:015][340]LogPlayLevel: PIE: StaticDuplicateObject took: (0.275803s)
[2015.11.24-19.55.52:017][340]LogAIModule: Creating AISystem for world Map1
[2015.11.24-19.55.52:017][340]LogPlayLevel: PIE: World Init took: (0.001646s)
[2015.11.24-19.55.52:017][340]LogPlayLevel: PIE: Created PIE world by copying editor world from /Game/Map1.Map1 to /Game/UEDPIE_0_Map1.Map1 (0.277827s)
[2015.11.24-19.55.52:063][340]LogInit: XAudio2 using 'Högtalare (Realtek High Definition Audio)' : 2 channels at 48 kHz using 32 bits per sample (channel mask 0x3)
[2015.11.24-19.55.52:074][340]LogInit: FAudioDevice initialized.
[2015.11.24-19.55.52:124][340]LogWorld: Game class is 'SW_Project2GameMode'
[2015.11.24-19.55.52:422][340]LogWorld: Bringing World /Game/UEDPIE_0_Map1.Map1 up for play (max tick rate 0) at 2015.11.24-20.55.52
[2015.11.24-19.55.52:422][340]LogActor:Warning: GameSession /Game/UEDPIE_0_Map1.Map1:PersistentLevel.GameSession_11 has natively added scene component(s), but none of them were set as the actor's RootComponent - picking one arbitrarily
[2015.11.24-19.55.52:423][340]LogActor:Warning: GameNetworkManager /Game/UEDPIE_0_Map1.Map1:PersistentLevel.GameNetworkManager_11 has natively added scene component(s), but none of them were set as the actor's RootComponent - picking one arbitrarily
[2015.11.24-19.55.52:427][340]LogWorld: Bringing up level for play took: 0.301398
[2015.11.24-19.55.52:429][340]PIE: Info Play in editor start time for /Game/UEDPIE_0_Map1 0.293
[2015.11.24-19.55.56:657][661]LogParticles: Destroying 0 GPU particle simulations for FXSystem 0x000000B53FF68EA0
[2015.11.24-19.56.05:416][238]Recompiling SW_Project2...
[2015.11.24-19.56.05:417][238]Launching UnrealBuildTool... [C:/Program Files/Epic Games/4.9/Engine/Binaries/DotNET/UnrealBuildTool.exe SW_Project2 -ModuleWithSuffix SW_Project2 160 Win64 Development -editorrecompile -canskiplink "C:/Users/Stoffe/Documents/GitHub/SW_Project2/SW_Project2/SW_Project2.uproject" -rocket  -rocket]
[2015.11.24-19.56.05:418][238]Warning: Starting HotReload took  0.0s.
[2015.11.24-19.56.06:025][267]LogPlayLevel: PlayLevel: No blueprints needed recompiling
[2015.11.24-19.56.06:025][267]PIE: New page: PIE session: Map1 (Nov 24, 2015, 9:56:06 PM)
[2015.11.24-19.56.06:025][267]LogPlayLevel: Creating play world package: /Game/UEDPIE_0_Map1
[2015.11.24-19.56.06:267][267]LogPlayLevel: PIE: StaticDuplicateObject took: (0.242528s)
[2015.11.24-19.56.06:268][267]LogAIModule: Creating AISystem for world Map1
[2015.11.24-19.56.06:268][267]LogPlayLevel: PIE: World Init took: (0.001133s)
[2015.11.24-19.56.06:269][267]LogPlayLevel: PIE: Created PIE world by copying editor world from /Game/Map1.Map1 to /Game/UEDPIE_0_Map1.Map1 (0.243982s)
[2015.11.24-19.56.06:307][267]LogInit: XAudio2 using 'Högtalare (Realtek High Definition Audio)' : 2 channels at 48 kHz using 32 bits per sample (channel mask 0x3)
[2015.11.24-19.56.06:316][267]LogInit: FAudioDevice initialized.
[2015.11.24-19.56.06:360][267]LogWorld: Game class is 'SW_Project2GameMode'
[2015.11.24-19.56.06:699][267]LogWorld: Bringing World /Game/UEDPIE_0_Map1.Map1 up for play (max tick rate 0) at 2015.11.24-20.56.06
[2015.11.24-19.56.06:699][267]LogActor:Warning: GameSession /Game/UEDPIE_0_Map1.Map1:PersistentLevel.GameSession_12 has natively added scene component(s), but none of them were set as the actor's RootComponent - picking one arbitrarily
[2015.11.24-19.56.06:699][267]LogActor:Warning: GameNetworkManager /Game/UEDPIE_0_Map1.Map1:PersistentLevel.GameNetworkManager_12 has natively added scene component(s), but none of them were set as the actor's RootComponent - picking one arbitrarily
[2015.11.24-19.56.06:703][267]LogWorld: Bringing up level for play took: 0.343453
[2015.11.24-19.56.06:706][267]PIE: Info Play in editor start time for /Game/UEDPIE_0_Map1 0.57
[2015.11.24-19.56.10:402][499]LogParticles: Destroying 0 GPU particle simulations for FXSystem 0x000000B53FCFC9A0
[2015.11.24-19.56.12:269][606]CompilerResultsLog: New page: Compilation - Nov 24, 2015, 9:56:12 PM
[2015.11.24-19.56.12:269][606]CompilerResultsLog: Info Compiling game modules for hot reload
[2015.11.24-19.56.12:269][606]CompilerResultsLog: Info Target is up to date.
[2015.11.24-19.56.12:269][606]LogMainFrame: MainFrame: Module compiling took 6.865 seconds
[2015.11.24-19.58.16:474][381]LogRenderer: Reallocating scene render targets to support 1432x924 (Frame:82078).
[2015.11.24-20.00.28:928][537]LogActorComponent: UnregisterComponent: (/Engine/Transient.ProjectileComp) Not registered. Aborting.
[2015.11.24-20.00.28:957][537]LogParticles: Destroying 0 GPU particle simulations for FXSystem 0x000000B5436191C0
[2015.11.24-20.00.30:916][595]LogEditorViewport: Clicking on Actor (LMB): BP_Sky_Sphere_C (SkyShereBlueprint)
[2015.11.24-20.00.31:378][624]LogEditorViewport: Clicking on Actor (LMB): BlockingVolume (BlockingVolume)
[2015.11.24-20.00.31:784][649]Cmd: DELETE
[2015.11.24-20.00.31:784][649]Cmd: ACTOR DELETE
[2015.11.24-20.00.31:788][649]LogEditorActor: Deleted Actor: BlockingVolume
[2015.11.24-20.00.31:883][649]LogEditorActor: Deleted 1 Actors (0.099 secs)
[2015.11.24-20.00.32:521][694]LogEditorViewport: Clicking on Actor (LMB): BP_Sky_Sphere_C (SkyShereBlueprint)
[2015.11.24-20.00.32:959][721]LogEditorViewport: Clicking on Actor (LMB): BP_Sky_Sphere_C (SkyShereBlueprint)
[2015.11.24-20.00.33:562][761]LogEditorViewport: Clicking on Actor (LMB): BlockingVolume (BlockingVolume2)
[2015.11.24-20.00.34:000][788]Cmd: DELETE
[2015.11.24-20.00.34:000][788]Cmd: ACTOR DELETE
[2015.11.24-20.00.34:004][788]LogEditorActor: Deleted Actor: BlockingVolume
[2015.11.24-20.00.34:033][788]LogEditorActor: Deleted 1 Actors (0.033 secs)
[2015.11.24-20.00.41:976][342]LogActorFactory: Actor Factory created Cylinder
[2015.11.24-20.00.42:487][372]LogActorFactory: Actor Factory created Cylinder
[2015.11.24-20.00.50:913][914]Cmd: DELETE
[2015.11.24-20.00.50:913][914]Cmd: ACTOR DELETE
[2015.11.24-20.00.50:918][914]LogEditorActor: Deleted Actor: StaticMeshActor
[2015.11.24-20.00.50:919][914]LogActorComponent: UnregisterComponent: (/Engine/Transient.ProjectileComp) Not registered. Aborting.
[2015.11.24-20.00.50:947][914]LogEditorActor: Deleted 1 Actors (0.033 secs)
[2015.11.24-20.00.54:932][147]Cmd: BRUSH ADD SELECTNEWBRUSH
[2015.11.24-20.01.29:046][418]Cmd: EDIT COPY
[2015.11.24-20.01.29:324][439]Cmd: EDIT PASTE
[2015.11.24-20.01.56:211][211]LogPlayLevel: PlayLevel: No blueprints needed recompiling
[2015.11.24-20.01.56:211][211]PIE: New page: PIE session: Map1 (Nov 24, 2015, 10:01:56 PM)
[2015.11.24-20.01.56:211][211]LogPlayLevel: Creating play world package: /Game/UEDPIE_0_Map1
[2015.11.24-20.01.56:493][211]LogPlayLevel: PIE: StaticDuplicateObject took: (0.282201s)
[2015.11.24-20.01.56:494][211]LogAIModule: Creating AISystem for world Map1
[2015.11.24-20.01.56:494][211]LogPlayLevel: PIE: World Init took: (0.001174s)
[2015.11.24-20.01.56:495][211]LogPlayLevel: PIE: Created PIE world by copying editor world from /Game/Map1.Map1 to /Game/UEDPIE_0_Map1.Map1 (0.283769s)
[2015.11.24-20.01.56:531][211]LogInit: XAudio2 using 'Högtalare (Realtek High Definition Audio)' : 2 channels at 48 kHz using 32 bits per sample (channel mask 0x3)
[2015.11.24-20.01.56:540][211]LogInit: FAudioDevice initialized.
[2015.11.24-20.01.56:585][211]LogWorld: Game class is 'SW_Project2GameMode'
[2015.11.24-20.01.56:870][211]LogWorld: Bringing World /Game/UEDPIE_0_Map1.Map1 up for play (max tick rate 0) at 2015.11.24-21.01.56
[2015.11.24-20.01.56:870][211]LogActor:Warning: GameSession /Game/UEDPIE_0_Map1.Map1:PersistentLevel.GameSession_13 has natively added scene component(s), but none of them were set as the actor's RootComponent - picking one arbitrarily
[2015.11.24-20.01.56:870][211]LogActor:Warning: GameNetworkManager /Game/UEDPIE_0_Map1.Map1:PersistentLevel.GameNetworkManager_13 has natively added scene component(s), but none of them were set as the actor's RootComponent - picking one arbitrarily
[2015.11.24-20.01.56:944][211]LogWorld: Bringing up level for play took: 0.358919
[2015.11.24-20.01.56:946][211]PIE: Info Play in editor start time for /Game/UEDPIE_0_Map1 0.81
[2015.11.24-20.02.07:903][425]LogCrashTracker: 


[2015.11.24-20.02.08:262][425]LogCrashTracker: 


[2015.11.24-20.02.08:262][425]LogWindows: === Critical error: ===
Fatal error!



[2015.11.24-20.02.08:401][425]LogExit: Executing StaticShutdownAfterError
[2015.11.24-20.02.08:466][425]LogPhysics:Warning: PHYSX: ..\..\PhysX\src\NpScene.cpp (2946) 8 : PxScene::unlockWrite() called without matching call to PxScene::lockWrite(), behaviour will be undefined.
[2015.11.24-20.02.08:466][425]LogPhysics:Warning: PHYSX: ..\..\PhysX\src\NpScene.cpp (2946) 8 : PxScene::unlockWrite() called without matching call to PxScene::lockWrite(), behaviour will be undefined.
[2015.11.24-20.02.08:466][425]LogPhysics:Warning: PHYSX: ..\..\PhysX\src\NpScene.cpp (2946) 8 : PxScene::unlockWrite() called without matching call to PxScene::lockWrite(), behaviour will be undefined.
[2015.11.24-20.02.08:466][425]LogPhysics:Warning: PHYSX: ..\..\PhysX\src\NpScene.cpp (2946) 8 : PxScene::unlockWrite() called without matching call to PxScene::lockWrite(), behaviour will be undefined.
[2015.11.24-20.02.08:466][425]LogWindows: FPlatformMisc::RequestExit(1)
[2015.11.24-20.02.08:466][425]Log file closed, 11/24/15 21:02:08
